[0.023s] Invoking command in '/home/mirella/openvslam/ros/2/build/openvslam': CMAKE_PREFIX_PATH=/home/mirella/openvslam/ros/2/install/image_transport:/home/mirella/openvslam/ros/2/install/cv_bridge:/home/mirella/openvslam/ros/2/install/vision_opencv:/home/mirella/openvslam/ros/2/install/publisher:/home/mirella/openvslam/ros/2/install/openvslam:/home/mirella/openvslam/ros/2/install/image_common:/home/mirella/openvslam/ros/2/install/camera_info_manager:/home/mirella/openvslam/ros/2/install/image_geometry:/home/mirella/openvslam/ros/2/install/camera_calibration_parsers:/home/mirella/openvslam/ros/2/install/opencv_tests:/opt/ros/eloquent LD_LIBRARY_PATH=/home/mirella/openvslam/ros/2/install/image_transport/lib:/home/mirella/openvslam/ros/2/install/cv_bridge/lib:/home/mirella/openvslam/ros/2/install/camera_info_manager/lib:/home/mirella/openvslam/ros/2/install/image_geometry/lib:/home/mirella/openvslam/ros/2/install/camera_calibration_parsers/lib:/opt/ros/eloquent/opt/yaml_cpp_vendor/lib:/opt/ros/eloquent/opt/rviz_ogre_vendor/lib:/opt/ros/eloquent/lib/x86_64-linux-gnu:/opt/ros/eloquent/lib PYTHONPATH=/home/mirella/openvslam/ros/2/install/cv_bridge/lib/python3.6/site-packages:/home/mirella/openvslam/ros/2/install/opencv_tests/lib/python3.6/site-packages:/home/mirella/openvslam/ros/2/install/image_geometry/lib/python3.6/site-packages:/opt/ros/eloquent/lib/python3.6/site-packages /usr/bin/cmake --build /home/mirella/openvslam/ros/2/build/openvslam -- -j12 -l12
[0.079s] [35m[1mScanning dependencies of target run_slam[0m
[0.121s] [ 50%] Built target run_localization
[0.169s] [ 75%] [32mBuilding CXX object src/CMakeFiles/run_slam.dir/run_slam.cc.o[0m
[5.981s] [01m[K/home/mirella/openvslam/ros/2/src/openvslam/src/run_slam.cc:[m[K In function ‘[01m[Kvoid mono_tracking(const std::shared_ptr<openvslam::config>&, const string&, const string&, bool, const string&)[m[K’:
[5.981s] [01m[K/home/mirella/openvslam/ros/2/src/openvslam/src/run_slam.cc:264:41:[m[K [01;31m[Kerror: [m[Kno matching function for call to ‘[01m[Ktf2_ros::StaticTransformBroadcaster::sendTransform(std::shared_ptr<geometry_msgs::msg::TransformStamped_<std::allocator<void> > >&)[m[K’
[5.981s]      tf_broadcaster->sendTransform(tf_msg[01;31m[K)[m[K;
[5.981s]                                          [01;31m[K^[m[K
[5.982s] In file included from [01m[K/home/mirella/openvslam/ros/2/src/openvslam/src/run_slam.cc:38:0[m[K:
[5.982s] [01m[K/opt/ros/eloquent/include/tf2_ros/static_transform_broadcaster.h:69:8:[m[K [01;36m[Knote: [m[Kcandidate: void tf2_ros::StaticTransformBroadcaster::sendTransform(const TransformStamped&)
[5.982s]    void [01;36m[KsendTransform[m[K(const geometry_msgs::msg::TransformStamped & transform);
[5.982s]         [01;36m[K^~~~~~~~~~~~~[m[K
[5.982s] [01m[K/opt/ros/eloquent/include/tf2_ros/static_transform_broadcaster.h:69:8:[m[K [01;36m[Knote: [m[K  no known conversion for argument 1 from ‘[01m[Kstd::shared_ptr<geometry_msgs::msg::TransformStamped_<std::allocator<void> > >[m[K’ to ‘[01m[Kconst TransformStamped& {aka const geometry_msgs::msg::TransformStamped_<std::allocator<void> >&}[m[K’
[5.982s] [01m[K/opt/ros/eloquent/include/tf2_ros/static_transform_broadcaster.h:74:8:[m[K [01;36m[Knote: [m[Kcandidate: void tf2_ros::StaticTransformBroadcaster::sendTransform(const std::vector<geometry_msgs::msg::TransformStamped_<std::allocator<void> >, std::allocator<geometry_msgs::msg::TransformStamped_<std::allocator<void> > > >&)
[5.982s]    void [01;36m[KsendTransform[m[K(const std::vector<geometry_msgs::msg::TransformStamped> & transforms);
[5.982s]         [01;36m[K^~~~~~~~~~~~~[m[K
[5.982s] [01m[K/opt/ros/eloquent/include/tf2_ros/static_transform_broadcaster.h:74:8:[m[K [01;36m[Knote: [m[K  no known conversion for argument 1 from ‘[01m[Kstd::shared_ptr<geometry_msgs::msg::TransformStamped_<std::allocator<void> > >[m[K’ to ‘[01m[Kconst std::vector<geometry_msgs::msg::TransformStamped_<std::allocator<void> >, std::allocator<geometry_msgs::msg::TransformStamped_<std::allocator<void> > > >&[m[K’
[5.982s] [01m[K/home/mirella/openvslam/ros/2/src/openvslam/src/run_slam.cc:279:51:[m[K [01;31m[Kerror: [m[Kno matching function for call to ‘[01m[Ktf2_ros::StaticTransformBroadcaster::sendTransform(std::shared_ptr<geometry_msgs::msg::TransformStamped_<std::allocator<void> > >&)[m[K’
[5.982s]      tf_broadcaster_odom->sendTransform(tf_msg_odom[01;31m[K)[m[K;
[5.982s]                                                    [01;31m[K^[m[K
[5.982s] In file included from [01m[K/home/mirella/openvslam/ros/2/src/openvslam/src/run_slam.cc:38:0[m[K:
[5.982s] [01m[K/opt/ros/eloquent/include/tf2_ros/static_transform_broadcaster.h:69:8:[m[K [01;36m[Knote: [m[Kcandidate: void tf2_ros::StaticTransformBroadcaster::sendTransform(const TransformStamped&)
[5.983s]    void [01;36m[KsendTransform[m[K(const geometry_msgs::msg::TransformStamped & transform);
[5.983s]         [01;36m[K^~~~~~~~~~~~~[m[K
[5.983s] [01m[K/opt/ros/eloquent/include/tf2_ros/static_transform_broadcaster.h:69:8:[m[K [01;36m[Knote: [m[K  no known conversion for argument 1 from ‘[01m[Kstd::shared_ptr<geometry_msgs::msg::TransformStamped_<std::allocator<void> > >[m[K’ to ‘[01m[Kconst TransformStamped& {aka const geometry_msgs::msg::TransformStamped_<std::allocator<void> >&}[m[K’
[5.983s] [01m[K/opt/ros/eloquent/include/tf2_ros/static_transform_broadcaster.h:74:8:[m[K [01;36m[Knote: [m[Kcandidate: void tf2_ros::StaticTransformBroadcaster::sendTransform(const std::vector<geometry_msgs::msg::TransformStamped_<std::allocator<void> >, std::allocator<geometry_msgs::msg::TransformStamped_<std::allocator<void> > > >&)
[5.983s]    void [01;36m[KsendTransform[m[K(const std::vector<geometry_msgs::msg::TransformStamped> & transforms);
[5.983s]         [01;36m[K^~~~~~~~~~~~~[m[K
[5.983s] [01m[K/opt/ros/eloquent/include/tf2_ros/static_transform_broadcaster.h:74:8:[m[K [01;36m[Knote: [m[K  no known conversion for argument 1 from ‘[01m[Kstd::shared_ptr<geometry_msgs::msg::TransformStamped_<std::allocator<void> > >[m[K’ to ‘[01m[Kconst std::vector<geometry_msgs::msg::TransformStamped_<std::allocator<void> >, std::allocator<geometry_msgs::msg::TransformStamped_<std::allocator<void> > > >&[m[K’
[6.394s] /home/mirella/openvslam/ros/2/src/openvslam/src/run_slam.cc: In instantiation of ‘[01m[Kvoid publi(auto:3, auto:4&, auto:5) [with auto:3 = Eigen::Matrix<double, 4, 4>; auto:4 = std::shared_ptr<rclcpp::Publisher<nav_msgs::msg::Odometry_<std::allocator<void> >, std::allocator<void> > >; auto:5 = std::shared_ptr<rclcpp::Node>][m[K’:
[6.394s] [01m[K/home/mirella/openvslam/ros/2/src/openvslam/src/run_slam.cc:177:40:[m[K   required from here
[6.394s] [01m[K/home/mirella/openvslam/ros/2/src/openvslam/src/run_slam.cc:89:34:[m[K [01;35m[Kwarning: [m[Kunused parameter ‘[01m[Kodometry_pub_[m[K’ [[01;35m[K-Wunused-parameter[m[K]
[6.394s]  void publi(auto cam_pose_, auto &[01;35m[Kodometry_pub_[m[K, auto node){
[6.394s]                                   [01;35m[K^~~~~~~~~~~~~[m[K
[11.119s] make[2]: *** [src/CMakeFiles/run_slam.dir/run_slam.cc.o] Error 1
[11.119s] src/CMakeFiles/run_slam.dir/build.make:62: recipe for target 'src/CMakeFiles/run_slam.dir/run_slam.cc.o' failed
[11.119s] make[1]: *** [src/CMakeFiles/run_slam.dir/all] Error 2
[11.119s] CMakeFiles/Makefile2:151: recipe for target 'src/CMakeFiles/run_slam.dir/all' failed
[11.119s] make: *** [all] Error 2
[11.119s] Makefile:140: recipe for target 'all' failed
[11.122s] Invoked command in '/home/mirella/openvslam/ros/2/build/openvslam' returned '2': CMAKE_PREFIX_PATH=/home/mirella/openvslam/ros/2/install/image_transport:/home/mirella/openvslam/ros/2/install/cv_bridge:/home/mirella/openvslam/ros/2/install/vision_opencv:/home/mirella/openvslam/ros/2/install/publisher:/home/mirella/openvslam/ros/2/install/openvslam:/home/mirella/openvslam/ros/2/install/image_common:/home/mirella/openvslam/ros/2/install/camera_info_manager:/home/mirella/openvslam/ros/2/install/image_geometry:/home/mirella/openvslam/ros/2/install/camera_calibration_parsers:/home/mirella/openvslam/ros/2/install/opencv_tests:/opt/ros/eloquent LD_LIBRARY_PATH=/home/mirella/openvslam/ros/2/install/image_transport/lib:/home/mirella/openvslam/ros/2/install/cv_bridge/lib:/home/mirella/openvslam/ros/2/install/camera_info_manager/lib:/home/mirella/openvslam/ros/2/install/image_geometry/lib:/home/mirella/openvslam/ros/2/install/camera_calibration_parsers/lib:/opt/ros/eloquent/opt/yaml_cpp_vendor/lib:/opt/ros/eloquent/opt/rviz_ogre_vendor/lib:/opt/ros/eloquent/lib/x86_64-linux-gnu:/opt/ros/eloquent/lib PYTHONPATH=/home/mirella/openvslam/ros/2/install/cv_bridge/lib/python3.6/site-packages:/home/mirella/openvslam/ros/2/install/opencv_tests/lib/python3.6/site-packages:/home/mirella/openvslam/ros/2/install/image_geometry/lib/python3.6/site-packages:/opt/ros/eloquent/lib/python3.6/site-packages /usr/bin/cmake --build /home/mirella/openvslam/ros/2/build/openvslam -- -j12 -l12
