[35m[1mScanning dependencies of target run_slam[0m
[ 50%] Built target run_localization
[ 75%] [32mBuilding CXX object src/CMakeFiles/run_slam.dir/run_slam.cc.o[0m
[01m[K/home/mirella/openvslam/ros/2/src/openvslam/src/run_slam.cc:[m[K In function ‘[01m[Kvoid mono_tracking(const std::shared_ptr<openvslam::config>&, const string&, const string&, bool, const string&)[m[K’:
[01m[K/home/mirella/openvslam/ros/2/src/openvslam/src/run_slam.cc:339:5:[m[K [01;31m[Kerror: [m[K‘[01m[Kthread[m[K’ was not declared in this scope
     [01;31m[Kthread[m[K.join();
     [01;31m[K^~~~~~[m[K
[01m[K/home/mirella/openvslam/ros/2/src/openvslam/src/run_slam.cc:339:5:[m[K [01;36m[Knote: [m[Ksuggested alternatives:
In file included from [01m[K/home/mirella/openvslam/src/openvslam/system.h:8:0[m[K,
                 from [01m[K/home/mirella/openvslam/ros/2/src/openvslam/src/run_slam.cc:9[m[K:
[01m[K/usr/include/c++/7/thread:62:9:[m[K [01;36m[Knote: [m[K  ‘[01m[Kstd::thread[m[K’
   class [01;36m[Kthread[m[K
         [01;36m[K^~~~~~[m[K
In file included from [01m[K/usr/include/boost/thread/thread_only.hpp:22:0[m[K,
                 from [01m[K/usr/include/boost/thread/thread.hpp:12[m[K,
                 from [01m[K/usr/include/boost/thread.hpp:13[m[K,
                 from [01m[K/usr/include/pcl-1.8/pcl/io/boost.h:51[m[K,
                 from [01m[K/usr/include/pcl-1.8/pcl/io/file_io.h:43[m[K,
                 from [01m[K/usr/include/pcl-1.8/pcl/io/pcd_io.h:44[m[K,
                 from [01m[K/opt/ros/eloquent/include/pcl_conversions/pcl_conversions.h:72[m[K,
                 from [01m[K/home/mirella/openvslam/ros/2/src/openvslam/src/run_slam.cc:44[m[K:
[01m[K/usr/include/boost/thread/detail/thread.hpp:167:29:[m[K [01;36m[Knote: [m[K  ‘[01m[Kboost::thread[m[K’
     class BOOST_THREAD_DECL [01;36m[Kthread[m[K
                             [01;36m[K^~~~~~[m[K
/home/mirella/openvslam/ros/2/src/openvslam/src/run_slam.cc: In instantiation of ‘[01m[Kvoid publi(auto:3, auto:4&, auto:5) [with auto:3 = Eigen::Matrix<double, 4, 4>; auto:4 = std::shared_ptr<rclcpp::Publisher<nav_msgs::msg::Odometry_<std::allocator<void> >, std::allocator<void> > >; auto:5 = std::shared_ptr<rclcpp::Node>][m[K’:
[01m[K/home/mirella/openvslam/ros/2/src/openvslam/src/run_slam.cc:181:40:[m[K   required from here
[01m[K/home/mirella/openvslam/ros/2/src/openvslam/src/run_slam.cc:90:34:[m[K [01;35m[Kwarning: [m[Kunused parameter ‘[01m[Kodometry_pub_[m[K’ [[01;35m[K-Wunused-parameter[m[K]
 void publi(auto cam_pose_, auto &[01;35m[Kodometry_pub_[m[K, auto node){
                                  [01;35m[K^~~~~~~~~~~~~[m[K
make[2]: *** [src/CMakeFiles/run_slam.dir/run_slam.cc.o] Error 1
make[1]: *** [src/CMakeFiles/run_slam.dir/all] Error 2
src/CMakeFiles/run_slam.dir/build.make:62: recipe for target 'src/CMakeFiles/run_slam.dir/run_slam.cc.o' failed
CMakeFiles/Makefile2:151: recipe for target 'src/CMakeFiles/run_slam.dir/all' failed
Makefile:140: recipe for target 'all' failed
make: *** [all] Error 2
