[0.025s] Invoking command in '/home/mirella/openvslam/ros/2/build/image_transport': CMAKE_PREFIX_PATH=${CMAKE_PREFIX_PATH}:/home/mirella/openvslam/ros/2/install/opencv_tests:/opt/ros/eloquent /usr/bin/cmake --build /home/mirella/openvslam/ros/2/build/image_transport -- -j12 -l12
[0.086s] [  6%] Built target gtest_main
[0.092s] [ 13%] Built target gtest
[0.109s] [ 40%] Built target image_transport
[0.158s] [ 46%] Built target image_transport-camera_common
[0.168s] [ 53%] Built target image_transport-subscriber
[0.169s] [ 60%] Built target image_transport-publisher
[0.169s] [ 66%] Built target image_transport_plugins
[0.169s] [ 73%] Built target image_transport-single_subscriber_publisher
[0.170s] [ 80%] Built target image_transport-remapping
[0.174s] [ 86%] Built target republish
[0.175s] [ 93%] Built target list_transports
[0.177s] [100%] Built target image_transport-message_passing
[0.186s] Invoked command in '/home/mirella/openvslam/ros/2/build/image_transport' returned '0': CMAKE_PREFIX_PATH=${CMAKE_PREFIX_PATH}:/home/mirella/openvslam/ros/2/install/opencv_tests:/opt/ros/eloquent /usr/bin/cmake --build /home/mirella/openvslam/ros/2/build/image_transport -- -j12 -l12
[0.266s] Invoking command in '/home/mirella/openvslam/ros/2/build/image_transport': CMAKE_PREFIX_PATH=${CMAKE_PREFIX_PATH}:/home/mirella/openvslam/ros/2/install/opencv_tests:/opt/ros/eloquent /usr/bin/cmake --build /home/mirella/openvslam/ros/2/build/image_transport --target install -- -j12 -l12
[0.325s] [  6%] Built target gtest_main
[0.331s] [ 13%] Built target gtest
[0.352s] [ 40%] Built target image_transport
[0.402s] [ 46%] Built target image_transport-publisher
[0.406s] [ 53%] Built target republish
[0.408s] [ 60%] Built target image_transport-camera_common
[0.410s] [ 66%] Built target list_transports
[0.415s] [ 73%] Built target image_transport-single_subscriber_publisher
[0.416s] [ 80%] Built target image_transport-remapping
[0.421s] [ 86%] Built target image_transport-subscriber
[0.424s] [ 93%] Built target image_transport_plugins
[0.425s] [100%] Built target image_transport-message_passing
[0.442s] [36mInstall the project...[0m
[0.450s] -- Install configuration: ""
[0.450s] -- Execute custom install script
[0.451s] -- Up-to-date symlink: /home/mirella/openvslam/ros/2/install/image_transport/share/image_transport//default_plugins.xml
[0.452s] -- Up-to-date symlink: /home/mirella/openvslam/ros/2/install/image_transport/lib/libimage_transport.so
[0.454s] -- Up-to-date symlink: /home/mirella/openvslam/ros/2/install/image_transport/lib/libimage_transport_plugins.so
[0.454s] -- Up-to-date symlink: /home/mirella/openvslam/ros/2/install/image_transport/lib/image_transport/list_transports
[0.454s] -- Up-to-date symlink: /home/mirella/openvslam/ros/2/install/image_transport/lib/image_transport/republish
[0.455s] -- Up-to-date symlink: /home/mirella/openvslam/ros/2/install/image_transport/include/image_transport/camera_common.h
[0.455s] -- Up-to-date symlink: /home/mirella/openvslam/ros/2/install/image_transport/include/image_transport/camera_publisher.h
[0.455s] -- Up-to-date symlink: /home/mirella/openvslam/ros/2/install/image_transport/include/image_transport/camera_subscriber.h
[0.455s] -- Up-to-date symlink: /home/mirella/openvslam/ros/2/install/image_transport/include/image_transport/exception.h
[0.455s] -- Up-to-date symlink: /home/mirella/openvslam/ros/2/install/image_transport/include/image_transport/image_transport.h
[0.455s] -- Up-to-date symlink: /home/mirella/openvslam/ros/2/install/image_transport/include/image_transport/loader_fwds.h
[0.456s] -- Up-to-date symlink: /home/mirella/openvslam/ros/2/install/image_transport/include/image_transport/publisher.h
[0.456s] -- Up-to-date symlink: /home/mirella/openvslam/ros/2/install/image_transport/include/image_transport/publisher_plugin.h
[0.456s] -- Up-to-date symlink: /home/mirella/openvslam/ros/2/install/image_transport/include/image_transport/raw_publisher.h
[0.456s] -- Up-to-date symlink: /home/mirella/openvslam/ros/2/install/image_transport/include/image_transport/raw_subscriber.h
[0.456s] -- Up-to-date symlink: /home/mirella/openvslam/ros/2/install/image_transport/include/image_transport/simple_publisher_plugin.h
[0.456s] -- Up-to-date symlink: /home/mirella/openvslam/ros/2/install/image_transport/include/image_transport/simple_subscriber_plugin.h
[0.456s] -- Up-to-date symlink: /home/mirella/openvslam/ros/2/install/image_transport/include/image_transport/single_subscriber_publisher.h
[0.457s] -- Up-to-date symlink: /home/mirella/openvslam/ros/2/install/image_transport/include/image_transport/subscriber.h
[0.457s] -- Up-to-date symlink: /home/mirella/openvslam/ros/2/install/image_transport/include/image_transport/subscriber_filter.h
[0.458s] -- Up-to-date symlink: /home/mirella/openvslam/ros/2/install/image_transport/include/image_transport/subscriber_plugin.h
[0.458s] -- Up-to-date symlink: /home/mirella/openvslam/ros/2/install/image_transport/include/image_transport/transport_hints.h
[0.458s] -- Up-to-date symlink: /home/mirella/openvslam/ros/2/install/image_transport/include/image_transport/visibility_control.hpp
[0.459s] -- Up-to-date symlink: /home/mirella/openvslam/ros/2/install/image_transport/share/image_transport/environment/library_path.sh
[0.459s] -- Up-to-date symlink: /home/mirella/openvslam/ros/2/install/image_transport/share/image_transport/environment/library_path.dsv
[0.459s] -- Up-to-date symlink: /home/mirella/openvslam/ros/2/install/image_transport/share/ament_index/resource_index/package_run_dependencies/image_transport
[0.459s] -- Up-to-date symlink: /home/mirella/openvslam/ros/2/install/image_transport/share/ament_index/resource_index/parent_prefix_path/image_transport
[0.460s] -- Up-to-date symlink: /home/mirella/openvslam/ros/2/install/image_transport/share/image_transport/environment/ament_prefix_path.sh
[0.460s] -- Up-to-date symlink: /home/mirella/openvslam/ros/2/install/image_transport/share/image_transport/environment/ament_prefix_path.dsv
[0.460s] -- Up-to-date symlink: /home/mirella/openvslam/ros/2/install/image_transport/share/image_transport/environment/path.sh
[0.460s] -- Up-to-date symlink: /home/mirella/openvslam/ros/2/install/image_transport/share/image_transport/environment/path.dsv
[0.461s] -- Up-to-date symlink: /home/mirella/openvslam/ros/2/install/image_transport/share/image_transport/local_setup.bash
[0.461s] -- Up-to-date symlink: /home/mirella/openvslam/ros/2/install/image_transport/share/image_transport/local_setup.sh
[0.462s] -- Up-to-date symlink: /home/mirella/openvslam/ros/2/install/image_transport/share/image_transport/local_setup.zsh
[0.462s] -- Up-to-date symlink: /home/mirella/openvslam/ros/2/install/image_transport/share/image_transport/local_setup.dsv
[0.462s] -- Symlinking: /home/mirella/openvslam/ros/2/install/image_transport/share/image_transport/package.dsv
[0.470s] -- Up-to-date symlink: /home/mirella/openvslam/ros/2/install/image_transport/share/ament_index/resource_index/packages/image_transport
[0.470s] -- Up-to-date symlink: /home/mirella/openvslam/ros/2/install/image_transport/share/ament_index/resource_index/image_transport__pluginlib__plugin/image_transport
[0.471s] -- Up-to-date symlink: /home/mirella/openvslam/ros/2/install/image_transport/share/image_transport/cmake/ament_cmake_export_include_directories-extras.cmake
[0.471s] -- Up-to-date symlink: /home/mirella/openvslam/ros/2/install/image_transport/share/image_transport/cmake/ament_cmake_export_libraries-extras.cmake
[0.472s] -- Up-to-date symlink: /home/mirella/openvslam/ros/2/install/image_transport/share/image_transport/cmake/ament_cmake_export_dependencies-extras.cmake
[0.472s] -- Up-to-date symlink: /home/mirella/openvslam/ros/2/install/image_transport/share/image_transport/cmake/image_transportConfig.cmake
[0.472s] -- Up-to-date symlink: /home/mirella/openvslam/ros/2/install/image_transport/share/image_transport/cmake/image_transportConfig-version.cmake
[0.472s] -- Up-to-date symlink: /home/mirella/openvslam/ros/2/install/image_transport/share/image_transport/package.xml
[0.503s] Invoked command in '/home/mirella/openvslam/ros/2/build/image_transport' returned '0': CMAKE_PREFIX_PATH=${CMAKE_PREFIX_PATH}:/home/mirella/openvslam/ros/2/install/opencv_tests:/opt/ros/eloquent /usr/bin/cmake --build /home/mirella/openvslam/ros/2/build/image_transport --target install -- -j12 -l12
