[0.018s] Invoking command in '/home/mirella/openvslam/ros/2/build/image_common': AMENT_PREFIX_PATH=/home/mirella/openvslam/ros/2/install/camera_info_manager:/home/mirella/openvslam/ros/2/install/image_transport:/home/mirella/openvslam/ros/2/install/camera_calibration_parsers:${AMENT_PREFIX_PATH} CMAKE_PREFIX_PATH=/home/mirella/openvslam/ros/2/install/camera_info_manager:/home/mirella/openvslam/ros/2/install/image_transport:/home/mirella/openvslam/ros/2/install/camera_calibration_parsers:/opt/ros/eloquent LD_LIBRARY_PATH=/home/mirella/openvslam/ros/2/install/camera_info_manager/lib:/home/mirella/openvslam/ros/2/install/image_transport/lib:/home/mirella/openvslam/ros/2/install/camera_calibration_parsers/lib:${LD_LIBRARY_PATH} /usr/bin/cmake --build /home/mirella/openvslam/ros/2/build/image_common -- -j12 -l12
[0.064s] Invoked command in '/home/mirella/openvslam/ros/2/build/image_common' returned '0': AMENT_PREFIX_PATH=/home/mirella/openvslam/ros/2/install/camera_info_manager:/home/mirella/openvslam/ros/2/install/image_transport:/home/mirella/openvslam/ros/2/install/camera_calibration_parsers:${AMENT_PREFIX_PATH} CMAKE_PREFIX_PATH=/home/mirella/openvslam/ros/2/install/camera_info_manager:/home/mirella/openvslam/ros/2/install/image_transport:/home/mirella/openvslam/ros/2/install/camera_calibration_parsers:/opt/ros/eloquent LD_LIBRARY_PATH=/home/mirella/openvslam/ros/2/install/camera_info_manager/lib:/home/mirella/openvslam/ros/2/install/image_transport/lib:/home/mirella/openvslam/ros/2/install/camera_calibration_parsers/lib:${LD_LIBRARY_PATH} /usr/bin/cmake --build /home/mirella/openvslam/ros/2/build/image_common -- -j12 -l12
[0.087s] Invoking command in '/home/mirella/openvslam/ros/2/build/image_common': AMENT_PREFIX_PATH=/home/mirella/openvslam/ros/2/install/camera_info_manager:/home/mirella/openvslam/ros/2/install/image_transport:/home/mirella/openvslam/ros/2/install/camera_calibration_parsers:${AMENT_PREFIX_PATH} CMAKE_PREFIX_PATH=/home/mirella/openvslam/ros/2/install/camera_info_manager:/home/mirella/openvslam/ros/2/install/image_transport:/home/mirella/openvslam/ros/2/install/camera_calibration_parsers:/opt/ros/eloquent LD_LIBRARY_PATH=/home/mirella/openvslam/ros/2/install/camera_info_manager/lib:/home/mirella/openvslam/ros/2/install/image_transport/lib:/home/mirella/openvslam/ros/2/install/camera_calibration_parsers/lib:${LD_LIBRARY_PATH} /usr/bin/cmake --build /home/mirella/openvslam/ros/2/build/image_common --target install -- -j12 -l12
[0.133s] [36mInstall the project...[0m
[0.140s] -- Install configuration: ""
[0.141s] -- Execute custom install script
[0.141s] -- Up-to-date symlink: /home/mirella/openvslam/ros/2/install/image_common/share/ament_index/resource_index/package_run_dependencies/image_common
[0.141s] -- Up-to-date symlink: /home/mirella/openvslam/ros/2/install/image_common/share/ament_index/resource_index/parent_prefix_path/image_common
[0.141s] -- Up-to-date symlink: /home/mirella/openvslam/ros/2/install/image_common/share/image_common/environment/ament_prefix_path.sh
[0.142s] -- Up-to-date symlink: /home/mirella/openvslam/ros/2/install/image_common/share/image_common/environment/ament_prefix_path.dsv
[0.142s] -- Up-to-date symlink: /home/mirella/openvslam/ros/2/install/image_common/share/image_common/environment/path.sh
[0.142s] -- Up-to-date symlink: /home/mirella/openvslam/ros/2/install/image_common/share/image_common/environment/path.dsv
[0.142s] -- Up-to-date symlink: /home/mirella/openvslam/ros/2/install/image_common/share/image_common/local_setup.bash
[0.143s] -- Up-to-date symlink: /home/mirella/openvslam/ros/2/install/image_common/share/image_common/local_setup.sh
[0.143s] -- Up-to-date symlink: /home/mirella/openvslam/ros/2/install/image_common/share/image_common/local_setup.zsh
[0.143s] -- Up-to-date symlink: /home/mirella/openvslam/ros/2/install/image_common/share/image_common/local_setup.dsv
[0.143s] -- Symlinking: /home/mirella/openvslam/ros/2/install/image_common/share/image_common/package.dsv
[0.153s] -- Up-to-date symlink: /home/mirella/openvslam/ros/2/install/image_common/share/ament_index/resource_index/packages/image_common
[0.153s] -- Up-to-date symlink: /home/mirella/openvslam/ros/2/install/image_common/share/image_common/cmake/image_commonConfig.cmake
[0.153s] -- Up-to-date symlink: /home/mirella/openvslam/ros/2/install/image_common/share/image_common/cmake/image_commonConfig-version.cmake
[0.153s] -- Up-to-date symlink: /home/mirella/openvslam/ros/2/install/image_common/share/image_common/package.xml
[0.158s] Invoked command in '/home/mirella/openvslam/ros/2/build/image_common' returned '0': AMENT_PREFIX_PATH=/home/mirella/openvslam/ros/2/install/camera_info_manager:/home/mirella/openvslam/ros/2/install/image_transport:/home/mirella/openvslam/ros/2/install/camera_calibration_parsers:${AMENT_PREFIX_PATH} CMAKE_PREFIX_PATH=/home/mirella/openvslam/ros/2/install/camera_info_manager:/home/mirella/openvslam/ros/2/install/image_transport:/home/mirella/openvslam/ros/2/install/camera_calibration_parsers:/opt/ros/eloquent LD_LIBRARY_PATH=/home/mirella/openvslam/ros/2/install/camera_info_manager/lib:/home/mirella/openvslam/ros/2/install/image_transport/lib:/home/mirella/openvslam/ros/2/install/camera_calibration_parsers/lib:${LD_LIBRARY_PATH} /usr/bin/cmake --build /home/mirella/openvslam/ros/2/build/image_common --target install -- -j12 -l12
