[0.023s] Invoking command in '/home/mirella/openvslam/ros/2/build/openvslam': CMAKE_PREFIX_PATH=/home/mirella/openvslam/ros/2/install/image_transport:/home/mirella/openvslam/ros/2/install/cv_bridge:/home/mirella/openvslam/ros/2/install/vision_opencv:/home/mirella/openvslam/ros/2/install/publisher:/home/mirella/openvslam/ros/2/install/openvslam:/home/mirella/openvslam/ros/2/install/image_common:/home/mirella/openvslam/ros/2/install/camera_info_manager:/home/mirella/openvslam/ros/2/install/image_geometry:/home/mirella/openvslam/ros/2/install/camera_calibration_parsers:/home/mirella/openvslam/ros/2/install/opencv_tests:/opt/ros/eloquent LD_LIBRARY_PATH=/home/mirella/openvslam/ros/2/install/image_transport/lib:/home/mirella/openvslam/ros/2/install/cv_bridge/lib:/home/mirella/openvslam/ros/2/install/camera_info_manager/lib:/home/mirella/openvslam/ros/2/install/image_geometry/lib:/home/mirella/openvslam/ros/2/install/camera_calibration_parsers/lib:/opt/ros/eloquent/opt/yaml_cpp_vendor/lib:/opt/ros/eloquent/opt/rviz_ogre_vendor/lib:/opt/ros/eloquent/lib/x86_64-linux-gnu:/opt/ros/eloquent/lib PYTHONPATH=/home/mirella/openvslam/ros/2/install/cv_bridge/lib/python3.6/site-packages:/home/mirella/openvslam/ros/2/build/opencv_tests:/home/mirella/openvslam/ros/2/install/opencv_tests/lib/python3.6/site-packages:/home/mirella/openvslam/ros/2/install/image_geometry/lib/python3.6/site-packages:/opt/ros/eloquent/lib/python3.6/site-packages /usr/bin/cmake --build /home/mirella/openvslam/ros/2/build/openvslam -- -j12 -l12
[0.082s] [35m[1mScanning dependencies of target run_slam[0m
[0.132s] [ 50%] Built target run_localization
[0.161s] [ 75%] [32mBuilding CXX object src/CMakeFiles/run_slam.dir/run_slam.cc.o[0m
[2.901s] [01m[K/home/mirella/openvslam/ros/2/src/openvslam/src/run_slam.cc:[m[K In function ‘[01m[Kvoid callback(const ConstSharedPtr&, std::shared_ptr<rclcpp::Publisher<sensor_msgs::msg::Image_<std::allocator<void> >, std::allocator<void> > >, std::shared_ptr<rclcpp::Publisher<sensor_msgs::msg::Image_<std::allocator<void> >, std::allocator<void> > >, std::shared_ptr<rclcpp::Publisher<sensor_msgs::msg::CameraInfo_<std::allocator<void> >, std::allocator<void> > >, std::shared_ptr<rclcpp::Publisher<sensor_msgs::msg::CameraInfo_<std::allocator<void> >, std::allocator<void> > >, std::shared_ptr<rclcpp::Publisher<nav_msgs::msg::Odometry_<std::allocator<void> >, std::allocator<void> > >, openvslam::system*, cv::Mat, std::shared_ptr<rclcpp::Node>)[m[K’:
[2.901s] [01m[K/home/mirella/openvslam/ros/2/src/openvslam/src/run_slam.cc:48:107:[m[K [01;31m[Kerror: [m[Ka function-definition is not allowed here before ‘[01m[K{[m[K’ token
[2.902s]                     const std::string& mask_img_path, const bool eval_log, const std::string& map_db_path) [01;31m[K{[m[K
[2.902s]                                                                                                            [01;31m[K^[m[K
[2.902s] [01m[K/home/mirella/openvslam/ros/2/src/openvslam/src/run_slam.cc:157:34:[m[K [01;31m[Kerror: [m[Ka function-definition is not allowed here before ‘[01m[K{[m[K’ token
[2.902s]  int main(int argc, char* argv[]) [01;31m[K{[m[K
[2.902s]                                   [01;31m[K^[m[K
[2.902s] [01m[K/home/mirella/openvslam/ros/2/src/openvslam/src/run_slam.cc:232:1:[m[K [01;31m[Kerror: [m[Kexpected ‘[01m[K}[m[K’ at end of input
[2.902s]  [01;31m[K}[m[K
[2.902s]  [01;31m[K^[m[K
[2.902s] [01m[K/home/mirella/openvslam/ros/2/src/openvslam/src/run_slam.cc:32:62:[m[K [01;35m[Kwarning: [m[Kunused parameter ‘[01m[Kleft_image_msg_sub[m[K’ [[01;35m[K-Wunused-parameter[m[K]
[2.902s]  void callback(const sensor_msgs::msg::Image::ConstSharedPtr& [01;35m[Kleft_image_msg_sub[m[K,
[2.902s]                                                               [01;35m[K^~~~~~~~~~~~~~~~~~[m[K
[2.902s] [01m[K/home/mirella/openvslam/ros/2/src/openvslam/src/run_slam.cc:34:122:[m[K [01;35m[Kwarning: [m[Kunused parameter ‘[01m[Kleft_publisher[m[K’ [[01;35m[K-Wunused-parameter[m[K]
[2.902s]                 std::shared_ptr<rclcpp::Publisher<sensor_msgs::msg::Image_<std::allocator<void>>, std::allocator<void>>> [01;35m[Kleft_publisher[m[K,
[2.903s]                                                                                                                          [01;35m[K^~~~~~~~~~~~~~[m[K
[2.903s] [01m[K/home/mirella/openvslam/ros/2/src/openvslam/src/run_slam.cc:35:122:[m[K [01;35m[Kwarning: [m[Kunused parameter ‘[01m[Kright_publisher[m[K’ [[01;35m[K-Wunused-parameter[m[K]
[2.903s]                 std::shared_ptr<rclcpp::Publisher<sensor_msgs::msg::Image_<std::allocator<void>>, std::allocator<void>>> [01;35m[Kright_publisher[m[K,
[2.903s]                                                                                                                          [01;35m[K^~~~~~~~~~~~~~~[m[K
[2.903s] [01m[K/home/mirella/openvslam/ros/2/src/openvslam/src/run_slam.cc:36:129:[m[K [01;35m[Kwarning: [m[Kunused parameter ‘[01m[Kleft_publisher_config[m[K’ [[01;35m[K-Wunused-parameter[m[K]
[2.903s]          std::shared_ptr<rclcpp::Publisher<sensor_msgs::msg::CameraInfo_<std::allocator<void>>, std::allocator<void> > > [01;35m[Kleft_publisher_config[m[K,
[2.903s]                                                                                                                          [01;35m[K^~~~~~~~~~~~~~~~~~~~~[m[K
[2.903s] [01m[K/home/mirella/openvslam/ros/2/src/openvslam/src/run_slam.cc:37:129:[m[K [01;35m[Kwarning: [m[Kunused parameter ‘[01m[Kright_publisher_config[m[K’ [[01;35m[K-Wunused-parameter[m[K]
[2.903s]          std::shared_ptr<rclcpp::Publisher<sensor_msgs::msg::CameraInfo_<std::allocator<void>>, std::allocator<void> > > [01;35m[Kright_publisher_config[m[K,
[2.903s]                                                                                                                          [01;35m[K^~~~~~~~~~~~~~~~~~~~~~[m[K
[2.903s] [01m[K/home/mirella/openvslam/ros/2/src/openvslam/src/run_slam.cc:38:123:[m[K [01;35m[Kwarning: [m[Kunused parameter ‘[01m[Kodometry_publisher[m[K’ [[01;35m[K-Wunused-parameter[m[K]
[2.903s]                std::shared_ptr<rclcpp::Publisher<nav_msgs::msg::Odometry_<std::allocator<void> >, std::allocator<void>>> [01;35m[Kodometry_publisher[m[K,
[2.903s]                                                                                                                          [01;35m[K^~~~~~~~~~~~~~~~~~[m[K
[2.903s] [01m[K/home/mirella/openvslam/ros/2/src/openvslam/src/run_slam.cc:39:36:[m[K [01;35m[Kwarning: [m[Kunused parameter ‘[01m[KSLAM[m[K’ [[01;35m[K-Wunused-parameter[m[K]
[2.903s]                  openvslam::system* [01;35m[KSLAM[m[K,
[2.903s]                                     [01;35m[K^~~~[m[K
[2.904s] [01m[K/home/mirella/openvslam/ros/2/src/openvslam/src/run_slam.cc:40:31:[m[K [01;35m[Kwarning: [m[Kunused parameter ‘[01m[Kmask[m[K’ [[01;35m[K-Wunused-parameter[m[K]
[2.904s]                  const cv::Mat [01;35m[Kmask[m[K,
[2.904s]                                [01;35m[K^~~~[m[K
[2.904s] [01m[K/home/mirella/openvslam/ros/2/src/openvslam/src/run_slam.cc:41:47:[m[K [01;35m[Kwarning: [m[Kunused parameter ‘[01m[Knode[m[K’ [[01;35m[K-Wunused-parameter[m[K]
[2.904s]                  std::shared_ptr<rclcpp::Node> [01;35m[Knode[m[K
[2.904s]                                                [01;35m[K^~~~[m[K
[3.991s] make[2]: *** [src/CMakeFiles/run_slam.dir/run_slam.cc.o] Error 1
[3.992s] src/CMakeFiles/run_slam.dir/build.make:62: recipe for target 'src/CMakeFiles/run_slam.dir/run_slam.cc.o' failed
[3.992s] make[1]: *** [src/CMakeFiles/run_slam.dir/all] Error 2
[3.992s] CMakeFiles/Makefile2:151: recipe for target 'src/CMakeFiles/run_slam.dir/all' failed
[3.992s] Makefile:140: recipe for target 'all' failed
[3.992s] make: *** [all] Error 2
[3.994s] Invoked command in '/home/mirella/openvslam/ros/2/build/openvslam' returned '2': CMAKE_PREFIX_PATH=/home/mirella/openvslam/ros/2/install/image_transport:/home/mirella/openvslam/ros/2/install/cv_bridge:/home/mirella/openvslam/ros/2/install/vision_opencv:/home/mirella/openvslam/ros/2/install/publisher:/home/mirella/openvslam/ros/2/install/openvslam:/home/mirella/openvslam/ros/2/install/image_common:/home/mirella/openvslam/ros/2/install/camera_info_manager:/home/mirella/openvslam/ros/2/install/image_geometry:/home/mirella/openvslam/ros/2/install/camera_calibration_parsers:/home/mirella/openvslam/ros/2/install/opencv_tests:/opt/ros/eloquent LD_LIBRARY_PATH=/home/mirella/openvslam/ros/2/install/image_transport/lib:/home/mirella/openvslam/ros/2/install/cv_bridge/lib:/home/mirella/openvslam/ros/2/install/camera_info_manager/lib:/home/mirella/openvslam/ros/2/install/image_geometry/lib:/home/mirella/openvslam/ros/2/install/camera_calibration_parsers/lib:/opt/ros/eloquent/opt/yaml_cpp_vendor/lib:/opt/ros/eloquent/opt/rviz_ogre_vendor/lib:/opt/ros/eloquent/lib/x86_64-linux-gnu:/opt/ros/eloquent/lib PYTHONPATH=/home/mirella/openvslam/ros/2/install/cv_bridge/lib/python3.6/site-packages:/home/mirella/openvslam/ros/2/build/opencv_tests:/home/mirella/openvslam/ros/2/install/opencv_tests/lib/python3.6/site-packages:/home/mirella/openvslam/ros/2/install/image_geometry/lib/python3.6/site-packages:/opt/ros/eloquent/lib/python3.6/site-packages /usr/bin/cmake --build /home/mirella/openvslam/ros/2/build/openvslam -- -j12 -l12
