[0.016s] Invoking command in '/home/mirella/openvslam/ros/2/build/image_geometry': CMAKE_PREFIX_PATH=/opt/ros/eloquent /usr/bin/cmake /home/mirella/openvslam/ros/2/src/vision_opencv/image_geometry -DAMENT_CMAKE_SYMLINK_INSTALL=1 -DCMAKE_INSTALL_PREFIX=/home/mirella/openvslam/ros/2/install/image_geometry
[0.107s] -- The C compiler identification is GNU 7.5.0
[0.150s] -- The CXX compiler identification is GNU 7.5.0
[0.154s] -- Check for working C compiler: /usr/bin/cc
[0.209s] -- Check for working C compiler: /usr/bin/cc -- works
[0.209s] -- Detecting C compiler ABI info
[0.264s] -- Detecting C compiler ABI info - done
[0.268s] -- Detecting C compile features
[0.453s] -- Detecting C compile features - done
[0.454s] -- Check for working CXX compiler: /usr/bin/c++
[0.530s] -- Check for working CXX compiler: /usr/bin/c++ -- works
[0.531s] -- Detecting CXX compiler ABI info
[0.604s] -- Detecting CXX compiler ABI info - done
[0.608s] -- Detecting CXX compile features
[0.889s] -- Detecting CXX compile features - done
[0.891s] -- Found ament_cmake_python: 0.8.2 (/opt/ros/eloquent/share/ament_cmake_python/cmake)
[0.893s] -- Found ament_cmake_ros: 0.8.0 (/opt/ros/eloquent/share/ament_cmake_ros/cmake)
[0.921s] -- Found PythonInterp: /usr/bin/python3 (found suitable version "3.6.9", minimum required is "3") 
[0.921s] -- Using PYTHON_EXECUTABLE: /usr/bin/python3
[1.072s] -- Override CMake install command with custom implementation using symlinks instead of copying resources
[1.123s] -- Found OpenCV: /usr/local (found version "3.4.0") found components:  calib3d core highgui imgproc 
[1.124s] -- Found sensor_msgs: 0.8.1 (/opt/ros/eloquent/share/sensor_msgs/cmake)
[1.142s] -- Found rosidl_adapter: 0.8.2 (/opt/ros/eloquent/share/rosidl_adapter/cmake)
[1.212s] -- Found gtest sources under '/opt/ros/eloquent/src/gtest_vendor': C++ tests using 'Google Test' will be built
[1.214s] -- Looking for pthread.h
[1.269s] -- Looking for pthread.h - found
[1.269s] -- Looking for pthread_create
[1.328s] -- Looking for pthread_create - not found
[1.328s] -- Check if compiler accepts -pthread
[1.386s] -- Check if compiler accepts -pthread - yes
[1.387s] -- Found Threads: TRUE  
[1.448s] -- Configuring done
[1.470s] -- Generating done
[1.472s] -- Build files have been written to: /home/mirella/openvslam/ros/2/build/image_geometry
[1.475s] Invoked command in '/home/mirella/openvslam/ros/2/build/image_geometry' returned '0': CMAKE_PREFIX_PATH=/opt/ros/eloquent /usr/bin/cmake /home/mirella/openvslam/ros/2/src/vision_opencv/image_geometry -DAMENT_CMAKE_SYMLINK_INSTALL=1 -DCMAKE_INSTALL_PREFIX=/home/mirella/openvslam/ros/2/install/image_geometry
[1.478s] Invoking command in '/home/mirella/openvslam/ros/2/build/image_geometry': CMAKE_PREFIX_PATH=/opt/ros/eloquent /usr/bin/cmake --build /home/mirella/openvslam/ros/2/build/image_geometry -- -j12 -l12
[1.514s] [35m[1mScanning dependencies of target image_geometry[0m
[1.518s] [35m[1mScanning dependencies of target gtest[0m
[1.520s] [35m[1mScanning dependencies of target gtest_main[0m
[1.540s] [ 11%] [32mBuilding CXX object gtest/CMakeFiles/gtest_main.dir/src/gtest_main.cc.o[0m
[1.545s] [ 22%] [32mBuilding CXX object gtest/CMakeFiles/gtest.dir/src/gtest-all.cc.o[0m
[1.553s] [ 33%] [32mBuilding CXX object CMakeFiles/image_geometry.dir/src/stereo_camera_model.cpp.o[0m
[1.554s] [ 44%] [32mBuilding CXX object CMakeFiles/image_geometry.dir/src/pinhole_camera_model.cpp.o[0m
[2.485s] [ 55%] [32m[1mLinking CXX static library libgtest_main.a[0m
[2.697s] [ 55%] Built target gtest_main
[3.378s] [ 66%] [32m[1mLinking CXX shared library libimage_geometry.so[0m
[3.785s] [ 66%] Built target image_geometry
[6.152s] [ 77%] [32m[1mLinking CXX static library libgtest.a[0m
[6.225s] [ 77%] Built target gtest
[6.240s] [35m[1mScanning dependencies of target image_geometry-utest[0m
[6.297s] [ 88%] [32mBuilding CXX object test/CMakeFiles/image_geometry-utest.dir/utest.cpp.o[0m
[7.781s] [100%] [32m[1mLinking CXX executable image_geometry-utest[0m
[8.029s] [100%] Built target image_geometry-utest
[8.039s] Invoked command in '/home/mirella/openvslam/ros/2/build/image_geometry' returned '0': CMAKE_PREFIX_PATH=/opt/ros/eloquent /usr/bin/cmake --build /home/mirella/openvslam/ros/2/build/image_geometry -- -j12 -l12
[8.060s] Invoking command in '/home/mirella/openvslam/ros/2/build/image_geometry': CMAKE_PREFIX_PATH=/opt/ros/eloquent /usr/bin/cmake --build /home/mirella/openvslam/ros/2/build/image_geometry --target install -- -j12 -l12
[8.117s] [ 33%] Built target image_geometry
[8.117s] [ 55%] Built target gtest_main
[8.118s] [ 77%] Built target gtest
[8.147s] [100%] Built target image_geometry-utest
[8.167s] [36mInstall the project...[0m
[8.174s] -- Install configuration: ""
[8.174s] -- Execute custom install script
[8.174s] -- Symlinking: /home/mirella/openvslam/ros/2/install/image_geometry/share/image_geometry/environment/pythonpath.sh
[8.185s] -- Symlinking: /home/mirella/openvslam/ros/2/install/image_geometry/share/image_geometry/environment/pythonpath.dsv
[8.196s] -- Symlinking: /home/mirella/openvslam/ros/2/install/image_geometry/lib/python3.6/site-packages/image_geometry/__init__.py
[8.206s] -- Symlinking: /home/mirella/openvslam/ros/2/install/image_geometry/lib/python3.6/site-packages/image_geometry/cameramodels.py
[8.217s] -- Symlinking: /home/mirella/openvslam/ros/2/install/image_geometry/include/image_geometry/pinhole_camera_model.h
[8.225s] -- Symlinking: /home/mirella/openvslam/ros/2/install/image_geometry/include/image_geometry/stereo_camera_model.h
[8.233s] -- Symlinking: /home/mirella/openvslam/ros/2/install/image_geometry/include/image_geometry/visibility_control.hpp
[8.241s] -- Symlinking: /home/mirella/openvslam/ros/2/install/image_geometry/lib/libimage_geometry.so
[8.248s] -- Symlinking: /home/mirella/openvslam/ros/2/install/image_geometry/share/image_geometry/environment/library_path.sh
[8.256s] -- Symlinking: /home/mirella/openvslam/ros/2/install/image_geometry/share/image_geometry/environment/library_path.dsv
[8.264s] -- Symlinking: /home/mirella/openvslam/ros/2/install/image_geometry/share/ament_index/resource_index/package_run_dependencies/image_geometry
[8.271s] -- Symlinking: /home/mirella/openvslam/ros/2/install/image_geometry/share/ament_index/resource_index/parent_prefix_path/image_geometry
[8.279s] -- Symlinking: /home/mirella/openvslam/ros/2/install/image_geometry/share/image_geometry/environment/ament_prefix_path.sh
[8.287s] -- Symlinking: /home/mirella/openvslam/ros/2/install/image_geometry/share/image_geometry/environment/ament_prefix_path.dsv
[8.294s] -- Symlinking: /home/mirella/openvslam/ros/2/install/image_geometry/share/image_geometry/environment/path.sh
[8.301s] -- Symlinking: /home/mirella/openvslam/ros/2/install/image_geometry/share/image_geometry/environment/path.dsv
[8.308s] -- Symlinking: /home/mirella/openvslam/ros/2/install/image_geometry/share/image_geometry/local_setup.bash
[8.316s] -- Symlinking: /home/mirella/openvslam/ros/2/install/image_geometry/share/image_geometry/local_setup.sh
[8.324s] -- Symlinking: /home/mirella/openvslam/ros/2/install/image_geometry/share/image_geometry/local_setup.zsh
[8.331s] -- Symlinking: /home/mirella/openvslam/ros/2/install/image_geometry/share/image_geometry/local_setup.dsv
[8.337s] -- Symlinking: /home/mirella/openvslam/ros/2/install/image_geometry/share/image_geometry/package.dsv
[8.346s] -- Symlinking: /home/mirella/openvslam/ros/2/install/image_geometry/share/ament_index/resource_index/packages/image_geometry
[8.354s] -- Symlinking: /home/mirella/openvslam/ros/2/install/image_geometry/share/image_geometry/cmake/ament_cmake_export_libraries-extras.cmake
[8.361s] -- Symlinking: /home/mirella/openvslam/ros/2/install/image_geometry/share/image_geometry/cmake/ament_cmake_export_dependencies-extras.cmake
[8.368s] -- Symlinking: /home/mirella/openvslam/ros/2/install/image_geometry/share/image_geometry/cmake/ament_cmake_export_include_directories-extras.cmake
[8.375s] -- Symlinking: /home/mirella/openvslam/ros/2/install/image_geometry/share/image_geometry/cmake/image_geometryConfig.cmake
[8.382s] -- Symlinking: /home/mirella/openvslam/ros/2/install/image_geometry/share/image_geometry/cmake/image_geometryConfig-version.cmake
[8.390s] -- Symlinking: /home/mirella/openvslam/ros/2/install/image_geometry/share/image_geometry/package.xml
[8.425s] Listing '/home/mirella/openvslam/ros/2/install/image_geometry/lib/python3.6/site-packages/image_geometry'...
[8.425s] Compiling '/home/mirella/openvslam/ros/2/install/image_geometry/lib/python3.6/site-packages/image_geometry/__init__.py'...
[8.425s] Compiling '/home/mirella/openvslam/ros/2/install/image_geometry/lib/python3.6/site-packages/image_geometry/cameramodels.py'...
[8.430s] Invoked command in '/home/mirella/openvslam/ros/2/build/image_geometry' returned '0': CMAKE_PREFIX_PATH=/opt/ros/eloquent /usr/bin/cmake --build /home/mirella/openvslam/ros/2/build/image_geometry --target install -- -j12 -l12
