[0.028s] Invoking command in '/home/mirella/openvslam/ros/2/build/openvslam': CMAKE_PREFIX_PATH=/home/mirella/openvslam/ros/2/install/image_transport:/home/mirella/openvslam/ros/2/install/cv_bridge:/home/mirella/openvslam/ros/2/install/vision_opencv:/home/mirella/openvslam/ros/2/install/publisher:/home/mirella/openvslam/ros/2/install/openvslam:/home/mirella/openvslam/ros/2/install/image_common:/home/mirella/openvslam/ros/2/install/camera_info_manager:/home/mirella/openvslam/ros/2/install/image_geometry:/home/mirella/openvslam/ros/2/install/camera_calibration_parsers:/home/mirella/openvslam/ros/2/install/opencv_tests:/opt/ros/eloquent LD_LIBRARY_PATH=/home/mirella/openvslam/ros/2/install/image_transport/lib:/home/mirella/openvslam/ros/2/install/cv_bridge/lib:/home/mirella/openvslam/ros/2/install/camera_info_manager/lib:/home/mirella/openvslam/ros/2/install/image_geometry/lib:/home/mirella/openvslam/ros/2/install/camera_calibration_parsers/lib:/opt/ros/eloquent/opt/yaml_cpp_vendor/lib:/opt/ros/eloquent/opt/rviz_ogre_vendor/lib:/opt/ros/eloquent/lib/x86_64-linux-gnu:/opt/ros/eloquent/lib PYTHONPATH=/home/mirella/openvslam/ros/2/install/cv_bridge/lib/python3.6/site-packages:/home/mirella/openvslam/ros/2/build/opencv_tests:/home/mirella/openvslam/ros/2/install/opencv_tests/lib/python3.6/site-packages:/home/mirella/openvslam/ros/2/install/image_geometry/lib/python3.6/site-packages:/opt/ros/eloquent/lib/python3.6/site-packages /usr/bin/cmake --build /home/mirella/openvslam/ros/2/build/openvslam -- -j12 -l12
[0.089s] [35m[1mScanning dependencies of target run_slam[0m
[0.125s] [ 50%] Built target run_localization
[0.175s] [ 75%] [32mBuilding CXX object src/CMakeFiles/run_slam.dir/run_slam.cc.o[0m
[5.891s] [01m[K/home/mirella/openvslam/ros/2/src/openvslam/src/run_slam.cc:[m[K In function ‘[01m[Kvoid callback(const ConstSharedPtr&, std::shared_ptr<rclcpp::Publisher<sensor_msgs::msg::Image_<std::allocator<void> >, std::allocator<void> > >, std::shared_ptr<rclcpp::Publisher<sensor_msgs::msg::Image_<std::allocator<void> >, std::allocator<void> > >, std::shared_ptr<rclcpp::Publisher<sensor_msgs::msg::CameraInfo_<std::allocator<void> >, std::allocator<void> > >, std::shared_ptr<rclcpp::Publisher<sensor_msgs::msg::CameraInfo_<std::allocator<void> >, std::allocator<void> > >, std::shared_ptr<rclcpp::Publisher<nav_msgs::msg::Odometry_<std::allocator<void> >, std::allocator<void> > >, openvslam::system*, cv::Mat, std::shared_ptr<rclcpp::Node>)[m[K’:
[5.891s] [01m[K/home/mirella/openvslam/ros/2/src/openvslam/src/run_slam.cc:213:48:[m[K [01;31m[Kerror: [m[Kno matching function for call to ‘[01m[Krclcpp::Publisher<sensor_msgs::msg::Image_<std::allocator<void> >, std::allocator<void> >::publish(sensor_msgs::msg::Image_<std::allocator<void> >::SharedPtr*)[m[K’
[5.891s]          left_publisher->publish(&left_image_msg[01;31m[K)[m[K;
[5.891s]                                                 [01;31m[K^[m[K
[5.891s] In file included from [01m[K/opt/ros/eloquent/include/rclcpp/node_interfaces/node_topics_interface.hpp:26:0[m[K,
[5.891s]                  from [01m[K/opt/ros/eloquent/include/rclcpp/node.hpp:53[m[K,
[5.891s]                  from [01m[K/opt/ros/eloquent/include/rclcpp/executors/single_threaded_executor.hpp:28[m[K,
[5.891s]                  from [01m[K/opt/ros/eloquent/include/rclcpp/executors.hpp:22[m[K,
[5.891s]                  from [01m[K/opt/ros/eloquent/include/rclcpp/rclcpp.hpp:145[m[K,
[5.891s]                  from [01m[K/home/mirella/openvslam/ros/2/src/openvslam/src/run_slam.cc:21[m[K:
[5.892s] [01m[K/opt/ros/eloquent/include/rclcpp/publisher.hpp:159:3:[m[K [01;36m[Knote: [m[Kcandidate: void rclcpp::Publisher<MessageT, AllocatorT>::publish(std::unique_ptr<MessageT, typename std::conditional<std::is_same<typename std::allocator_traits<typename std::allocator_traits<_NodeAlloc>::rebind_traits<MessageT>::allocator_type>::rebind_alloc<MessageT>, typename std::allocator<void>::rebind<_Tp1>::other>::value, std::default_delete<_Tp>, rclcpp::allocator::AllocatorDeleter<typename std::allocator_traits<_NodeAlloc>::rebind_traits<MessageT>::allocator_type> >::type>) [with MessageT = sensor_msgs::msg::Image_<std::allocator<void> >; AllocatorT = std::allocator<void>; typename std::conditional<std::is_same<typename std::allocator_traits<typename std::allocator_traits<_NodeAlloc>::rebind_traits<MessageT>::allocator_type>::rebind_alloc<MessageT>, typename std::allocator<void>::rebind<_Tp1>::other>::value, std::default_delete<_Tp>, rclcpp::allocator::AllocatorDeleter<typename std::allocator_traits<_NodeAlloc>::rebind_traits<MessageT>::allocator_type> >::type = std::default_delete<sensor_msgs::msg::Image_<std::allocator<void> > >]
[5.892s]    [01;36m[Kpublish[m[K(std::unique_ptr<MessageT, MessageDeleter> msg)
[5.892s]    [01;36m[K^~~~~~~[m[K
[5.892s] [01m[K/opt/ros/eloquent/include/rclcpp/publisher.hpp:159:3:[m[K [01;36m[Knote: [m[K  no known conversion for argument 1 from ‘[01m[Ksensor_msgs::msg::Image_<std::allocator<void> >::SharedPtr* {aka std::shared_ptr<sensor_msgs::msg::Image_<std::allocator<void> > >*}[m[K’ to ‘[01m[Kstd::unique_ptr<sensor_msgs::msg::Image_<std::allocator<void> >, std::default_delete<sensor_msgs::msg::Image_<std::allocator<void> > > >[m[K’
[5.892s] [01m[K/opt/ros/eloquent/include/rclcpp/publisher.hpp:183:3:[m[K [01;36m[Knote: [m[Kcandidate: void rclcpp::Publisher<MessageT, AllocatorT>::publish(const MessageT&) [with MessageT = sensor_msgs::msg::Image_<std::allocator<void> >; AllocatorT = std::allocator<void>]
[5.892s]    [01;36m[Kpublish[m[K(const MessageT & msg)
[5.892s]    [01;36m[K^~~~~~~[m[K
[5.892s] [01m[K/opt/ros/eloquent/include/rclcpp/publisher.hpp:183:3:[m[K [01;36m[Knote: [m[K  no known conversion for argument 1 from ‘[01m[Ksensor_msgs::msg::Image_<std::allocator<void> >::SharedPtr* {aka std::shared_ptr<sensor_msgs::msg::Image_<std::allocator<void> > >*}[m[K’ to ‘[01m[Kconst sensor_msgs::msg::Image_<std::allocator<void> >&[m[K’
[5.892s] [01m[K/opt/ros/eloquent/include/rclcpp/publisher.hpp:200:3:[m[K [01;36m[Knote: [m[Kcandidate: void rclcpp::Publisher<MessageT, AllocatorT>::publish(const rcl_serialized_message_t&) [with MessageT = sensor_msgs::msg::Image_<std::allocator<void> >; AllocatorT = std::allocator<void>; rcl_serialized_message_t = rcutils_uint8_array_t]
[5.892s]    [01;36m[Kpublish[m[K(const rcl_serialized_message_t & serialized_msg)
[5.892s]    [01;36m[K^~~~~~~[m[K
[5.892s] [01m[K/opt/ros/eloquent/include/rclcpp/publisher.hpp:200:3:[m[K [01;36m[Knote: [m[K  no known conversion for argument 1 from ‘[01m[Ksensor_msgs::msg::Image_<std::allocator<void> >::SharedPtr* {aka std::shared_ptr<sensor_msgs::msg::Image_<std::allocator<void> > >*}[m[K’ to ‘[01m[Kconst rcl_serialized_message_t& {aka const rcutils_uint8_array_t&}[m[K’
[5.892s] [01m[K/opt/ros/eloquent/include/rclcpp/publisher.hpp:214:3:[m[K [01;36m[Knote: [m[Kcandidate: void rclcpp::Publisher<MessageT, AllocatorT>::publish(rclcpp::LoanedMessage<MessageT, AllocatorT>&&) [with MessageT = sensor_msgs::msg::Image_<std::allocator<void> >; AllocatorT = std::allocator<void>]
[5.892s]    [01;36m[Kpublish[m[K(rclcpp::LoanedMessage<MessageT, AllocatorT> && loaned_msg)
[5.892s]    [01;36m[K^~~~~~~[m[K
[5.893s] [01m[K/opt/ros/eloquent/include/rclcpp/publisher.hpp:214:3:[m[K [01;36m[Knote: [m[K  no known conversion for argument 1 from ‘[01m[Ksensor_msgs::msg::Image_<std::allocator<void> >::SharedPtr* {aka std::shared_ptr<sensor_msgs::msg::Image_<std::allocator<void> > >*}[m[K’ to ‘[01m[Krclcpp::LoanedMessage<sensor_msgs::msg::Image_<std::allocator<void> >, std::allocator<void> >&&[m[K’
[5.899s] [01m[K/home/mirella/openvslam/ros/2/src/openvslam/src/run_slam.cc:148:122:[m[K [01;35m[Kwarning: [m[Kunused parameter ‘[01m[Kright_publisher[m[K’ [[01;35m[K-Wunused-parameter[m[K]
[5.899s]                 std::shared_ptr<rclcpp::Publisher<sensor_msgs::msg::Image_<std::allocator<void>>, std::allocator<void>>> [01;35m[Kright_publisher[m[K,
[5.899s]                                                                                                                          [01;35m[K^~~~~~~~~~~~~~~[m[K
[10.918s] make[2]: *** [src/CMakeFiles/run_slam.dir/run_slam.cc.o] Error 1
[10.918s] src/CMakeFiles/run_slam.dir/build.make:62: recipe for target 'src/CMakeFiles/run_slam.dir/run_slam.cc.o' failed
[10.918s] CMakeFiles/Makefile2:151: recipe for target 'src/CMakeFiles/run_slam.dir/all' failed
[10.918s] make[1]: *** [src/CMakeFiles/run_slam.dir/all] Error 2
[10.918s] make: *** [all] Error 2
[10.918s] Makefile:140: recipe for target 'all' failed
[10.920s] Invoked command in '/home/mirella/openvslam/ros/2/build/openvslam' returned '2': CMAKE_PREFIX_PATH=/home/mirella/openvslam/ros/2/install/image_transport:/home/mirella/openvslam/ros/2/install/cv_bridge:/home/mirella/openvslam/ros/2/install/vision_opencv:/home/mirella/openvslam/ros/2/install/publisher:/home/mirella/openvslam/ros/2/install/openvslam:/home/mirella/openvslam/ros/2/install/image_common:/home/mirella/openvslam/ros/2/install/camera_info_manager:/home/mirella/openvslam/ros/2/install/image_geometry:/home/mirella/openvslam/ros/2/install/camera_calibration_parsers:/home/mirella/openvslam/ros/2/install/opencv_tests:/opt/ros/eloquent LD_LIBRARY_PATH=/home/mirella/openvslam/ros/2/install/image_transport/lib:/home/mirella/openvslam/ros/2/install/cv_bridge/lib:/home/mirella/openvslam/ros/2/install/camera_info_manager/lib:/home/mirella/openvslam/ros/2/install/image_geometry/lib:/home/mirella/openvslam/ros/2/install/camera_calibration_parsers/lib:/opt/ros/eloquent/opt/yaml_cpp_vendor/lib:/opt/ros/eloquent/opt/rviz_ogre_vendor/lib:/opt/ros/eloquent/lib/x86_64-linux-gnu:/opt/ros/eloquent/lib PYTHONPATH=/home/mirella/openvslam/ros/2/install/cv_bridge/lib/python3.6/site-packages:/home/mirella/openvslam/ros/2/build/opencv_tests:/home/mirella/openvslam/ros/2/install/opencv_tests/lib/python3.6/site-packages:/home/mirella/openvslam/ros/2/install/image_geometry/lib/python3.6/site-packages:/opt/ros/eloquent/lib/python3.6/site-packages /usr/bin/cmake --build /home/mirella/openvslam/ros/2/build/openvslam -- -j12 -l12
