[0.024s] Invoking command in '/home/mirella/openvslam/ros/2/build/openvslam': CMAKE_PREFIX_PATH=/home/mirella/openvslam/ros/2/install/image_transport:/home/mirella/openvslam/ros/2/install/cv_bridge:/home/mirella/openvslam/ros/2/install/vision_opencv:/home/mirella/openvslam/ros/2/install/publisher:/home/mirella/openvslam/ros/2/install/openvslam:/home/mirella/openvslam/ros/2/install/image_common:/home/mirella/openvslam/ros/2/install/camera_info_manager:/home/mirella/openvslam/ros/2/install/image_geometry:/home/mirella/openvslam/ros/2/install/camera_calibration_parsers:/home/mirella/openvslam/ros/2/install/opencv_tests:/opt/ros/eloquent LD_LIBRARY_PATH=/home/mirella/openvslam/ros/2/install/image_transport/lib:/home/mirella/openvslam/ros/2/install/cv_bridge/lib:/home/mirella/openvslam/ros/2/install/camera_info_manager/lib:/home/mirella/openvslam/ros/2/install/image_geometry/lib:/home/mirella/openvslam/ros/2/install/camera_calibration_parsers/lib:/opt/ros/eloquent/opt/yaml_cpp_vendor/lib:/opt/ros/eloquent/opt/rviz_ogre_vendor/lib:/opt/ros/eloquent/lib/x86_64-linux-gnu:/opt/ros/eloquent/lib PYTHONPATH=/home/mirella/openvslam/ros/2/install/cv_bridge/lib/python3.6/site-packages:/home/mirella/openvslam/ros/2/install/opencv_tests/lib/python3.6/site-packages:/home/mirella/openvslam/ros/2/install/image_geometry/lib/python3.6/site-packages:/opt/ros/eloquent/lib/python3.6/site-packages /usr/bin/cmake --build /home/mirella/openvslam/ros/2/build/openvslam -- -j12 -l12
[0.078s] [35m[1mScanning dependencies of target run_slam[0m
[0.117s] [ 50%] Built target run_localization
[0.162s] [ 75%] [32mBuilding CXX object src/CMakeFiles/run_slam.dir/run_slam.cc.o[0m
[5.906s] [01m[K/home/mirella/openvslam/ros/2/src/openvslam/src/run_slam.cc:[m[K In function ‘[01m[Kvoid callback(const ConstSharedPtr&, std::shared_ptr<rclcpp::Publisher<sensor_msgs::msg::Image_<std::allocator<void> >, std::allocator<void> > >, std::shared_ptr<rclcpp::Publisher<sensor_msgs::msg::Image_<std::allocator<void> >, std::allocator<void> > >, std::shared_ptr<rclcpp::Publisher<sensor_msgs::msg::CameraInfo_<std::allocator<void> >, std::allocator<void> > >, std::shared_ptr<rclcpp::Publisher<sensor_msgs::msg::CameraInfo_<std::allocator<void> >, std::allocator<void> > >, std::shared_ptr<rclcpp::Publisher<nav_msgs::msg::Odometry_<std::allocator<void> >, std::allocator<void> > >, openvslam::system*, cv::Mat, std::shared_ptr<rclcpp::Node>)[m[K’:
[5.906s] [01m[K/home/mirella/openvslam/ros/2/src/openvslam/src/run_slam.cc:157:27:[m[K [01;35m[Kwarning: [m[Kunused variable ‘[01m[KK0[m[K’ [[01;35m[K-Wunused-variable[m[K]
[5.906s]      std::array<double, 9> [01;35m[KK0[m[K = {457.00, 0, 320.00, 0, 457.00, 240.0, 0,0,1};
[5.906s]                            [01;35m[K^~[m[K
[5.906s] [01m[K/home/mirella/openvslam/ros/2/src/openvslam/src/run_slam.cc:159:28:[m[K [01;35m[Kwarning: [m[Kunused variable ‘[01m[KP0[m[K’ [[01;35m[K-Wunused-variable[m[K]
[5.906s]      std::array<double, 12> [01;35m[KP0[m[K = {457.0, 0, 320.0, 0, 0, 457.0, 240.0, 0, 0, 0, 1, 0};
[5.906s]                             [01;35m[K^~[m[K
[5.906s] [01m[K/home/mirella/openvslam/ros/2/src/openvslam/src/run_slam.cc:160:27:[m[K [01;35m[Kwarning: [m[Kunused variable ‘[01m[KR0[m[K’ [[01;35m[K-Wunused-variable[m[K]
[5.906s]      std::array<double, 9> [01;35m[KR0[m[K =  {1.0, 0.0, 0.0, 0.0, 1.0, 0.0, 0.0, 0.0, 1.0 };
[5.906s]                            [01;35m[K^~[m[K
[5.906s] [01m[K/home/mirella/openvslam/ros/2/src/openvslam/src/run_slam.cc:162:27:[m[K [01;35m[Kwarning: [m[Kunused variable ‘[01m[KK1[m[K’ [[01;35m[K-Wunused-variable[m[K]
[5.906s]      std::array<double, 9> [01;35m[KK1[m[K = {457.00, 0, 320.00, 0, 457.00, 240.0, 0,0,1} ;
[5.906s]                            [01;35m[K^~[m[K
[5.906s] [01m[K/home/mirella/openvslam/ros/2/src/openvslam/src/run_slam.cc:164:28:[m[K [01;35m[Kwarning: [m[Kunused variable ‘[01m[KP1[m[K’ [[01;35m[K-Wunused-variable[m[K]
[5.907s]      std::array<double, 12> [01;35m[KP1[m[K = {457.0, 0, 320.0, -114.26, 0, 457.0, 240.0, 0, 0, 0, 1, 0};
[5.907s]                             [01;35m[K^~[m[K
[5.907s] [01m[K/home/mirella/openvslam/ros/2/src/openvslam/src/run_slam.cc:165:27:[m[K [01;35m[Kwarning: [m[Kunused variable ‘[01m[KR1[m[K’ [[01;35m[K-Wunused-variable[m[K]
[5.907s]      std::array<double, 9> [01;35m[KR1[m[K =  {1.0, 0.0, 0.0, 0.0, 1.0, 0.0, 0.0, 0.0, 1.0 };
[5.907s]                            [01;35m[K^~[m[K
[5.907s] [01m[K/home/mirella/openvslam/ros/2/src/openvslam/src/run_slam.cc:169:10:[m[K [01;35m[Kwarning: [m[Kvariable ‘[01m[Kcam[m[K’ set but not used [[01;35m[K-Wunused-but-set-variable[m[K]
[5.907s]      auto [01;35m[Kcam[m[K = SLAM->feed_monocular_frame(cv_bridge::toCvShare(left_image_msg_sub, "bgr8")->image, timestamp, mask);
[5.907s]           [01;35m[K^~~[m[K
[5.907s] [01m[K/home/mirella/openvslam/ros/2/src/openvslam/src/run_slam.cc:147:122:[m[K [01;35m[Kwarning: [m[Kunused parameter ‘[01m[Kleft_publisher[m[K’ [[01;35m[K-Wunused-parameter[m[K]
[5.907s]  sor_msgs::msg::Image_<std::allocator<void>>, std::allocator<void>>> [01;35m[Kleft_publisher[m[K,
[5.907s]                                                                      [01;35m[K^~~~~~~~~~~~~~[m[K
[5.907s] [01m[K/home/mirella/openvslam/ros/2/src/openvslam/src/run_slam.cc:148:122:[m[K [01;35m[Kwarning: [m[Kunused parameter ‘[01m[Kright_publisher[m[K’ [[01;35m[K-Wunused-parameter[m[K]
[5.907s]  sor_msgs::msg::Image_<std::allocator<void>>, std::allocator<void>>> [01;35m[Kright_publisher[m[K,
[5.907s]                                                                      [01;35m[K^~~~~~~~~~~~~~~[m[K
[5.907s] [01m[K/home/mirella/openvslam/ros/2/src/openvslam/src/run_slam.cc:149:129:[m[K [01;35m[Kwarning: [m[Kunused parameter ‘[01m[Kleft_publisher_config[m[K’ [[01;35m[K-Wunused-parameter[m[K]
[5.907s]  s::msg::CameraInfo_<std::allocator<void>>, std::allocator<void> > > [01;35m[Kleft_publisher_config[m[K,
[5.907s]                                                                      [01;35m[K^~~~~~~~~~~~~~~~~~~~~[m[K
[5.907s] [01m[K/home/mirella/openvslam/ros/2/src/openvslam/src/run_slam.cc:150:129:[m[K [01;35m[Kwarning: [m[Kunused parameter ‘[01m[Kright_publisher_config[m[K’ [[01;35m[K-Wunused-parameter[m[K]
[5.907s]  s::msg::CameraInfo_<std::allocator<void>>, std::allocator<void> > > [01;35m[Kright_publisher_config[m[K,
[5.908s]                                                                      [01;35m[K^~~~~~~~~~~~~~~~~~~~~~[m[K
[5.908s] [01m[K/home/mirella/openvslam/ros/2/src/openvslam/src/run_slam.cc:151:123:[m[K [01;35m[Kwarning: [m[Kunused parameter ‘[01m[Kodometry_publisher[m[K’ [[01;35m[K-Wunused-parameter[m[K]
[5.908s]  msgs::msg::Odometry_<std::allocator<void> >, std::allocator<void>>> [01;35m[Kodometry_publisher[m[K,
[5.908s]                                                                      [01;35m[K^~~~~~~~~~~~~~~~~~[m[K
[5.908s] [01m[K/home/mirella/openvslam/ros/2/src/openvslam/src/run_slam.cc:154:47:[m[K [01;35m[Kwarning: [m[Kunused parameter ‘[01m[Knode[m[K’ [[01;35m[K-Wunused-parameter[m[K]
[5.908s]                  std::shared_ptr<rclcpp::Node> [01;35m[Knode[m[K
[5.908s]                                                [01;35m[K^~~~[m[K
[5.935s] [01m[K/home/mirella/openvslam/ros/2/src/openvslam/src/run_slam.cc:[m[K In function ‘[01m[Kvoid mono_tracking(const std::shared_ptr<openvslam::config>&, const string&, const string&, bool, const string&)[m[K’:
[5.935s] [01m[K/home/mirella/openvslam/ros/2/src/openvslam/src/run_slam.cc:262:23:[m[K [01;35m[Kwarning: [m[Kvariable ‘[01m[Kcustom_qos[m[K’ set but not used [[01;35m[K-Wunused-but-set-variable[m[K]
[5.935s]      rmw_qos_profile_t [01;35m[Kcustom_qos[m[K = rmw_qos_profile_default;
[5.935s]                        [01;35m[K^~~~~~~~~~[m[K
[16.671s] [100%] [32m[1mLinking CXX executable run_slam[0m
[17.345s] [100%] Built target run_slam
[17.358s] Invoked command in '/home/mirella/openvslam/ros/2/build/openvslam' returned '0': CMAKE_PREFIX_PATH=/home/mirella/openvslam/ros/2/install/image_transport:/home/mirella/openvslam/ros/2/install/cv_bridge:/home/mirella/openvslam/ros/2/install/vision_opencv:/home/mirella/openvslam/ros/2/install/publisher:/home/mirella/openvslam/ros/2/install/openvslam:/home/mirella/openvslam/ros/2/install/image_common:/home/mirella/openvslam/ros/2/install/camera_info_manager:/home/mirella/openvslam/ros/2/install/image_geometry:/home/mirella/openvslam/ros/2/install/camera_calibration_parsers:/home/mirella/openvslam/ros/2/install/opencv_tests:/opt/ros/eloquent LD_LIBRARY_PATH=/home/mirella/openvslam/ros/2/install/image_transport/lib:/home/mirella/openvslam/ros/2/install/cv_bridge/lib:/home/mirella/openvslam/ros/2/install/camera_info_manager/lib:/home/mirella/openvslam/ros/2/install/image_geometry/lib:/home/mirella/openvslam/ros/2/install/camera_calibration_parsers/lib:/opt/ros/eloquent/opt/yaml_cpp_vendor/lib:/opt/ros/eloquent/opt/rviz_ogre_vendor/lib:/opt/ros/eloquent/lib/x86_64-linux-gnu:/opt/ros/eloquent/lib PYTHONPATH=/home/mirella/openvslam/ros/2/install/cv_bridge/lib/python3.6/site-packages:/home/mirella/openvslam/ros/2/install/opencv_tests/lib/python3.6/site-packages:/home/mirella/openvslam/ros/2/install/image_geometry/lib/python3.6/site-packages:/opt/ros/eloquent/lib/python3.6/site-packages /usr/bin/cmake --build /home/mirella/openvslam/ros/2/build/openvslam -- -j12 -l12
[17.374s] Invoking command in '/home/mirella/openvslam/ros/2/build/openvslam': CMAKE_PREFIX_PATH=/home/mirella/openvslam/ros/2/install/image_transport:/home/mirella/openvslam/ros/2/install/cv_bridge:/home/mirella/openvslam/ros/2/install/vision_opencv:/home/mirella/openvslam/ros/2/install/publisher:/home/mirella/openvslam/ros/2/install/openvslam:/home/mirella/openvslam/ros/2/install/image_common:/home/mirella/openvslam/ros/2/install/camera_info_manager:/home/mirella/openvslam/ros/2/install/image_geometry:/home/mirella/openvslam/ros/2/install/camera_calibration_parsers:/home/mirella/openvslam/ros/2/install/opencv_tests:/opt/ros/eloquent LD_LIBRARY_PATH=/home/mirella/openvslam/ros/2/install/image_transport/lib:/home/mirella/openvslam/ros/2/install/cv_bridge/lib:/home/mirella/openvslam/ros/2/install/camera_info_manager/lib:/home/mirella/openvslam/ros/2/install/image_geometry/lib:/home/mirella/openvslam/ros/2/install/camera_calibration_parsers/lib:/opt/ros/eloquent/opt/yaml_cpp_vendor/lib:/opt/ros/eloquent/opt/rviz_ogre_vendor/lib:/opt/ros/eloquent/lib/x86_64-linux-gnu:/opt/ros/eloquent/lib PYTHONPATH=/home/mirella/openvslam/ros/2/install/cv_bridge/lib/python3.6/site-packages:/home/mirella/openvslam/ros/2/install/opencv_tests/lib/python3.6/site-packages:/home/mirella/openvslam/ros/2/install/image_geometry/lib/python3.6/site-packages:/opt/ros/eloquent/lib/python3.6/site-packages /usr/bin/cmake --build /home/mirella/openvslam/ros/2/build/openvslam --target install -- -j12 -l12
[17.434s] [ 50%] Built target run_localization
[17.437s] [100%] Built target run_slam
[17.451s] [36mInstall the project...[0m
[17.457s] -- Install configuration: "Release"
[17.458s] -- Execute custom install script
[17.458s] -- Up-to-date symlink: /home/mirella/openvslam/ros/2/install/openvslam/lib/openvslam/run_slam
[17.459s] -- Up-to-date symlink: /home/mirella/openvslam/ros/2/install/openvslam/lib/openvslam/run_localization
[17.459s] -- Up-to-date symlink: /home/mirella/openvslam/ros/2/install/openvslam/share/ament_index/resource_index/package_run_dependencies/openvslam
[17.459s] -- Up-to-date symlink: /home/mirella/openvslam/ros/2/install/openvslam/share/ament_index/resource_index/parent_prefix_path/openvslam
[17.459s] -- Up-to-date symlink: /home/mirella/openvslam/ros/2/install/openvslam/share/openvslam/environment/ament_prefix_path.sh
[17.459s] -- Up-to-date symlink: /home/mirella/openvslam/ros/2/install/openvslam/share/openvslam/environment/ament_prefix_path.dsv
[17.460s] -- Up-to-date symlink: /home/mirella/openvslam/ros/2/install/openvslam/share/openvslam/environment/path.sh
[17.460s] -- Up-to-date symlink: /home/mirella/openvslam/ros/2/install/openvslam/share/openvslam/environment/path.dsv
[17.460s] -- Up-to-date symlink: /home/mirella/openvslam/ros/2/install/openvslam/share/openvslam/local_setup.bash
[17.460s] -- Up-to-date symlink: /home/mirella/openvslam/ros/2/install/openvslam/share/openvslam/local_setup.sh
[17.460s] -- Up-to-date symlink: /home/mirella/openvslam/ros/2/install/openvslam/share/openvslam/local_setup.zsh
[17.461s] -- Up-to-date symlink: /home/mirella/openvslam/ros/2/install/openvslam/share/openvslam/local_setup.dsv
[17.461s] -- Symlinking: /home/mirella/openvslam/ros/2/install/openvslam/share/openvslam/package.dsv
[17.467s] -- Up-to-date symlink: /home/mirella/openvslam/ros/2/install/openvslam/share/ament_index/resource_index/packages/openvslam
[17.468s] -- Up-to-date symlink: /home/mirella/openvslam/ros/2/install/openvslam/share/openvslam/cmake/openvslamConfig.cmake
[17.468s] -- Up-to-date symlink: /home/mirella/openvslam/ros/2/install/openvslam/share/openvslam/cmake/openvslamConfig-version.cmake
[17.468s] -- Up-to-date symlink: /home/mirella/openvslam/ros/2/install/openvslam/share/openvslam/package.xml
[17.470s] Invoked command in '/home/mirella/openvslam/ros/2/build/openvslam' returned '0': CMAKE_PREFIX_PATH=/home/mirella/openvslam/ros/2/install/image_transport:/home/mirella/openvslam/ros/2/install/cv_bridge:/home/mirella/openvslam/ros/2/install/vision_opencv:/home/mirella/openvslam/ros/2/install/publisher:/home/mirella/openvslam/ros/2/install/openvslam:/home/mirella/openvslam/ros/2/install/image_common:/home/mirella/openvslam/ros/2/install/camera_info_manager:/home/mirella/openvslam/ros/2/install/image_geometry:/home/mirella/openvslam/ros/2/install/camera_calibration_parsers:/home/mirella/openvslam/ros/2/install/opencv_tests:/opt/ros/eloquent LD_LIBRARY_PATH=/home/mirella/openvslam/ros/2/install/image_transport/lib:/home/mirella/openvslam/ros/2/install/cv_bridge/lib:/home/mirella/openvslam/ros/2/install/camera_info_manager/lib:/home/mirella/openvslam/ros/2/install/image_geometry/lib:/home/mirella/openvslam/ros/2/install/camera_calibration_parsers/lib:/opt/ros/eloquent/opt/yaml_cpp_vendor/lib:/opt/ros/eloquent/opt/rviz_ogre_vendor/lib:/opt/ros/eloquent/lib/x86_64-linux-gnu:/opt/ros/eloquent/lib PYTHONPATH=/home/mirella/openvslam/ros/2/install/cv_bridge/lib/python3.6/site-packages:/home/mirella/openvslam/ros/2/install/opencv_tests/lib/python3.6/site-packages:/home/mirella/openvslam/ros/2/install/image_geometry/lib/python3.6/site-packages:/opt/ros/eloquent/lib/python3.6/site-packages /usr/bin/cmake --build /home/mirella/openvslam/ros/2/build/openvslam --target install -- -j12 -l12
