[0.026s] Invoking command in '/home/mirella/openvslam/ros/2/build/openvslam': CMAKE_PREFIX_PATH=/home/mirella/openvslam/ros/2/install/image_transport:/home/mirella/openvslam/ros/2/install/cv_bridge:/home/mirella/openvslam/ros/2/install/vision_opencv:/home/mirella/openvslam/ros/2/install/publisher:/home/mirella/openvslam/ros/2/install/openvslam:/home/mirella/openvslam/ros/2/install/image_common:/home/mirella/openvslam/ros/2/install/camera_info_manager:/home/mirella/openvslam/ros/2/install/image_geometry:/home/mirella/openvslam/ros/2/install/camera_calibration_parsers:/home/mirella/openvslam/ros/2/install/opencv_tests:/opt/ros/eloquent LD_LIBRARY_PATH=/home/mirella/openvslam/ros/2/install/image_transport/lib:/home/mirella/openvslam/ros/2/install/cv_bridge/lib:/home/mirella/openvslam/ros/2/install/camera_info_manager/lib:/home/mirella/openvslam/ros/2/install/image_geometry/lib:/home/mirella/openvslam/ros/2/install/camera_calibration_parsers/lib:/opt/ros/eloquent/opt/yaml_cpp_vendor/lib:/opt/ros/eloquent/opt/rviz_ogre_vendor/lib:/opt/ros/eloquent/lib/x86_64-linux-gnu:/opt/ros/eloquent/lib PYTHONPATH=/home/mirella/openvslam/ros/2/install/cv_bridge/lib/python3.6/site-packages:/home/mirella/openvslam/ros/2/build/opencv_tests:/home/mirella/openvslam/ros/2/install/opencv_tests/lib/python3.6/site-packages:/home/mirella/openvslam/ros/2/install/image_geometry/lib/python3.6/site-packages:/opt/ros/eloquent/lib/python3.6/site-packages /usr/bin/cmake --build /home/mirella/openvslam/ros/2/build/openvslam -- -j12 -l12
[0.081s] [35m[1mScanning dependencies of target run_slam[0m
[0.120s] [ 50%] Built target run_localization
[0.168s] [ 75%] [32mBuilding CXX object src/CMakeFiles/run_slam.dir/run_slam.cc.o[0m
[5.720s] [01m[K/home/mirella/openvslam/ros/2/src/openvslam/src/run_slam.cc:[m[K In function ‘[01m[Kvoid callback(std::shared_ptr<rclcpp::Publisher<nav_msgs::msg::Odometry_<std::allocator<void> >, std::allocator<void> > >)[m[K’:
[5.720s] [01m[K/home/mirella/openvslam/ros/2/src/openvslam/src/run_slam.cc:64:121:[m[K [01;35m[Kwarning: [m[Kunused parameter ‘[01m[Kodometry_publisher[m[K’ [[01;35m[K-Wunused-parameter[m[K]
[5.721s]  void callback(std::shared_ptr<rclcpp::Publisher<nav_msgs::msg::Odometry_<std::allocator<void> >, std::allocator<void>>> [01;35m[Kodometry_publisher[m[K){
[5.721s]                                                                                                                          [01;35m[K^~~~~~~~~~~~~~~~~~[m[K
[5.744s] [01m[K/home/mirella/openvslam/ros/2/src/openvslam/src/run_slam.cc:[m[K In function ‘[01m[Kvoid mono_tracking(const std::shared_ptr<openvslam::config>&, const string&, const string&, bool, const string&)[m[K’:
[5.744s] [01m[K/home/mirella/openvslam/ros/2/src/openvslam/src/run_slam.cc:101:16:[m[K [01;35m[Kwarning: [m[Kvariable ‘[01m[Ktp_0[m[K’ set but not used [[01;35m[K-Wunused-but-set-variable[m[K]
[5.744s]      const auto [01;35m[Ktp_0[m[K = std::chrono::steady_clock::now();
[5.745s]                 [01;35m[K^~~~[m[K
[5.745s] [01m[K/home/mirella/openvslam/ros/2/src/openvslam/src/run_slam.cc:105:23:[m[K [01;35m[Kwarning: [m[Kvariable ‘[01m[Kcustom_qos[m[K’ set but not used [[01;35m[K-Wunused-but-set-variable[m[K]
[5.745s]      rmw_qos_profile_t [01;35m[Kcustom_qos[m[K = rmw_qos_profile_default;
[5.745s]                        [01;35m[K^~~~~~~~~~[m[K
[7.827s] In file included from [01m[K/usr/include/boost/bind.hpp:22:0[m[K,
[7.827s]                  from [01m[K/usr/include/boost/thread/detail/thread.hpp:30[m[K,
[7.827s]                  from [01m[K/usr/include/boost/thread/thread_only.hpp:22[m[K,
[7.828s]                  from [01m[K/usr/include/boost/thread/thread.hpp:12[m[K,
[7.828s]                  from [01m[K/usr/include/boost/thread.hpp:13[m[K,
[7.828s]                  from [01m[K/usr/include/pcl-1.8/pcl/io/boost.h:51[m[K,
[7.828s]                  from [01m[K/usr/include/pcl-1.8/pcl/io/file_io.h:43[m[K,
[7.828s]                  from [01m[K/usr/include/pcl-1.8/pcl/io/pcd_io.h:44[m[K,
[7.828s]                  from [01m[K/opt/ros/eloquent/include/pcl_conversions/pcl_conversions.h:72[m[K,
[7.828s]                  from [01m[K/home/mirella/openvslam/ros/2/src/openvslam/src/run_slam.cc:44[m[K:
[7.828s] /usr/include/boost/bind/bind.hpp: In instantiation of ‘[01m[Kvoid boost::_bi::list1<A1>::operator()(boost::_bi::type<void>, F&, A&, int) [with F = void (*)(std::shared_ptr<rclcpp::Publisher<nav_msgs::msg::Odometry_<std::allocator<void> >, std::allocator<void> > >); A = boost::_bi::rrlist1<const std::shared_ptr<const sensor_msgs::msg::Image_<std::allocator<void> > >&>; A1 = boost::arg<1>][m[K’:
[7.829s] [01m[K/usr/include/boost/bind/bind.hpp:1306:50:[m[K   required from ‘[01m[Kboost::_bi::bind_t<R, F, L>::result_type boost::_bi::bind_t<R, F, L>::operator()(A1&&) [with A1 = const std::shared_ptr<const sensor_msgs::msg::Image_<std::allocator<void> > >&; R = void; F = void (*)(std::shared_ptr<rclcpp::Publisher<nav_msgs::msg::Odometry_<std::allocator<void> >, std::allocator<void> > >); L = boost::_bi::list1<boost::arg<1> >; boost::_bi::bind_t<R, F, L>::result_type = void][m[K’
[7.829s] [01m[K/usr/include/c++/7/bits/std_function.h:316:37:[m[K   required from ‘[01m[Kstatic void std::_Function_handler<void(_ArgTypes ...), _Functor>::_M_invoke(const std::_Any_data&, _ArgTypes&& ...) [with _Functor = boost::_bi::bind_t<void, void (*)(std::shared_ptr<rclcpp::Publisher<nav_msgs::msg::Odometry_<std::allocator<void> >, std::allocator<void> > >), boost::_bi::list1<boost::arg<1> > >; _ArgTypes = {const std::shared_ptr<const sensor_msgs::msg::Image_<std::allocator<void> > >&}][m[K’
[7.829s] [01m[K/usr/include/c++/7/bits/std_function.h:694:19:[m[K   required from ‘[01m[Kstd::function<_Res(_ArgTypes ...)>::function(_Functor) [with _Functor = boost::_bi::bind_t<void, void (*)(std::shared_ptr<rclcpp::Publisher<nav_msgs::msg::Odometry_<std::allocator<void> >, std::allocator<void> > >), boost::_bi::list1<boost::arg<1> > >; <template-parameter-2-2> = void; <template-parameter-2-3> = void; _Res = void; _ArgTypes = {const std::shared_ptr<const sensor_msgs::msg::Image_<std::allocator<void> > >&}][m[K’
[7.829s] [01m[K/opt/ros/eloquent/include/message_filters/simple_filter.h:72:67:[m[K   required from ‘[01m[Kmessage_filters::Connection message_filters::SimpleFilter<M>::registerCallback(const C&) [with C = boost::_bi::bind_t<void, void (*)(std::shared_ptr<rclcpp::Publisher<nav_msgs::msg::Odometry_<std::allocator<void> >, std::allocator<void> > >), boost::_bi::list1<boost::arg<1> > >; M = sensor_msgs::msg::Image_<std::allocator<void> >][m[K’
[7.829s] [01m[K/home/mirella/openvslam/ros/2/src/openvslam/src/run_slam.cc:118:59:[m[K   required from here
[7.829s] [01m[K/usr/include/boost/bind/bind.hpp:259:35:[m[K [01;31m[Kerror: [m[Kcould not convert ‘[01m[K(& a)->boost::_bi::rrlist1<const std::shared_ptr<const sensor_msgs::msg::Image_<std::allocator<void> > >&>::operator[](boost::_bi::storage1<boost::arg<1> >::a1_)[m[K’ from ‘[01m[Kconst std::shared_ptr<const sensor_msgs::msg::Image_<std::allocator<void> > >[m[K’ to ‘[01m[Kstd::shared_ptr<rclcpp::Publisher<nav_msgs::msg::Odometry_<std::allocator<void> >, std::allocator<void> > >[m[K’
[7.829s]          [01;31m[Kunwrapper<F>::unwrap(f, 0)(a[base_type::a1_])[m[K;
[7.829s]          [01;31m[K~~~~~~~~~~~~~~~~~~~~~~~~~~^~~~~~~~~~~~~~~~~~~[m[K
[10.419s] make[2]: *** [src/CMakeFiles/run_slam.dir/run_slam.cc.o] Error 1
[10.419s] src/CMakeFiles/run_slam.dir/build.make:62: recipe for target 'src/CMakeFiles/run_slam.dir/run_slam.cc.o' failed
[10.420s] CMakeFiles/Makefile2:151: recipe for target 'src/CMakeFiles/run_slam.dir/all' failed
[10.420s] make[1]: *** [src/CMakeFiles/run_slam.dir/all] Error 2
[10.420s] Makefile:140: recipe for target 'all' failed
[10.420s] make: *** [all] Error 2
[10.422s] Invoked command in '/home/mirella/openvslam/ros/2/build/openvslam' returned '2': CMAKE_PREFIX_PATH=/home/mirella/openvslam/ros/2/install/image_transport:/home/mirella/openvslam/ros/2/install/cv_bridge:/home/mirella/openvslam/ros/2/install/vision_opencv:/home/mirella/openvslam/ros/2/install/publisher:/home/mirella/openvslam/ros/2/install/openvslam:/home/mirella/openvslam/ros/2/install/image_common:/home/mirella/openvslam/ros/2/install/camera_info_manager:/home/mirella/openvslam/ros/2/install/image_geometry:/home/mirella/openvslam/ros/2/install/camera_calibration_parsers:/home/mirella/openvslam/ros/2/install/opencv_tests:/opt/ros/eloquent LD_LIBRARY_PATH=/home/mirella/openvslam/ros/2/install/image_transport/lib:/home/mirella/openvslam/ros/2/install/cv_bridge/lib:/home/mirella/openvslam/ros/2/install/camera_info_manager/lib:/home/mirella/openvslam/ros/2/install/image_geometry/lib:/home/mirella/openvslam/ros/2/install/camera_calibration_parsers/lib:/opt/ros/eloquent/opt/yaml_cpp_vendor/lib:/opt/ros/eloquent/opt/rviz_ogre_vendor/lib:/opt/ros/eloquent/lib/x86_64-linux-gnu:/opt/ros/eloquent/lib PYTHONPATH=/home/mirella/openvslam/ros/2/install/cv_bridge/lib/python3.6/site-packages:/home/mirella/openvslam/ros/2/build/opencv_tests:/home/mirella/openvslam/ros/2/install/opencv_tests/lib/python3.6/site-packages:/home/mirella/openvslam/ros/2/install/image_geometry/lib/python3.6/site-packages:/opt/ros/eloquent/lib/python3.6/site-packages /usr/bin/cmake --build /home/mirella/openvslam/ros/2/build/openvslam -- -j12 -l12
