-- The C compiler identification is GNU 7.5.0
-- The CXX compiler identification is GNU 7.5.0
-- Check for working C compiler: /usr/bin/cc
-- Check for working C compiler: /usr/bin/cc -- works
-- Detecting C compiler ABI info
-- Detecting C compiler ABI info - done
-- Detecting C compile features
-- Detecting C compile features - done
-- Check for working CXX compiler: /usr/bin/c++
-- Check for working CXX compiler: /usr/bin/c++ -- works
-- Detecting CXX compiler ABI info
-- Detecting CXX compiler ABI info - done
-- Detecting CXX compile features
-- Detecting CXX compile features - done
-- Found ament_cmake_ros: 0.8.0 (/opt/ros/eloquent/share/ament_cmake_ros/cmake)
-- Found PythonInterp: /usr/bin/python3 (found suitable version "3.6.9", minimum required is "3") 
-- Using PYTHON_EXECUTABLE: /usr/bin/python3
-- Override CMake install command with custom implementation using symlinks instead of copying resources
-- Found ament_index_cpp: 0.7.2 (/opt/ros/eloquent/share/ament_index_cpp/cmake)
-- Found rclcpp: 0.8.4 (/opt/ros/eloquent/share/rclcpp/cmake)
-- Found rosidl_adapter: 0.8.2 (/opt/ros/eloquent/share/rosidl_adapter/cmake)
-- Found rmw_implementation_cmake: 0.8.1 (/opt/ros/eloquent/share/rmw_implementation_cmake/cmake)
-- Using RMW implementation 'rmw_fastrtps_cpp' as default
-- Looking for pthread.h
-- Looking for pthread.h - found
-- Looking for pthread_create
-- Looking for pthread_create - not found
-- Looking for pthread_create in pthreads
-- Looking for pthread_create in pthreads - not found
-- Looking for pthread_create in pthread
-- Looking for pthread_create in pthread - found
-- Found Threads: TRUE  
-- Found camera_calibration_parsers: 2.2.1 (/home/mirella/openvslam/ros/2/install/camera_calibration_parsers/share/camera_calibration_parsers/cmake)
-- Setting yaml-cpp_DIR to: '/opt/ros/eloquent/share/yaml_cpp_vendor/cmake/../../../opt/yaml_cpp_vendor/lib/cmake/yaml-cpp'
-- Found image_transport: 2.2.1 (/home/mirella/openvslam/ros/2/install/image_transport/share/image_transport/cmake)
-- Found tinyxml2_vendor:  (/opt/ros/eloquent/share/tinyxml2_vendor/cmake)
-- Found TinyXML2: /usr/lib/x86_64-linux-gnu/libtinyxml2.so  
-- Found poco_vendor:  (/opt/ros/eloquent/share/poco_vendor/cmake)
-- Found ament_cmake_cppcheck: 0.8.1 (/opt/ros/eloquent/share/ament_cmake_cppcheck/cmake)
-- Found ament_cmake_cpplint: 0.8.1 (/opt/ros/eloquent/share/ament_cmake_cpplint/cmake)
-- Found ament_cmake_lint_cmake: 0.8.1 (/opt/ros/eloquent/share/ament_cmake_lint_cmake/cmake)
-- Found ament_cmake_uncrustify: 0.8.1 (/opt/ros/eloquent/share/ament_cmake_uncrustify/cmake)
-- Configuring done
-- Generating done
-- Build files have been written to: /home/mirella/openvslam/ros/2/build/camera_info_manager
[35m[1mScanning dependencies of target camera_info_manager[0m
[ 50%] [32mBuilding CXX object CMakeFiles/camera_info_manager.dir/src/camera_info_manager.cpp.o[0m
[100%] [32m[1mLinking CXX shared library libcamera_info_manager.so[0m
[100%] Built target camera_info_manager
