[0.282s] Invoking command in '/home/mirella/openvslam/ros/2/build/vision_opencv': AMENT_PREFIX_PATH=/home/mirella/openvslam/ros/2/install/image_geometry:/home/mirella/openvslam/ros/2/install/cv_bridge:${AMENT_PREFIX_PATH} CMAKE_PREFIX_PATH=/home/mirella/openvslam/ros/2/install/image_geometry:/home/mirella/openvslam/ros/2/install/cv_bridge:/opt/ros/eloquent LD_LIBRARY_PATH=/home/mirella/openvslam/ros/2/install/image_geometry/lib:/home/mirella/openvslam/ros/2/install/cv_bridge/lib:${LD_LIBRARY_PATH} PYTHONPATH=/home/mirella/openvslam/ros/2/install/image_geometry/lib/python3.6/site-packages:/home/mirella/openvslam/ros/2/install/cv_bridge/lib/python3.6/site-packages:${PYTHONPATH} /usr/bin/cmake /home/mirella/openvslam/ros/2/src/vision_opencv/vision_opencv -DCMAKE_INSTALL_PREFIX=/home/mirella/openvslam/ros/2/install/vision_opencv
[0.302s] -- Found ament_cmake: 0.8.2 (/opt/ros/eloquent/share/ament_cmake/cmake)
[0.340s] -- Using PYTHON_EXECUTABLE: /usr/bin/python3
[0.588s] -- Override CMake install command with custom implementation using symlinks instead of copying resources
[0.715s] -- Configuring done
[0.719s] -- Generating done
[0.721s] -- Build files have been written to: /home/mirella/openvslam/ros/2/build/vision_opencv
[0.725s] Invoked command in '/home/mirella/openvslam/ros/2/build/vision_opencv' returned '0': AMENT_PREFIX_PATH=/home/mirella/openvslam/ros/2/install/image_geometry:/home/mirella/openvslam/ros/2/install/cv_bridge:${AMENT_PREFIX_PATH} CMAKE_PREFIX_PATH=/home/mirella/openvslam/ros/2/install/image_geometry:/home/mirella/openvslam/ros/2/install/cv_bridge:/opt/ros/eloquent LD_LIBRARY_PATH=/home/mirella/openvslam/ros/2/install/image_geometry/lib:/home/mirella/openvslam/ros/2/install/cv_bridge/lib:${LD_LIBRARY_PATH} PYTHONPATH=/home/mirella/openvslam/ros/2/install/image_geometry/lib/python3.6/site-packages:/home/mirella/openvslam/ros/2/install/cv_bridge/lib/python3.6/site-packages:${PYTHONPATH} /usr/bin/cmake /home/mirella/openvslam/ros/2/src/vision_opencv/vision_opencv -DCMAKE_INSTALL_PREFIX=/home/mirella/openvslam/ros/2/install/vision_opencv
[0.728s] Invoking command in '/home/mirella/openvslam/ros/2/build/vision_opencv': AMENT_PREFIX_PATH=/home/mirella/openvslam/ros/2/install/image_geometry:/home/mirella/openvslam/ros/2/install/cv_bridge:${AMENT_PREFIX_PATH} CMAKE_PREFIX_PATH=/home/mirella/openvslam/ros/2/install/image_geometry:/home/mirella/openvslam/ros/2/install/cv_bridge:/opt/ros/eloquent LD_LIBRARY_PATH=/home/mirella/openvslam/ros/2/install/image_geometry/lib:/home/mirella/openvslam/ros/2/install/cv_bridge/lib:${LD_LIBRARY_PATH} PYTHONPATH=/home/mirella/openvslam/ros/2/install/image_geometry/lib/python3.6/site-packages:/home/mirella/openvslam/ros/2/install/cv_bridge/lib/python3.6/site-packages:${PYTHONPATH} /usr/bin/cmake --build /home/mirella/openvslam/ros/2/build/vision_opencv -- -j12 -l12
[0.791s] Invoked command in '/home/mirella/openvslam/ros/2/build/vision_opencv' returned '0': AMENT_PREFIX_PATH=/home/mirella/openvslam/ros/2/install/image_geometry:/home/mirella/openvslam/ros/2/install/cv_bridge:${AMENT_PREFIX_PATH} CMAKE_PREFIX_PATH=/home/mirella/openvslam/ros/2/install/image_geometry:/home/mirella/openvslam/ros/2/install/cv_bridge:/opt/ros/eloquent LD_LIBRARY_PATH=/home/mirella/openvslam/ros/2/install/image_geometry/lib:/home/mirella/openvslam/ros/2/install/cv_bridge/lib:${LD_LIBRARY_PATH} PYTHONPATH=/home/mirella/openvslam/ros/2/install/image_geometry/lib/python3.6/site-packages:/home/mirella/openvslam/ros/2/install/cv_bridge/lib/python3.6/site-packages:${PYTHONPATH} /usr/bin/cmake --build /home/mirella/openvslam/ros/2/build/vision_opencv -- -j12 -l12
[0.825s] Invoking command in '/home/mirella/openvslam/ros/2/build/vision_opencv': AMENT_PREFIX_PATH=/home/mirella/openvslam/ros/2/install/image_geometry:/home/mirella/openvslam/ros/2/install/cv_bridge:${AMENT_PREFIX_PATH} CMAKE_PREFIX_PATH=/home/mirella/openvslam/ros/2/install/image_geometry:/home/mirella/openvslam/ros/2/install/cv_bridge:/opt/ros/eloquent LD_LIBRARY_PATH=/home/mirella/openvslam/ros/2/install/image_geometry/lib:/home/mirella/openvslam/ros/2/install/cv_bridge/lib:${LD_LIBRARY_PATH} PYTHONPATH=/home/mirella/openvslam/ros/2/install/image_geometry/lib/python3.6/site-packages:/home/mirella/openvslam/ros/2/install/cv_bridge/lib/python3.6/site-packages:${PYTHONPATH} /usr/bin/cmake --build /home/mirella/openvslam/ros/2/build/vision_opencv --target install -- -j12 -l12
[0.880s] [36mInstall the project...[0m
[0.890s] -- Install configuration: ""
[0.890s] -- Execute custom install script
[0.890s] -- Up-to-date symlink: /home/mirella/openvslam/ros/2/install/vision_opencv/share/ament_index/resource_index/package_run_dependencies/vision_opencv
[0.891s] -- Up-to-date symlink: /home/mirella/openvslam/ros/2/install/vision_opencv/share/ament_index/resource_index/parent_prefix_path/vision_opencv
[0.891s] -- Up-to-date symlink: /home/mirella/openvslam/ros/2/install/vision_opencv/share/vision_opencv/environment/ament_prefix_path.sh
[0.891s] -- Up-to-date symlink: /home/mirella/openvslam/ros/2/install/vision_opencv/share/vision_opencv/environment/ament_prefix_path.dsv
[0.892s] -- Up-to-date symlink: /home/mirella/openvslam/ros/2/install/vision_opencv/share/vision_opencv/environment/path.sh
[0.892s] -- Up-to-date symlink: /home/mirella/openvslam/ros/2/install/vision_opencv/share/vision_opencv/environment/path.dsv
[0.892s] -- Up-to-date symlink: /home/mirella/openvslam/ros/2/install/vision_opencv/share/vision_opencv/local_setup.bash
[0.893s] -- Up-to-date symlink: /home/mirella/openvslam/ros/2/install/vision_opencv/share/vision_opencv/local_setup.sh
[0.893s] -- Up-to-date symlink: /home/mirella/openvslam/ros/2/install/vision_opencv/share/vision_opencv/local_setup.zsh
[0.893s] -- Up-to-date symlink: /home/mirella/openvslam/ros/2/install/vision_opencv/share/vision_opencv/local_setup.dsv
[0.893s] -- Symlinking: /home/mirella/openvslam/ros/2/install/vision_opencv/share/vision_opencv/package.dsv
[0.905s] -- Up-to-date symlink: /home/mirella/openvslam/ros/2/install/vision_opencv/share/ament_index/resource_index/packages/vision_opencv
[0.906s] -- Up-to-date symlink: /home/mirella/openvslam/ros/2/install/vision_opencv/share/vision_opencv/cmake/vision_opencvConfig.cmake
[0.906s] -- Up-to-date symlink: /home/mirella/openvslam/ros/2/install/vision_opencv/share/vision_opencv/cmake/vision_opencvConfig-version.cmake
[0.906s] -- Up-to-date symlink: /home/mirella/openvslam/ros/2/install/vision_opencv/share/vision_opencv/package.xml
[0.912s] Invoked command in '/home/mirella/openvslam/ros/2/build/vision_opencv' returned '0': AMENT_PREFIX_PATH=/home/mirella/openvslam/ros/2/install/image_geometry:/home/mirella/openvslam/ros/2/install/cv_bridge:${AMENT_PREFIX_PATH} CMAKE_PREFIX_PATH=/home/mirella/openvslam/ros/2/install/image_geometry:/home/mirella/openvslam/ros/2/install/cv_bridge:/opt/ros/eloquent LD_LIBRARY_PATH=/home/mirella/openvslam/ros/2/install/image_geometry/lib:/home/mirella/openvslam/ros/2/install/cv_bridge/lib:${LD_LIBRARY_PATH} PYTHONPATH=/home/mirella/openvslam/ros/2/install/image_geometry/lib/python3.6/site-packages:/home/mirella/openvslam/ros/2/install/cv_bridge/lib/python3.6/site-packages:${PYTHONPATH} /usr/bin/cmake --build /home/mirella/openvslam/ros/2/build/vision_opencv --target install -- -j12 -l12
