[0.023s] Invoking command in '/home/mirella/openvslam/ros/2/build/publisher': AMENT_PREFIX_PATH=/home/mirella/openvslam/ros/2/install/image_transport:/home/mirella/openvslam/ros/2/install/cv_bridge:${AMENT_PREFIX_PATH} CMAKE_PREFIX_PATH=/home/mirella/openvslam/ros/2/install/image_transport:/home/mirella/openvslam/ros/2/install/cv_bridge:/opt/ros/eloquent LD_LIBRARY_PATH=/home/mirella/openvslam/ros/2/install/image_transport/lib:/home/mirella/openvslam/ros/2/install/cv_bridge/lib:${LD_LIBRARY_PATH} PYTHONPATH=/home/mirella/openvslam/ros/2/install/cv_bridge/lib/python3.6/site-packages:${PYTHONPATH} /usr/bin/cmake --build /home/mirella/openvslam/ros/2/build/publisher -- -j12 -l12
[0.090s] [ 60%] Built target image_publisher
[0.091s] [100%] Built target video_publisher
[0.104s] Invoked command in '/home/mirella/openvslam/ros/2/build/publisher' returned '0': AMENT_PREFIX_PATH=/home/mirella/openvslam/ros/2/install/image_transport:/home/mirella/openvslam/ros/2/install/cv_bridge:${AMENT_PREFIX_PATH} CMAKE_PREFIX_PATH=/home/mirella/openvslam/ros/2/install/image_transport:/home/mirella/openvslam/ros/2/install/cv_bridge:/opt/ros/eloquent LD_LIBRARY_PATH=/home/mirella/openvslam/ros/2/install/image_transport/lib:/home/mirella/openvslam/ros/2/install/cv_bridge/lib:${LD_LIBRARY_PATH} PYTHONPATH=/home/mirella/openvslam/ros/2/install/cv_bridge/lib/python3.6/site-packages:${PYTHONPATH} /usr/bin/cmake --build /home/mirella/openvslam/ros/2/build/publisher -- -j12 -l12
[0.140s] Invoking command in '/home/mirella/openvslam/ros/2/build/publisher': AMENT_PREFIX_PATH=/home/mirella/openvslam/ros/2/install/image_transport:/home/mirella/openvslam/ros/2/install/cv_bridge:${AMENT_PREFIX_PATH} CMAKE_PREFIX_PATH=/home/mirella/openvslam/ros/2/install/image_transport:/home/mirella/openvslam/ros/2/install/cv_bridge:/opt/ros/eloquent LD_LIBRARY_PATH=/home/mirella/openvslam/ros/2/install/image_transport/lib:/home/mirella/openvslam/ros/2/install/cv_bridge/lib:${LD_LIBRARY_PATH} PYTHONPATH=/home/mirella/openvslam/ros/2/install/cv_bridge/lib/python3.6/site-packages:${PYTHONPATH} /usr/bin/cmake --build /home/mirella/openvslam/ros/2/build/publisher --target install -- -j12 -l12
[0.206s] [ 40%] Built target video_publisher
[0.214s] [100%] Built target image_publisher
[0.234s] [36mInstall the project...[0m
[0.243s] -- Install configuration: "Release"
[0.243s] -- Execute custom install script
[0.243s] -- Up-to-date symlink: /home/mirella/openvslam/ros/2/install/publisher/lib/publisher/video
[0.243s] -- Up-to-date symlink: /home/mirella/openvslam/ros/2/install/publisher/lib/publisher/image
[0.244s] -- Up-to-date symlink: /home/mirella/openvslam/ros/2/install/publisher/share/ament_index/resource_index/package_run_dependencies/publisher
[0.244s] -- Up-to-date symlink: /home/mirella/openvslam/ros/2/install/publisher/share/ament_index/resource_index/parent_prefix_path/publisher
[0.244s] -- Up-to-date symlink: /home/mirella/openvslam/ros/2/install/publisher/share/publisher/environment/ament_prefix_path.sh
[0.244s] -- Up-to-date symlink: /home/mirella/openvslam/ros/2/install/publisher/share/publisher/environment/ament_prefix_path.dsv
[0.245s] -- Up-to-date symlink: /home/mirella/openvslam/ros/2/install/publisher/share/publisher/environment/path.sh
[0.245s] -- Up-to-date symlink: /home/mirella/openvslam/ros/2/install/publisher/share/publisher/environment/path.dsv
[0.245s] -- Up-to-date symlink: /home/mirella/openvslam/ros/2/install/publisher/share/publisher/local_setup.bash
[0.245s] -- Up-to-date symlink: /home/mirella/openvslam/ros/2/install/publisher/share/publisher/local_setup.sh
[0.245s] -- Up-to-date symlink: /home/mirella/openvslam/ros/2/install/publisher/share/publisher/local_setup.zsh
[0.246s] -- Up-to-date symlink: /home/mirella/openvslam/ros/2/install/publisher/share/publisher/local_setup.dsv
[0.246s] -- Symlinking: /home/mirella/openvslam/ros/2/install/publisher/share/publisher/package.dsv
[0.259s] -- Up-to-date symlink: /home/mirella/openvslam/ros/2/install/publisher/share/ament_index/resource_index/packages/publisher
[0.259s] -- Up-to-date symlink: /home/mirella/openvslam/ros/2/install/publisher/share/publisher/cmake/publisherConfig.cmake
[0.259s] -- Up-to-date symlink: /home/mirella/openvslam/ros/2/install/publisher/share/publisher/cmake/publisherConfig-version.cmake
[0.259s] -- Up-to-date symlink: /home/mirella/openvslam/ros/2/install/publisher/share/publisher/package.xml
[0.273s] Invoked command in '/home/mirella/openvslam/ros/2/build/publisher' returned '0': AMENT_PREFIX_PATH=/home/mirella/openvslam/ros/2/install/image_transport:/home/mirella/openvslam/ros/2/install/cv_bridge:${AMENT_PREFIX_PATH} CMAKE_PREFIX_PATH=/home/mirella/openvslam/ros/2/install/image_transport:/home/mirella/openvslam/ros/2/install/cv_bridge:/opt/ros/eloquent LD_LIBRARY_PATH=/home/mirella/openvslam/ros/2/install/image_transport/lib:/home/mirella/openvslam/ros/2/install/cv_bridge/lib:${LD_LIBRARY_PATH} PYTHONPATH=/home/mirella/openvslam/ros/2/install/cv_bridge/lib/python3.6/site-packages:${PYTHONPATH} /usr/bin/cmake --build /home/mirella/openvslam/ros/2/build/publisher --target install -- -j12 -l12
