[0.021s] Invoking command in '/home/mirella/openvslam/ros/2/build/camera_calibration_parsers': CMAKE_PREFIX_PATH=${CMAKE_PREFIX_PATH}:/home/mirella/openvslam/ros/2/install/opencv_tests:/opt/ros/eloquent /usr/bin/cmake --build /home/mirella/openvslam/ros/2/build/camera_calibration_parsers -- -j12 -l12
[0.080s] [ 28%] Built target gtest_main
[0.080s] [ 28%] Built target gtest
[0.085s] [ 57%] Built target camera_calibration_parsers
[0.119s] [ 71%] Built target camera_calibration_parsers-parse_yml
[0.122s] [ 85%] Built target convert
[0.124s] [100%] Built target camera_calibration_parsers-parse_ini
[0.149s] Invoked command in '/home/mirella/openvslam/ros/2/build/camera_calibration_parsers' returned '0': CMAKE_PREFIX_PATH=${CMAKE_PREFIX_PATH}:/home/mirella/openvslam/ros/2/install/opencv_tests:/opt/ros/eloquent /usr/bin/cmake --build /home/mirella/openvslam/ros/2/build/camera_calibration_parsers -- -j12 -l12
[0.184s] Invoking command in '/home/mirella/openvslam/ros/2/build/camera_calibration_parsers': CMAKE_PREFIX_PATH=${CMAKE_PREFIX_PATH}:/home/mirella/openvslam/ros/2/install/opencv_tests:/opt/ros/eloquent /usr/bin/cmake --build /home/mirella/openvslam/ros/2/build/camera_calibration_parsers --target install -- -j12 -l12
[0.244s] [ 14%] Built target gtest
[0.246s] [ 28%] Built target gtest_main
[0.258s] [ 57%] Built target camera_calibration_parsers
[0.285s] [ 71%] Built target camera_calibration_parsers-parse_yml
[0.289s] [ 85%] Built target camera_calibration_parsers-parse_ini
[0.292s] [100%] Built target convert
[0.316s] [36mInstall the project...[0m
[0.326s] -- Install configuration: ""
[0.327s] -- Execute custom install script
[0.327s] -- Up-to-date symlink: /home/mirella/openvslam/ros/2/install/camera_calibration_parsers/lib/libcamera_calibration_parsers.so
[0.328s] -- Up-to-date symlink: /home/mirella/openvslam/ros/2/install/camera_calibration_parsers/lib/camera_calibration_parsers/convert
[0.329s] -- Up-to-date symlink: /home/mirella/openvslam/ros/2/install/camera_calibration_parsers/include/camera_calibration_parsers/parse.h
[0.329s] -- Up-to-date symlink: /home/mirella/openvslam/ros/2/install/camera_calibration_parsers/include/camera_calibration_parsers/parse_ini.h
[0.329s] -- Up-to-date symlink: /home/mirella/openvslam/ros/2/install/camera_calibration_parsers/include/camera_calibration_parsers/parse_yml.h
[0.330s] -- Up-to-date symlink: /home/mirella/openvslam/ros/2/install/camera_calibration_parsers/include/camera_calibration_parsers/visibility_control.hpp
[0.330s] -- Up-to-date symlink: /home/mirella/openvslam/ros/2/install/camera_calibration_parsers/share/camera_calibration_parsers/environment/library_path.sh
[0.330s] -- Up-to-date symlink: /home/mirella/openvslam/ros/2/install/camera_calibration_parsers/share/camera_calibration_parsers/environment/library_path.dsv
[0.332s] -- Up-to-date symlink: /home/mirella/openvslam/ros/2/install/camera_calibration_parsers/share/ament_index/resource_index/package_run_dependencies/camera_calibration_parsers
[0.332s] -- Up-to-date symlink: /home/mirella/openvslam/ros/2/install/camera_calibration_parsers/share/ament_index/resource_index/parent_prefix_path/camera_calibration_parsers
[0.333s] -- Up-to-date symlink: /home/mirella/openvslam/ros/2/install/camera_calibration_parsers/share/camera_calibration_parsers/environment/ament_prefix_path.sh
[0.335s] -- Up-to-date symlink: /home/mirella/openvslam/ros/2/install/camera_calibration_parsers/share/camera_calibration_parsers/environment/ament_prefix_path.dsv
[0.337s] -- Up-to-date symlink: /home/mirella/openvslam/ros/2/install/camera_calibration_parsers/share/camera_calibration_parsers/environment/path.sh
[0.338s] -- Up-to-date symlink: /home/mirella/openvslam/ros/2/install/camera_calibration_parsers/share/camera_calibration_parsers/environment/path.dsv
[0.338s] -- Up-to-date symlink: /home/mirella/openvslam/ros/2/install/camera_calibration_parsers/share/camera_calibration_parsers/local_setup.bash
[0.338s] -- Up-to-date symlink: /home/mirella/openvslam/ros/2/install/camera_calibration_parsers/share/camera_calibration_parsers/local_setup.sh
[0.338s] -- Up-to-date symlink: /home/mirella/openvslam/ros/2/install/camera_calibration_parsers/share/camera_calibration_parsers/local_setup.zsh
[0.338s] -- Up-to-date symlink: /home/mirella/openvslam/ros/2/install/camera_calibration_parsers/share/camera_calibration_parsers/local_setup.dsv
[0.338s] -- Symlinking: /home/mirella/openvslam/ros/2/install/camera_calibration_parsers/share/camera_calibration_parsers/package.dsv
[0.358s] -- Up-to-date symlink: /home/mirella/openvslam/ros/2/install/camera_calibration_parsers/share/ament_index/resource_index/packages/camera_calibration_parsers
[0.358s] -- Up-to-date symlink: /home/mirella/openvslam/ros/2/install/camera_calibration_parsers/share/camera_calibration_parsers/cmake/ament_cmake_export_include_directories-extras.cmake
[0.359s] -- Up-to-date symlink: /home/mirella/openvslam/ros/2/install/camera_calibration_parsers/share/camera_calibration_parsers/cmake/ament_cmake_export_libraries-extras.cmake
[0.359s] -- Up-to-date symlink: /home/mirella/openvslam/ros/2/install/camera_calibration_parsers/share/camera_calibration_parsers/cmake/ament_cmake_export_dependencies-extras.cmake
[0.360s] -- Up-to-date symlink: /home/mirella/openvslam/ros/2/install/camera_calibration_parsers/share/camera_calibration_parsers/cmake/camera_calibration_parsersConfig.cmake
[0.360s] -- Up-to-date symlink: /home/mirella/openvslam/ros/2/install/camera_calibration_parsers/share/camera_calibration_parsers/cmake/camera_calibration_parsersConfig-version.cmake
[0.360s] -- Up-to-date symlink: /home/mirella/openvslam/ros/2/install/camera_calibration_parsers/share/camera_calibration_parsers/package.xml
[0.367s] Invoked command in '/home/mirella/openvslam/ros/2/build/camera_calibration_parsers' returned '0': CMAKE_PREFIX_PATH=${CMAKE_PREFIX_PATH}:/home/mirella/openvslam/ros/2/install/opencv_tests:/opt/ros/eloquent /usr/bin/cmake --build /home/mirella/openvslam/ros/2/build/camera_calibration_parsers --target install -- -j12 -l12
