[01m[K/home/mirella/openvslam/ros/2/src/openvslam/src/run_slam.cc:[m[K In function ‘[01m[Kvoid callback(const ConstSharedPtr&, std::shared_ptr<rclcpp::Publisher<sensor_msgs::msg::Image_<std::allocator<void> >, std::allocator<void> > >, std::shared_ptr<rclcpp::Publisher<sensor_msgs::msg::Image_<std::allocator<void> >, std::allocator<void> > >, std::shared_ptr<rclcpp::Publisher<sensor_msgs::msg::CameraInfo_<std::allocator<void> >, std::allocator<void> > >, std::shared_ptr<rclcpp::Publisher<sensor_msgs::msg::CameraInfo_<std::allocator<void> >, std::allocator<void> > >, std::shared_ptr<rclcpp::Publisher<nav_msgs::msg::Odometry_<std::allocator<void> >, std::allocator<void> > >, openvslam::system*, cv::Mat, std::shared_ptr<rclcpp::Node>)[m[K’:
[01m[K/home/mirella/openvslam/ros/2/src/openvslam/src/run_slam.cc:59:62:[m[K [01;35m[Kwarning: [m[Kunused parameter ‘[01m[Kleft_image_msg_sub[m[K’ [[01;35m[K-Wunused-parameter[m[K]
 void callback(const sensor_msgs::msg::Image::ConstSharedPtr& [01;35m[Kleft_image_msg_sub[m[K,
                                                              [01;35m[K^~~~~~~~~~~~~~~~~~[m[K
[01m[K/home/mirella/openvslam/ros/2/src/openvslam/src/run_slam.cc:61:122:[m[K [01;35m[Kwarning: [m[Kunused parameter ‘[01m[Kleft_publisher[m[K’ [[01;35m[K-Wunused-parameter[m[K]
                std::shared_ptr<rclcpp::Publisher<sensor_msgs::msg::Image_<std::allocator<void>>, std::allocator<void>>> [01;35m[Kleft_publisher[m[K,
                                                                                                                         [01;35m[K^~~~~~~~~~~~~~[m[K
[01m[K/home/mirella/openvslam/ros/2/src/openvslam/src/run_slam.cc:62:122:[m[K [01;35m[Kwarning: [m[Kunused parameter ‘[01m[Kright_publisher[m[K’ [[01;35m[K-Wunused-parameter[m[K]
                std::shared_ptr<rclcpp::Publisher<sensor_msgs::msg::Image_<std::allocator<void>>, std::allocator<void>>> [01;35m[Kright_publisher[m[K,
                                                                                                                         [01;35m[K^~~~~~~~~~~~~~~[m[K
[01m[K/home/mirella/openvslam/ros/2/src/openvslam/src/run_slam.cc:63:129:[m[K [01;35m[Kwarning: [m[Kunused parameter ‘[01m[Kleft_publisher_config[m[K’ [[01;35m[K-Wunused-parameter[m[K]
         std::shared_ptr<rclcpp::Publisher<sensor_msgs::msg::CameraInfo_<std::allocator<void>>, std::allocator<void> > > [01;35m[Kleft_publisher_config[m[K,
                                                                                                                         [01;35m[K^~~~~~~~~~~~~~~~~~~~~[m[K
[01m[K/home/mirella/openvslam/ros/2/src/openvslam/src/run_slam.cc:64:129:[m[K [01;35m[Kwarning: [m[Kunused parameter ‘[01m[Kright_publisher_config[m[K’ [[01;35m[K-Wunused-parameter[m[K]
         std::shared_ptr<rclcpp::Publisher<sensor_msgs::msg::CameraInfo_<std::allocator<void>>, std::allocator<void> > > [01;35m[Kright_publisher_config[m[K,
                                                                                                                         [01;35m[K^~~~~~~~~~~~~~~~~~~~~~[m[K
[01m[K/home/mirella/openvslam/ros/2/src/openvslam/src/run_slam.cc:65:123:[m[K [01;35m[Kwarning: [m[Kunused parameter ‘[01m[Kodometry_publisher[m[K’ [[01;35m[K-Wunused-parameter[m[K]
               std::shared_ptr<rclcpp::Publisher<nav_msgs::msg::Odometry_<std::allocator<void> >, std::allocator<void>>> [01;35m[Kodometry_publisher[m[K,
                                                                                                                         [01;35m[K^~~~~~~~~~~~~~~~~~[m[K
[01m[K/home/mirella/openvslam/ros/2/src/openvslam/src/run_slam.cc:66:36:[m[K [01;35m[Kwarning: [m[Kunused parameter ‘[01m[KSLAM[m[K’ [[01;35m[K-Wunused-parameter[m[K]
                 openvslam::system* [01;35m[KSLAM[m[K,
                                    [01;35m[K^~~~[m[K
[01m[K/home/mirella/openvslam/ros/2/src/openvslam/src/run_slam.cc:67:31:[m[K [01;35m[Kwarning: [m[Kunused parameter ‘[01m[Kmask[m[K’ [[01;35m[K-Wunused-parameter[m[K]
                 const cv::Mat [01;35m[Kmask[m[K,
                               [01;35m[K^~~~[m[K
[01m[K/home/mirella/openvslam/ros/2/src/openvslam/src/run_slam.cc:68:47:[m[K [01;35m[Kwarning: [m[Kunused parameter ‘[01m[Knode[m[K’ [[01;35m[K-Wunused-parameter[m[K]
                 std::shared_ptr<rclcpp::Node> [01;35m[Knode[m[K
                                               [01;35m[K^~~~[m[K
[01m[K/home/mirella/openvslam/ros/2/src/openvslam/src/run_slam.cc:[m[K In function ‘[01m[Kvoid mono_tracking(const std::shared_ptr<openvslam::config>&, const string&, const string&, bool, const string&)[m[K’:
[01m[K/home/mirella/openvslam/ros/2/src/openvslam/src/run_slam.cc:102:23:[m[K [01;31m[Kerror: [m[Kredeclaration of ‘[01m[Krmw_qos_profile_t custom_qos[m[K’
     rmw_qos_profile_t [01;31m[Kcustom_qos[m[K = rmw_qos_profile_default;
                       [01;31m[K^~~~~~~~~~[m[K
[01m[K/home/mirella/openvslam/ros/2/src/openvslam/src/run_slam.cc:97:23:[m[K [01;36m[Knote: [m[K‘[01m[Krmw_qos_profile_t custom_qos[m[K’ previously declared here
     rmw_qos_profile_t [01;36m[Kcustom_qos[m[K = rmw_qos_profile_default;
                       [01;36m[K^~~~~~~~~~[m[K
[01m[K/home/mirella/openvslam/ros/2/src/openvslam/src/run_slam.cc:104:93:[m[K [01;31m[Kerror: [m[Kno matching function for call to ‘[01m[Krclcpp::Node::create_publisher<sensor_msgs::msg::Image>(const char [17])[m[K’
     auto left_publisher = node->create_publisher<sensor_msgs::msg::Image>("/left/image_rect"[01;31m[K)[m[K;
                                                                                             [01;31m[K^[m[K
In file included from [01m[K/opt/ros/eloquent/include/rclcpp/node.hpp:1111:0[m[K,
                 from [01m[K/opt/ros/eloquent/include/rclcpp/executors/single_threaded_executor.hpp:28[m[K,
                 from [01m[K/opt/ros/eloquent/include/rclcpp/executors.hpp:22[m[K,
                 from [01m[K/opt/ros/eloquent/include/rclcpp/rclcpp.hpp:145[m[K,
                 from [01m[K/home/mirella/openvslam/ros/2/src/openvslam/src/run_slam.cc:21[m[K:
[01m[K/opt/ros/eloquent/include/rclcpp/node_impl.hpp:69:1:[m[K [01;36m[Knote: [m[Kcandidate: template<class MessageT, class AllocatorT, class PublisherT> std::shared_ptr<PublisherT> rclcpp::Node::create_publisher(const string&, const rclcpp::QoS&, const rclcpp::PublisherOptionsWithAllocator<AllocatorT>&)
 [01;36m[KNode[m[K::create_publisher(
 [01;36m[K^~~~[m[K
[01m[K/opt/ros/eloquent/include/rclcpp/node_impl.hpp:69:1:[m[K [01;36m[Knote: [m[K  template argument deduction/substitution failed:
[01m[K/home/mirella/openvslam/ros/2/src/openvslam/src/run_slam.cc:104:93:[m[K [01;36m[Knote: [m[K  candidate expects 3 arguments, 1 provided
     auto left_publisher = node->create_publisher<sensor_msgs::msg::Image>("/left/image_rect"[01;36m[K)[m[K;
                                                                                             [01;36m[K^[m[K
[01m[K/home/mirella/openvslam/ros/2/src/openvslam/src/run_slam.cc:105:95:[m[K [01;31m[Kerror: [m[Kno matching function for call to ‘[01m[Krclcpp::Node::create_publisher<sensor_msgs::msg::Image>(const char [18])[m[K’
     auto right_publisher = node->create_publisher<sensor_msgs::msg::Image>("/right/image_rect"[01;31m[K)[m[K;
                                                                                               [01;31m[K^[m[K
In file included from [01m[K/opt/ros/eloquent/include/rclcpp/node.hpp:1111:0[m[K,
                 from [01m[K/opt/ros/eloquent/include/rclcpp/executors/single_threaded_executor.hpp:28[m[K,
                 from [01m[K/opt/ros/eloquent/include/rclcpp/executors.hpp:22[m[K,
                 from [01m[K/opt/ros/eloquent/include/rclcpp/rclcpp.hpp:145[m[K,
                 from [01m[K/home/mirella/openvslam/ros/2/src/openvslam/src/run_slam.cc:21[m[K:
[01m[K/opt/ros/eloquent/include/rclcpp/node_impl.hpp:69:1:[m[K [01;36m[Knote: [m[Kcandidate: template<class MessageT, class AllocatorT, class PublisherT> std::shared_ptr<PublisherT> rclcpp::Node::create_publisher(const string&, const rclcpp::QoS&, const rclcpp::PublisherOptionsWithAllocator<AllocatorT>&)
 [01;36m[KNode[m[K::create_publisher(
 [01;36m[K^~~~[m[K
[01m[K/opt/ros/eloquent/include/rclcpp/node_impl.hpp:69:1:[m[K [01;36m[Knote: [m[K  template argument deduction/substitution failed:
[01m[K/home/mirella/openvslam/ros/2/src/openvslam/src/run_slam.cc:105:95:[m[K [01;36m[Knote: [m[K  candidate expects 3 arguments, 1 provided
     auto right_publisher = node->create_publisher<sensor_msgs::msg::Image>("/right/image_rect"[01;36m[K)[m[K;
                                                                                               [01;36m[K^[m[K
[01m[K/home/mirella/openvslam/ros/2/src/openvslam/src/run_slam.cc:106:106:[m[K [01;31m[Kerror: [m[Kno matching function for call to ‘[01m[Krclcpp::Node::create_publisher<sensor_msgs::msg::CameraInfo>(const char [18])[m[K’
     auto left_publisher_config = node->create_publisher<sensor_msgs::msg::CameraInfo>("/left/camera_info"[01;31m[K)[m[K;
                                                                                                          [01;31m[K^[m[K
In file included from [01m[K/opt/ros/eloquent/include/rclcpp/node.hpp:1111:0[m[K,
                 from [01m[K/opt/ros/eloquent/include/rclcpp/executors/single_threaded_executor.hpp:28[m[K,
                 from [01m[K/opt/ros/eloquent/include/rclcpp/executors.hpp:22[m[K,
                 from [01m[K/opt/ros/eloquent/include/rclcpp/rclcpp.hpp:145[m[K,
                 from [01m[K/home/mirella/openvslam/ros/2/src/openvslam/src/run_slam.cc:21[m[K:
[01m[K/opt/ros/eloquent/include/rclcpp/node_impl.hpp:69:1:[m[K [01;36m[Knote: [m[Kcandidate: template<class MessageT, class AllocatorT, class PublisherT> std::shared_ptr<PublisherT> rclcpp::Node::create_publisher(const string&, const rclcpp::QoS&, const rclcpp::PublisherOptionsWithAllocator<AllocatorT>&)
 [01;36m[KNode[m[K::create_publisher(
 [01;36m[K^~~~[m[K
[01m[K/opt/ros/eloquent/include/rclcpp/node_impl.hpp:69:1:[m[K [01;36m[Knote: [m[K  template argument deduction/substitution failed:
[01m[K/home/mirella/openvslam/ros/2/src/openvslam/src/run_slam.cc:106:106:[m[K [01;36m[Knote: [m[K  candidate expects 3 arguments, 1 provided
     auto left_publisher_config = node->create_publisher<sensor_msgs::msg::CameraInfo>("/left/camera_info"[01;36m[K)[m[K;
                                                                                                          [01;36m[K^[m[K
[01m[K/home/mirella/openvslam/ros/2/src/openvslam/src/run_slam.cc:107:108:[m[K [01;31m[Kerror: [m[Kno matching function for call to ‘[01m[Krclcpp::Node::create_publisher<sensor_msgs::msg::CameraInfo>(const char [19])[m[K’
     auto right_publisher_config = node->create_publisher<sensor_msgs::msg::CameraInfo>("/right/camera_info"[01;31m[K)[m[K;
                                                                                                            [01;31m[K^[m[K
In file included from [01m[K/opt/ros/eloquent/include/rclcpp/node.hpp:1111:0[m[K,
                 from [01m[K/opt/ros/eloquent/include/rclcpp/executors/single_threaded_executor.hpp:28[m[K,
                 from [01m[K/opt/ros/eloquent/include/rclcpp/executors.hpp:22[m[K,
                 from [01m[K/opt/ros/eloquent/include/rclcpp/rclcpp.hpp:145[m[K,
                 from [01m[K/home/mirella/openvslam/ros/2/src/openvslam/src/run_slam.cc:21[m[K:
[01m[K/opt/ros/eloquent/include/rclcpp/node_impl.hpp:69:1:[m[K [01;36m[Knote: [m[Kcandidate: template<class MessageT, class AllocatorT, class PublisherT> std::shared_ptr<PublisherT> rclcpp::Node::create_publisher(const string&, const rclcpp::QoS&, const rclcpp::PublisherOptionsWithAllocator<AllocatorT>&)
 [01;36m[KNode[m[K::create_publisher(
 [01;36m[K^~~~[m[K
[01m[K/opt/ros/eloquent/include/rclcpp/node_impl.hpp:69:1:[m[K [01;36m[Knote: [m[K  template argument deduction/substitution failed:
[01m[K/home/mirella/openvslam/ros/2/src/openvslam/src/run_slam.cc:107:108:[m[K [01;36m[Knote: [m[K  candidate expects 3 arguments, 1 provided
     auto right_publisher_config = node->create_publisher<sensor_msgs::msg::CameraInfo>("/right/camera_info"[01;36m[K)[m[K;
                                                                                                            [01;36m[K^[m[K
[01m[K/home/mirella/openvslam/ros/2/src/openvslam/src/run_slam.cc:108:10:[m[K [01;31m[Kerror: [m[Kconflicting declaration ‘[01m[Kauto odometry_publisher[m[K’
     auto [01;31m[Kodometry_publisher[m[K = node->create_publisher<nav_msgs::msg::Odometry>("/odom", 100);
          [01;31m[K^~~~~~~~~~~~~~~~~~[m[K
[01m[K/home/mirella/openvslam/ros/2/src/openvslam/src/run_slam.cc:99:10:[m[K [01;36m[Knote: [m[Kprevious declaration as ‘[01m[Kstd::shared_ptr<rclcpp::Publisher<nav_msgs::msg::Odometry_<std::allocator<void> >, std::allocator<void> > > odometry_publisher[m[K’
     auto [01;36m[Kodometry_publisher[m[K = node->create_publisher<nav_msgs::msg::Odometry>("/odom", 100);
          [01;36m[K^~~~~~~~~~~~~~~~~~[m[K
[01m[K/home/mirella/openvslam/ros/2/src/openvslam/src/run_slam.cc:113:40:[m[K [01;31m[Kerror: [m[K‘[01m[Kbind[m[K’ is not a member of ‘[01m[Kboost[m[K’
     left_image.registerCallback(boost::[01;31m[Kbind[m[K(&callback, _1, left_publisher, right_publisher,
                                        [01;31m[K^~~~[m[K
[01m[K/home/mirella/openvslam/ros/2/src/openvslam/src/run_slam.cc:113:40:[m[K [01;36m[Knote: [m[Ksuggested alternatives:
In file included from [01m[K/usr/local/include/eigen3/Eigen/Core:281:0[m[K,
                 from [01m[K/home/mirella/openvslam/src/openvslam/type.h:10[m[K,
                 from [01m[K/home/mirella/openvslam/src/pangolin_viewer/viewer.h:6[m[K,
                 from [01m[K/home/mirella/openvslam/ros/2/src/openvslam/src/run_slam.cc:3[m[K:
[01m[K/usr/include/c++/7/functional:899:5:[m[K [01;36m[Knote: [m[K  ‘[01m[Kstd::bind[m[K’
     [01;36m[Kbind[m[K(_Func&& __f, _BoundArgs&&... __args)
     [01;36m[K^~~~[m[K
In file included from [01m[K/usr/include/boost/mpl/aux_/include_preprocessed.hpp:37:0[m[K,
                 from [01m[K/usr/include/boost/mpl/bind_fwd.hpp:32[m[K,
                 from [01m[K/usr/include/boost/mpl/bind.hpp:23[m[K,
                 from [01m[K/usr/include/boost/mpl/lambda.hpp:18[m[K,
                 from [01m[K/usr/include/boost/mpl/apply.hpp:25[m[K,
                 from [01m[K/usr/include/boost/iterator/iterator_facade.hpp:37[m[K,
                 from [01m[K/usr/include/yaml-cpp/node/detail/node_iterator.h:12[m[K,
                 from [01m[K/usr/include/yaml-cpp/node/detail/iterator.h:12[m[K,
                 from [01m[K/usr/include/yaml-cpp/node/iterator.h:13[m[K,
                 from [01m[K/usr/include/yaml-cpp/node/impl.h:11[m[K,
                 from [01m[K/usr/include/yaml-cpp/yaml.h:17[m[K,
                 from [01m[K/home/mirella/openvslam/src/openvslam/camera/base.h:10[m[K,
                 from [01m[K/home/mirella/openvslam/src/openvslam/config.h:4[m[K,
                 from [01m[K/home/mirella/openvslam/ros/2/src/openvslam/src/run_slam.cc:10[m[K:
[01m[K/usr/include/boost/mpl/aux_/preprocessed/gcc/bind_fwd.hpp:18:8:[m[K [01;36m[Knote: [m[K  ‘[01m[Kboost::mpl::bind[m[K’
 struct [01;36m[Kbind[m[K;
        [01;36m[K^~~~[m[K
[01m[K/home/mirella/openvslam/ros/2/src/openvslam/src/run_slam.cc:113:56:[m[K [01;31m[Kerror: [m[K‘[01m[K_1[m[K’ was not declared in this scope
     left_image.registerCallback(boost::bind(&callback, [01;31m[K_1[m[K, left_publisher, right_publisher,
                                                        [01;31m[K^~[m[K
[01m[K/home/mirella/openvslam/ros/2/src/openvslam/src/run_slam.cc:113:56:[m[K [01;36m[Knote: [m[Ksuggested alternatives:
In file included from [01m[K/usr/local/include/eigen3/Eigen/Core:281:0[m[K,
                 from [01m[K/home/mirella/openvslam/src/openvslam/type.h:10[m[K,
                 from [01m[K/home/mirella/openvslam/src/pangolin_viewer/viewer.h:6[m[K,
                 from [01m[K/home/mirella/openvslam/ros/2/src/openvslam/src/run_slam.cc:3[m[K:
[01m[K/usr/include/c++/7/functional:275:34:[m[K [01;36m[Knote: [m[K  ‘[01m[Kstd::placeholders::_1[m[K’
     extern const _Placeholder<1> [01;36m[K_1[m[K;
                                  [01;36m[K^~[m[K
In file included from [01m[K/usr/include/boost/mpl/aux_/include_preprocessed.hpp:37:0[m[K,
                 from [01m[K/usr/include/boost/mpl/placeholders.hpp:43[m[K,
                 from [01m[K/usr/include/boost/iterator/iterator_categories.hpp:17[m[K,
                 from [01m[K/usr/include/boost/iterator/iterator_facade.hpp:14[m[K,
                 from [01m[K/usr/include/yaml-cpp/node/detail/node_iterator.h:12[m[K,
                 from [01m[K/usr/include/yaml-cpp/node/detail/iterator.h:12[m[K,
                 from [01m[K/usr/include/yaml-cpp/node/iterator.h:13[m[K,
                 from [01m[K/usr/include/yaml-cpp/node/impl.h:11[m[K,
                 from [01m[K/usr/include/yaml-cpp/yaml.h:17[m[K,
                 from [01m[K/home/mirella/openvslam/src/openvslam/camera/base.h:10[m[K,
                 from [01m[K/home/mirella/openvslam/src/openvslam/config.h:4[m[K,
                 from [01m[K/home/mirella/openvslam/ros/2/src/openvslam/src/run_slam.cc:10[m[K:
[01m[K/usr/include/boost/mpl/aux_/preprocessed/gcc/placeholders.hpp:29:16:[m[K [01;36m[Knote: [m[K  ‘[01m[Kmpl_::_1[m[K’
 typedef arg<1> [01;36m[K_1[m[K;
                [01;36m[K^~[m[K
[01m[K/usr/include/boost/mpl/aux_/preprocessed/gcc/placeholders.hpp:29:16:[m[K [01;36m[Knote: [m[K  ‘[01m[Kmpl_::_1[m[K’
[01m[K/usr/include/boost/mpl/aux_/preprocessed/gcc/placeholders.hpp:29:16:[m[K [01;36m[Knote: [m[K  ‘[01m[Kmpl_::_1[m[K’
make[2]: *** [src/CMakeFiles/run_slam.dir/run_slam.cc.o] Error 1
make[1]: *** [src/CMakeFiles/run_slam.dir/all] Error 2
make: *** [all] Error 2
