[0.022s] Invoking command in '/home/mirella/openvslam/ros/2/build/camera_calibration_parsers': CMAKE_PREFIX_PATH=${CMAKE_PREFIX_PATH}:/home/mirella/openvslam/ros/2/install/opencv_tests:/opt/ros/eloquent /usr/bin/cmake --build /home/mirella/openvslam/ros/2/build/camera_calibration_parsers -- -j12 -l12
[0.088s] [ 14%] Built target gtest
[0.090s] [ 28%] Built target gtest_main
[0.101s] [ 57%] Built target camera_calibration_parsers
[0.136s] [ 71%] Built target camera_calibration_parsers-parse_yml
[0.141s] [ 85%] Built target camera_calibration_parsers-parse_ini
[0.162s] [100%] Built target convert
[0.172s] Invoked command in '/home/mirella/openvslam/ros/2/build/camera_calibration_parsers' returned '0': CMAKE_PREFIX_PATH=${CMAKE_PREFIX_PATH}:/home/mirella/openvslam/ros/2/install/opencv_tests:/opt/ros/eloquent /usr/bin/cmake --build /home/mirella/openvslam/ros/2/build/camera_calibration_parsers -- -j12 -l12
[0.204s] Invoking command in '/home/mirella/openvslam/ros/2/build/camera_calibration_parsers': CMAKE_PREFIX_PATH=${CMAKE_PREFIX_PATH}:/home/mirella/openvslam/ros/2/install/opencv_tests:/opt/ros/eloquent /usr/bin/cmake --build /home/mirella/openvslam/ros/2/build/camera_calibration_parsers --target install -- -j12 -l12
[0.263s] [ 14%] Built target gtest
[0.264s] [ 28%] Built target gtest_main
[0.276s] [ 57%] Built target camera_calibration_parsers
[0.308s] [ 71%] Built target camera_calibration_parsers-parse_yml
[0.309s] [ 85%] Built target convert
[0.309s] [100%] Built target camera_calibration_parsers-parse_ini
[0.328s] [36mInstall the project...[0m
[0.339s] -- Install configuration: ""
[0.339s] -- Execute custom install script
[0.340s] -- Up-to-date symlink: /home/mirella/openvslam/ros/2/install/camera_calibration_parsers/lib/libcamera_calibration_parsers.so
[0.341s] -- Up-to-date symlink: /home/mirella/openvslam/ros/2/install/camera_calibration_parsers/lib/camera_calibration_parsers/convert
[0.341s] -- Up-to-date symlink: /home/mirella/openvslam/ros/2/install/camera_calibration_parsers/include/camera_calibration_parsers/parse.h
[0.342s] -- Up-to-date symlink: /home/mirella/openvslam/ros/2/install/camera_calibration_parsers/include/camera_calibration_parsers/parse_ini.h
[0.342s] -- Up-to-date symlink: /home/mirella/openvslam/ros/2/install/camera_calibration_parsers/include/camera_calibration_parsers/parse_yml.h
[0.342s] -- Up-to-date symlink: /home/mirella/openvslam/ros/2/install/camera_calibration_parsers/include/camera_calibration_parsers/visibility_control.hpp
[0.343s] -- Up-to-date symlink: /home/mirella/openvslam/ros/2/install/camera_calibration_parsers/share/camera_calibration_parsers/environment/library_path.sh
[0.344s] -- Up-to-date symlink: /home/mirella/openvslam/ros/2/install/camera_calibration_parsers/share/camera_calibration_parsers/environment/library_path.dsv
[0.344s] -- Up-to-date symlink: /home/mirella/openvslam/ros/2/install/camera_calibration_parsers/share/ament_index/resource_index/package_run_dependencies/camera_calibration_parsers
[0.345s] -- Up-to-date symlink: /home/mirella/openvslam/ros/2/install/camera_calibration_parsers/share/ament_index/resource_index/parent_prefix_path/camera_calibration_parsers
[0.345s] -- Up-to-date symlink: /home/mirella/openvslam/ros/2/install/camera_calibration_parsers/share/camera_calibration_parsers/environment/ament_prefix_path.sh
[0.345s] -- Up-to-date symlink: /home/mirella/openvslam/ros/2/install/camera_calibration_parsers/share/camera_calibration_parsers/environment/ament_prefix_path.dsv
[0.346s] -- Up-to-date symlink: /home/mirella/openvslam/ros/2/install/camera_calibration_parsers/share/camera_calibration_parsers/environment/path.sh
[0.346s] -- Up-to-date symlink: /home/mirella/openvslam/ros/2/install/camera_calibration_parsers/share/camera_calibration_parsers/environment/path.dsv
[0.346s] -- Up-to-date symlink: /home/mirella/openvslam/ros/2/install/camera_calibration_parsers/share/camera_calibration_parsers/local_setup.bash
[0.346s] -- Up-to-date symlink: /home/mirella/openvslam/ros/2/install/camera_calibration_parsers/share/camera_calibration_parsers/local_setup.sh
[0.347s] -- Up-to-date symlink: /home/mirella/openvslam/ros/2/install/camera_calibration_parsers/share/camera_calibration_parsers/local_setup.zsh
[0.347s] -- Up-to-date symlink: /home/mirella/openvslam/ros/2/install/camera_calibration_parsers/share/camera_calibration_parsers/local_setup.dsv
[0.348s] -- Symlinking: /home/mirella/openvslam/ros/2/install/camera_calibration_parsers/share/camera_calibration_parsers/package.dsv
[0.367s] -- Up-to-date symlink: /home/mirella/openvslam/ros/2/install/camera_calibration_parsers/share/ament_index/resource_index/packages/camera_calibration_parsers
[0.368s] -- Up-to-date symlink: /home/mirella/openvslam/ros/2/install/camera_calibration_parsers/share/camera_calibration_parsers/cmake/ament_cmake_export_include_directories-extras.cmake
[0.368s] -- Up-to-date symlink: /home/mirella/openvslam/ros/2/install/camera_calibration_parsers/share/camera_calibration_parsers/cmake/ament_cmake_export_libraries-extras.cmake
[0.369s] -- Up-to-date symlink: /home/mirella/openvslam/ros/2/install/camera_calibration_parsers/share/camera_calibration_parsers/cmake/ament_cmake_export_dependencies-extras.cmake
[0.370s] -- Up-to-date symlink: /home/mirella/openvslam/ros/2/install/camera_calibration_parsers/share/camera_calibration_parsers/cmake/camera_calibration_parsersConfig.cmake
[0.371s] -- Up-to-date symlink: /home/mirella/openvslam/ros/2/install/camera_calibration_parsers/share/camera_calibration_parsers/cmake/camera_calibration_parsersConfig-version.cmake
[0.372s] -- Up-to-date symlink: /home/mirella/openvslam/ros/2/install/camera_calibration_parsers/share/camera_calibration_parsers/package.xml
[0.376s] Invoked command in '/home/mirella/openvslam/ros/2/build/camera_calibration_parsers' returned '0': CMAKE_PREFIX_PATH=${CMAKE_PREFIX_PATH}:/home/mirella/openvslam/ros/2/install/opencv_tests:/opt/ros/eloquent /usr/bin/cmake --build /home/mirella/openvslam/ros/2/build/camera_calibration_parsers --target install -- -j12 -l12
