[0.022s] Invoking command in '/home/mirella/openvslam/ros/2/build/image_geometry': CMAKE_PREFIX_PATH=${CMAKE_PREFIX_PATH}:/home/mirella/openvslam/ros/2/install/opencv_tests:/opt/ros/eloquent /usr/bin/cmake --build /home/mirella/openvslam/ros/2/build/image_geometry -- -j12 -l12
[0.075s] [ 22%] Built target gtest_main
[0.079s] [ 44%] Built target gtest
[0.081s] [ 77%] Built target image_geometry
[0.112s] [100%] Built target image_geometry-utest
[0.130s] Invoked command in '/home/mirella/openvslam/ros/2/build/image_geometry' returned '0': CMAKE_PREFIX_PATH=${CMAKE_PREFIX_PATH}:/home/mirella/openvslam/ros/2/install/opencv_tests:/opt/ros/eloquent /usr/bin/cmake --build /home/mirella/openvslam/ros/2/build/image_geometry -- -j12 -l12
[0.177s] Invoking command in '/home/mirella/openvslam/ros/2/build/image_geometry': CMAKE_PREFIX_PATH=${CMAKE_PREFIX_PATH}:/home/mirella/openvslam/ros/2/install/opencv_tests:/opt/ros/eloquent /usr/bin/cmake --build /home/mirella/openvslam/ros/2/build/image_geometry --target install -- -j12 -l12
[0.226s] [ 22%] Built target gtest_main
[0.230s] [ 44%] Built target gtest
[0.235s] [ 77%] Built target image_geometry
[0.266s] [100%] Built target image_geometry-utest
[0.288s] [36mInstall the project...[0m
[0.296s] -- Install configuration: ""
[0.297s] -- Execute custom install script
[0.297s] -- Up-to-date symlink: /home/mirella/openvslam/ros/2/install/image_geometry/share/image_geometry/environment/pythonpath.sh
[0.297s] -- Up-to-date symlink: /home/mirella/openvslam/ros/2/install/image_geometry/share/image_geometry/environment/pythonpath.dsv
[0.298s] -- Up-to-date symlink: /home/mirella/openvslam/ros/2/install/image_geometry/lib/python3.6/site-packages/image_geometry/__init__.py
[0.298s] -- Up-to-date symlink: /home/mirella/openvslam/ros/2/install/image_geometry/lib/python3.6/site-packages/image_geometry/cameramodels.py
[0.299s] -- Up-to-date symlink: /home/mirella/openvslam/ros/2/install/image_geometry/include/image_geometry/pinhole_camera_model.h
[0.299s] -- Up-to-date symlink: /home/mirella/openvslam/ros/2/install/image_geometry/include/image_geometry/stereo_camera_model.h
[0.299s] -- Up-to-date symlink: /home/mirella/openvslam/ros/2/install/image_geometry/include/image_geometry/visibility_control.hpp
[0.299s] -- Up-to-date symlink: /home/mirella/openvslam/ros/2/install/image_geometry/lib/libimage_geometry.so
[0.300s] -- Up-to-date symlink: /home/mirella/openvslam/ros/2/install/image_geometry/share/image_geometry/environment/library_path.sh
[0.300s] -- Up-to-date symlink: /home/mirella/openvslam/ros/2/install/image_geometry/share/image_geometry/environment/library_path.dsv
[0.301s] -- Up-to-date symlink: /home/mirella/openvslam/ros/2/install/image_geometry/share/ament_index/resource_index/package_run_dependencies/image_geometry
[0.301s] -- Up-to-date symlink: /home/mirella/openvslam/ros/2/install/image_geometry/share/ament_index/resource_index/parent_prefix_path/image_geometry
[0.301s] -- Up-to-date symlink: /home/mirella/openvslam/ros/2/install/image_geometry/share/image_geometry/environment/ament_prefix_path.sh
[0.301s] -- Up-to-date symlink: /home/mirella/openvslam/ros/2/install/image_geometry/share/image_geometry/environment/ament_prefix_path.dsv
[0.302s] -- Up-to-date symlink: /home/mirella/openvslam/ros/2/install/image_geometry/share/image_geometry/environment/path.sh
[0.302s] -- Up-to-date symlink: /home/mirella/openvslam/ros/2/install/image_geometry/share/image_geometry/environment/path.dsv
[0.303s] -- Up-to-date symlink: /home/mirella/openvslam/ros/2/install/image_geometry/share/image_geometry/local_setup.bash
[0.303s] -- Up-to-date symlink: /home/mirella/openvslam/ros/2/install/image_geometry/share/image_geometry/local_setup.sh
[0.303s] -- Up-to-date symlink: /home/mirella/openvslam/ros/2/install/image_geometry/share/image_geometry/local_setup.zsh
[0.304s] -- Up-to-date symlink: /home/mirella/openvslam/ros/2/install/image_geometry/share/image_geometry/local_setup.dsv
[0.304s] -- Symlinking: /home/mirella/openvslam/ros/2/install/image_geometry/share/image_geometry/package.dsv
[0.314s] -- Up-to-date symlink: /home/mirella/openvslam/ros/2/install/image_geometry/share/ament_index/resource_index/packages/image_geometry
[0.314s] -- Up-to-date symlink: /home/mirella/openvslam/ros/2/install/image_geometry/share/image_geometry/cmake/ament_cmake_export_libraries-extras.cmake
[0.315s] -- Up-to-date symlink: /home/mirella/openvslam/ros/2/install/image_geometry/share/image_geometry/cmake/ament_cmake_export_dependencies-extras.cmake
[0.315s] -- Up-to-date symlink: /home/mirella/openvslam/ros/2/install/image_geometry/share/image_geometry/cmake/ament_cmake_export_include_directories-extras.cmake
[0.315s] -- Up-to-date symlink: /home/mirella/openvslam/ros/2/install/image_geometry/share/image_geometry/cmake/image_geometryConfig.cmake
[0.315s] -- Up-to-date symlink: /home/mirella/openvslam/ros/2/install/image_geometry/share/image_geometry/cmake/image_geometryConfig-version.cmake
[0.315s] -- Up-to-date symlink: /home/mirella/openvslam/ros/2/install/image_geometry/share/image_geometry/package.xml
[0.347s] Listing '/home/mirella/openvslam/ros/2/install/image_geometry/lib/python3.6/site-packages/image_geometry'...
[0.374s] Invoked command in '/home/mirella/openvslam/ros/2/build/image_geometry' returned '0': CMAKE_PREFIX_PATH=${CMAKE_PREFIX_PATH}:/home/mirella/openvslam/ros/2/install/opencv_tests:/opt/ros/eloquent /usr/bin/cmake --build /home/mirella/openvslam/ros/2/build/image_geometry --target install -- -j12 -l12
