[0.024s] Invoking command in '/home/mirella/openvslam/ros/2/build/image_transport': CMAKE_PREFIX_PATH=${CMAKE_PREFIX_PATH}:/home/mirella/openvslam/ros/2/install/opencv_tests:/opt/ros/eloquent /usr/bin/cmake --build /home/mirella/openvslam/ros/2/build/image_transport -- -j12 -l12
[0.085s] [  6%] Built target gtest
[0.086s] [ 13%] Built target gtest_main
[0.109s] [ 40%] Built target image_transport
[0.156s] [ 46%] Built target image_transport-camera_common
[0.160s] [ 53%] Built target image_transport-remapping
[0.163s] [ 60%] Built target republish
[0.166s] [ 66%] Built target image_transport-publisher
[0.166s] [ 73%] Built target list_transports
[0.167s] [ 80%] Built target image_transport-message_passing
[0.171s] [ 86%] Built target image_transport_plugins
[0.172s] [ 93%] Built target image_transport-single_subscriber_publisher
[0.172s] [100%] Built target image_transport-subscriber
[0.183s] Invoked command in '/home/mirella/openvslam/ros/2/build/image_transport' returned '0': CMAKE_PREFIX_PATH=${CMAKE_PREFIX_PATH}:/home/mirella/openvslam/ros/2/install/opencv_tests:/opt/ros/eloquent /usr/bin/cmake --build /home/mirella/openvslam/ros/2/build/image_transport -- -j12 -l12
[0.249s] Invoking command in '/home/mirella/openvslam/ros/2/build/image_transport': CMAKE_PREFIX_PATH=${CMAKE_PREFIX_PATH}:/home/mirella/openvslam/ros/2/install/opencv_tests:/opt/ros/eloquent /usr/bin/cmake --build /home/mirella/openvslam/ros/2/build/image_transport --target install -- -j12 -l12
[0.314s] [  6%] Built target gtest
[0.319s] [ 13%] Built target gtest_main
[0.341s] [ 40%] Built target image_transport
[0.385s] [ 46%] Built target image_transport-camera_common
[0.395s] [ 53%] Built target republish
[0.397s] [ 60%] Built target image_transport-subscriber
[0.404s] [ 66%] Built target list_transports
[0.404s] [ 73%] Built target image_transport_plugins
[0.407s] [ 80%] Built target image_transport-publisher
[0.413s] [ 86%] Built target image_transport-remapping
[0.413s] [ 93%] Built target image_transport-message_passing
[0.413s] [100%] Built target image_transport-single_subscriber_publisher
[0.433s] [36mInstall the project...[0m
[0.440s] -- Install configuration: ""
[0.441s] -- Execute custom install script
[0.441s] -- Up-to-date symlink: /home/mirella/openvslam/ros/2/install/image_transport/share/image_transport//default_plugins.xml
[0.442s] -- Up-to-date symlink: /home/mirella/openvslam/ros/2/install/image_transport/lib/libimage_transport.so
[0.442s] -- Up-to-date symlink: /home/mirella/openvslam/ros/2/install/image_transport/lib/libimage_transport_plugins.so
[0.442s] -- Up-to-date symlink: /home/mirella/openvslam/ros/2/install/image_transport/lib/image_transport/list_transports
[0.442s] -- Up-to-date symlink: /home/mirella/openvslam/ros/2/install/image_transport/lib/image_transport/republish
[0.442s] -- Up-to-date symlink: /home/mirella/openvslam/ros/2/install/image_transport/include/image_transport/camera_common.h
[0.443s] -- Up-to-date symlink: /home/mirella/openvslam/ros/2/install/image_transport/include/image_transport/camera_publisher.h
[0.443s] -- Up-to-date symlink: /home/mirella/openvslam/ros/2/install/image_transport/include/image_transport/camera_subscriber.h
[0.443s] -- Up-to-date symlink: /home/mirella/openvslam/ros/2/install/image_transport/include/image_transport/exception.h
[0.443s] -- Up-to-date symlink: /home/mirella/openvslam/ros/2/install/image_transport/include/image_transport/image_transport.h
[0.444s] -- Up-to-date symlink: /home/mirella/openvslam/ros/2/install/image_transport/include/image_transport/loader_fwds.h
[0.445s] -- Up-to-date symlink: /home/mirella/openvslam/ros/2/install/image_transport/include/image_transport/publisher.h
[0.445s] -- Up-to-date symlink: /home/mirella/openvslam/ros/2/install/image_transport/include/image_transport/publisher_plugin.h
[0.445s] -- Up-to-date symlink: /home/mirella/openvslam/ros/2/install/image_transport/include/image_transport/raw_publisher.h
[0.445s] -- Up-to-date symlink: /home/mirella/openvslam/ros/2/install/image_transport/include/image_transport/raw_subscriber.h
[0.446s] -- Up-to-date symlink: /home/mirella/openvslam/ros/2/install/image_transport/include/image_transport/simple_publisher_plugin.h
[0.446s] -- Up-to-date symlink: /home/mirella/openvslam/ros/2/install/image_transport/include/image_transport/simple_subscriber_plugin.h
[0.446s] -- Up-to-date symlink: /home/mirella/openvslam/ros/2/install/image_transport/include/image_transport/single_subscriber_publisher.h
[0.446s] -- Up-to-date symlink: /home/mirella/openvslam/ros/2/install/image_transport/include/image_transport/subscriber.h
[0.446s] -- Up-to-date symlink: /home/mirella/openvslam/ros/2/install/image_transport/include/image_transport/subscriber_filter.h
[0.447s] -- Up-to-date symlink: /home/mirella/openvslam/ros/2/install/image_transport/include/image_transport/subscriber_plugin.h
[0.447s] -- Up-to-date symlink: /home/mirella/openvslam/ros/2/install/image_transport/include/image_transport/transport_hints.h
[0.447s] -- Up-to-date symlink: /home/mirella/openvslam/ros/2/install/image_transport/include/image_transport/visibility_control.hpp
[0.447s] -- Up-to-date symlink: /home/mirella/openvslam/ros/2/install/image_transport/share/image_transport/environment/library_path.sh
[0.447s] -- Up-to-date symlink: /home/mirella/openvslam/ros/2/install/image_transport/share/image_transport/environment/library_path.dsv
[0.447s] -- Up-to-date symlink: /home/mirella/openvslam/ros/2/install/image_transport/share/ament_index/resource_index/package_run_dependencies/image_transport
[0.449s] -- Up-to-date symlink: /home/mirella/openvslam/ros/2/install/image_transport/share/ament_index/resource_index/parent_prefix_path/image_transport
[0.449s] -- Up-to-date symlink: /home/mirella/openvslam/ros/2/install/image_transport/share/image_transport/environment/ament_prefix_path.sh
[0.449s] -- Up-to-date symlink: /home/mirella/openvslam/ros/2/install/image_transport/share/image_transport/environment/ament_prefix_path.dsv
[0.449s] -- Up-to-date symlink: /home/mirella/openvslam/ros/2/install/image_transport/share/image_transport/environment/path.sh
[0.450s] -- Up-to-date symlink: /home/mirella/openvslam/ros/2/install/image_transport/share/image_transport/environment/path.dsv
[0.450s] -- Up-to-date symlink: /home/mirella/openvslam/ros/2/install/image_transport/share/image_transport/local_setup.bash
[0.450s] -- Up-to-date symlink: /home/mirella/openvslam/ros/2/install/image_transport/share/image_transport/local_setup.sh
[0.450s] -- Up-to-date symlink: /home/mirella/openvslam/ros/2/install/image_transport/share/image_transport/local_setup.zsh
[0.450s] -- Up-to-date symlink: /home/mirella/openvslam/ros/2/install/image_transport/share/image_transport/local_setup.dsv
[0.450s] -- Symlinking: /home/mirella/openvslam/ros/2/install/image_transport/share/image_transport/package.dsv
[0.456s] -- Up-to-date symlink: /home/mirella/openvslam/ros/2/install/image_transport/share/ament_index/resource_index/packages/image_transport
[0.456s] -- Up-to-date symlink: /home/mirella/openvslam/ros/2/install/image_transport/share/ament_index/resource_index/image_transport__pluginlib__plugin/image_transport
[0.457s] -- Up-to-date symlink: /home/mirella/openvslam/ros/2/install/image_transport/share/image_transport/cmake/ament_cmake_export_include_directories-extras.cmake
[0.457s] -- Up-to-date symlink: /home/mirella/openvslam/ros/2/install/image_transport/share/image_transport/cmake/ament_cmake_export_libraries-extras.cmake
[0.457s] -- Up-to-date symlink: /home/mirella/openvslam/ros/2/install/image_transport/share/image_transport/cmake/ament_cmake_export_dependencies-extras.cmake
[0.458s] -- Up-to-date symlink: /home/mirella/openvslam/ros/2/install/image_transport/share/image_transport/cmake/image_transportConfig.cmake
[0.458s] -- Up-to-date symlink: /home/mirella/openvslam/ros/2/install/image_transport/share/image_transport/cmake/image_transportConfig-version.cmake
[0.458s] -- Up-to-date symlink: /home/mirella/openvslam/ros/2/install/image_transport/share/image_transport/package.xml
[0.463s] Invoked command in '/home/mirella/openvslam/ros/2/build/image_transport' returned '0': CMAKE_PREFIX_PATH=${CMAKE_PREFIX_PATH}:/home/mirella/openvslam/ros/2/install/opencv_tests:/opt/ros/eloquent /usr/bin/cmake --build /home/mirella/openvslam/ros/2/build/image_transport --target install -- -j12 -l12
