[0.024s] Invoking command in '/home/mirella/openvslam/ros/2/build/openvslam': CMAKE_PREFIX_PATH=/home/mirella/openvslam/ros/2/install/image_transport:/home/mirella/openvslam/ros/2/install/cv_bridge:/home/mirella/openvslam/ros/2/install/vision_opencv:/home/mirella/openvslam/ros/2/install/publisher:/home/mirella/openvslam/ros/2/install/openvslam:/home/mirella/openvslam/ros/2/install/image_common:/home/mirella/openvslam/ros/2/install/camera_info_manager:/home/mirella/openvslam/ros/2/install/image_geometry:/home/mirella/openvslam/ros/2/install/camera_calibration_parsers:/home/mirella/openvslam/ros/2/install/opencv_tests:/opt/ros/eloquent LD_LIBRARY_PATH=/home/mirella/openvslam/ros/2/install/image_transport/lib:/home/mirella/openvslam/ros/2/install/cv_bridge/lib:/home/mirella/openvslam/ros/2/install/camera_info_manager/lib:/home/mirella/openvslam/ros/2/install/image_geometry/lib:/home/mirella/openvslam/ros/2/install/camera_calibration_parsers/lib:/opt/ros/eloquent/opt/yaml_cpp_vendor/lib:/opt/ros/eloquent/opt/rviz_ogre_vendor/lib:/opt/ros/eloquent/lib/x86_64-linux-gnu:/opt/ros/eloquent/lib PYTHONPATH=/home/mirella/openvslam/ros/2/install/cv_bridge/lib/python3.6/site-packages:/home/mirella/openvslam/ros/2/install/opencv_tests/lib/python3.6/site-packages:/home/mirella/openvslam/ros/2/install/image_geometry/lib/python3.6/site-packages:/opt/ros/eloquent/lib/python3.6/site-packages /usr/bin/cmake --build /home/mirella/openvslam/ros/2/build/openvslam -- -j12 -l12
[0.078s] [35m[1mScanning dependencies of target run_slam[0m
[0.110s] [ 50%] Built target run_localization
[0.143s] [ 75%] [32mBuilding CXX object src/CMakeFiles/run_slam.dir/run_slam.cc.o[0m
[7.301s] [100%] [32m[1mLinking CXX executable run_slam[0m
[8.091s] [100%] Built target run_slam
[8.103s] Invoked command in '/home/mirella/openvslam/ros/2/build/openvslam' returned '0': CMAKE_PREFIX_PATH=/home/mirella/openvslam/ros/2/install/image_transport:/home/mirella/openvslam/ros/2/install/cv_bridge:/home/mirella/openvslam/ros/2/install/vision_opencv:/home/mirella/openvslam/ros/2/install/publisher:/home/mirella/openvslam/ros/2/install/openvslam:/home/mirella/openvslam/ros/2/install/image_common:/home/mirella/openvslam/ros/2/install/camera_info_manager:/home/mirella/openvslam/ros/2/install/image_geometry:/home/mirella/openvslam/ros/2/install/camera_calibration_parsers:/home/mirella/openvslam/ros/2/install/opencv_tests:/opt/ros/eloquent LD_LIBRARY_PATH=/home/mirella/openvslam/ros/2/install/image_transport/lib:/home/mirella/openvslam/ros/2/install/cv_bridge/lib:/home/mirella/openvslam/ros/2/install/camera_info_manager/lib:/home/mirella/openvslam/ros/2/install/image_geometry/lib:/home/mirella/openvslam/ros/2/install/camera_calibration_parsers/lib:/opt/ros/eloquent/opt/yaml_cpp_vendor/lib:/opt/ros/eloquent/opt/rviz_ogre_vendor/lib:/opt/ros/eloquent/lib/x86_64-linux-gnu:/opt/ros/eloquent/lib PYTHONPATH=/home/mirella/openvslam/ros/2/install/cv_bridge/lib/python3.6/site-packages:/home/mirella/openvslam/ros/2/install/opencv_tests/lib/python3.6/site-packages:/home/mirella/openvslam/ros/2/install/image_geometry/lib/python3.6/site-packages:/opt/ros/eloquent/lib/python3.6/site-packages /usr/bin/cmake --build /home/mirella/openvslam/ros/2/build/openvslam -- -j12 -l12
[8.122s] Invoking command in '/home/mirella/openvslam/ros/2/build/openvslam': CMAKE_PREFIX_PATH=/home/mirella/openvslam/ros/2/install/image_transport:/home/mirella/openvslam/ros/2/install/cv_bridge:/home/mirella/openvslam/ros/2/install/vision_opencv:/home/mirella/openvslam/ros/2/install/publisher:/home/mirella/openvslam/ros/2/install/openvslam:/home/mirella/openvslam/ros/2/install/image_common:/home/mirella/openvslam/ros/2/install/camera_info_manager:/home/mirella/openvslam/ros/2/install/image_geometry:/home/mirella/openvslam/ros/2/install/camera_calibration_parsers:/home/mirella/openvslam/ros/2/install/opencv_tests:/opt/ros/eloquent LD_LIBRARY_PATH=/home/mirella/openvslam/ros/2/install/image_transport/lib:/home/mirella/openvslam/ros/2/install/cv_bridge/lib:/home/mirella/openvslam/ros/2/install/camera_info_manager/lib:/home/mirella/openvslam/ros/2/install/image_geometry/lib:/home/mirella/openvslam/ros/2/install/camera_calibration_parsers/lib:/opt/ros/eloquent/opt/yaml_cpp_vendor/lib:/opt/ros/eloquent/opt/rviz_ogre_vendor/lib:/opt/ros/eloquent/lib/x86_64-linux-gnu:/opt/ros/eloquent/lib PYTHONPATH=/home/mirella/openvslam/ros/2/install/cv_bridge/lib/python3.6/site-packages:/home/mirella/openvslam/ros/2/install/opencv_tests/lib/python3.6/site-packages:/home/mirella/openvslam/ros/2/install/image_geometry/lib/python3.6/site-packages:/opt/ros/eloquent/lib/python3.6/site-packages /usr/bin/cmake --build /home/mirella/openvslam/ros/2/build/openvslam --target install -- -j12 -l12
[8.191s] [ 50%] Built target run_localization
[8.196s] [100%] Built target run_slam
[8.210s] [36mInstall the project...[0m
[8.216s] -- Install configuration: "Release"
[8.217s] -- Execute custom install script
[8.217s] -- Up-to-date symlink: /home/mirella/openvslam/ros/2/install/openvslam/lib/openvslam/run_slam
[8.217s] -- Up-to-date symlink: /home/mirella/openvslam/ros/2/install/openvslam/lib/openvslam/run_localization
[8.218s] -- Up-to-date symlink: /home/mirella/openvslam/ros/2/install/openvslam/share/ament_index/resource_index/package_run_dependencies/openvslam
[8.218s] -- Up-to-date symlink: /home/mirella/openvslam/ros/2/install/openvslam/share/ament_index/resource_index/parent_prefix_path/openvslam
[8.218s] -- Up-to-date symlink: /home/mirella/openvslam/ros/2/install/openvslam/share/openvslam/environment/ament_prefix_path.sh
[8.218s] -- Up-to-date symlink: /home/mirella/openvslam/ros/2/install/openvslam/share/openvslam/environment/ament_prefix_path.dsv
[8.218s] -- Up-to-date symlink: /home/mirella/openvslam/ros/2/install/openvslam/share/openvslam/environment/path.sh
[8.218s] -- Up-to-date symlink: /home/mirella/openvslam/ros/2/install/openvslam/share/openvslam/environment/path.dsv
[8.219s] -- Up-to-date symlink: /home/mirella/openvslam/ros/2/install/openvslam/share/openvslam/local_setup.bash
[8.219s] -- Up-to-date symlink: /home/mirella/openvslam/ros/2/install/openvslam/share/openvslam/local_setup.sh
[8.219s] -- Up-to-date symlink: /home/mirella/openvslam/ros/2/install/openvslam/share/openvslam/local_setup.zsh
[8.219s] -- Up-to-date symlink: /home/mirella/openvslam/ros/2/install/openvslam/share/openvslam/local_setup.dsv
[8.219s] -- Symlinking: /home/mirella/openvslam/ros/2/install/openvslam/share/openvslam/package.dsv
[8.227s] -- Up-to-date symlink: /home/mirella/openvslam/ros/2/install/openvslam/share/ament_index/resource_index/packages/openvslam
[8.227s] -- Up-to-date symlink: /home/mirella/openvslam/ros/2/install/openvslam/share/openvslam/cmake/openvslamConfig.cmake
[8.227s] -- Up-to-date symlink: /home/mirella/openvslam/ros/2/install/openvslam/share/openvslam/cmake/openvslamConfig-version.cmake
[8.227s] -- Up-to-date symlink: /home/mirella/openvslam/ros/2/install/openvslam/share/openvslam/package.xml
[8.230s] Invoked command in '/home/mirella/openvslam/ros/2/build/openvslam' returned '0': CMAKE_PREFIX_PATH=/home/mirella/openvslam/ros/2/install/image_transport:/home/mirella/openvslam/ros/2/install/cv_bridge:/home/mirella/openvslam/ros/2/install/vision_opencv:/home/mirella/openvslam/ros/2/install/publisher:/home/mirella/openvslam/ros/2/install/openvslam:/home/mirella/openvslam/ros/2/install/image_common:/home/mirella/openvslam/ros/2/install/camera_info_manager:/home/mirella/openvslam/ros/2/install/image_geometry:/home/mirella/openvslam/ros/2/install/camera_calibration_parsers:/home/mirella/openvslam/ros/2/install/opencv_tests:/opt/ros/eloquent LD_LIBRARY_PATH=/home/mirella/openvslam/ros/2/install/image_transport/lib:/home/mirella/openvslam/ros/2/install/cv_bridge/lib:/home/mirella/openvslam/ros/2/install/camera_info_manager/lib:/home/mirella/openvslam/ros/2/install/image_geometry/lib:/home/mirella/openvslam/ros/2/install/camera_calibration_parsers/lib:/opt/ros/eloquent/opt/yaml_cpp_vendor/lib:/opt/ros/eloquent/opt/rviz_ogre_vendor/lib:/opt/ros/eloquent/lib/x86_64-linux-gnu:/opt/ros/eloquent/lib PYTHONPATH=/home/mirella/openvslam/ros/2/install/cv_bridge/lib/python3.6/site-packages:/home/mirella/openvslam/ros/2/install/opencv_tests/lib/python3.6/site-packages:/home/mirella/openvslam/ros/2/install/image_geometry/lib/python3.6/site-packages:/opt/ros/eloquent/lib/python3.6/site-packages /usr/bin/cmake --build /home/mirella/openvslam/ros/2/build/openvslam --target install -- -j12 -l12
