[0.026s] Invoking command in '/home/mirella/openvslam/ros/2/build/openvslam': CMAKE_PREFIX_PATH=/home/mirella/openvslam/ros/2/install/image_transport:/home/mirella/openvslam/ros/2/install/cv_bridge:/home/mirella/openvslam/ros/2/install/vision_opencv:/home/mirella/openvslam/ros/2/install/publisher:/home/mirella/openvslam/ros/2/install/openvslam:/home/mirella/openvslam/ros/2/install/image_common:/home/mirella/openvslam/ros/2/install/camera_info_manager:/home/mirella/openvslam/ros/2/install/image_geometry:/home/mirella/openvslam/ros/2/install/camera_calibration_parsers:/home/mirella/openvslam/ros/2/install/opencv_tests:/opt/ros/eloquent LD_LIBRARY_PATH=/home/mirella/openvslam/ros/2/install/image_transport/lib:/home/mirella/openvslam/ros/2/install/cv_bridge/lib:/home/mirella/openvslam/ros/2/install/camera_info_manager/lib:/home/mirella/openvslam/ros/2/install/image_geometry/lib:/home/mirella/openvslam/ros/2/install/camera_calibration_parsers/lib:/opt/ros/eloquent/opt/yaml_cpp_vendor/lib:/opt/ros/eloquent/opt/rviz_ogre_vendor/lib:/opt/ros/eloquent/lib/x86_64-linux-gnu:/opt/ros/eloquent/lib PYTHONPATH=/home/mirella/openvslam/ros/2/install/cv_bridge/lib/python3.6/site-packages:/home/mirella/openvslam/ros/2/build/opencv_tests:/home/mirella/openvslam/ros/2/install/opencv_tests/lib/python3.6/site-packages:/home/mirella/openvslam/ros/2/install/image_geometry/lib/python3.6/site-packages:/opt/ros/eloquent/lib/python3.6/site-packages /usr/bin/cmake --build /home/mirella/openvslam/ros/2/build/openvslam -- -j12 -l12
[0.085s] [35m[1mScanning dependencies of target run_slam[0m
[0.129s] [ 50%] Built target run_localization
[0.193s] [ 75%] [32mBuilding CXX object src/CMakeFiles/run_slam.dir/run_slam.cc.o[0m
[5.903s] [01m[K/home/mirella/openvslam/ros/2/src/openvslam/src/run_slam.cc:[m[K In function ‘[01m[Kvoid callback(const ConstSharedPtr&, std::shared_ptr<rclcpp::Publisher<sensor_msgs::msg::Image_<std::allocator<void> >, std::allocator<void> > >, std::shared_ptr<rclcpp::Publisher<sensor_msgs::msg::Image_<std::allocator<void> >, std::allocator<void> > >, std::shared_ptr<rclcpp::Publisher<sensor_msgs::msg::CameraInfo_<std::allocator<void> >, std::allocator<void> > >, std::shared_ptr<rclcpp::Publisher<sensor_msgs::msg::CameraInfo_<std::allocator<void> >, std::allocator<void> > >, std::shared_ptr<rclcpp::Publisher<nav_msgs::msg::Odometry_<std::allocator<void> >, std::allocator<void> > >, openvslam::system*, cv::Mat, std::shared_ptr<rclcpp::Node>)[m[K’:
[5.903s] [01m[K/home/mirella/openvslam/ros/2/src/openvslam/src/run_slam.cc:177:99:[m[K [01;31m[Kerror: [m[Kno match for ‘[01m[Koperator=[m[K’ (operand types are ‘[01m[Ksensor_msgs::msg::Image {aka sensor_msgs::msg::Image_<std::allocator<void> >}[m[K’ and ‘[01m[Ksensor_msgs::msg::Image_<std::allocator<void> >::SharedPtr {aka std::shared_ptr<sensor_msgs::msg::Image_<std::allocator<void> > >}[m[K’)
[5.904s]          left_image_msg = cv_bridge::CvImage(std_msgs::msg::Header(), "bgr8", img_left).toImageMsg([01;31m[K)[m[K;
[5.904s]                                                                                                    [01;31m[K^[m[K
[5.904s] In file included from [01m[K/opt/ros/eloquent/include/sensor_msgs/msg/image.hpp:7:0[m[K,
[5.904s]                  from [01m[K/opt/ros/eloquent/include/image_transport/camera_publisher.h:41[m[K,
[5.904s]                  from [01m[K/opt/ros/eloquent/include/image_transport/image_transport.h:45[m[K,
[5.904s]                  from [01m[K/home/mirella/openvslam/ros/2/src/openvslam/src/run_slam.cc:26[m[K:
[5.904s] [01m[K/opt/ros/eloquent/include/sensor_msgs/msg/image__struct.hpp:35:8:[m[K [01;36m[Knote: [m[Kcandidate: sensor_msgs::msg::Image_<std::allocator<void> >& sensor_msgs::msg::Image_<std::allocator<void> >::operator=(const sensor_msgs::msg::Image_<std::allocator<void> >&)
[5.904s]  struct [01;36m[KImage_[m[K
[5.904s]         [01;36m[K^~~~~~[m[K
[5.904s] [01m[K/opt/ros/eloquent/include/sensor_msgs/msg/image__struct.hpp:35:8:[m[K [01;36m[Knote: [m[K  no known conversion for argument 1 from ‘[01m[Ksensor_msgs::msg::Image_<std::allocator<void> >::SharedPtr {aka std::shared_ptr<sensor_msgs::msg::Image_<std::allocator<void> > >}[m[K’ to ‘[01m[Kconst sensor_msgs::msg::Image_<std::allocator<void> >&[m[K’
[5.904s] [01m[K/opt/ros/eloquent/include/sensor_msgs/msg/image__struct.hpp:35:8:[m[K [01;36m[Knote: [m[Kcandidate: sensor_msgs::msg::Image_<std::allocator<void> >& sensor_msgs::msg::Image_<std::allocator<void> >::operator=(sensor_msgs::msg::Image_<std::allocator<void> >&&)
[5.904s] [01m[K/opt/ros/eloquent/include/sensor_msgs/msg/image__struct.hpp:35:8:[m[K [01;36m[Knote: [m[K  no known conversion for argument 1 from ‘[01m[Ksensor_msgs::msg::Image_<std::allocator<void> >::SharedPtr {aka std::shared_ptr<sensor_msgs::msg::Image_<std::allocator<void> > >}[m[K’ to ‘[01m[Ksensor_msgs::msg::Image_<std::allocator<void> >&&[m[K’
[5.905s] [01m[K/home/mirella/openvslam/ros/2/src/openvslam/src/run_slam.cc:184:101:[m[K [01;31m[Kerror: [m[Kno match for ‘[01m[Koperator=[m[K’ (operand types are ‘[01m[Ksensor_msgs::msg::Image {aka sensor_msgs::msg::Image_<std::allocator<void> >}[m[K’ and ‘[01m[Ksensor_msgs::msg::Image_<std::allocator<void> >::SharedPtr {aka std::shared_ptr<sensor_msgs::msg::Image_<std::allocator<void> > >}[m[K’)
[5.905s]          right_image_msg = cv_bridge::CvImage(std_msgs::msg::Header(), "bgr8", img_right).toImageMsg([01;31m[K)[m[K;
[5.905s]                                                                                                      [01;31m[K^[m[K
[5.905s] In file included from [01m[K/opt/ros/eloquent/include/sensor_msgs/msg/image.hpp:7:0[m[K,
[5.905s]                  from [01m[K/opt/ros/eloquent/include/image_transport/camera_publisher.h:41[m[K,
[5.905s]                  from [01m[K/opt/ros/eloquent/include/image_transport/image_transport.h:45[m[K,
[5.905s]                  from [01m[K/home/mirella/openvslam/ros/2/src/openvslam/src/run_slam.cc:26[m[K:
[5.906s] [01m[K/opt/ros/eloquent/include/sensor_msgs/msg/image__struct.hpp:35:8:[m[K [01;36m[Knote: [m[Kcandidate: sensor_msgs::msg::Image_<std::allocator<void> >& sensor_msgs::msg::Image_<std::allocator<void> >::operator=(const sensor_msgs::msg::Image_<std::allocator<void> >&)
[5.906s]  struct [01;36m[KImage_[m[K
[5.906s]         [01;36m[K^~~~~~[m[K
[5.906s] [01m[K/opt/ros/eloquent/include/sensor_msgs/msg/image__struct.hpp:35:8:[m[K [01;36m[Knote: [m[K  no known conversion for argument 1 from ‘[01m[Ksensor_msgs::msg::Image_<std::allocator<void> >::SharedPtr {aka std::shared_ptr<sensor_msgs::msg::Image_<std::allocator<void> > >}[m[K’ to ‘[01m[Kconst sensor_msgs::msg::Image_<std::allocator<void> >&[m[K’
[5.906s] [01m[K/opt/ros/eloquent/include/sensor_msgs/msg/image__struct.hpp:35:8:[m[K [01;36m[Knote: [m[Kcandidate: sensor_msgs::msg::Image_<std::allocator<void> >& sensor_msgs::msg::Image_<std::allocator<void> >::operator=(sensor_msgs::msg::Image_<std::allocator<void> >&&)
[5.906s] [01m[K/opt/ros/eloquent/include/sensor_msgs/msg/image__struct.hpp:35:8:[m[K [01;36m[Knote: [m[K  no known conversion for argument 1 from ‘[01m[Ksensor_msgs::msg::Image_<std::allocator<void> >::SharedPtr {aka std::shared_ptr<sensor_msgs::msg::Image_<std::allocator<void> > >}[m[K’ to ‘[01m[Ksensor_msgs::msg::Image_<std::allocator<void> >&&[m[K’
[5.906s] [01m[K/home/mirella/openvslam/ros/2/src/openvslam/src/run_slam.cc:191:43:[m[K [01;31m[Kerror: [m[Kbase operand of ‘[01m[K->[m[K’ has non-pointer type ‘[01m[Ksensor_msgs::msg::Image {aka sensor_msgs::msg::Image_<std::allocator<void> >}[m[K’
[5.906s]          left_config.width = left_image_msg[01;31m[K->[m[Kwidth;
[5.906s]                                            [01;31m[K^~[m[K
[5.906s] [01m[K/home/mirella/openvslam/ros/2/src/openvslam/src/run_slam.cc:192:44:[m[K [01;31m[Kerror: [m[Kbase operand of ‘[01m[K->[m[K’ has non-pointer type ‘[01m[Ksensor_msgs::msg::Image {aka sensor_msgs::msg::Image_<std::allocator<void> >}[m[K’
[5.906s]          left_config.height = left_image_msg[01;31m[K->[m[Kheight;
[5.906s]                                             [01;31m[K^~[m[K
[5.907s] [01m[K/home/mirella/openvslam/ros/2/src/openvslam/src/run_slam.cc:202:45:[m[K [01;31m[Kerror: [m[Kbase operand of ‘[01m[K->[m[K’ has non-pointer type ‘[01m[Ksensor_msgs::msg::Image {aka sensor_msgs::msg::Image_<std::allocator<void> >}[m[K’
[5.907s]          right_config.width = right_image_msg[01;31m[K->[m[Kwidth;
[5.907s]                                              [01;31m[K^~[m[K
[5.907s] [01m[K/home/mirella/openvslam/ros/2/src/openvslam/src/run_slam.cc:203:46:[m[K [01;31m[Kerror: [m[Kbase operand of ‘[01m[K->[m[K’ has non-pointer type ‘[01m[Ksensor_msgs::msg::Image {aka sensor_msgs::msg::Image_<std::allocator<void> >}[m[K’
[5.907s]          right_config.height = right_image_msg[01;31m[K->[m[Kheight;
[5.907s]                                               [01;31m[K^~[m[K
[5.914s] [01m[K/home/mirella/openvslam/ros/2/src/openvslam/src/run_slam.cc:147:122:[m[K [01;35m[Kwarning: [m[Kunused parameter ‘[01m[Kleft_publisher[m[K’ [[01;35m[K-Wunused-parameter[m[K]
[5.915s]                 std::shared_ptr<rclcpp::Publisher<sensor_msgs::msg::Image_<std::allocator<void>>, std::allocator<void>>> [01;35m[Kleft_publisher[m[K,
[5.915s]                                                                                                                          [01;35m[K^~~~~~~~~~~~~~[m[K
[5.915s] [01m[K/home/mirella/openvslam/ros/2/src/openvslam/src/run_slam.cc:148:122:[m[K [01;35m[Kwarning: [m[Kunused parameter ‘[01m[Kright_publisher[m[K’ [[01;35m[K-Wunused-parameter[m[K]
[5.915s]                 std::shared_ptr<rclcpp::Publisher<sensor_msgs::msg::Image_<std::allocator<void>>, std::allocator<void>>> [01;35m[Kright_publisher[m[K,
[5.915s]                                                                                                                          [01;35m[K^~~~~~~~~~~~~~~[m[K
[10.874s] src/CMakeFiles/run_slam.dir/build.make:62: recipe for target 'src/CMakeFiles/run_slam.dir/run_slam.cc.o' failed
[10.874s] make[2]: *** [src/CMakeFiles/run_slam.dir/run_slam.cc.o] Error 1
[10.874s] CMakeFiles/Makefile2:151: recipe for target 'src/CMakeFiles/run_slam.dir/all' failed
[10.874s] make[1]: *** [src/CMakeFiles/run_slam.dir/all] Error 2
[10.875s] make: *** [all] Error 2
[10.875s] Makefile:140: recipe for target 'all' failed
[10.877s] Invoked command in '/home/mirella/openvslam/ros/2/build/openvslam' returned '2': CMAKE_PREFIX_PATH=/home/mirella/openvslam/ros/2/install/image_transport:/home/mirella/openvslam/ros/2/install/cv_bridge:/home/mirella/openvslam/ros/2/install/vision_opencv:/home/mirella/openvslam/ros/2/install/publisher:/home/mirella/openvslam/ros/2/install/openvslam:/home/mirella/openvslam/ros/2/install/image_common:/home/mirella/openvslam/ros/2/install/camera_info_manager:/home/mirella/openvslam/ros/2/install/image_geometry:/home/mirella/openvslam/ros/2/install/camera_calibration_parsers:/home/mirella/openvslam/ros/2/install/opencv_tests:/opt/ros/eloquent LD_LIBRARY_PATH=/home/mirella/openvslam/ros/2/install/image_transport/lib:/home/mirella/openvslam/ros/2/install/cv_bridge/lib:/home/mirella/openvslam/ros/2/install/camera_info_manager/lib:/home/mirella/openvslam/ros/2/install/image_geometry/lib:/home/mirella/openvslam/ros/2/install/camera_calibration_parsers/lib:/opt/ros/eloquent/opt/yaml_cpp_vendor/lib:/opt/ros/eloquent/opt/rviz_ogre_vendor/lib:/opt/ros/eloquent/lib/x86_64-linux-gnu:/opt/ros/eloquent/lib PYTHONPATH=/home/mirella/openvslam/ros/2/install/cv_bridge/lib/python3.6/site-packages:/home/mirella/openvslam/ros/2/build/opencv_tests:/home/mirella/openvslam/ros/2/install/opencv_tests/lib/python3.6/site-packages:/home/mirella/openvslam/ros/2/install/image_geometry/lib/python3.6/site-packages:/opt/ros/eloquent/lib/python3.6/site-packages /usr/bin/cmake --build /home/mirella/openvslam/ros/2/build/openvslam -- -j12 -l12
