[0.027s] Invoking command in '/home/mirella/openvslam/ros/2/build/publisher': AMENT_PREFIX_PATH=/home/mirella/openvslam/ros/2/install/image_transport:/home/mirella/openvslam/ros/2/install/cv_bridge:${AMENT_PREFIX_PATH} CMAKE_PREFIX_PATH=/home/mirella/openvslam/ros/2/install/image_transport:/home/mirella/openvslam/ros/2/install/cv_bridge:/opt/ros/eloquent LD_LIBRARY_PATH=/home/mirella/openvslam/ros/2/install/image_transport/lib:/home/mirella/openvslam/ros/2/install/cv_bridge/lib:${LD_LIBRARY_PATH} PYTHONPATH=/home/mirella/openvslam/ros/2/install/cv_bridge/lib/python3.6/site-packages:${PYTHONPATH} /usr/bin/cmake --build /home/mirella/openvslam/ros/2/build/publisher -- -j12 -l12
[0.095s] [ 40%] Built target video_publisher
[0.106s] [100%] Built target image_publisher
[0.122s] Invoked command in '/home/mirella/openvslam/ros/2/build/publisher' returned '0': AMENT_PREFIX_PATH=/home/mirella/openvslam/ros/2/install/image_transport:/home/mirella/openvslam/ros/2/install/cv_bridge:${AMENT_PREFIX_PATH} CMAKE_PREFIX_PATH=/home/mirella/openvslam/ros/2/install/image_transport:/home/mirella/openvslam/ros/2/install/cv_bridge:/opt/ros/eloquent LD_LIBRARY_PATH=/home/mirella/openvslam/ros/2/install/image_transport/lib:/home/mirella/openvslam/ros/2/install/cv_bridge/lib:${LD_LIBRARY_PATH} PYTHONPATH=/home/mirella/openvslam/ros/2/install/cv_bridge/lib/python3.6/site-packages:${PYTHONPATH} /usr/bin/cmake --build /home/mirella/openvslam/ros/2/build/publisher -- -j12 -l12
[0.143s] Invoking command in '/home/mirella/openvslam/ros/2/build/publisher': AMENT_PREFIX_PATH=/home/mirella/openvslam/ros/2/install/image_transport:/home/mirella/openvslam/ros/2/install/cv_bridge:${AMENT_PREFIX_PATH} CMAKE_PREFIX_PATH=/home/mirella/openvslam/ros/2/install/image_transport:/home/mirella/openvslam/ros/2/install/cv_bridge:/opt/ros/eloquent LD_LIBRARY_PATH=/home/mirella/openvslam/ros/2/install/image_transport/lib:/home/mirella/openvslam/ros/2/install/cv_bridge/lib:${LD_LIBRARY_PATH} PYTHONPATH=/home/mirella/openvslam/ros/2/install/cv_bridge/lib/python3.6/site-packages:${PYTHONPATH} /usr/bin/cmake --build /home/mirella/openvslam/ros/2/build/publisher --target install -- -j12 -l12
[0.214s] [ 40%] Built target video_publisher
[0.215s] [100%] Built target image_publisher
[0.242s] [36mInstall the project...[0m
[0.252s] -- Install configuration: "Release"
[0.253s] -- Execute custom install script
[0.253s] -- Up-to-date symlink: /home/mirella/openvslam/ros/2/install/publisher/lib/publisher/video
[0.254s] -- Up-to-date symlink: /home/mirella/openvslam/ros/2/install/publisher/lib/publisher/image
[0.254s] -- Up-to-date symlink: /home/mirella/openvslam/ros/2/install/publisher/share/ament_index/resource_index/package_run_dependencies/publisher
[0.255s] -- Up-to-date symlink: /home/mirella/openvslam/ros/2/install/publisher/share/ament_index/resource_index/parent_prefix_path/publisher
[0.255s] -- Up-to-date symlink: /home/mirella/openvslam/ros/2/install/publisher/share/publisher/environment/ament_prefix_path.sh
[0.255s] -- Up-to-date symlink: /home/mirella/openvslam/ros/2/install/publisher/share/publisher/environment/ament_prefix_path.dsv
[0.256s] -- Up-to-date symlink: /home/mirella/openvslam/ros/2/install/publisher/share/publisher/environment/path.sh
[0.256s] -- Up-to-date symlink: /home/mirella/openvslam/ros/2/install/publisher/share/publisher/environment/path.dsv
[0.256s] -- Up-to-date symlink: /home/mirella/openvslam/ros/2/install/publisher/share/publisher/local_setup.bash
[0.257s] -- Up-to-date symlink: /home/mirella/openvslam/ros/2/install/publisher/share/publisher/local_setup.sh
[0.257s] -- Up-to-date symlink: /home/mirella/openvslam/ros/2/install/publisher/share/publisher/local_setup.zsh
[0.257s] -- Up-to-date symlink: /home/mirella/openvslam/ros/2/install/publisher/share/publisher/local_setup.dsv
[0.258s] -- Symlinking: /home/mirella/openvslam/ros/2/install/publisher/share/publisher/package.dsv
[0.266s] -- Up-to-date symlink: /home/mirella/openvslam/ros/2/install/publisher/share/ament_index/resource_index/packages/publisher
[0.267s] -- Up-to-date symlink: /home/mirella/openvslam/ros/2/install/publisher/share/publisher/cmake/publisherConfig.cmake
[0.267s] -- Up-to-date symlink: /home/mirella/openvslam/ros/2/install/publisher/share/publisher/cmake/publisherConfig-version.cmake
[0.267s] -- Up-to-date symlink: /home/mirella/openvslam/ros/2/install/publisher/share/publisher/package.xml
[0.279s] Invoked command in '/home/mirella/openvslam/ros/2/build/publisher' returned '0': AMENT_PREFIX_PATH=/home/mirella/openvslam/ros/2/install/image_transport:/home/mirella/openvslam/ros/2/install/cv_bridge:${AMENT_PREFIX_PATH} CMAKE_PREFIX_PATH=/home/mirella/openvslam/ros/2/install/image_transport:/home/mirella/openvslam/ros/2/install/cv_bridge:/opt/ros/eloquent LD_LIBRARY_PATH=/home/mirella/openvslam/ros/2/install/image_transport/lib:/home/mirella/openvslam/ros/2/install/cv_bridge/lib:${LD_LIBRARY_PATH} PYTHONPATH=/home/mirella/openvslam/ros/2/install/cv_bridge/lib/python3.6/site-packages:${PYTHONPATH} /usr/bin/cmake --build /home/mirella/openvslam/ros/2/build/publisher --target install -- -j12 -l12
