[0.020s] Invoking command in '/home/mirella/openvslam/ros/2/build/publisher': CMAKE_PREFIX_PATH=/home/mirella/openvslam/ros/2/install/image_transport:/home/mirella/openvslam/ros/2/install/cv_bridge:/home/mirella/openvslam/ros/2/install/vision_opencv:/home/mirella/openvslam/ros/2/install/publisher:/home/mirella/openvslam/ros/2/install/openvslam:/home/mirella/openvslam/ros/2/install/image_common:/home/mirella/openvslam/ros/2/install/camera_info_manager:/home/mirella/openvslam/ros/2/install/image_geometry:/home/mirella/openvslam/ros/2/install/camera_calibration_parsers:/home/mirella/openvslam/ros/2/install/opencv_tests:/opt/ros/eloquent LD_LIBRARY_PATH=/home/mirella/openvslam/ros/2/install/image_transport/lib:/home/mirella/openvslam/ros/2/install/cv_bridge/lib:/home/mirella/openvslam/ros/2/install/camera_info_manager/lib:/home/mirella/openvslam/ros/2/install/image_geometry/lib:/home/mirella/openvslam/ros/2/install/camera_calibration_parsers/lib:/opt/ros/eloquent/opt/yaml_cpp_vendor/lib:/opt/ros/eloquent/opt/rviz_ogre_vendor/lib:/opt/ros/eloquent/lib/x86_64-linux-gnu:/opt/ros/eloquent/lib PYTHONPATH=/home/mirella/openvslam/ros/2/install/cv_bridge/lib/python3.6/site-packages:/home/mirella/openvslam/ros/2/install/opencv_tests/lib/python3.6/site-packages:/home/mirella/openvslam/ros/2/install/image_geometry/lib/python3.6/site-packages:/opt/ros/eloquent/lib/python3.6/site-packages /usr/bin/cmake --build /home/mirella/openvslam/ros/2/build/publisher -- -j12 -l12
[0.069s] [35m[1mScanning dependencies of target image_publisher[0m
[0.092s] [ 40%] Built target video_publisher
[0.106s] [ 60%] [32mBuilding CXX object src/CMakeFiles/image_publisher.dir/image_publisher.cc.o[0m
[2.581s] [ 80%] [32m[1mLinking CXX executable image[0m
[2.880s] [100%] Built target image_publisher
[2.889s] Invoked command in '/home/mirella/openvslam/ros/2/build/publisher' returned '0': CMAKE_PREFIX_PATH=/home/mirella/openvslam/ros/2/install/image_transport:/home/mirella/openvslam/ros/2/install/cv_bridge:/home/mirella/openvslam/ros/2/install/vision_opencv:/home/mirella/openvslam/ros/2/install/publisher:/home/mirella/openvslam/ros/2/install/openvslam:/home/mirella/openvslam/ros/2/install/image_common:/home/mirella/openvslam/ros/2/install/camera_info_manager:/home/mirella/openvslam/ros/2/install/image_geometry:/home/mirella/openvslam/ros/2/install/camera_calibration_parsers:/home/mirella/openvslam/ros/2/install/opencv_tests:/opt/ros/eloquent LD_LIBRARY_PATH=/home/mirella/openvslam/ros/2/install/image_transport/lib:/home/mirella/openvslam/ros/2/install/cv_bridge/lib:/home/mirella/openvslam/ros/2/install/camera_info_manager/lib:/home/mirella/openvslam/ros/2/install/image_geometry/lib:/home/mirella/openvslam/ros/2/install/camera_calibration_parsers/lib:/opt/ros/eloquent/opt/yaml_cpp_vendor/lib:/opt/ros/eloquent/opt/rviz_ogre_vendor/lib:/opt/ros/eloquent/lib/x86_64-linux-gnu:/opt/ros/eloquent/lib PYTHONPATH=/home/mirella/openvslam/ros/2/install/cv_bridge/lib/python3.6/site-packages:/home/mirella/openvslam/ros/2/install/opencv_tests/lib/python3.6/site-packages:/home/mirella/openvslam/ros/2/install/image_geometry/lib/python3.6/site-packages:/opt/ros/eloquent/lib/python3.6/site-packages /usr/bin/cmake --build /home/mirella/openvslam/ros/2/build/publisher -- -j12 -l12
[2.907s] Invoking command in '/home/mirella/openvslam/ros/2/build/publisher': CMAKE_PREFIX_PATH=/home/mirella/openvslam/ros/2/install/image_transport:/home/mirella/openvslam/ros/2/install/cv_bridge:/home/mirella/openvslam/ros/2/install/vision_opencv:/home/mirella/openvslam/ros/2/install/publisher:/home/mirella/openvslam/ros/2/install/openvslam:/home/mirella/openvslam/ros/2/install/image_common:/home/mirella/openvslam/ros/2/install/camera_info_manager:/home/mirella/openvslam/ros/2/install/image_geometry:/home/mirella/openvslam/ros/2/install/camera_calibration_parsers:/home/mirella/openvslam/ros/2/install/opencv_tests:/opt/ros/eloquent LD_LIBRARY_PATH=/home/mirella/openvslam/ros/2/install/image_transport/lib:/home/mirella/openvslam/ros/2/install/cv_bridge/lib:/home/mirella/openvslam/ros/2/install/camera_info_manager/lib:/home/mirella/openvslam/ros/2/install/image_geometry/lib:/home/mirella/openvslam/ros/2/install/camera_calibration_parsers/lib:/opt/ros/eloquent/opt/yaml_cpp_vendor/lib:/opt/ros/eloquent/opt/rviz_ogre_vendor/lib:/opt/ros/eloquent/lib/x86_64-linux-gnu:/opt/ros/eloquent/lib PYTHONPATH=/home/mirella/openvslam/ros/2/install/cv_bridge/lib/python3.6/site-packages:/home/mirella/openvslam/ros/2/install/opencv_tests/lib/python3.6/site-packages:/home/mirella/openvslam/ros/2/install/image_geometry/lib/python3.6/site-packages:/opt/ros/eloquent/lib/python3.6/site-packages /usr/bin/cmake --build /home/mirella/openvslam/ros/2/build/publisher --target install -- -j12 -l12
[2.954s] [100%] Built target video_publisher
[2.954s] [100%] Built target image_publisher
[2.968s] [36mInstall the project...[0m
[2.975s] -- Install configuration: "Release"
[2.975s] -- Execute custom install script
[2.976s] -- Up-to-date symlink: /home/mirella/openvslam/ros/2/install/publisher/lib/publisher/video
[2.976s] -- Up-to-date symlink: /home/mirella/openvslam/ros/2/install/publisher/lib/publisher/image
[2.976s] -- Up-to-date symlink: /home/mirella/openvslam/ros/2/install/publisher/share/ament_index/resource_index/package_run_dependencies/publisher
[2.976s] -- Up-to-date symlink: /home/mirella/openvslam/ros/2/install/publisher/share/ament_index/resource_index/parent_prefix_path/publisher
[2.977s] -- Up-to-date symlink: /home/mirella/openvslam/ros/2/install/publisher/share/publisher/environment/ament_prefix_path.sh
[2.977s] -- Up-to-date symlink: /home/mirella/openvslam/ros/2/install/publisher/share/publisher/environment/ament_prefix_path.dsv
[2.977s] -- Up-to-date symlink: /home/mirella/openvslam/ros/2/install/publisher/share/publisher/environment/path.sh
[2.977s] -- Up-to-date symlink: /home/mirella/openvslam/ros/2/install/publisher/share/publisher/environment/path.dsv
[2.977s] -- Up-to-date symlink: /home/mirella/openvslam/ros/2/install/publisher/share/publisher/local_setup.bash
[2.978s] -- Up-to-date symlink: /home/mirella/openvslam/ros/2/install/publisher/share/publisher/local_setup.sh
[2.978s] -- Up-to-date symlink: /home/mirella/openvslam/ros/2/install/publisher/share/publisher/local_setup.zsh
[2.978s] -- Up-to-date symlink: /home/mirella/openvslam/ros/2/install/publisher/share/publisher/local_setup.dsv
[2.978s] -- Symlinking: /home/mirella/openvslam/ros/2/install/publisher/share/publisher/package.dsv
[2.985s] -- Up-to-date symlink: /home/mirella/openvslam/ros/2/install/publisher/share/ament_index/resource_index/packages/publisher
[2.985s] -- Up-to-date symlink: /home/mirella/openvslam/ros/2/install/publisher/share/publisher/cmake/publisherConfig.cmake
[2.985s] -- Up-to-date symlink: /home/mirella/openvslam/ros/2/install/publisher/share/publisher/cmake/publisherConfig-version.cmake
[2.985s] -- Up-to-date symlink: /home/mirella/openvslam/ros/2/install/publisher/share/publisher/package.xml
[2.989s] Invoked command in '/home/mirella/openvslam/ros/2/build/publisher' returned '0': CMAKE_PREFIX_PATH=/home/mirella/openvslam/ros/2/install/image_transport:/home/mirella/openvslam/ros/2/install/cv_bridge:/home/mirella/openvslam/ros/2/install/vision_opencv:/home/mirella/openvslam/ros/2/install/publisher:/home/mirella/openvslam/ros/2/install/openvslam:/home/mirella/openvslam/ros/2/install/image_common:/home/mirella/openvslam/ros/2/install/camera_info_manager:/home/mirella/openvslam/ros/2/install/image_geometry:/home/mirella/openvslam/ros/2/install/camera_calibration_parsers:/home/mirella/openvslam/ros/2/install/opencv_tests:/opt/ros/eloquent LD_LIBRARY_PATH=/home/mirella/openvslam/ros/2/install/image_transport/lib:/home/mirella/openvslam/ros/2/install/cv_bridge/lib:/home/mirella/openvslam/ros/2/install/camera_info_manager/lib:/home/mirella/openvslam/ros/2/install/image_geometry/lib:/home/mirella/openvslam/ros/2/install/camera_calibration_parsers/lib:/opt/ros/eloquent/opt/yaml_cpp_vendor/lib:/opt/ros/eloquent/opt/rviz_ogre_vendor/lib:/opt/ros/eloquent/lib/x86_64-linux-gnu:/opt/ros/eloquent/lib PYTHONPATH=/home/mirella/openvslam/ros/2/install/cv_bridge/lib/python3.6/site-packages:/home/mirella/openvslam/ros/2/install/opencv_tests/lib/python3.6/site-packages:/home/mirella/openvslam/ros/2/install/image_geometry/lib/python3.6/site-packages:/opt/ros/eloquent/lib/python3.6/site-packages /usr/bin/cmake --build /home/mirella/openvslam/ros/2/build/publisher --target install -- -j12 -l12
