-- The C compiler identification is GNU 7.5.0
-- The CXX compiler identification is GNU 7.5.0
-- Check for working C compiler: /usr/bin/cc
-- Check for working C compiler: /usr/bin/cc -- works
-- Detecting C compiler ABI info
-- Detecting C compiler ABI info - done
-- Detecting C compile features
-- Detecting C compile features - done
-- Check for working CXX compiler: /usr/bin/c++
-- Check for working CXX compiler: /usr/bin/c++ -- works
-- Detecting CXX compiler ABI info
-- Detecting CXX compiler ABI info - done
-- Detecting CXX compile features
-- Detecting CXX compile features - done
-- Found ament_cmake: 0.8.2 (/opt/ros/eloquent/share/ament_cmake/cmake)
-- Found PythonInterp: /usr/bin/python3 (found suitable version "3.6.9", minimum required is "3") 
-- Using PYTHON_EXECUTABLE: /usr/bin/python3
-- Override CMake install command with custom implementation using symlinks instead of copying resources
-- Found ament_lint_auto: 0.8.1 (/opt/ros/eloquent/share/ament_lint_auto/cmake)
-- Added test 'lint_cmake' to check CMake code style
-- Added test 'xmllint' to check XML markup files
-- Configuring done
-- Generating done
-- Build files have been written to: /home/mirella/openvslam/ros/2/build/image_common
[36mInstall the project...[0m
-- Install configuration: ""
-- Execute custom install script
-- Symlinking: /home/mirella/openvslam/ros/2/install/image_common/share/ament_index/resource_index/package_run_dependencies/image_common
-- Symlinking: /home/mirella/openvslam/ros/2/install/image_common/share/ament_index/resource_index/parent_prefix_path/image_common
-- Symlinking: /home/mirella/openvslam/ros/2/install/image_common/share/image_common/environment/ament_prefix_path.sh
-- Symlinking: /home/mirella/openvslam/ros/2/install/image_common/share/image_common/environment/ament_prefix_path.dsv
-- Symlinking: /home/mirella/openvslam/ros/2/install/image_common/share/image_common/environment/path.sh
-- Symlinking: /home/mirella/openvslam/ros/2/install/image_common/share/image_common/environment/path.dsv
-- Symlinking: /home/mirella/openvslam/ros/2/install/image_common/share/image_common/local_setup.bash
-- Symlinking: /home/mirella/openvslam/ros/2/install/image_common/share/image_common/local_setup.sh
-- Symlinking: /home/mirella/openvslam/ros/2/install/image_common/share/image_common/local_setup.zsh
-- Symlinking: /home/mirella/openvslam/ros/2/install/image_common/share/image_common/local_setup.dsv
-- Symlinking: /home/mirella/openvslam/ros/2/install/image_common/share/image_common/package.dsv
-- Symlinking: /home/mirella/openvslam/ros/2/install/image_common/share/ament_index/resource_index/packages/image_common
-- Symlinking: /home/mirella/openvslam/ros/2/install/image_common/share/image_common/cmake/image_commonConfig.cmake
-- Symlinking: /home/mirella/openvslam/ros/2/install/image_common/share/image_common/cmake/image_commonConfig-version.cmake
-- Symlinking: /home/mirella/openvslam/ros/2/install/image_common/share/image_common/package.xml
