[0.026s] Invoking command in '/home/mirella/openvslam/ros/2/build/openvslam': CMAKE_PREFIX_PATH=/home/mirella/openvslam/ros/2/install/image_transport:/home/mirella/openvslam/ros/2/install/cv_bridge:/home/mirella/openvslam/ros/2/install/vision_opencv:/home/mirella/openvslam/ros/2/install/publisher:/home/mirella/openvslam/ros/2/install/openvslam:/home/mirella/openvslam/ros/2/install/image_common:/home/mirella/openvslam/ros/2/install/camera_info_manager:/home/mirella/openvslam/ros/2/install/image_geometry:/home/mirella/openvslam/ros/2/install/camera_calibration_parsers:/home/mirella/openvslam/ros/2/install/opencv_tests:/opt/ros/eloquent LD_LIBRARY_PATH=/home/mirella/openvslam/ros/2/install/image_transport/lib:/home/mirella/openvslam/ros/2/install/cv_bridge/lib:/home/mirella/openvslam/ros/2/install/camera_info_manager/lib:/home/mirella/openvslam/ros/2/install/image_geometry/lib:/home/mirella/openvslam/ros/2/install/camera_calibration_parsers/lib:/opt/ros/eloquent/opt/yaml_cpp_vendor/lib:/opt/ros/eloquent/opt/rviz_ogre_vendor/lib:/opt/ros/eloquent/lib/x86_64-linux-gnu:/opt/ros/eloquent/lib PYTHONPATH=/home/mirella/openvslam/ros/2/install/cv_bridge/lib/python3.6/site-packages:/home/mirella/openvslam/ros/2/build/opencv_tests:/home/mirella/openvslam/ros/2/install/opencv_tests/lib/python3.6/site-packages:/home/mirella/openvslam/ros/2/install/image_geometry/lib/python3.6/site-packages:/opt/ros/eloquent/lib/python3.6/site-packages /usr/bin/cmake --build /home/mirella/openvslam/ros/2/build/openvslam -- -j12 -l12
[0.056s] -- Root directory of OpenVSLAM: /home/mirella/openvslam
[0.056s] -- Source directory of OpenVSLAM: /home/mirella/openvslam/src
[0.056s] -- Library directory of OpenVSLAM: /home/mirella/openvslam/build/lib
[0.056s] -- Build type: Release
[0.056s] -- Address/Memory sanitizer: DISABLED
[0.056s] -- Stack trace logger: DISABLED
[0.056s] -- Google Perftools: DISABLED
[0.056s] -- Architecture-aware optimization (-march=native): DISABLED
[0.057s] -- C++11 support: OK (-std=c++17)
[0.057s] -- Found ament_cmake: 0.8.2 (/opt/ros/eloquent/share/ament_cmake/cmake)
[0.087s] -- Using PYTHON_EXECUTABLE: /usr/bin/python3
[0.266s] -- Override CMake install command with custom implementation using symlinks instead of copying resources
[0.274s] -- Found rclcpp: 0.8.4 (/opt/ros/eloquent/share/rclcpp/cmake)
[0.288s] -- Found rosidl_adapter: 0.8.2 (/opt/ros/eloquent/share/rosidl_adapter/cmake)
[0.320s] -- Found rmw_implementation_cmake: 0.8.1 (/opt/ros/eloquent/share/rmw_implementation_cmake/cmake)
[0.322s] -- Using RMW implementation 'rmw_fastrtps_cpp' as default
[0.347s] -- Found cv_bridge: 2.2.1 (/home/mirella/openvslam/ros/2/install/cv_bridge/share/cv_bridge/cmake)
[0.355s] -- Found image_transport: 2.2.1 (/home/mirella/openvslam/ros/2/install/image_transport/share/image_transport/cmake)
[0.395s] -- Found tinyxml2_vendor:  (/opt/ros/eloquent/share/tinyxml2_vendor/cmake)
[0.405s] -- Found poco_vendor:  (/opt/ros/eloquent/share/poco_vendor/cmake)
[0.437s] -- Boost version: 1.65.1
[0.438s] -- Found the following Boost libraries:
[0.438s] --   system
[0.473s] -- Boost version: 1.65.1
[0.473s] -- Found the following Boost libraries:
[0.473s] --   system
[0.473s] --   filesystem
[0.473s] --   thread
[0.473s] --   date_time
[0.473s] --   iostreams
[0.473s] --   serialization
[0.473s] --   chrono
[0.473s] --   atomic
[0.473s] --   regex
[0.482s] -- Could NOT find ensenso (missing: ENSENSO_LIBRARY ENSENSO_INCLUDE_DIR) 
[0.482s] ** WARNING ** io features related to ensenso will be disabled
[0.484s] -- Could NOT find DAVIDSDK (missing: DAVIDSDK_LIBRARY DAVIDSDK_INCLUDE_DIR) 
[0.484s] ** WARNING ** io features related to davidSDK will be disabled
[0.485s] -- Could NOT find DSSDK (missing: _DSSDK_LIBRARIES) 
[0.485s] ** WARNING ** io features related to dssdk will be disabled
[0.485s] ** WARNING ** io features related to pcap will be disabled
[0.485s] ** WARNING ** io features related to png will be disabled
[0.531s] -- The imported target "vtkRenderingPythonTkWidgets" references the file
[0.531s]    "/usr/lib/x86_64-linux-gnu/libvtkRenderingPythonTkWidgets.so"
[0.531s] but this file does not exist.  Possible reasons include:
[0.532s] * The file was deleted, renamed, or moved to another location.
[0.532s] * An install or uninstall procedure did not complete successfully.
[0.532s] * The installation package was faulty and contained
[0.532s]    "/usr/lib/cmake/vtk-6.3/VTKTargets.cmake"
[0.532s] but not all the files it references.
[0.532s] 
[0.532s] -- The imported target "vtk" references the file
[0.532s]    "/usr/bin/vtk"
[0.532s] but this file does not exist.  Possible reasons include:
[0.533s] * The file was deleted, renamed, or moved to another location.
[0.533s] * An install or uninstall procedure did not complete successfully.
[0.533s] * The installation package was faulty and contained
[0.533s]    "/usr/lib/cmake/vtk-6.3/VTKTargets.cmake"
[0.533s] but not all the files it references.
[0.533s] 
[0.567s] ** WARNING ** io features related to libusb-1.0 will be disabled
[0.589s] -- Could NOT find ensenso (missing: ENSENSO_LIBRARY ENSENSO_INCLUDE_DIR) 
[0.589s] ** WARNING ** visualization features related to ensenso will be disabled
[0.591s] -- Could NOT find DAVIDSDK (missing: DAVIDSDK_LIBRARY DAVIDSDK_INCLUDE_DIR) 
[0.591s] ** WARNING ** visualization features related to davidSDK will be disabled
[0.592s] -- Could NOT find DSSDK (missing: _DSSDK_LIBRARIES) 
[0.592s] ** WARNING ** visualization features related to dssdk will be disabled
[0.592s] -- Could NOT find RSSDK (missing: _RSSDK_LIBRARIES) 
[0.592s] ** WARNING ** visualization features related to rssdk will be disabled
[0.627s] -- looking for PCL_COMMON
[0.627s] -- looking for PCL_OCTREE
[0.628s] -- looking for PCL_IO
[0.628s] -- looking for PCL_KDTREE
[0.628s] -- looking for PCL_SEARCH
[0.629s] -- looking for PCL_SAMPLE_CONSENSUS
[0.629s] -- looking for PCL_FILTERS
[0.630s] -- looking for PCL_2D
[0.630s] -- looking for PCL_GEOMETRY
[0.630s] -- looking for PCL_FEATURES
[0.631s] -- looking for PCL_ML
[0.631s] -- looking for PCL_SEGMENTATION
[0.632s] -- looking for PCL_VISUALIZATION
[0.632s] -- looking for PCL_SURFACE
[0.633s] -- looking for PCL_REGISTRATION
[0.633s] -- looking for PCL_KEYPOINTS
[0.634s] -- looking for PCL_TRACKING
[0.634s] -- looking for PCL_RECOGNITION
[0.635s] -- looking for PCL_STEREO
[0.635s] -- looking for PCL_APPS
[0.637s] -- looking for PCL_IN_HAND_SCANNER
[0.637s] -- looking for PCL_MODELER
[0.638s] -- looking for PCL_POINT_CLOUD_EDITOR
[0.638s] -- looking for PCL_OUTOFCORE
[0.638s] -- looking for PCL_PEOPLE
[0.659s] -- Use OpenCV 3.4.0
[0.661s] -- BoW framework: DBoW2 (found in /usr/local/include)
[0.663s] -- Viewer for examples: pangolin viewer
[0.761s] -- Configuring done
[0.816s] -- Generating done
[0.818s] -- Build files have been written to: /home/mirella/openvslam/ros/2/build/openvslam
[0.842s] [35m[1mScanning dependencies of target run_localization[0m
[0.843s] [35m[1mScanning dependencies of target run_slam[0m
[0.894s] [ 25%] [32mBuilding CXX object src/CMakeFiles/run_localization.dir/run_localization.cc.o[0m
[0.904s] [ 50%] [32mBuilding CXX object src/CMakeFiles/run_slam.dir/run_slam.cc.o[0m
[4.693s] [01m[K/home/mirella/openvslam/ros/2/src/openvslam/src/run_slam.cc:[m[K In function ‘[01m[Kvoid callback(const ConstSharedPtr&, std::shared_ptr<rclcpp::Publisher<sensor_msgs::msg::Image_<std::allocator<void> >, std::allocator<void> > >, std::shared_ptr<rclcpp::Publisher<sensor_msgs::msg::Image_<std::allocator<void> >, std::allocator<void> > >, std::shared_ptr<rclcpp::Publisher<sensor_msgs::msg::CameraInfo_<std::allocator<void> >, std::allocator<void> > >, std::shared_ptr<rclcpp::Publisher<sensor_msgs::msg::CameraInfo_<std::allocator<void> >, std::allocator<void> > >, std::shared_ptr<rclcpp::Publisher<nav_msgs::msg::Odometry_<std::allocator<void> >, std::allocator<void> > >, openvslam::system*, cv::Mat, std::shared_ptr<rclcpp::Node>)[m[K’:
[4.693s] [01m[K/home/mirella/openvslam/ros/2/src/openvslam/src/run_slam.cc:211:46:[m[K [01;31m[Kerror: [m[Kno matching function for call to ‘[01m[Krclcpp::Publisher<nav_msgs::msg::Odometry_<std::allocator<void> >, std::allocator<void> >::publish(std::shared_ptr<nav_msgs::msg::Odometry_<std::allocator<void> > >&)[m[K’
[4.693s]          odometry_publisher->publish(odom_msg_[01;31m[K)[m[K;
[4.693s]                                               [01;31m[K^[m[K
[4.693s] In file included from [01m[K/opt/ros/eloquent/include/rclcpp/node_interfaces/node_topics_interface.hpp:26:0[m[K,
[4.693s]                  from [01m[K/opt/ros/eloquent/include/rclcpp/node.hpp:53[m[K,
[4.693s]                  from [01m[K/opt/ros/eloquent/include/rclcpp/executors/single_threaded_executor.hpp:28[m[K,
[4.693s]                  from [01m[K/opt/ros/eloquent/include/rclcpp/executors.hpp:22[m[K,
[4.693s]                  from [01m[K/opt/ros/eloquent/include/rclcpp/rclcpp.hpp:145[m[K,
[4.693s]                  from [01m[K/home/mirella/openvslam/ros/2/src/openvslam/src/run_slam.cc:21[m[K:
[4.693s] [01m[K/opt/ros/eloquent/include/rclcpp/publisher.hpp:159:3:[m[K [01;36m[Knote: [m[Kcandidate: void rclcpp::Publisher<MessageT, AllocatorT>::publish(std::unique_ptr<MessageT, typename std::conditional<std::is_same<typename std::allocator_traits<typename std::allocator_traits<_NodeAlloc>::rebind_traits<MessageT>::allocator_type>::rebind_alloc<MessageT>, typename std::allocator<void>::rebind<_Tp1>::other>::value, std::default_delete<_Tp>, rclcpp::allocator::AllocatorDeleter<typename std::allocator_traits<_NodeAlloc>::rebind_traits<MessageT>::allocator_type> >::type>) [with MessageT = nav_msgs::msg::Odometry_<std::allocator<void> >; AllocatorT = std::allocator<void>; typename std::conditional<std::is_same<typename std::allocator_traits<typename std::allocator_traits<_NodeAlloc>::rebind_traits<MessageT>::allocator_type>::rebind_alloc<MessageT>, typename std::allocator<void>::rebind<_Tp1>::other>::value, std::default_delete<_Tp>, rclcpp::allocator::AllocatorDeleter<typename std::allocator_traits<_NodeAlloc>::rebind_traits<MessageT>::allocator_type> >::type = std::default_delete<nav_msgs::msg::Odometry_<std::allocator<void> > >]
[4.694s]    [01;36m[Kpublish[m[K(std::unique_ptr<MessageT, MessageDeleter> msg)
[4.694s]    [01;36m[K^~~~~~~[m[K
[4.694s] [01m[K/opt/ros/eloquent/include/rclcpp/publisher.hpp:159:3:[m[K [01;36m[Knote: [m[K  no known conversion for argument 1 from ‘[01m[Kstd::shared_ptr<nav_msgs::msg::Odometry_<std::allocator<void> > >[m[K’ to ‘[01m[Kstd::unique_ptr<nav_msgs::msg::Odometry_<std::allocator<void> >, std::default_delete<nav_msgs::msg::Odometry_<std::allocator<void> > > >[m[K’
[4.694s] [01m[K/opt/ros/eloquent/include/rclcpp/publisher.hpp:183:3:[m[K [01;36m[Knote: [m[Kcandidate: void rclcpp::Publisher<MessageT, AllocatorT>::publish(const MessageT&) [with MessageT = nav_msgs::msg::Odometry_<std::allocator<void> >; AllocatorT = std::allocator<void>]
[4.694s]    [01;36m[Kpublish[m[K(const MessageT & msg)
[4.694s]    [01;36m[K^~~~~~~[m[K
[4.694s] [01m[K/opt/ros/eloquent/include/rclcpp/publisher.hpp:183:3:[m[K [01;36m[Knote: [m[K  no known conversion for argument 1 from ‘[01m[Kstd::shared_ptr<nav_msgs::msg::Odometry_<std::allocator<void> > >[m[K’ to ‘[01m[Kconst nav_msgs::msg::Odometry_<std::allocator<void> >&[m[K’
[4.694s] [01m[K/opt/ros/eloquent/include/rclcpp/publisher.hpp:200:3:[m[K [01;36m[Knote: [m[Kcandidate: void rclcpp::Publisher<MessageT, AllocatorT>::publish(const rcl_serialized_message_t&) [with MessageT = nav_msgs::msg::Odometry_<std::allocator<void> >; AllocatorT = std::allocator<void>; rcl_serialized_message_t = rcutils_uint8_array_t]
[4.694s]    [01;36m[Kpublish[m[K(const rcl_serialized_message_t & serialized_msg)
[4.694s]    [01;36m[K^~~~~~~[m[K
[4.694s] [01m[K/opt/ros/eloquent/include/rclcpp/publisher.hpp:200:3:[m[K [01;36m[Knote: [m[K  no known conversion for argument 1 from ‘[01m[Kstd::shared_ptr<nav_msgs::msg::Odometry_<std::allocator<void> > >[m[K’ to ‘[01m[Kconst rcl_serialized_message_t& {aka const rcutils_uint8_array_t&}[m[K’
[4.694s] [01m[K/opt/ros/eloquent/include/rclcpp/publisher.hpp:214:3:[m[K [01;36m[Knote: [m[Kcandidate: void rclcpp::Publisher<MessageT, AllocatorT>::publish(rclcpp::LoanedMessage<MessageT, AllocatorT>&&) [with MessageT = nav_msgs::msg::Odometry_<std::allocator<void> >; AllocatorT = std::allocator<void>]
[4.694s]    [01;36m[Kpublish[m[K(rclcpp::LoanedMessage<MessageT, AllocatorT> && loaned_msg)
[4.694s]    [01;36m[K^~~~~~~[m[K
[4.695s] [01m[K/opt/ros/eloquent/include/rclcpp/publisher.hpp:214:3:[m[K [01;36m[Knote: [m[K  no known conversion for argument 1 from ‘[01m[Kstd::shared_ptr<nav_msgs::msg::Odometry_<std::allocator<void> > >[m[K’ to ‘[01m[Krclcpp::LoanedMessage<nav_msgs::msg::Odometry_<std::allocator<void> >, std::allocator<void> >&&[m[K’
[4.702s] [01m[K/home/mirella/openvslam/ros/2/src/openvslam/src/run_slam.cc:212:49:[m[K [01;31m[Kerror: [m[Kno matching function for call to ‘[01m[Krclcpp::Publisher<sensor_msgs::msg::Image_<std::allocator<void> >, std::allocator<void> >::publish(sensor_msgs::msg::Image_<std::allocator<void> >::SharedPtr&)[m[K’
[4.702s]          right_publisher->publish(right_image_msg[01;31m[K)[m[K;
[4.702s]                                                  [01;31m[K^[m[K
[4.702s] In file included from [01m[K/opt/ros/eloquent/include/rclcpp/node_interfaces/node_topics_interface.hpp:26:0[m[K,
[4.702s]                  from [01m[K/opt/ros/eloquent/include/rclcpp/node.hpp:53[m[K,
[4.702s]                  from [01m[K/opt/ros/eloquent/include/rclcpp/executors/single_threaded_executor.hpp:28[m[K,
[4.702s]                  from [01m[K/opt/ros/eloquent/include/rclcpp/executors.hpp:22[m[K,
[4.702s]                  from [01m[K/opt/ros/eloquent/include/rclcpp/rclcpp.hpp:145[m[K,
[4.702s]                  from [01m[K/home/mirella/openvslam/ros/2/src/openvslam/src/run_slam.cc:21[m[K:
[4.702s] [01m[K/opt/ros/eloquent/include/rclcpp/publisher.hpp:159:3:[m[K [01;36m[Knote: [m[Kcandidate: void rclcpp::Publisher<MessageT, AllocatorT>::publish(std::unique_ptr<MessageT, typename std::conditional<std::is_same<typename std::allocator_traits<typename std::allocator_traits<_NodeAlloc>::rebind_traits<MessageT>::allocator_type>::rebind_alloc<MessageT>, typename std::allocator<void>::rebind<_Tp1>::other>::value, std::default_delete<_Tp>, rclcpp::allocator::AllocatorDeleter<typename std::allocator_traits<_NodeAlloc>::rebind_traits<MessageT>::allocator_type> >::type>) [with MessageT = sensor_msgs::msg::Image_<std::allocator<void> >; AllocatorT = std::allocator<void>; typename std::conditional<std::is_same<typename std::allocator_traits<typename std::allocator_traits<_NodeAlloc>::rebind_traits<MessageT>::allocator_type>::rebind_alloc<MessageT>, typename std::allocator<void>::rebind<_Tp1>::other>::value, std::default_delete<_Tp>, rclcpp::allocator::AllocatorDeleter<typename std::allocator_traits<_NodeAlloc>::rebind_traits<MessageT>::allocator_type> >::type = std::default_delete<sensor_msgs::msg::Image_<std::allocator<void> > >]
[4.703s]    [01;36m[Kpublish[m[K(std::unique_ptr<MessageT, MessageDeleter> msg)
[4.703s]    [01;36m[K^~~~~~~[m[K
[4.703s] [01m[K/opt/ros/eloquent/include/rclcpp/publisher.hpp:159:3:[m[K [01;36m[Knote: [m[K  no known conversion for argument 1 from ‘[01m[Ksensor_msgs::msg::Image_<std::allocator<void> >::SharedPtr {aka std::shared_ptr<sensor_msgs::msg::Image_<std::allocator<void> > >}[m[K’ to ‘[01m[Kstd::unique_ptr<sensor_msgs::msg::Image_<std::allocator<void> >, std::default_delete<sensor_msgs::msg::Image_<std::allocator<void> > > >[m[K’
[4.703s] [01m[K/opt/ros/eloquent/include/rclcpp/publisher.hpp:183:3:[m[K [01;36m[Knote: [m[Kcandidate: void rclcpp::Publisher<MessageT, AllocatorT>::publish(const MessageT&) [with MessageT = sensor_msgs::msg::Image_<std::allocator<void> >; AllocatorT = std::allocator<void>]
[4.703s]    [01;36m[Kpublish[m[K(const MessageT & msg)
[4.703s]    [01;36m[K^~~~~~~[m[K
[4.703s] [01m[K/opt/ros/eloquent/include/rclcpp/publisher.hpp:183:3:[m[K [01;36m[Knote: [m[K  no known conversion for argument 1 from ‘[01m[Ksensor_msgs::msg::Image_<std::allocator<void> >::SharedPtr {aka std::shared_ptr<sensor_msgs::msg::Image_<std::allocator<void> > >}[m[K’ to ‘[01m[Kconst sensor_msgs::msg::Image_<std::allocator<void> >&[m[K’
[4.703s] [01m[K/opt/ros/eloquent/include/rclcpp/publisher.hpp:200:3:[m[K [01;36m[Knote: [m[Kcandidate: void rclcpp::Publisher<MessageT, AllocatorT>::publish(const rcl_serialized_message_t&) [with MessageT = sensor_msgs::msg::Image_<std::allocator<void> >; AllocatorT = std::allocator<void>; rcl_serialized_message_t = rcutils_uint8_array_t]
[4.703s]    [01;36m[Kpublish[m[K(const rcl_serialized_message_t & serialized_msg)
[4.703s]    [01;36m[K^~~~~~~[m[K
[4.703s] [01m[K/opt/ros/eloquent/include/rclcpp/publisher.hpp:200:3:[m[K [01;36m[Knote: [m[K  no known conversion for argument 1 from ‘[01m[Ksensor_msgs::msg::Image_<std::allocator<void> >::SharedPtr {aka std::shared_ptr<sensor_msgs::msg::Image_<std::allocator<void> > >}[m[K’ to ‘[01m[Kconst rcl_serialized_message_t& {aka const rcutils_uint8_array_t&}[m[K’
[4.703s] [01m[K/opt/ros/eloquent/include/rclcpp/publisher.hpp:214:3:[m[K [01;36m[Knote: [m[Kcandidate: void rclcpp::Publisher<MessageT, AllocatorT>::publish(rclcpp::LoanedMessage<MessageT, AllocatorT>&&) [with MessageT = sensor_msgs::msg::Image_<std::allocator<void> >; AllocatorT = std::allocator<void>]
[4.704s]    [01;36m[Kpublish[m[K(rclcpp::LoanedMessage<MessageT, AllocatorT> && loaned_msg)
[4.704s]    [01;36m[K^~~~~~~[m[K
[4.704s] [01m[K/opt/ros/eloquent/include/rclcpp/publisher.hpp:214:3:[m[K [01;36m[Knote: [m[K  no known conversion for argument 1 from ‘[01m[Ksensor_msgs::msg::Image_<std::allocator<void> >::SharedPtr {aka std::shared_ptr<sensor_msgs::msg::Image_<std::allocator<void> > >}[m[K’ to ‘[01m[Krclcpp::LoanedMessage<sensor_msgs::msg::Image_<std::allocator<void> >, std::allocator<void> >&&[m[K’
[4.704s] [01m[K/home/mirella/openvslam/ros/2/src/openvslam/src/run_slam.cc:213:47:[m[K [01;31m[Kerror: [m[Kno matching function for call to ‘[01m[Krclcpp::Publisher<sensor_msgs::msg::Image_<std::allocator<void> >, std::allocator<void> >::publish(sensor_msgs::msg::Image_<std::allocator<void> >::SharedPtr&)[m[K’
[4.704s]          left_publisher->publish(left_image_msg[01;31m[K)[m[K;
[4.704s]                                                [01;31m[K^[m[K
[4.704s] In file included from [01m[K/opt/ros/eloquent/include/rclcpp/node_interfaces/node_topics_interface.hpp:26:0[m[K,
[4.704s]                  from [01m[K/opt/ros/eloquent/include/rclcpp/node.hpp:53[m[K,
[4.704s]                  from [01m[K/opt/ros/eloquent/include/rclcpp/executors/single_threaded_executor.hpp:28[m[K,
[4.704s]                  from [01m[K/opt/ros/eloquent/include/rclcpp/executors.hpp:22[m[K,
[4.704s]                  from [01m[K/opt/ros/eloquent/include/rclcpp/rclcpp.hpp:145[m[K,
[4.704s]                  from [01m[K/home/mirella/openvslam/ros/2/src/openvslam/src/run_slam.cc:21[m[K:
[4.704s] [01m[K/opt/ros/eloquent/include/rclcpp/publisher.hpp:159:3:[m[K [01;36m[Knote: [m[Kcandidate: void rclcpp::Publisher<MessageT, AllocatorT>::publish(std::unique_ptr<MessageT, typename std::conditional<std::is_same<typename std::allocator_traits<typename std::allocator_traits<_NodeAlloc>::rebind_traits<MessageT>::allocator_type>::rebind_alloc<MessageT>, typename std::allocator<void>::rebind<_Tp1>::other>::value, std::default_delete<_Tp>, rclcpp::allocator::AllocatorDeleter<typename std::allocator_traits<_NodeAlloc>::rebind_traits<MessageT>::allocator_type> >::type>) [with MessageT = sensor_msgs::msg::Image_<std::allocator<void> >; AllocatorT = std::allocator<void>; typename std::conditional<std::is_same<typename std::allocator_traits<typename std::allocator_traits<_NodeAlloc>::rebind_traits<MessageT>::allocator_type>::rebind_alloc<MessageT>, typename std::allocator<void>::rebind<_Tp1>::other>::value, std::default_delete<_Tp>, rclcpp::allocator::AllocatorDeleter<typename std::allocator_traits<_NodeAlloc>::rebind_traits<MessageT>::allocator_type> >::type = std::default_delete<sensor_msgs::msg::Image_<std::allocator<void> > >]
[4.704s]    [01;36m[Kpublish[m[K(std::unique_ptr<MessageT, MessageDeleter> msg)
[4.705s]    [01;36m[K^~~~~~~[m[K
[4.705s] [01m[K/opt/ros/eloquent/include/rclcpp/publisher.hpp:159:3:[m[K [01;36m[Knote: [m[K  no known conversion for argument 1 from ‘[01m[Ksensor_msgs::msg::Image_<std::allocator<void> >::SharedPtr {aka std::shared_ptr<sensor_msgs::msg::Image_<std::allocator<void> > >}[m[K’ to ‘[01m[Kstd::unique_ptr<sensor_msgs::msg::Image_<std::allocator<void> >, std::default_delete<sensor_msgs::msg::Image_<std::allocator<void> > > >[m[K’
[4.705s] [01m[K/opt/ros/eloquent/include/rclcpp/publisher.hpp:183:3:[m[K [01;36m[Knote: [m[Kcandidate: void rclcpp::Publisher<MessageT, AllocatorT>::publish(const MessageT&) [with MessageT = sensor_msgs::msg::Image_<std::allocator<void> >; AllocatorT = std::allocator<void>]
[4.705s]    [01;36m[Kpublish[m[K(const MessageT & msg)
[4.705s]    [01;36m[K^~~~~~~[m[K
[4.705s] [01m[K/opt/ros/eloquent/include/rclcpp/publisher.hpp:183:3:[m[K [01;36m[Knote: [m[K  no known conversion for argument 1 from ‘[01m[Ksensor_msgs::msg::Image_<std::allocator<void> >::SharedPtr {aka std::shared_ptr<sensor_msgs::msg::Image_<std::allocator<void> > >}[m[K’ to ‘[01m[Kconst sensor_msgs::msg::Image_<std::allocator<void> >&[m[K’
[4.705s] [01m[K/opt/ros/eloquent/include/rclcpp/publisher.hpp:200:3:[m[K [01;36m[Knote: [m[Kcandidate: void rclcpp::Publisher<MessageT, AllocatorT>::publish(const rcl_serialized_message_t&) [with MessageT = sensor_msgs::msg::Image_<std::allocator<void> >; AllocatorT = std::allocator<void>; rcl_serialized_message_t = rcutils_uint8_array_t]
[4.705s]    [01;36m[Kpublish[m[K(const rcl_serialized_message_t & serialized_msg)
[4.705s]    [01;36m[K^~~~~~~[m[K
[4.705s] [01m[K/opt/ros/eloquent/include/rclcpp/publisher.hpp:200:3:[m[K [01;36m[Knote: [m[K  no known conversion for argument 1 from ‘[01m[Ksensor_msgs::msg::Image_<std::allocator<void> >::SharedPtr {aka std::shared_ptr<sensor_msgs::msg::Image_<std::allocator<void> > >}[m[K’ to ‘[01m[Kconst rcl_serialized_message_t& {aka const rcutils_uint8_array_t&}[m[K’
[4.705s] [01m[K/opt/ros/eloquent/include/rclcpp/publisher.hpp:214:3:[m[K [01;36m[Knote: [m[Kcandidate: void rclcpp::Publisher<MessageT, AllocatorT>::publish(rclcpp::LoanedMessage<MessageT, AllocatorT>&&) [with MessageT = sensor_msgs::msg::Image_<std::allocator<void> >; AllocatorT = std::allocator<void>]
[4.705s]    [01;36m[Kpublish[m[K(rclcpp::LoanedMessage<MessageT, AllocatorT> && loaned_msg)
[4.705s]    [01;36m[K^~~~~~~[m[K
[4.705s] [01m[K/opt/ros/eloquent/include/rclcpp/publisher.hpp:214:3:[m[K [01;36m[Knote: [m[K  no known conversion for argument 1 from ‘[01m[Ksensor_msgs::msg::Image_<std::allocator<void> >::SharedPtr {aka std::shared_ptr<sensor_msgs::msg::Image_<std::allocator<void> > >}[m[K’ to ‘[01m[Krclcpp::LoanedMessage<sensor_msgs::msg::Image_<std::allocator<void> >, std::allocator<void> >&&[m[K’
[4.716s] [01m[K/home/mirella/openvslam/ros/2/src/openvslam/src/run_slam.cc:[m[K In function ‘[01m[Kvoid mono_tracking(const std::shared_ptr<openvslam::config>&, const string&, const string&, bool, const string&)[m[K’:
[4.716s] [01m[K/home/mirella/openvslam/ros/2/src/openvslam/src/run_slam.cc:264:93:[m[K [01;31m[Kerror: [m[Kno matching function for call to ‘[01m[Krclcpp::Node::create_publisher<sensor_msgs::msg::Image>(const char [17])[m[K’
[4.716s]      auto left_publisher = node->create_publisher<sensor_msgs::msg::Image>("/left/image_rect"[01;31m[K)[m[K;
[4.716s]                                                                                              [01;31m[K^[m[K
[4.716s] In file included from [01m[K/opt/ros/eloquent/include/rclcpp/executors/single_threaded_executor.hpp:28:0[m[K,
[4.716s]                  from [01m[K/opt/ros/eloquent/include/rclcpp/executors.hpp:22[m[K,
[4.717s]                  from [01m[K/opt/ros/eloquent/include/rclcpp/rclcpp.hpp:145[m[K,
[4.717s]                  from [01m[K/home/mirella/openvslam/ros/2/src/openvslam/src/run_slam.cc:21[m[K:
[4.717s] [01m[K/opt/ros/eloquent/include/rclcpp/node.hpp:179:3:[m[K [01;36m[Knote: [m[Kcandidate: template<class MessageT, class AllocatorT, class PublisherT> std::shared_ptr<PublisherT> rclcpp::Node::create_publisher(const string&, const rclcpp::QoS&, const rclcpp::PublisherOptionsWithAllocator<AllocatorT>&)
[4.717s]    [01;36m[Kcreate_publisher[m[K(
[4.717s]    [01;36m[K^~~~~~~~~~~~~~~~[m[K
[4.717s] [01m[K/opt/ros/eloquent/include/rclcpp/node.hpp:179:3:[m[K [01;36m[Knote: [m[K  template argument deduction/substitution failed:
[4.717s] [01m[K/home/mirella/openvslam/ros/2/src/openvslam/src/run_slam.cc:264:93:[m[K [01;36m[Knote: [m[K  candidate expects 3 arguments, 1 provided
[4.717s]      auto left_publisher = node->create_publisher<sensor_msgs::msg::Image>("/left/image_rect"[01;36m[K)[m[K;
[4.717s]                                                                                              [01;36m[K^[m[K
[4.717s] [01m[K/home/mirella/openvslam/ros/2/src/openvslam/src/run_slam.cc:265:95:[m[K [01;31m[Kerror: [m[Kno matching function for call to ‘[01m[Krclcpp::Node::create_publisher<sensor_msgs::msg::Image>(const char [18])[m[K’
[4.717s]      auto right_publisher = node->create_publisher<sensor_msgs::msg::Image>("/right/image_rect"[01;31m[K)[m[K;
[4.717s]                                                                                                [01;31m[K^[m[K
[4.717s] In file included from [01m[K/opt/ros/eloquent/include/rclcpp/executors/single_threaded_executor.hpp:28:0[m[K,
[4.717s]                  from [01m[K/opt/ros/eloquent/include/rclcpp/executors.hpp:22[m[K,
[4.717s]                  from [01m[K/opt/ros/eloquent/include/rclcpp/rclcpp.hpp:145[m[K,
[4.717s]                  from [01m[K/home/mirella/openvslam/ros/2/src/openvslam/src/run_slam.cc:21[m[K:
[4.718s] [01m[K/opt/ros/eloquent/include/rclcpp/node.hpp:179:3:[m[K [01;36m[Knote: [m[Kcandidate: template<class MessageT, class AllocatorT, class PublisherT> std::shared_ptr<PublisherT> rclcpp::Node::create_publisher(const string&, const rclcpp::QoS&, const rclcpp::PublisherOptionsWithAllocator<AllocatorT>&)
[4.718s]    [01;36m[Kcreate_publisher[m[K(
[4.718s]    [01;36m[K^~~~~~~~~~~~~~~~[m[K
[4.718s] [01m[K/opt/ros/eloquent/include/rclcpp/node.hpp:179:3:[m[K [01;36m[Knote: [m[K  template argument deduction/substitution failed:
[4.718s] [01m[K/home/mirella/openvslam/ros/2/src/openvslam/src/run_slam.cc:265:95:[m[K [01;36m[Knote: [m[K  candidate expects 3 arguments, 1 provided
[4.718s]      auto right_publisher = node->create_publisher<sensor_msgs::msg::Image>("/right/image_rect"[01;36m[K)[m[K;
[4.718s]                                                                                                [01;36m[K^[m[K
[4.718s] [01m[K/home/mirella/openvslam/ros/2/src/openvslam/src/run_slam.cc:266:106:[m[K [01;31m[Kerror: [m[Kno matching function for call to ‘[01m[Krclcpp::Node::create_publisher<sensor_msgs::msg::CameraInfo>(const char [18])[m[K’
[4.718s]   auto left_publisher_config = node->create_publisher<sensor_msgs::msg::CameraInfo>("/left/camera_info"[01;31m[K)[m[K;
[4.718s]                                                                                                        [01;31m[K^[m[K
[4.719s] In file included from [01m[K/opt/ros/eloquent/include/rclcpp/executors/single_threaded_executor.hpp:28:0[m[K,
[4.719s]                  from [01m[K/opt/ros/eloquent/include/rclcpp/executors.hpp:22[m[K,
[4.719s]                  from [01m[K/opt/ros/eloquent/include/rclcpp/rclcpp.hpp:145[m[K,
[4.719s]                  from [01m[K/home/mirella/openvslam/ros/2/src/openvslam/src/run_slam.cc:21[m[K:
[4.719s] [01m[K/opt/ros/eloquent/include/rclcpp/node.hpp:179:3:[m[K [01;36m[Knote: [m[Kcandidate: template<class MessageT, class AllocatorT, class PublisherT> std::shared_ptr<PublisherT> rclcpp::Node::create_publisher(const string&, const rclcpp::QoS&, const rclcpp::PublisherOptionsWithAllocator<AllocatorT>&)
[4.719s]    [01;36m[Kcreate_publisher[m[K(
[4.719s]    [01;36m[K^~~~~~~~~~~~~~~~[m[K
[4.719s] [01m[K/opt/ros/eloquent/include/rclcpp/node.hpp:179:3:[m[K [01;36m[Knote: [m[K  template argument deduction/substitution failed:
[4.719s] [01m[K/home/mirella/openvslam/ros/2/src/openvslam/src/run_slam.cc:266:106:[m[K [01;36m[Knote: [m[K  candidate expects 3 arguments, 1 provided
[4.719s]   auto left_publisher_config = node->create_publisher<sensor_msgs::msg::CameraInfo>("/left/camera_info"[01;36m[K)[m[K;
[4.719s]                                                                                                        [01;36m[K^[m[K
[4.719s] [01m[K/home/mirella/openvslam/ros/2/src/openvslam/src/run_slam.cc:267:108:[m[K [01;31m[Kerror: [m[Kno matching function for call to ‘[01m[Krclcpp::Node::create_publisher<sensor_msgs::msg::CameraInfo>(const char [19])[m[K’
[4.720s]  uto right_publisher_config = node->create_publisher<sensor_msgs::msg::CameraInfo>("/right/camera_info"[01;31m[K)[m[K;
[4.720s]                                                                                                        [01;31m[K^[m[K
[4.720s] In file included from [01m[K/opt/ros/eloquent/include/rclcpp/executors/single_threaded_executor.hpp:28:0[m[K,
[4.720s]                  from [01m[K/opt/ros/eloquent/include/rclcpp/executors.hpp:22[m[K,
[4.720s]                  from [01m[K/opt/ros/eloquent/include/rclcpp/rclcpp.hpp:145[m[K,
[4.720s]                  from [01m[K/home/mirella/openvslam/ros/2/src/openvslam/src/run_slam.cc:21[m[K:
[4.720s] [01m[K/opt/ros/eloquent/include/rclcpp/node.hpp:179:3:[m[K [01;36m[Knote: [m[Kcandidate: template<class MessageT, class AllocatorT, class PublisherT> std::shared_ptr<PublisherT> rclcpp::Node::create_publisher(const string&, const rclcpp::QoS&, const rclcpp::PublisherOptionsWithAllocator<AllocatorT>&)
[4.720s]    [01;36m[Kcreate_publisher[m[K(
[4.720s]    [01;36m[K^~~~~~~~~~~~~~~~[m[K
[4.720s] [01m[K/opt/ros/eloquent/include/rclcpp/node.hpp:179:3:[m[K [01;36m[Knote: [m[K  template argument deduction/substitution failed:
[4.720s] [01m[K/home/mirella/openvslam/ros/2/src/openvslam/src/run_slam.cc:267:108:[m[K [01;36m[Knote: [m[K  candidate expects 3 arguments, 1 provided
[4.720s]  uto right_publisher_config = node->create_publisher<sensor_msgs::msg::CameraInfo>("/right/camera_info"[01;36m[K)[m[K;
[4.720s]                                                                                                        [01;36m[K^[m[K
[4.730s] [01m[K/home/mirella/openvslam/ros/2/src/openvslam/src/run_slam.cc:273:40:[m[K [01;31m[Kerror: [m[K‘[01m[Kbind[m[K’ is not a member of ‘[01m[Kboost[m[K’
[4.731s]      left_image.registerCallback(boost::[01;31m[Kbind[m[K(&callback, _1, left_publisher, right_publisher,
[4.731s]                                         [01;31m[K^~~~[m[K
[4.731s] [01m[K/home/mirella/openvslam/ros/2/src/openvslam/src/run_slam.cc:273:40:[m[K [01;36m[Knote: [m[Ksuggested alternatives:
[4.731s] In file included from [01m[K/usr/local/include/eigen3/Eigen/Core:281:0[m[K,
[4.731s]                  from [01m[K/home/mirella/openvslam/src/openvslam/type.h:10[m[K,
[4.731s]                  from [01m[K/home/mirella/openvslam/src/pangolin_viewer/viewer.h:6[m[K,
[4.731s]                  from [01m[K/home/mirella/openvslam/ros/2/src/openvslam/src/run_slam.cc:3[m[K:
[4.731s] [01m[K/usr/include/c++/7/functional:899:5:[m[K [01;36m[Knote: [m[K  ‘[01m[Kstd::bind[m[K’
[4.731s]      [01;36m[Kbind[m[K(_Func&& __f, _BoundArgs&&... __args)
[4.731s]      [01;36m[K^~~~[m[K
[4.731s] In file included from [01m[K/usr/include/boost/mpl/aux_/include_preprocessed.hpp:37:0[m[K,
[4.732s]                  from [01m[K/usr/include/boost/mpl/bind_fwd.hpp:32[m[K,
[4.732s]                  from [01m[K/usr/include/boost/mpl/bind.hpp:23[m[K,
[4.732s]                  from [01m[K/usr/include/boost/mpl/lambda.hpp:18[m[K,
[4.732s]                  from [01m[K/usr/include/boost/mpl/apply.hpp:25[m[K,
[4.732s]                  from [01m[K/usr/include/boost/iterator/iterator_facade.hpp:37[m[K,
[4.732s]                  from [01m[K/usr/include/yaml-cpp/node/detail/node_iterator.h:12[m[K,
[4.732s]                  from [01m[K/usr/include/yaml-cpp/node/detail/iterator.h:12[m[K,
[4.732s]                  from [01m[K/usr/include/yaml-cpp/node/iterator.h:13[m[K,
[4.732s]                  from [01m[K/usr/include/yaml-cpp/node/impl.h:11[m[K,
[4.732s]                  from [01m[K/usr/include/yaml-cpp/yaml.h:17[m[K,
[4.732s]                  from [01m[K/home/mirella/openvslam/src/openvslam/camera/base.h:10[m[K,
[4.732s]                  from [01m[K/home/mirella/openvslam/src/openvslam/config.h:4[m[K,
[4.732s]                  from [01m[K/home/mirella/openvslam/ros/2/src/openvslam/src/run_slam.cc:10[m[K:
[4.732s] [01m[K/usr/include/boost/mpl/aux_/preprocessed/gcc/bind_fwd.hpp:18:8:[m[K [01;36m[Knote: [m[K  ‘[01m[Kboost::mpl::bind[m[K’
[4.732s]  struct [01;36m[Kbind[m[K;
[4.733s]         [01;36m[K^~~~[m[K
[4.733s] [01m[K/home/mirella/openvslam/ros/2/src/openvslam/src/run_slam.cc:273:56:[m[K [01;31m[Kerror: [m[K‘[01m[K_1[m[K’ was not declared in this scope
[4.733s]      left_image.registerCallback(boost::bind(&callback, [01;31m[K_1[m[K, left_publisher, right_publisher,
[4.733s]                                                         [01;31m[K^~[m[K
[4.733s] [01m[K/home/mirella/openvslam/ros/2/src/openvslam/src/run_slam.cc:273:56:[m[K [01;36m[Knote: [m[Ksuggested alternatives:
[4.733s] In file included from [01m[K/usr/local/include/eigen3/Eigen/Core:281:0[m[K,
[4.733s]                  from [01m[K/home/mirella/openvslam/src/openvslam/type.h:10[m[K,
[4.733s]                  from [01m[K/home/mirella/openvslam/src/pangolin_viewer/viewer.h:6[m[K,
[4.733s]                  from [01m[K/home/mirella/openvslam/ros/2/src/openvslam/src/run_slam.cc:3[m[K:
[4.733s] [01m[K/usr/include/c++/7/functional:275:34:[m[K [01;36m[Knote: [m[K  ‘[01m[Kstd::placeholders::_1[m[K’
[4.733s]      extern const _Placeholder<1> [01;36m[K_1[m[K;
[4.733s]                                   [01;36m[K^~[m[K
[4.733s] In file included from [01m[K/usr/include/boost/mpl/aux_/include_preprocessed.hpp:37:0[m[K,
[4.733s]                  from [01m[K/usr/include/boost/mpl/placeholders.hpp:43[m[K,
[4.733s]                  from [01m[K/usr/include/boost/iterator/iterator_categories.hpp:17[m[K,
[4.733s]                  from [01m[K/usr/include/boost/iterator/iterator_facade.hpp:14[m[K,
[4.733s]                  from [01m[K/usr/include/yaml-cpp/node/detail/node_iterator.h:12[m[K,
[4.734s]                  from [01m[K/usr/include/yaml-cpp/node/detail/iterator.h:12[m[K,
[4.734s]                  from [01m[K/usr/include/yaml-cpp/node/iterator.h:13[m[K,
[4.734s]                  from [01m[K/usr/include/yaml-cpp/node/impl.h:11[m[K,
[4.734s]                  from [01m[K/usr/include/yaml-cpp/yaml.h:17[m[K,
[4.734s]                  from [01m[K/home/mirella/openvslam/src/openvslam/camera/base.h:10[m[K,
[4.734s]                  from [01m[K/home/mirella/openvslam/src/openvslam/config.h:4[m[K,
[4.734s]                  from [01m[K/home/mirella/openvslam/ros/2/src/openvslam/src/run_slam.cc:10[m[K:
[4.734s] [01m[K/usr/include/boost/mpl/aux_/preprocessed/gcc/placeholders.hpp:29:16:[m[K [01;36m[Knote: [m[K  ‘[01m[Kmpl_::_1[m[K’
[4.734s]  typedef arg<1> [01;36m[K_1[m[K;
[4.734s]                 [01;36m[K^~[m[K
[4.734s] [01m[K/usr/include/boost/mpl/aux_/preprocessed/gcc/placeholders.hpp:29:16:[m[K [01;36m[Knote: [m[K  ‘[01m[Kmpl_::_1[m[K’
[4.734s] [01m[K/usr/include/boost/mpl/aux_/preprocessed/gcc/placeholders.hpp:29:16:[m[K [01;36m[Knote: [m[K  ‘[01m[Kmpl_::_1[m[K’
[5.462s] /home/mirella/openvslam/ros/2/src/openvslam/src/run_slam.cc: In instantiation of ‘[01m[Kvoid publi(auto:3, auto:4&, auto:5) [with auto:3 = Eigen::Matrix<double, 4, 4>; auto:4 = std::shared_ptr<rclcpp::Publisher<nav_msgs::msg::Odometry_<std::allocator<void> >, std::allocator<void> > >; auto:5 = std::shared_ptr<rclcpp::Node>][m[K’:
[5.462s] [01m[K/home/mirella/openvslam/ros/2/src/openvslam/src/run_slam.cc:170:40:[m[K   required from here
[5.462s] [01m[K/home/mirella/openvslam/ros/2/src/openvslam/src/run_slam.cc:82:34:[m[K [01;35m[Kwarning: [m[Kunused parameter ‘[01m[Kodometry_pub_[m[K’ [[01;35m[K-Wunused-parameter[m[K]
[5.462s]  void publi(auto cam_pose_, auto &[01;35m[Kodometry_pub_[m[K, auto node){
[5.462s]                                   [01;35m[K^~~~~~~~~~~~~[m[K
[8.176s] [ 75%] [32m[1mLinking CXX executable run_localization[0m
[8.874s] [ 75%] Built target run_localization
[9.926s] make[2]: *** [src/CMakeFiles/run_slam.dir/run_slam.cc.o] Error 1
[9.926s] src/CMakeFiles/run_slam.dir/build.make:62: recipe for target 'src/CMakeFiles/run_slam.dir/run_slam.cc.o' failed
[9.926s] CMakeFiles/Makefile2:151: recipe for target 'src/CMakeFiles/run_slam.dir/all' failed
[9.926s] Makefile:140: recipe for target 'all' failed
[9.926s] make[1]: *** [src/CMakeFiles/run_slam.dir/all] Error 2
[9.926s] make: *** [all] Error 2
[9.928s] Invoked command in '/home/mirella/openvslam/ros/2/build/openvslam' returned '2': CMAKE_PREFIX_PATH=/home/mirella/openvslam/ros/2/install/image_transport:/home/mirella/openvslam/ros/2/install/cv_bridge:/home/mirella/openvslam/ros/2/install/vision_opencv:/home/mirella/openvslam/ros/2/install/publisher:/home/mirella/openvslam/ros/2/install/openvslam:/home/mirella/openvslam/ros/2/install/image_common:/home/mirella/openvslam/ros/2/install/camera_info_manager:/home/mirella/openvslam/ros/2/install/image_geometry:/home/mirella/openvslam/ros/2/install/camera_calibration_parsers:/home/mirella/openvslam/ros/2/install/opencv_tests:/opt/ros/eloquent LD_LIBRARY_PATH=/home/mirella/openvslam/ros/2/install/image_transport/lib:/home/mirella/openvslam/ros/2/install/cv_bridge/lib:/home/mirella/openvslam/ros/2/install/camera_info_manager/lib:/home/mirella/openvslam/ros/2/install/image_geometry/lib:/home/mirella/openvslam/ros/2/install/camera_calibration_parsers/lib:/opt/ros/eloquent/opt/yaml_cpp_vendor/lib:/opt/ros/eloquent/opt/rviz_ogre_vendor/lib:/opt/ros/eloquent/lib/x86_64-linux-gnu:/opt/ros/eloquent/lib PYTHONPATH=/home/mirella/openvslam/ros/2/install/cv_bridge/lib/python3.6/site-packages:/home/mirella/openvslam/ros/2/build/opencv_tests:/home/mirella/openvslam/ros/2/install/opencv_tests/lib/python3.6/site-packages:/home/mirella/openvslam/ros/2/install/image_geometry/lib/python3.6/site-packages:/opt/ros/eloquent/lib/python3.6/site-packages /usr/bin/cmake --build /home/mirella/openvslam/ros/2/build/openvslam -- -j12 -l12
