** WARNING ** io features related to ensenso will be disabled
** WARNING ** io features related to davidSDK will be disabled
** WARNING ** io features related to dssdk will be disabled
** WARNING ** io features related to pcap will be disabled
** WARNING ** io features related to png will be disabled
** WARNING ** io features related to libusb-1.0 will be disabled
** WARNING ** visualization features related to ensenso will be disabled
** WARNING ** visualization features related to davidSDK will be disabled
** WARNING ** visualization features related to dssdk will be disabled
** WARNING ** visualization features related to rssdk will be disabled
[01m[K/home/mirella/openvslam/ros/2/src/openvslam/src/run_slam.cc:[m[K In function ‘[01m[Kvoid publi(auto:3, auto:4&, auto:5)[m[K’:
[01m[K/home/mirella/openvslam/ros/2/src/openvslam/src/run_slam.cc:117:15:[m[K [01;31m[Kerror: [m[K‘[01m[Kusing SharedPtr = class std::shared_ptr<nav_msgs::msg::Odometry_<std::allocator<void> > > {aka class std::shared_ptr<nav_msgs::msg::Odometry_<std::allocator<void> > >}[m[K’ has no member named ‘[01m[Kheader[m[K’
     odom_msg_.[01;31m[Kheader[m[K.stamp = node->now();
               [01;31m[K^~~~~~[m[K
[01m[K/home/mirella/openvslam/ros/2/src/openvslam/src/run_slam.cc:118:15:[m[K [01;31m[Kerror: [m[K‘[01m[Kusing SharedPtr = class std::shared_ptr<nav_msgs::msg::Odometry_<std::allocator<void> > > {aka class std::shared_ptr<nav_msgs::msg::Odometry_<std::allocator<void> > >}[m[K’ has no member named ‘[01m[Kheader[m[K’
     odom_msg_.[01;31m[Kheader[m[K.frame_id = "odom";
               [01;31m[K^~~~~~[m[K
[01m[K/home/mirella/openvslam/ros/2/src/openvslam/src/run_slam.cc:119:15:[m[K [01;31m[Kerror: [m[K‘[01m[Kusing SharedPtr = class std::shared_ptr<nav_msgs::msg::Odometry_<std::allocator<void> > > {aka class std::shared_ptr<nav_msgs::msg::Odometry_<std::allocator<void> > >}[m[K’ has no member named ‘[01m[Kchild_frame_id[m[K’
     odom_msg_.[01;31m[Kchild_frame_id[m[K = "base_link";
               [01;31m[K^~~~~~~~~~~~~~[m[K
[01m[K/home/mirella/openvslam/ros/2/src/openvslam/src/run_slam.cc:120:15:[m[K [01;31m[Kerror: [m[K‘[01m[Kusing SharedPtr = class std::shared_ptr<nav_msgs::msg::Odometry_<std::allocator<void> > > {aka class std::shared_ptr<nav_msgs::msg::Odometry_<std::allocator<void> > >}[m[K’ has no member named ‘[01m[Kpose[m[K’
     odom_msg_.[01;31m[Kpose[m[K.pose.orientation.x = transform_tf.getRotation().getX();
               [01;31m[K^~~~[m[K
[01m[K/home/mirella/openvslam/ros/2/src/openvslam/src/run_slam.cc:121:15:[m[K [01;31m[Kerror: [m[K‘[01m[Kusing SharedPtr = class std::shared_ptr<nav_msgs::msg::Odometry_<std::allocator<void> > > {aka class std::shared_ptr<nav_msgs::msg::Odometry_<std::allocator<void> > >}[m[K’ has no member named ‘[01m[Kpose[m[K’
     odom_msg_.[01;31m[Kpose[m[K.pose.orientation.y = transform_tf.getRotation().getY();
               [01;31m[K^~~~[m[K
[01m[K/home/mirella/openvslam/ros/2/src/openvslam/src/run_slam.cc:122:15:[m[K [01;31m[Kerror: [m[K‘[01m[Kusing SharedPtr = class std::shared_ptr<nav_msgs::msg::Odometry_<std::allocator<void> > > {aka class std::shared_ptr<nav_msgs::msg::Odometry_<std::allocator<void> > >}[m[K’ has no member named ‘[01m[Kpose[m[K’
     odom_msg_.[01;31m[Kpose[m[K.pose.orientation.z = transform_tf.getRotation().getZ();
               [01;31m[K^~~~[m[K
[01m[K/home/mirella/openvslam/ros/2/src/openvslam/src/run_slam.cc:123:15:[m[K [01;31m[Kerror: [m[K‘[01m[Kusing SharedPtr = class std::shared_ptr<nav_msgs::msg::Odometry_<std::allocator<void> > > {aka class std::shared_ptr<nav_msgs::msg::Odometry_<std::allocator<void> > >}[m[K’ has no member named ‘[01m[Kpose[m[K’
     odom_msg_.[01;31m[Kpose[m[K.pose.orientation.w = transform_tf.getRotation().getW();
               [01;31m[K^~~~[m[K
[01m[K/home/mirella/openvslam/ros/2/src/openvslam/src/run_slam.cc:124:15:[m[K [01;31m[Kerror: [m[K‘[01m[Kusing SharedPtr = class std::shared_ptr<nav_msgs::msg::Odometry_<std::allocator<void> > > {aka class std::shared_ptr<nav_msgs::msg::Odometry_<std::allocator<void> > >}[m[K’ has no member named ‘[01m[Kpose[m[K’
     odom_msg_.[01;31m[Kpose[m[K.pose.position.x = transform_tf.getOrigin().getX();
               [01;31m[K^~~~[m[K
[01m[K/home/mirella/openvslam/ros/2/src/openvslam/src/run_slam.cc:125:15:[m[K [01;31m[Kerror: [m[K‘[01m[Kusing SharedPtr = class std::shared_ptr<nav_msgs::msg::Odometry_<std::allocator<void> > > {aka class std::shared_ptr<nav_msgs::msg::Odometry_<std::allocator<void> > >}[m[K’ has no member named ‘[01m[Kpose[m[K’
     odom_msg_.[01;31m[Kpose[m[K.pose.position.y = transform_tf.getOrigin().getY();
               [01;31m[K^~~~[m[K
[01m[K/home/mirella/openvslam/ros/2/src/openvslam/src/run_slam.cc:126:15:[m[K [01;31m[Kerror: [m[K‘[01m[Kusing SharedPtr = class std::shared_ptr<nav_msgs::msg::Odometry_<std::allocator<void> > > {aka class std::shared_ptr<nav_msgs::msg::Odometry_<std::allocator<void> > >}[m[K’ has no member named ‘[01m[Kpose[m[K’
     odom_msg_.[01;31m[Kpose[m[K.pose.position.z = transform_tf.getOrigin().getZ();
               [01;31m[K^~~~[m[K
[01m[K/home/mirella/openvslam/ros/2/src/openvslam/src/run_slam.cc:[m[K In function ‘[01m[Kvoid callback(const ConstSharedPtr&, std::shared_ptr<rclcpp::Publisher<sensor_msgs::msg::Image_<std::allocator<void> >, std::allocator<void> > >, std::shared_ptr<rclcpp::Publisher<sensor_msgs::msg::Image_<std::allocator<void> >, std::allocator<void> > >, std::shared_ptr<rclcpp::Publisher<sensor_msgs::msg::CameraInfo_<std::allocator<void> >, std::allocator<void> > >, std::shared_ptr<rclcpp::Publisher<sensor_msgs::msg::CameraInfo_<std::allocator<void> >, std::allocator<void> > >, std::shared_ptr<rclcpp::Publisher<nav_msgs::msg::Odometry_<std::allocator<void> >, std::allocator<void> > >, openvslam::system*, cv::Mat, std::shared_ptr<rclcpp::Node>)[m[K’:
[01m[K/home/mirella/openvslam/ros/2/src/openvslam/src/run_slam.cc:179:50:[m[K [01;31m[Kerror: [m[K‘[01m[Kusing SharedPtr = class std::shared_ptr<nav_msgs::msg::Odometry_<std::allocator<void> > > {aka class std::shared_ptr<nav_msgs::msg::Odometry_<std::allocator<void> > >}[m[K’ has no member named ‘[01m[Kheader[m[K’
         left_image_msg->header.stamp = odom_msg_.[01;31m[Kheader[m[K.stamp;
                                                  [01;31m[K^~~~~~[m[K
[01m[K/home/mirella/openvslam/ros/2/src/openvslam/src/run_slam.cc:186:51:[m[K [01;31m[Kerror: [m[K‘[01m[Kusing SharedPtr = class std::shared_ptr<nav_msgs::msg::Odometry_<std::allocator<void> > > {aka class std::shared_ptr<nav_msgs::msg::Odometry_<std::allocator<void> > >}[m[K’ has no member named ‘[01m[Kheader[m[K’
         right_image_msg->header.stamp = odom_msg_.[01;31m[Kheader[m[K.stamp;
                                                   [01;31m[K^~~~~~[m[K
[01m[K/home/mirella/openvslam/ros/2/src/openvslam/src/run_slam.cc:189:21:[m[K [01;31m[Kerror: [m[K‘[01m[Kusing SharedPtr = class std::shared_ptr<sensor_msgs::msg::CameraInfo_<std::allocator<void> > > {aka class std::shared_ptr<sensor_msgs::msg::CameraInfo_<std::allocator<void> > >}[m[K’ has no member named ‘[01m[Kheader[m[K’
         left_config.[01;31m[Kheader[m[K.stamp = odom_msg_.header.stamp;
                     [01;31m[K^~~~~~[m[K
[01m[K/home/mirella/openvslam/ros/2/src/openvslam/src/run_slam.cc:189:46:[m[K [01;31m[Kerror: [m[K‘[01m[Kusing SharedPtr = class std::shared_ptr<nav_msgs::msg::Odometry_<std::allocator<void> > > {aka class std::shared_ptr<nav_msgs::msg::Odometry_<std::allocator<void> > >}[m[K’ has no member named ‘[01m[Kheader[m[K’
         left_config.header.stamp = odom_msg_.[01;31m[Kheader[m[K.stamp;
                                              [01;31m[K^~~~~~[m[K
[01m[K/home/mirella/openvslam/ros/2/src/openvslam/src/run_slam.cc:190:21:[m[K [01;31m[Kerror: [m[K‘[01m[Kusing SharedPtr = class std::shared_ptr<sensor_msgs::msg::CameraInfo_<std::allocator<void> > > {aka class std::shared_ptr<sensor_msgs::msg::CameraInfo_<std::allocator<void> > >}[m[K’ has no member named ‘[01m[Kheader[m[K’
         left_config.[01;31m[Kheader[m[K.frame_id = "camera_link";
                     [01;31m[K^~~~~~[m[K
[01m[K/home/mirella/openvslam/ros/2/src/openvslam/src/run_slam.cc:191:21:[m[K [01;31m[Kerror: [m[K‘[01m[Kusing SharedPtr = class std::shared_ptr<sensor_msgs::msg::CameraInfo_<std::allocator<void> > > {aka class std::shared_ptr<sensor_msgs::msg::CameraInfo_<std::allocator<void> > >}[m[K’ has no member named ‘[01m[Kwidth[m[K’
         left_config.[01;31m[Kwidth[m[K = left_image_msg->width;
                     [01;31m[K^~~~~[m[K
[01m[K/home/mirella/openvslam/ros/2/src/openvslam/src/run_slam.cc:192:21:[m[K [01;31m[Kerror: [m[K‘[01m[Kusing SharedPtr = class std::shared_ptr<sensor_msgs::msg::CameraInfo_<std::allocator<void> > > {aka class std::shared_ptr<sensor_msgs::msg::CameraInfo_<std::allocator<void> > >}[m[K’ has no member named ‘[01m[Kheight[m[K’
         left_config.[01;31m[Kheight[m[K = left_image_msg->height;
                     [01;31m[K^~~~~~[m[K
[01m[K/home/mirella/openvslam/ros/2/src/openvslam/src/run_slam.cc:193:21:[m[K [01;31m[Kerror: [m[K‘[01m[Kusing SharedPtr = class std::shared_ptr<sensor_msgs::msg::CameraInfo_<std::allocator<void> > > {aka class std::shared_ptr<sensor_msgs::msg::CameraInfo_<std::allocator<void> > >}[m[K’ has no member named ‘[01m[Kk[m[K’
         left_config.[01;31m[Kk[m[K = K0;
                     [01;31m[K^[m[K
[01m[K/home/mirella/openvslam/ros/2/src/openvslam/src/run_slam.cc:194:21:[m[K [01;31m[Kerror: [m[K‘[01m[Kusing SharedPtr = class std::shared_ptr<sensor_msgs::msg::CameraInfo_<std::allocator<void> > > {aka class std::shared_ptr<sensor_msgs::msg::CameraInfo_<std::allocator<void> > >}[m[K’ has no member named ‘[01m[Kd[m[K’
         left_config.[01;31m[Kd[m[K = d0;
                     [01;31m[K^[m[K
[01m[K/home/mirella/openvslam/ros/2/src/openvslam/src/run_slam.cc:195:21:[m[K [01;31m[Kerror: [m[K‘[01m[Kusing SharedPtr = class std::shared_ptr<sensor_msgs::msg::CameraInfo_<std::allocator<void> > > {aka class std::shared_ptr<sensor_msgs::msg::CameraInfo_<std::allocator<void> > >}[m[K’ has no member named ‘[01m[Kr[m[K’
         left_config.[01;31m[Kr[m[K = R0;
                     [01;31m[K^[m[K
[01m[K/home/mirella/openvslam/ros/2/src/openvslam/src/run_slam.cc:196:21:[m[K [01;31m[Kerror: [m[K‘[01m[Kusing SharedPtr = class std::shared_ptr<sensor_msgs::msg::CameraInfo_<std::allocator<void> > > {aka class std::shared_ptr<sensor_msgs::msg::CameraInfo_<std::allocator<void> > >}[m[K’ has no member named ‘[01m[Kp[m[K’
         left_config.[01;31m[Kp[m[K = P0;
                     [01;31m[K^[m[K
[01m[K/home/mirella/openvslam/ros/2/src/openvslam/src/run_slam.cc:197:21:[m[K [01;31m[Kerror: [m[K‘[01m[Kusing SharedPtr = class std::shared_ptr<sensor_msgs::msg::CameraInfo_<std::allocator<void> > > {aka class std::shared_ptr<sensor_msgs::msg::CameraInfo_<std::allocator<void> > >}[m[K’ has no member named ‘[01m[Kdistortion_model[m[K’
         left_config.[01;31m[Kdistortion_model[m[K = "plumb_bob";
                     [01;31m[K^~~~~~~~~~~~~~~~[m[K
[01m[K/home/mirella/openvslam/ros/2/src/openvslam/src/run_slam.cc:200:22:[m[K [01;31m[Kerror: [m[K‘[01m[Kusing SharedPtr = class std::shared_ptr<sensor_msgs::msg::CameraInfo_<std::allocator<void> > > {aka class std::shared_ptr<sensor_msgs::msg::CameraInfo_<std::allocator<void> > >}[m[K’ has no member named ‘[01m[Kheader[m[K’
         right_config.[01;31m[Kheader[m[K.stamp = odom_msg_.header.stamp;
                      [01;31m[K^~~~~~[m[K
[01m[K/home/mirella/openvslam/ros/2/src/openvslam/src/run_slam.cc:200:47:[m[K [01;31m[Kerror: [m[K‘[01m[Kusing SharedPtr = class std::shared_ptr<nav_msgs::msg::Odometry_<std::allocator<void> > > {aka class std::shared_ptr<nav_msgs::msg::Odometry_<std::allocator<void> > >}[m[K’ has no member named ‘[01m[Kheader[m[K’
         right_config.header.stamp = odom_msg_.[01;31m[Kheader[m[K.stamp;
                                               [01;31m[K^~~~~~[m[K
[01m[K/home/mirella/openvslam/ros/2/src/openvslam/src/run_slam.cc:201:22:[m[K [01;31m[Kerror: [m[K‘[01m[Kusing SharedPtr = class std::shared_ptr<sensor_msgs::msg::CameraInfo_<std::allocator<void> > > {aka class std::shared_ptr<sensor_msgs::msg::CameraInfo_<std::allocator<void> > >}[m[K’ has no member named ‘[01m[Kheader[m[K’
         right_config.[01;31m[Kheader[m[K.frame_id = "camera_link";
                      [01;31m[K^~~~~~[m[K
[01m[K/home/mirella/openvslam/ros/2/src/openvslam/src/run_slam.cc:202:22:[m[K [01;31m[Kerror: [m[K‘[01m[Kusing SharedPtr = class std::shared_ptr<sensor_msgs::msg::CameraInfo_<std::allocator<void> > > {aka class std::shared_ptr<sensor_msgs::msg::CameraInfo_<std::allocator<void> > >}[m[K’ has no member named ‘[01m[Kwidth[m[K’
         right_config.[01;31m[Kwidth[m[K = right_image_msg->width;
                      [01;31m[K^~~~~[m[K
[01m[K/home/mirella/openvslam/ros/2/src/openvslam/src/run_slam.cc:203:22:[m[K [01;31m[Kerror: [m[K‘[01m[Kusing SharedPtr = class std::shared_ptr<sensor_msgs::msg::CameraInfo_<std::allocator<void> > > {aka class std::shared_ptr<sensor_msgs::msg::CameraInfo_<std::allocator<void> > >}[m[K’ has no member named ‘[01m[Kheight[m[K’
         right_config.[01;31m[Kheight[m[K = right_image_msg->height;
                      [01;31m[K^~~~~~[m[K
[01m[K/home/mirella/openvslam/ros/2/src/openvslam/src/run_slam.cc:204:22:[m[K [01;31m[Kerror: [m[K‘[01m[Kusing SharedPtr = class std::shared_ptr<sensor_msgs::msg::CameraInfo_<std::allocator<void> > > {aka class std::shared_ptr<sensor_msgs::msg::CameraInfo_<std::allocator<void> > >}[m[K’ has no member named ‘[01m[Kk[m[K’
         right_config.[01;31m[Kk[m[K = K1;
                      [01;31m[K^[m[K
[01m[K/home/mirella/openvslam/ros/2/src/openvslam/src/run_slam.cc:205:22:[m[K [01;31m[Kerror: [m[K‘[01m[Kusing SharedPtr = class std::shared_ptr<sensor_msgs::msg::CameraInfo_<std::allocator<void> > > {aka class std::shared_ptr<sensor_msgs::msg::CameraInfo_<std::allocator<void> > >}[m[K’ has no member named ‘[01m[Kd[m[K’
         right_config.[01;31m[Kd[m[K = d1;
                      [01;31m[K^[m[K
[01m[K/home/mirella/openvslam/ros/2/src/openvslam/src/run_slam.cc:206:22:[m[K [01;31m[Kerror: [m[K‘[01m[Kusing SharedPtr = class std::shared_ptr<sensor_msgs::msg::CameraInfo_<std::allocator<void> > > {aka class std::shared_ptr<sensor_msgs::msg::CameraInfo_<std::allocator<void> > >}[m[K’ has no member named ‘[01m[Kr[m[K’
         right_config.[01;31m[Kr[m[K = R1;
                      [01;31m[K^[m[K
[01m[K/home/mirella/openvslam/ros/2/src/openvslam/src/run_slam.cc:207:22:[m[K [01;31m[Kerror: [m[K‘[01m[Kusing SharedPtr = class std::shared_ptr<sensor_msgs::msg::CameraInfo_<std::allocator<void> > > {aka class std::shared_ptr<sensor_msgs::msg::CameraInfo_<std::allocator<void> > >}[m[K’ has no member named ‘[01m[Kp[m[K’
         right_config.[01;31m[Kp[m[K = P1;
                      [01;31m[K^[m[K
[01m[K/home/mirella/openvslam/ros/2/src/openvslam/src/run_slam.cc:208:22:[m[K [01;31m[Kerror: [m[K‘[01m[Kusing SharedPtr = class std::shared_ptr<sensor_msgs::msg::CameraInfo_<std::allocator<void> > > {aka class std::shared_ptr<sensor_msgs::msg::CameraInfo_<std::allocator<void> > >}[m[K’ has no member named ‘[01m[Kdistortion_model[m[K’
         right_config.[01;31m[Kdistortion_model[m[K = "plumb_bob";
                      [01;31m[K^~~~~~~~~~~~~~~~[m[K
[01m[K/home/mirella/openvslam/ros/2/src/openvslam/src/run_slam.cc:214:53:[m[K [01;31m[Kerror: [m[Kno matching function for call to ‘[01m[Krclcpp::Publisher<sensor_msgs::msg::CameraInfo_<std::allocator<void> >, std::allocator<void> >::publish(sensor_msgs::msg::CameraInfo_<std::allocator<void> >::SharedPtr&)[m[K’
         right_publisher_config->publish(right_config[01;31m[K)[m[K;
                                                     [01;31m[K^[m[K
In file included from [01m[K/opt/ros/eloquent/include/rclcpp/node_interfaces/node_topics_interface.hpp:26:0[m[K,
                 from [01m[K/opt/ros/eloquent/include/rclcpp/node.hpp:53[m[K,
                 from [01m[K/opt/ros/eloquent/include/rclcpp/executors/single_threaded_executor.hpp:28[m[K,
                 from [01m[K/opt/ros/eloquent/include/rclcpp/executors.hpp:22[m[K,
                 from [01m[K/opt/ros/eloquent/include/rclcpp/rclcpp.hpp:145[m[K,
                 from [01m[K/home/mirella/openvslam/ros/2/src/openvslam/src/run_slam.cc:21[m[K:
[01m[K/opt/ros/eloquent/include/rclcpp/publisher.hpp:159:3:[m[K [01;36m[Knote: [m[Kcandidate: void rclcpp::Publisher<MessageT, AllocatorT>::publish(std::unique_ptr<MessageT, typename std::conditional<std::is_same<typename std::allocator_traits<typename std::allocator_traits<_NodeAlloc>::rebind_traits<MessageT>::allocator_type>::rebind_alloc<MessageT>, typename std::allocator<void>::rebind<_Tp1>::other>::value, std::default_delete<_Tp>, rclcpp::allocator::AllocatorDeleter<typename std::allocator_traits<_NodeAlloc>::rebind_traits<MessageT>::allocator_type> >::type>) [with MessageT = sensor_msgs::msg::CameraInfo_<std::allocator<void> >; AllocatorT = std::allocator<void>; typename std::conditional<std::is_same<typename std::allocator_traits<typename std::allocator_traits<_NodeAlloc>::rebind_traits<MessageT>::allocator_type>::rebind_alloc<MessageT>, typename std::allocator<void>::rebind<_Tp1>::other>::value, std::default_delete<_Tp>, rclcpp::allocator::AllocatorDeleter<typename std::allocator_traits<_NodeAlloc>::rebind_traits<MessageT>::allocator_type> >::type = std::default_delete<sensor_msgs::msg::CameraInfo_<std::allocator<void> > >]
   [01;36m[Kpublish[m[K(std::unique_ptr<MessageT, MessageDeleter> msg)
   [01;36m[K^~~~~~~[m[K
[01m[K/opt/ros/eloquent/include/rclcpp/publisher.hpp:159:3:[m[K [01;36m[Knote: [m[K  no known conversion for argument 1 from ‘[01m[Ksensor_msgs::msg::CameraInfo_<std::allocator<void> >::SharedPtr {aka std::shared_ptr<sensor_msgs::msg::CameraInfo_<std::allocator<void> > >}[m[K’ to ‘[01m[Kstd::unique_ptr<sensor_msgs::msg::CameraInfo_<std::allocator<void> >, std::default_delete<sensor_msgs::msg::CameraInfo_<std::allocator<void> > > >[m[K’
[01m[K/opt/ros/eloquent/include/rclcpp/publisher.hpp:183:3:[m[K [01;36m[Knote: [m[Kcandidate: void rclcpp::Publisher<MessageT, AllocatorT>::publish(const MessageT&) [with MessageT = sensor_msgs::msg::CameraInfo_<std::allocator<void> >; AllocatorT = std::allocator<void>]
   [01;36m[Kpublish[m[K(const MessageT & msg)
   [01;36m[K^~~~~~~[m[K
[01m[K/opt/ros/eloquent/include/rclcpp/publisher.hpp:183:3:[m[K [01;36m[Knote: [m[K  no known conversion for argument 1 from ‘[01m[Ksensor_msgs::msg::CameraInfo_<std::allocator<void> >::SharedPtr {aka std::shared_ptr<sensor_msgs::msg::CameraInfo_<std::allocator<void> > >}[m[K’ to ‘[01m[Kconst sensor_msgs::msg::CameraInfo_<std::allocator<void> >&[m[K’
[01m[K/opt/ros/eloquent/include/rclcpp/publisher.hpp:200:3:[m[K [01;36m[Knote: [m[Kcandidate: void rclcpp::Publisher<MessageT, AllocatorT>::publish(const rcl_serialized_message_t&) [with MessageT = sensor_msgs::msg::CameraInfo_<std::allocator<void> >; AllocatorT = std::allocator<void>; rcl_serialized_message_t = rcutils_uint8_array_t]
   [01;36m[Kpublish[m[K(const rcl_serialized_message_t & serialized_msg)
   [01;36m[K^~~~~~~[m[K
[01m[K/opt/ros/eloquent/include/rclcpp/publisher.hpp:200:3:[m[K [01;36m[Knote: [m[K  no known conversion for argument 1 from ‘[01m[Ksensor_msgs::msg::CameraInfo_<std::allocator<void> >::SharedPtr {aka std::shared_ptr<sensor_msgs::msg::CameraInfo_<std::allocator<void> > >}[m[K’ to ‘[01m[Kconst rcl_serialized_message_t& {aka const rcutils_uint8_array_t&}[m[K’
[01m[K/opt/ros/eloquent/include/rclcpp/publisher.hpp:214:3:[m[K [01;36m[Knote: [m[Kcandidate: void rclcpp::Publisher<MessageT, AllocatorT>::publish(rclcpp::LoanedMessage<MessageT, AllocatorT>&&) [with MessageT = sensor_msgs::msg::CameraInfo_<std::allocator<void> >; AllocatorT = std::allocator<void>]
   [01;36m[Kpublish[m[K(rclcpp::LoanedMessage<MessageT, AllocatorT> && loaned_msg)
   [01;36m[K^~~~~~~[m[K
[01m[K/opt/ros/eloquent/include/rclcpp/publisher.hpp:214:3:[m[K [01;36m[Knote: [m[K  no known conversion for argument 1 from ‘[01m[Ksensor_msgs::msg::CameraInfo_<std::allocator<void> >::SharedPtr {aka std::shared_ptr<sensor_msgs::msg::CameraInfo_<std::allocator<void> > >}[m[K’ to ‘[01m[Krclcpp::LoanedMessage<sensor_msgs::msg::CameraInfo_<std::allocator<void> >, std::allocator<void> >&&[m[K’
[01m[K/home/mirella/openvslam/ros/2/src/openvslam/src/run_slam.cc:215:51:[m[K [01;31m[Kerror: [m[Kno matching function for call to ‘[01m[Krclcpp::Publisher<sensor_msgs::msg::CameraInfo_<std::allocator<void> >, std::allocator<void> >::publish(sensor_msgs::msg::CameraInfo_<std::allocator<void> >::SharedPtr&)[m[K’
         left_publisher_config->publish(left_config[01;31m[K)[m[K;
                                                   [01;31m[K^[m[K
In file included from [01m[K/opt/ros/eloquent/include/rclcpp/node_interfaces/node_topics_interface.hpp:26:0[m[K,
                 from [01m[K/opt/ros/eloquent/include/rclcpp/node.hpp:53[m[K,
                 from [01m[K/opt/ros/eloquent/include/rclcpp/executors/single_threaded_executor.hpp:28[m[K,
                 from [01m[K/opt/ros/eloquent/include/rclcpp/executors.hpp:22[m[K,
                 from [01m[K/opt/ros/eloquent/include/rclcpp/rclcpp.hpp:145[m[K,
                 from [01m[K/home/mirella/openvslam/ros/2/src/openvslam/src/run_slam.cc:21[m[K:
[01m[K/opt/ros/eloquent/include/rclcpp/publisher.hpp:159:3:[m[K [01;36m[Knote: [m[Kcandidate: void rclcpp::Publisher<MessageT, AllocatorT>::publish(std::unique_ptr<MessageT, typename std::conditional<std::is_same<typename std::allocator_traits<typename std::allocator_traits<_NodeAlloc>::rebind_traits<MessageT>::allocator_type>::rebind_alloc<MessageT>, typename std::allocator<void>::rebind<_Tp1>::other>::value, std::default_delete<_Tp>, rclcpp::allocator::AllocatorDeleter<typename std::allocator_traits<_NodeAlloc>::rebind_traits<MessageT>::allocator_type> >::type>) [with MessageT = sensor_msgs::msg::CameraInfo_<std::allocator<void> >; AllocatorT = std::allocator<void>; typename std::conditional<std::is_same<typename std::allocator_traits<typename std::allocator_traits<_NodeAlloc>::rebind_traits<MessageT>::allocator_type>::rebind_alloc<MessageT>, typename std::allocator<void>::rebind<_Tp1>::other>::value, std::default_delete<_Tp>, rclcpp::allocator::AllocatorDeleter<typename std::allocator_traits<_NodeAlloc>::rebind_traits<MessageT>::allocator_type> >::type = std::default_delete<sensor_msgs::msg::CameraInfo_<std::allocator<void> > >]
   [01;36m[Kpublish[m[K(std::unique_ptr<MessageT, MessageDeleter> msg)
   [01;36m[K^~~~~~~[m[K
[01m[K/opt/ros/eloquent/include/rclcpp/publisher.hpp:159:3:[m[K [01;36m[Knote: [m[K  no known conversion for argument 1 from ‘[01m[Ksensor_msgs::msg::CameraInfo_<std::allocator<void> >::SharedPtr {aka std::shared_ptr<sensor_msgs::msg::CameraInfo_<std::allocator<void> > >}[m[K’ to ‘[01m[Kstd::unique_ptr<sensor_msgs::msg::CameraInfo_<std::allocator<void> >, std::default_delete<sensor_msgs::msg::CameraInfo_<std::allocator<void> > > >[m[K’
[01m[K/opt/ros/eloquent/include/rclcpp/publisher.hpp:183:3:[m[K [01;36m[Knote: [m[Kcandidate: void rclcpp::Publisher<MessageT, AllocatorT>::publish(const MessageT&) [with MessageT = sensor_msgs::msg::CameraInfo_<std::allocator<void> >; AllocatorT = std::allocator<void>]
   [01;36m[Kpublish[m[K(const MessageT & msg)
   [01;36m[K^~~~~~~[m[K
[01m[K/opt/ros/eloquent/include/rclcpp/publisher.hpp:183:3:[m[K [01;36m[Knote: [m[K  no known conversion for argument 1 from ‘[01m[Ksensor_msgs::msg::CameraInfo_<std::allocator<void> >::SharedPtr {aka std::shared_ptr<sensor_msgs::msg::CameraInfo_<std::allocator<void> > >}[m[K’ to ‘[01m[Kconst sensor_msgs::msg::CameraInfo_<std::allocator<void> >&[m[K’
[01m[K/opt/ros/eloquent/include/rclcpp/publisher.hpp:200:3:[m[K [01;36m[Knote: [m[Kcandidate: void rclcpp::Publisher<MessageT, AllocatorT>::publish(const rcl_serialized_message_t&) [with MessageT = sensor_msgs::msg::CameraInfo_<std::allocator<void> >; AllocatorT = std::allocator<void>; rcl_serialized_message_t = rcutils_uint8_array_t]
   [01;36m[Kpublish[m[K(const rcl_serialized_message_t & serialized_msg)
   [01;36m[K^~~~~~~[m[K
[01m[K/opt/ros/eloquent/include/rclcpp/publisher.hpp:200:3:[m[K [01;36m[Knote: [m[K  no known conversion for argument 1 from ‘[01m[Ksensor_msgs::msg::CameraInfo_<std::allocator<void> >::SharedPtr {aka std::shared_ptr<sensor_msgs::msg::CameraInfo_<std::allocator<void> > >}[m[K’ to ‘[01m[Kconst rcl_serialized_message_t& {aka const rcutils_uint8_array_t&}[m[K’
[01m[K/opt/ros/eloquent/include/rclcpp/publisher.hpp:214:3:[m[K [01;36m[Knote: [m[Kcandidate: void rclcpp::Publisher<MessageT, AllocatorT>::publish(rclcpp::LoanedMessage<MessageT, AllocatorT>&&) [with MessageT = sensor_msgs::msg::CameraInfo_<std::allocator<void> >; AllocatorT = std::allocator<void>]
   [01;36m[Kpublish[m[K(rclcpp::LoanedMessage<MessageT, AllocatorT> && loaned_msg)
   [01;36m[K^~~~~~~[m[K
[01m[K/opt/ros/eloquent/include/rclcpp/publisher.hpp:214:3:[m[K [01;36m[Knote: [m[K  no known conversion for argument 1 from ‘[01m[Ksensor_msgs::msg::CameraInfo_<std::allocator<void> >::SharedPtr {aka std::shared_ptr<sensor_msgs::msg::CameraInfo_<std::allocator<void> > >}[m[K’ to ‘[01m[Krclcpp::LoanedMessage<sensor_msgs::msg::CameraInfo_<std::allocator<void> >, std::allocator<void> >&&[m[K’
/home/mirella/openvslam/ros/2/src/openvslam/src/run_slam.cc: In instantiation of ‘[01m[Kvoid publi(auto:3, auto:4&, auto:5) [with auto:3 = Eigen::Matrix<double, 4, 4>; auto:4 = std::shared_ptr<rclcpp::Publisher<nav_msgs::msg::Odometry_<std::allocator<void> >, std::allocator<void> > >; auto:5 = std::shared_ptr<rclcpp::Node>][m[K’:
[01m[K/home/mirella/openvslam/ros/2/src/openvslam/src/run_slam.cc:170:40:[m[K   required from here
[01m[K/home/mirella/openvslam/ros/2/src/openvslam/src/run_slam.cc:127:5:[m[K [01;31m[Kerror: [m[Kno matching function for call to ‘[01m[Krclcpp::Publisher<nav_msgs::msg::Odometry_<std::allocator<void> >, std::allocator<void> >::publish(nav_msgs::msg::Odometry_<std::allocator<void> >::SharedPtr&)[m[K’
     [01;31m[Kodometry_pub_[m[K->publish(odom_msg_);
     [01;31m[K^~~~~~~~~~~~~[m[K
In file included from [01m[K/opt/ros/eloquent/include/rclcpp/node_interfaces/node_topics_interface.hpp:26:0[m[K,
                 from [01m[K/opt/ros/eloquent/include/rclcpp/node.hpp:53[m[K,
                 from [01m[K/opt/ros/eloquent/include/rclcpp/executors/single_threaded_executor.hpp:28[m[K,
                 from [01m[K/opt/ros/eloquent/include/rclcpp/executors.hpp:22[m[K,
                 from [01m[K/opt/ros/eloquent/include/rclcpp/rclcpp.hpp:145[m[K,
                 from [01m[K/home/mirella/openvslam/ros/2/src/openvslam/src/run_slam.cc:21[m[K:
[01m[K/opt/ros/eloquent/include/rclcpp/publisher.hpp:159:3:[m[K [01;36m[Knote: [m[Kcandidate: void rclcpp::Publisher<MessageT, AllocatorT>::publish(std::unique_ptr<MessageT, typename std::conditional<std::is_same<typename std::allocator_traits<typename std::allocator_traits<_NodeAlloc>::rebind_traits<MessageT>::allocator_type>::rebind_alloc<MessageT>, typename std::allocator<void>::rebind<_Tp1>::other>::value, std::default_delete<_Tp>, rclcpp::allocator::AllocatorDeleter<typename std::allocator_traits<_NodeAlloc>::rebind_traits<MessageT>::allocator_type> >::type>) [with MessageT = nav_msgs::msg::Odometry_<std::allocator<void> >; AllocatorT = std::allocator<void>; typename std::conditional<std::is_same<typename std::allocator_traits<typename std::allocator_traits<_NodeAlloc>::rebind_traits<MessageT>::allocator_type>::rebind_alloc<MessageT>, typename std::allocator<void>::rebind<_Tp1>::other>::value, std::default_delete<_Tp>, rclcpp::allocator::AllocatorDeleter<typename std::allocator_traits<_NodeAlloc>::rebind_traits<MessageT>::allocator_type> >::type = std::default_delete<nav_msgs::msg::Odometry_<std::allocator<void> > >]
   [01;36m[Kpublish[m[K(std::unique_ptr<MessageT, MessageDeleter> msg)
   [01;36m[K^~~~~~~[m[K
[01m[K/opt/ros/eloquent/include/rclcpp/publisher.hpp:159:3:[m[K [01;36m[Knote: [m[K  no known conversion for argument 1 from ‘[01m[Knav_msgs::msg::Odometry_<std::allocator<void> >::SharedPtr {aka std::shared_ptr<nav_msgs::msg::Odometry_<std::allocator<void> > >}[m[K’ to ‘[01m[Kstd::unique_ptr<nav_msgs::msg::Odometry_<std::allocator<void> >, std::default_delete<nav_msgs::msg::Odometry_<std::allocator<void> > > >[m[K’
[01m[K/opt/ros/eloquent/include/rclcpp/publisher.hpp:183:3:[m[K [01;36m[Knote: [m[Kcandidate: void rclcpp::Publisher<MessageT, AllocatorT>::publish(const MessageT&) [with MessageT = nav_msgs::msg::Odometry_<std::allocator<void> >; AllocatorT = std::allocator<void>]
   [01;36m[Kpublish[m[K(const MessageT & msg)
   [01;36m[K^~~~~~~[m[K
[01m[K/opt/ros/eloquent/include/rclcpp/publisher.hpp:183:3:[m[K [01;36m[Knote: [m[K  no known conversion for argument 1 from ‘[01m[Knav_msgs::msg::Odometry_<std::allocator<void> >::SharedPtr {aka std::shared_ptr<nav_msgs::msg::Odometry_<std::allocator<void> > >}[m[K’ to ‘[01m[Kconst nav_msgs::msg::Odometry_<std::allocator<void> >&[m[K’
[01m[K/opt/ros/eloquent/include/rclcpp/publisher.hpp:200:3:[m[K [01;36m[Knote: [m[Kcandidate: void rclcpp::Publisher<MessageT, AllocatorT>::publish(const rcl_serialized_message_t&) [with MessageT = nav_msgs::msg::Odometry_<std::allocator<void> >; AllocatorT = std::allocator<void>; rcl_serialized_message_t = rcutils_uint8_array_t]
   [01;36m[Kpublish[m[K(const rcl_serialized_message_t & serialized_msg)
   [01;36m[K^~~~~~~[m[K
[01m[K/opt/ros/eloquent/include/rclcpp/publisher.hpp:200:3:[m[K [01;36m[Knote: [m[K  no known conversion for argument 1 from ‘[01m[Knav_msgs::msg::Odometry_<std::allocator<void> >::SharedPtr {aka std::shared_ptr<nav_msgs::msg::Odometry_<std::allocator<void> > >}[m[K’ to ‘[01m[Kconst rcl_serialized_message_t& {aka const rcutils_uint8_array_t&}[m[K’
[01m[K/opt/ros/eloquent/include/rclcpp/publisher.hpp:214:3:[m[K [01;36m[Knote: [m[Kcandidate: void rclcpp::Publisher<MessageT, AllocatorT>::publish(rclcpp::LoanedMessage<MessageT, AllocatorT>&&) [with MessageT = nav_msgs::msg::Odometry_<std::allocator<void> >; AllocatorT = std::allocator<void>]
   [01;36m[Kpublish[m[K(rclcpp::LoanedMessage<MessageT, AllocatorT> && loaned_msg)
   [01;36m[K^~~~~~~[m[K
[01m[K/opt/ros/eloquent/include/rclcpp/publisher.hpp:214:3:[m[K [01;36m[Knote: [m[K  no known conversion for argument 1 from ‘[01m[Knav_msgs::msg::Odometry_<std::allocator<void> >::SharedPtr {aka std::shared_ptr<nav_msgs::msg::Odometry_<std::allocator<void> > >}[m[K’ to ‘[01m[Krclcpp::LoanedMessage<nav_msgs::msg::Odometry_<std::allocator<void> >, std::allocator<void> >&&[m[K’
make[2]: *** [src/CMakeFiles/run_slam.dir/run_slam.cc.o] Error 1
make[1]: *** [src/CMakeFiles/run_slam.dir/all] Error 2
make: *** [all] Error 2
