[0.187s] Invoking command in '/home/mirella/openvslam/ros/2/build/vision_opencv': AMENT_PREFIX_PATH=/home/mirella/openvslam/ros/2/install/image_geometry:/home/mirella/openvslam/ros/2/install/cv_bridge:${AMENT_PREFIX_PATH} CMAKE_PREFIX_PATH=/home/mirella/openvslam/ros/2/install/image_geometry:/home/mirella/openvslam/ros/2/install/cv_bridge:/opt/ros/eloquent LD_LIBRARY_PATH=/home/mirella/openvslam/ros/2/install/image_geometry/lib:/home/mirella/openvslam/ros/2/install/cv_bridge/lib:${LD_LIBRARY_PATH} PYTHONPATH=/home/mirella/openvslam/ros/2/install/image_geometry/lib/python3.6/site-packages:/home/mirella/openvslam/ros/2/install/cv_bridge/lib/python3.6/site-packages:${PYTHONPATH} /usr/bin/cmake --build /home/mirella/openvslam/ros/2/build/vision_opencv -- -j12 -l12
[0.235s] Invoked command in '/home/mirella/openvslam/ros/2/build/vision_opencv' returned '0': AMENT_PREFIX_PATH=/home/mirella/openvslam/ros/2/install/image_geometry:/home/mirella/openvslam/ros/2/install/cv_bridge:${AMENT_PREFIX_PATH} CMAKE_PREFIX_PATH=/home/mirella/openvslam/ros/2/install/image_geometry:/home/mirella/openvslam/ros/2/install/cv_bridge:/opt/ros/eloquent LD_LIBRARY_PATH=/home/mirella/openvslam/ros/2/install/image_geometry/lib:/home/mirella/openvslam/ros/2/install/cv_bridge/lib:${LD_LIBRARY_PATH} PYTHONPATH=/home/mirella/openvslam/ros/2/install/image_geometry/lib/python3.6/site-packages:/home/mirella/openvslam/ros/2/install/cv_bridge/lib/python3.6/site-packages:${PYTHONPATH} /usr/bin/cmake --build /home/mirella/openvslam/ros/2/build/vision_opencv -- -j12 -l12
[0.257s] Invoking command in '/home/mirella/openvslam/ros/2/build/vision_opencv': AMENT_PREFIX_PATH=/home/mirella/openvslam/ros/2/install/image_geometry:/home/mirella/openvslam/ros/2/install/cv_bridge:${AMENT_PREFIX_PATH} CMAKE_PREFIX_PATH=/home/mirella/openvslam/ros/2/install/image_geometry:/home/mirella/openvslam/ros/2/install/cv_bridge:/opt/ros/eloquent LD_LIBRARY_PATH=/home/mirella/openvslam/ros/2/install/image_geometry/lib:/home/mirella/openvslam/ros/2/install/cv_bridge/lib:${LD_LIBRARY_PATH} PYTHONPATH=/home/mirella/openvslam/ros/2/install/image_geometry/lib/python3.6/site-packages:/home/mirella/openvslam/ros/2/install/cv_bridge/lib/python3.6/site-packages:${PYTHONPATH} /usr/bin/cmake --build /home/mirella/openvslam/ros/2/build/vision_opencv --target install -- -j12 -l12
[0.304s] [36mInstall the project...[0m
[0.312s] -- Install configuration: ""
[0.313s] -- Execute custom install script
[0.313s] -- Up-to-date symlink: /home/mirella/openvslam/ros/2/install/vision_opencv/share/ament_index/resource_index/package_run_dependencies/vision_opencv
[0.313s] -- Up-to-date symlink: /home/mirella/openvslam/ros/2/install/vision_opencv/share/ament_index/resource_index/parent_prefix_path/vision_opencv
[0.313s] -- Up-to-date symlink: /home/mirella/openvslam/ros/2/install/vision_opencv/share/vision_opencv/environment/ament_prefix_path.sh
[0.314s] -- Up-to-date symlink: /home/mirella/openvslam/ros/2/install/vision_opencv/share/vision_opencv/environment/ament_prefix_path.dsv
[0.314s] -- Up-to-date symlink: /home/mirella/openvslam/ros/2/install/vision_opencv/share/vision_opencv/environment/path.sh
[0.314s] -- Up-to-date symlink: /home/mirella/openvslam/ros/2/install/vision_opencv/share/vision_opencv/environment/path.dsv
[0.315s] -- Up-to-date symlink: /home/mirella/openvslam/ros/2/install/vision_opencv/share/vision_opencv/local_setup.bash
[0.315s] -- Up-to-date symlink: /home/mirella/openvslam/ros/2/install/vision_opencv/share/vision_opencv/local_setup.sh
[0.315s] -- Up-to-date symlink: /home/mirella/openvslam/ros/2/install/vision_opencv/share/vision_opencv/local_setup.zsh
[0.315s] -- Up-to-date symlink: /home/mirella/openvslam/ros/2/install/vision_opencv/share/vision_opencv/local_setup.dsv
[0.316s] -- Symlinking: /home/mirella/openvslam/ros/2/install/vision_opencv/share/vision_opencv/package.dsv
[0.325s] -- Up-to-date symlink: /home/mirella/openvslam/ros/2/install/vision_opencv/share/ament_index/resource_index/packages/vision_opencv
[0.326s] -- Up-to-date symlink: /home/mirella/openvslam/ros/2/install/vision_opencv/share/vision_opencv/cmake/vision_opencvConfig.cmake
[0.326s] -- Up-to-date symlink: /home/mirella/openvslam/ros/2/install/vision_opencv/share/vision_opencv/cmake/vision_opencvConfig-version.cmake
[0.326s] -- Up-to-date symlink: /home/mirella/openvslam/ros/2/install/vision_opencv/share/vision_opencv/package.xml
[0.331s] Invoked command in '/home/mirella/openvslam/ros/2/build/vision_opencv' returned '0': AMENT_PREFIX_PATH=/home/mirella/openvslam/ros/2/install/image_geometry:/home/mirella/openvslam/ros/2/install/cv_bridge:${AMENT_PREFIX_PATH} CMAKE_PREFIX_PATH=/home/mirella/openvslam/ros/2/install/image_geometry:/home/mirella/openvslam/ros/2/install/cv_bridge:/opt/ros/eloquent LD_LIBRARY_PATH=/home/mirella/openvslam/ros/2/install/image_geometry/lib:/home/mirella/openvslam/ros/2/install/cv_bridge/lib:${LD_LIBRARY_PATH} PYTHONPATH=/home/mirella/openvslam/ros/2/install/image_geometry/lib/python3.6/site-packages:/home/mirella/openvslam/ros/2/install/cv_bridge/lib/python3.6/site-packages:${PYTHONPATH} /usr/bin/cmake --build /home/mirella/openvslam/ros/2/build/vision_opencv --target install -- -j12 -l12
