[0.024s] Invoking command in '/home/mirella/openvslam/ros/2/build/camera_calibration_parsers': CMAKE_PREFIX_PATH=${CMAKE_PREFIX_PATH}:/home/mirella/openvslam/ros/2/install/opencv_tests:/opt/ros/eloquent /usr/bin/cmake --build /home/mirella/openvslam/ros/2/build/camera_calibration_parsers -- -j12 -l12
[0.088s] [ 14%] Built target gtest
[0.088s] [ 28%] Built target gtest_main
[0.107s] [ 57%] Built target camera_calibration_parsers
[0.148s] [ 71%] Built target camera_calibration_parsers-parse_ini
[0.150s] [ 85%] Built target camera_calibration_parsers-parse_yml
[0.151s] [100%] Built target convert
[0.171s] Invoked command in '/home/mirella/openvslam/ros/2/build/camera_calibration_parsers' returned '0': CMAKE_PREFIX_PATH=${CMAKE_PREFIX_PATH}:/home/mirella/openvslam/ros/2/install/opencv_tests:/opt/ros/eloquent /usr/bin/cmake --build /home/mirella/openvslam/ros/2/build/camera_calibration_parsers -- -j12 -l12
[0.219s] Invoking command in '/home/mirella/openvslam/ros/2/build/camera_calibration_parsers': CMAKE_PREFIX_PATH=${CMAKE_PREFIX_PATH}:/home/mirella/openvslam/ros/2/install/opencv_tests:/opt/ros/eloquent /usr/bin/cmake --build /home/mirella/openvslam/ros/2/build/camera_calibration_parsers --target install -- -j12 -l12
[0.292s] [ 14%] Built target gtest_main
[0.293s] [ 28%] Built target gtest
[0.299s] [ 57%] Built target camera_calibration_parsers
[0.328s] [ 71%] Built target camera_calibration_parsers-parse_yml
[0.330s] [ 85%] Built target convert
[0.338s] [100%] Built target camera_calibration_parsers-parse_ini
[0.357s] [36mInstall the project...[0m
[0.369s] -- Install configuration: ""
[0.369s] -- Execute custom install script
[0.370s] -- Up-to-date symlink: /home/mirella/openvslam/ros/2/install/camera_calibration_parsers/lib/libcamera_calibration_parsers.so
[0.371s] -- Up-to-date symlink: /home/mirella/openvslam/ros/2/install/camera_calibration_parsers/lib/camera_calibration_parsers/convert
[0.371s] -- Up-to-date symlink: /home/mirella/openvslam/ros/2/install/camera_calibration_parsers/include/camera_calibration_parsers/parse.h
[0.372s] -- Up-to-date symlink: /home/mirella/openvslam/ros/2/install/camera_calibration_parsers/include/camera_calibration_parsers/parse_ini.h
[0.372s] -- Up-to-date symlink: /home/mirella/openvslam/ros/2/install/camera_calibration_parsers/include/camera_calibration_parsers/parse_yml.h
[0.372s] -- Up-to-date symlink: /home/mirella/openvslam/ros/2/install/camera_calibration_parsers/include/camera_calibration_parsers/visibility_control.hpp
[0.373s] -- Up-to-date symlink: /home/mirella/openvslam/ros/2/install/camera_calibration_parsers/share/camera_calibration_parsers/environment/library_path.sh
[0.374s] -- Up-to-date symlink: /home/mirella/openvslam/ros/2/install/camera_calibration_parsers/share/camera_calibration_parsers/environment/library_path.dsv
[0.374s] -- Up-to-date symlink: /home/mirella/openvslam/ros/2/install/camera_calibration_parsers/share/ament_index/resource_index/package_run_dependencies/camera_calibration_parsers
[0.375s] -- Up-to-date symlink: /home/mirella/openvslam/ros/2/install/camera_calibration_parsers/share/ament_index/resource_index/parent_prefix_path/camera_calibration_parsers
[0.375s] -- Up-to-date symlink: /home/mirella/openvslam/ros/2/install/camera_calibration_parsers/share/camera_calibration_parsers/environment/ament_prefix_path.sh
[0.375s] -- Up-to-date symlink: /home/mirella/openvslam/ros/2/install/camera_calibration_parsers/share/camera_calibration_parsers/environment/ament_prefix_path.dsv
[0.376s] -- Up-to-date symlink: /home/mirella/openvslam/ros/2/install/camera_calibration_parsers/share/camera_calibration_parsers/environment/path.sh
[0.377s] -- Up-to-date symlink: /home/mirella/openvslam/ros/2/install/camera_calibration_parsers/share/camera_calibration_parsers/environment/path.dsv
[0.377s] -- Up-to-date symlink: /home/mirella/openvslam/ros/2/install/camera_calibration_parsers/share/camera_calibration_parsers/local_setup.bash
[0.377s] -- Up-to-date symlink: /home/mirella/openvslam/ros/2/install/camera_calibration_parsers/share/camera_calibration_parsers/local_setup.sh
[0.377s] -- Up-to-date symlink: /home/mirella/openvslam/ros/2/install/camera_calibration_parsers/share/camera_calibration_parsers/local_setup.zsh
[0.378s] -- Up-to-date symlink: /home/mirella/openvslam/ros/2/install/camera_calibration_parsers/share/camera_calibration_parsers/local_setup.dsv
[0.378s] -- Symlinking: /home/mirella/openvslam/ros/2/install/camera_calibration_parsers/share/camera_calibration_parsers/package.dsv
[0.402s] -- Up-to-date symlink: /home/mirella/openvslam/ros/2/install/camera_calibration_parsers/share/ament_index/resource_index/packages/camera_calibration_parsers
[0.402s] -- Up-to-date symlink: /home/mirella/openvslam/ros/2/install/camera_calibration_parsers/share/camera_calibration_parsers/cmake/ament_cmake_export_include_directories-extras.cmake
[0.402s] -- Up-to-date symlink: /home/mirella/openvslam/ros/2/install/camera_calibration_parsers/share/camera_calibration_parsers/cmake/ament_cmake_export_libraries-extras.cmake
[0.403s] -- Up-to-date symlink: /home/mirella/openvslam/ros/2/install/camera_calibration_parsers/share/camera_calibration_parsers/cmake/ament_cmake_export_dependencies-extras.cmake
[0.403s] -- Up-to-date symlink: /home/mirella/openvslam/ros/2/install/camera_calibration_parsers/share/camera_calibration_parsers/cmake/camera_calibration_parsersConfig.cmake
[0.407s] -- Up-to-date symlink: /home/mirella/openvslam/ros/2/install/camera_calibration_parsers/share/camera_calibration_parsers/cmake/camera_calibration_parsersConfig-version.cmake
[0.408s] -- Up-to-date symlink: /home/mirella/openvslam/ros/2/install/camera_calibration_parsers/share/camera_calibration_parsers/package.xml
[0.417s] Invoked command in '/home/mirella/openvslam/ros/2/build/camera_calibration_parsers' returned '0': CMAKE_PREFIX_PATH=${CMAKE_PREFIX_PATH}:/home/mirella/openvslam/ros/2/install/opencv_tests:/opt/ros/eloquent /usr/bin/cmake --build /home/mirella/openvslam/ros/2/build/camera_calibration_parsers --target install -- -j12 -l12
