[0.025s] Invoking command in '/home/mirella/openvslam/ros/2/build/cv_bridge': CMAKE_PREFIX_PATH=${CMAKE_PREFIX_PATH}:/home/mirella/openvslam/ros/2/install/opencv_tests:/opt/ros/eloquent /usr/bin/cmake --build /home/mirella/openvslam/ros/2/build/cv_bridge -- -j12 -l12
[0.079s] [ 12%] Built target gtest_main
[0.083s] [ 25%] Built target gtest
[0.089s] [ 43%] Built target cv_bridge
[0.131s] [ 62%] Built target cv_bridge_boost
[0.150s] [100%] Built target cv_bridge-utest
[0.166s] Invoked command in '/home/mirella/openvslam/ros/2/build/cv_bridge' returned '0': CMAKE_PREFIX_PATH=${CMAKE_PREFIX_PATH}:/home/mirella/openvslam/ros/2/install/opencv_tests:/opt/ros/eloquent /usr/bin/cmake --build /home/mirella/openvslam/ros/2/build/cv_bridge -- -j12 -l12
[0.200s] Invoking command in '/home/mirella/openvslam/ros/2/build/cv_bridge': CMAKE_PREFIX_PATH=${CMAKE_PREFIX_PATH}:/home/mirella/openvslam/ros/2/install/opencv_tests:/opt/ros/eloquent /usr/bin/cmake --build /home/mirella/openvslam/ros/2/build/cv_bridge --target install -- -j12 -l12
[0.268s] [ 12%] Built target gtest_main
[0.271s] [ 25%] Built target gtest
[0.279s] [ 43%] Built target cv_bridge
[0.321s] [ 62%] Built target cv_bridge_boost
[0.325s] [100%] Built target cv_bridge-utest
[0.349s] [36mInstall the project...[0m
[0.372s] -- Install configuration: ""
[0.373s] -- Execute custom install script
[0.373s] -- Up-to-date symlink: /home/mirella/openvslam/ros/2/install/cv_bridge/share/cv_bridge/environment/pythonpath.sh
[0.374s] -- Up-to-date symlink: /home/mirella/openvslam/ros/2/install/cv_bridge/share/cv_bridge/environment/pythonpath.dsv
[0.375s] -- Up-to-date symlink: /home/mirella/openvslam/ros/2/install/cv_bridge/lib/python3.6/site-packages/cv_bridge/__init__.py
[0.375s] -- Up-to-date symlink: /home/mirella/openvslam/ros/2/install/cv_bridge/lib/python3.6/site-packages/cv_bridge/core.py
[0.377s] -- Up-to-date symlink: /home/mirella/openvslam/ros/2/install/cv_bridge/lib/libcv_bridge.so
[0.378s] -- Up-to-date symlink: /home/mirella/openvslam/ros/2/install/cv_bridge/include/cv_bridge/cv_bridge_export.h
[0.378s] -- Up-to-date symlink: /home/mirella/openvslam/ros/2/install/cv_bridge/lib/python3.6/site-packages/cv_bridge/boost//cv_bridge_boost.so
[0.382s] -- Up-to-date symlink: /home/mirella/openvslam/ros/2/install/cv_bridge/share/cv_bridge/environment/library_path.sh
[0.383s] -- Up-to-date symlink: /home/mirella/openvslam/ros/2/install/cv_bridge/share/cv_bridge/environment/library_path.dsv
[0.384s] -- Up-to-date symlink: /home/mirella/openvslam/ros/2/install/cv_bridge/include/cv_bridge/cv_bridge.h
[0.384s] -- Up-to-date symlink: /home/mirella/openvslam/ros/2/install/cv_bridge/include/cv_bridge/rgb_colors.h
[0.384s] -- Up-to-date symlink: /home/mirella/openvslam/ros/2/install/cv_bridge/share/ament_index/resource_index/package_run_dependencies/cv_bridge
[0.384s] -- Up-to-date symlink: /home/mirella/openvslam/ros/2/install/cv_bridge/share/ament_index/resource_index/parent_prefix_path/cv_bridge
[0.384s] -- Up-to-date symlink: /home/mirella/openvslam/ros/2/install/cv_bridge/share/cv_bridge/environment/ament_prefix_path.sh
[0.384s] -- Up-to-date symlink: /home/mirella/openvslam/ros/2/install/cv_bridge/share/cv_bridge/environment/ament_prefix_path.dsv
[0.384s] -- Up-to-date symlink: /home/mirella/openvslam/ros/2/install/cv_bridge/share/cv_bridge/environment/path.sh
[0.385s] -- Up-to-date symlink: /home/mirella/openvslam/ros/2/install/cv_bridge/share/cv_bridge/environment/path.dsv
[0.388s] -- Up-to-date symlink: /home/mirella/openvslam/ros/2/install/cv_bridge/share/cv_bridge/local_setup.bash
[0.388s] -- Up-to-date symlink: /home/mirella/openvslam/ros/2/install/cv_bridge/share/cv_bridge/local_setup.sh
[0.389s] -- Up-to-date symlink: /home/mirella/openvslam/ros/2/install/cv_bridge/share/cv_bridge/local_setup.zsh
[0.389s] -- Up-to-date symlink: /home/mirella/openvslam/ros/2/install/cv_bridge/share/cv_bridge/local_setup.dsv
[0.389s] -- Symlinking: /home/mirella/openvslam/ros/2/install/cv_bridge/share/cv_bridge/package.dsv
[0.400s] -- Up-to-date symlink: /home/mirella/openvslam/ros/2/install/cv_bridge/share/ament_index/resource_index/packages/cv_bridge
[0.400s] -- Up-to-date symlink: /home/mirella/openvslam/ros/2/install/cv_bridge/share/cv_bridge/cmake/cv_bridge-extras.cmake
[0.401s] -- Up-to-date symlink: /home/mirella/openvslam/ros/2/install/cv_bridge/share/cv_bridge/cmake/ament_cmake_export_dependencies-extras.cmake
[0.402s] -- Up-to-date symlink: /home/mirella/openvslam/ros/2/install/cv_bridge/share/cv_bridge/cmake/ament_cmake_export_include_directories-extras.cmake
[0.402s] -- Up-to-date symlink: /home/mirella/openvslam/ros/2/install/cv_bridge/share/cv_bridge/cmake/ament_cmake_export_libraries-extras.cmake
[0.402s] -- Up-to-date symlink: /home/mirella/openvslam/ros/2/install/cv_bridge/share/cv_bridge/cmake/cv_bridgeConfig.cmake
[0.403s] -- Up-to-date symlink: /home/mirella/openvslam/ros/2/install/cv_bridge/share/cv_bridge/cmake/cv_bridgeConfig-version.cmake
[0.403s] -- Up-to-date symlink: /home/mirella/openvslam/ros/2/install/cv_bridge/share/cv_bridge/package.xml
[0.427s] Listing '/home/mirella/openvslam/ros/2/install/cv_bridge/lib/python3.6/site-packages/cv_bridge'...
[0.428s] Listing '/home/mirella/openvslam/ros/2/install/cv_bridge/lib/python3.6/site-packages/cv_bridge/boost'...
[0.438s] Invoked command in '/home/mirella/openvslam/ros/2/build/cv_bridge' returned '0': CMAKE_PREFIX_PATH=${CMAKE_PREFIX_PATH}:/home/mirella/openvslam/ros/2/install/opencv_tests:/opt/ros/eloquent /usr/bin/cmake --build /home/mirella/openvslam/ros/2/build/cv_bridge --target install -- -j12 -l12
