-- Root directory of OpenVSLAM: /home/mirella/openvslam
-- Source directory of OpenVSLAM: /home/mirella/openvslam/src
-- Library directory of OpenVSLAM: /home/mirella/openvslam/build/lib
-- Build type: Release
-- Address/Memory sanitizer: DISABLED
-- Stack trace logger: DISABLED
-- Google Perftools: DISABLED
-- Architecture-aware optimization (-march=native): DISABLED
-- C++11 support: OK (-std=c++17)
-- Found ament_cmake: 0.8.2 (/opt/ros/eloquent/share/ament_cmake/cmake)
-- Using PYTHON_EXECUTABLE: /usr/bin/python3
-- Override CMake install command with custom implementation using symlinks instead of copying resources
-- Found rclcpp: 0.8.4 (/opt/ros/eloquent/share/rclcpp/cmake)
-- Found rosidl_adapter: 0.8.2 (/opt/ros/eloquent/share/rosidl_adapter/cmake)
-- Found rmw_implementation_cmake: 0.8.1 (/opt/ros/eloquent/share/rmw_implementation_cmake/cmake)
-- Using RMW implementation 'rmw_fastrtps_cpp' as default
-- Found cv_bridge: 2.2.1 (/home/mirella/openvslam/ros/2/install/cv_bridge/share/cv_bridge/cmake)
-- Found tf2_ros: 0.12.5 (/opt/ros/eloquent/share/tf2_ros/cmake)
-- Found sensor_msgs: 0.8.1 (/opt/ros/eloquent/share/sensor_msgs/cmake)
-- Found visualization_msgs: 0.8.1 (/opt/ros/eloquent/share/visualization_msgs/cmake)
-- Found pcl_conversions: 2.1.0 (/opt/ros/eloquent/share/pcl_conversions/cmake)
-- Found nav_msgs: 0.8.1 (/opt/ros/eloquent/share/nav_msgs/cmake)
-- Found image_transport: 2.2.1 (/home/mirella/openvslam/ros/2/install/image_transport/share/image_transport/cmake)
-- Found tinyxml2_vendor:  (/opt/ros/eloquent/share/tinyxml2_vendor/cmake)
-- Found poco_vendor:  (/opt/ros/eloquent/share/poco_vendor/cmake)
-- Boost version: 1.65.1
-- Found the following Boost libraries:
--   system
-- Boost version: 1.65.1
-- Found the following Boost libraries:
--   system
--   filesystem
--   thread
--   date_time
--   iostreams
--   serialization
--   chrono
--   atomic
--   regex
-- Could NOT find ensenso (missing: ENSENSO_LIBRARY ENSENSO_INCLUDE_DIR) 
-- Could NOT find DAVIDSDK (missing: DAVIDSDK_LIBRARY DAVIDSDK_INCLUDE_DIR) 
-- Could NOT find DSSDK (missing: _DSSDK_LIBRARIES) 
-- The imported target "vtkRenderingPythonTkWidgets" references the file
   "/usr/lib/x86_64-linux-gnu/libvtkRenderingPythonTkWidgets.so"
but this file does not exist.  Possible reasons include:
* The file was deleted, renamed, or moved to another location.
* An install or uninstall procedure did not complete successfully.
* The installation package was faulty and contained
   "/usr/lib/cmake/vtk-6.3/VTKTargets.cmake"
but not all the files it references.

-- The imported target "vtk" references the file
   "/usr/bin/vtk"
but this file does not exist.  Possible reasons include:
* The file was deleted, renamed, or moved to another location.
* An install or uninstall procedure did not complete successfully.
* The installation package was faulty and contained
   "/usr/lib/cmake/vtk-6.3/VTKTargets.cmake"
but not all the files it references.

-- Could NOT find ensenso (missing: ENSENSO_LIBRARY ENSENSO_INCLUDE_DIR) 
-- Could NOT find DAVIDSDK (missing: DAVIDSDK_LIBRARY DAVIDSDK_INCLUDE_DIR) 
-- Could NOT find DSSDK (missing: _DSSDK_LIBRARIES) 
-- Could NOT find RSSDK (missing: _RSSDK_LIBRARIES) 
-- looking for PCL_COMMON
-- looking for PCL_OCTREE
-- looking for PCL_IO
-- looking for PCL_KDTREE
-- looking for PCL_SEARCH
-- looking for PCL_SAMPLE_CONSENSUS
-- looking for PCL_FILTERS
-- looking for PCL_2D
-- looking for PCL_GEOMETRY
-- looking for PCL_FEATURES
-- looking for PCL_ML
-- looking for PCL_SEGMENTATION
-- looking for PCL_VISUALIZATION
-- looking for PCL_SURFACE
-- looking for PCL_REGISTRATION
-- looking for PCL_KEYPOINTS
-- looking for PCL_TRACKING
-- looking for PCL_RECOGNITION
-- looking for PCL_STEREO
-- looking for PCL_APPS
-- looking for PCL_IN_HAND_SCANNER
-- looking for PCL_MODELER
-- looking for PCL_POINT_CLOUD_EDITOR
-- looking for PCL_OUTOFCORE
-- looking for PCL_PEOPLE
-- Use OpenCV 3.4.0
-- BoW framework: DBoW2 (found in /usr/local/include)
-- Viewer for examples: pangolin viewer
-- Configuring done
-- Generating done
-- Build files have been written to: /home/mirella/openvslam/ros/2/build/openvslam
[35m[1mScanning dependencies of target run_slam[0m
[ 25%] [32m[1mLinking CXX executable run_localization[0m
[ 50%] [32mBuilding CXX object src/CMakeFiles/run_slam.dir/run_slam.cc.o[0m
[ 75%] Built target run_localization
src/CMakeFiles/run_slam.dir/build.make:62: recipe for target 'src/CMakeFiles/run_slam.dir/run_slam.cc.o' failed
CMakeFiles/Makefile2:151: recipe for target 'src/CMakeFiles/run_slam.dir/all' failed
Makefile:140: recipe for target 'all' failed
