[0.032s] Invoking command in '/home/mirella/openvslam/ros/2/build/openvslam': CMAKE_PREFIX_PATH=/home/mirella/openvslam/ros/2/install/image_transport:/home/mirella/openvslam/ros/2/install/cv_bridge:/home/mirella/openvslam/ros/2/install/vision_opencv:/home/mirella/openvslam/ros/2/install/publisher:/home/mirella/openvslam/ros/2/install/openvslam:/home/mirella/openvslam/ros/2/install/image_common:/home/mirella/openvslam/ros/2/install/camera_info_manager:/home/mirella/openvslam/ros/2/install/image_geometry:/home/mirella/openvslam/ros/2/install/camera_calibration_parsers:/home/mirella/openvslam/ros/2/install/opencv_tests:/opt/ros/eloquent LD_LIBRARY_PATH=/home/mirella/openvslam/ros/2/install/image_transport/lib:/home/mirella/openvslam/ros/2/install/cv_bridge/lib:/home/mirella/openvslam/ros/2/install/camera_info_manager/lib:/home/mirella/openvslam/ros/2/install/image_geometry/lib:/home/mirella/openvslam/ros/2/install/camera_calibration_parsers/lib:/opt/ros/eloquent/opt/yaml_cpp_vendor/lib:/opt/ros/eloquent/opt/rviz_ogre_vendor/lib:/opt/ros/eloquent/lib/x86_64-linux-gnu:/opt/ros/eloquent/lib PYTHONPATH=/home/mirella/openvslam/ros/2/install/cv_bridge/lib/python3.6/site-packages:/home/mirella/openvslam/ros/2/build/opencv_tests:/home/mirella/openvslam/ros/2/install/opencv_tests/lib/python3.6/site-packages:/home/mirella/openvslam/ros/2/install/image_geometry/lib/python3.6/site-packages:/opt/ros/eloquent/lib/python3.6/site-packages /usr/bin/cmake --build /home/mirella/openvslam/ros/2/build/openvslam -- -j12 -l12
[0.068s] -- Root directory of OpenVSLAM: /home/mirella/openvslam
[0.068s] -- Source directory of OpenVSLAM: /home/mirella/openvslam/src
[0.068s] -- Library directory of OpenVSLAM: /home/mirella/openvslam/build/lib
[0.069s] -- Build type: Release
[0.069s] -- Address/Memory sanitizer: DISABLED
[0.069s] -- Stack trace logger: DISABLED
[0.069s] -- Google Perftools: DISABLED
[0.069s] -- Architecture-aware optimization (-march=native): DISABLED
[0.070s] -- C++11 support: OK (-std=c++17)
[0.070s] -- Found ament_cmake: 0.8.2 (/opt/ros/eloquent/share/ament_cmake/cmake)
[0.106s] -- Using PYTHON_EXECUTABLE: /usr/bin/python3
[0.303s] -- Override CMake install command with custom implementation using symlinks instead of copying resources
[0.309s] -- Found rclcpp: 0.8.4 (/opt/ros/eloquent/share/rclcpp/cmake)
[0.324s] -- Found rosidl_adapter: 0.8.2 (/opt/ros/eloquent/share/rosidl_adapter/cmake)
[0.353s] -- Found rmw_implementation_cmake: 0.8.1 (/opt/ros/eloquent/share/rmw_implementation_cmake/cmake)
[0.353s] -- Using RMW implementation 'rmw_fastrtps_cpp' as default
[0.378s] -- Found cv_bridge: 2.2.1 (/home/mirella/openvslam/ros/2/install/cv_bridge/share/cv_bridge/cmake)
[0.384s] -- Found tf2_ros: 0.12.5 (/opt/ros/eloquent/share/tf2_ros/cmake)
[0.446s] -- Found sensor_msgs: 0.8.1 (/opt/ros/eloquent/share/sensor_msgs/cmake)
[0.456s] -- Found visualization_msgs: 0.8.1 (/opt/ros/eloquent/share/visualization_msgs/cmake)
[0.467s] -- Found pcl_conversions: 2.1.0 (/opt/ros/eloquent/share/pcl_conversions/cmake)
[0.518s] -- Found nav_msgs: 0.8.1 (/opt/ros/eloquent/share/nav_msgs/cmake)
[0.526s] -- Found image_transport: 2.2.1 (/home/mirella/openvslam/ros/2/install/image_transport/share/image_transport/cmake)
[0.546s] -- Found tinyxml2_vendor:  (/opt/ros/eloquent/share/tinyxml2_vendor/cmake)
[0.554s] -- Found poco_vendor:  (/opt/ros/eloquent/share/poco_vendor/cmake)
[0.583s] -- Boost version: 1.65.1
[0.583s] -- Found the following Boost libraries:
[0.583s] --   system
[0.615s] -- Boost version: 1.65.1
[0.615s] -- Found the following Boost libraries:
[0.615s] --   system
[0.615s] --   filesystem
[0.615s] --   thread
[0.615s] --   date_time
[0.615s] --   iostreams
[0.616s] --   serialization
[0.616s] --   chrono
[0.616s] --   atomic
[0.616s] --   regex
[0.624s] -- Could NOT find ensenso (missing: ENSENSO_LIBRARY ENSENSO_INCLUDE_DIR) 
[0.625s] ** WARNING ** io features related to ensenso will be disabled
[0.627s] -- Could NOT find DAVIDSDK (missing: DAVIDSDK_LIBRARY DAVIDSDK_INCLUDE_DIR) 
[0.627s] ** WARNING ** io features related to davidSDK will be disabled
[0.628s] -- Could NOT find DSSDK (missing: _DSSDK_LIBRARIES) 
[0.628s] ** WARNING ** io features related to dssdk will be disabled
[0.628s] ** WARNING ** io features related to pcap will be disabled
[0.628s] ** WARNING ** io features related to png will be disabled
[0.668s] -- The imported target "vtkRenderingPythonTkWidgets" references the file
[0.668s]    "/usr/lib/x86_64-linux-gnu/libvtkRenderingPythonTkWidgets.so"
[0.668s] but this file does not exist.  Possible reasons include:
[0.668s] * The file was deleted, renamed, or moved to another location.
[0.668s] * An install or uninstall procedure did not complete successfully.
[0.668s] * The installation package was faulty and contained
[0.668s]    "/usr/lib/cmake/vtk-6.3/VTKTargets.cmake"
[0.668s] but not all the files it references.
[0.669s] 
[0.669s] -- The imported target "vtk" references the file
[0.669s]    "/usr/bin/vtk"
[0.669s] but this file does not exist.  Possible reasons include:
[0.669s] * The file was deleted, renamed, or moved to another location.
[0.669s] * An install or uninstall procedure did not complete successfully.
[0.669s] * The installation package was faulty and contained
[0.669s]    "/usr/lib/cmake/vtk-6.3/VTKTargets.cmake"
[0.669s] but not all the files it references.
[0.669s] 
[0.702s] ** WARNING ** io features related to libusb-1.0 will be disabled
[0.723s] -- Could NOT find ensenso (missing: ENSENSO_LIBRARY ENSENSO_INCLUDE_DIR) 
[0.723s] ** WARNING ** visualization features related to ensenso will be disabled
[0.725s] -- Could NOT find DAVIDSDK (missing: DAVIDSDK_LIBRARY DAVIDSDK_INCLUDE_DIR) 
[0.725s] ** WARNING ** visualization features related to davidSDK will be disabled
[0.726s] -- Could NOT find DSSDK (missing: _DSSDK_LIBRARIES) 
[0.726s] ** WARNING ** visualization features related to dssdk will be disabled
[0.726s] -- Could NOT find RSSDK (missing: _RSSDK_LIBRARIES) 
[0.727s] ** WARNING ** visualization features related to rssdk will be disabled
[0.760s] -- looking for PCL_COMMON
[0.760s] -- looking for PCL_OCTREE
[0.761s] -- looking for PCL_IO
[0.761s] -- looking for PCL_KDTREE
[0.762s] -- looking for PCL_SEARCH
[0.762s] -- looking for PCL_SAMPLE_CONSENSUS
[0.762s] -- looking for PCL_FILTERS
[0.763s] -- looking for PCL_2D
[0.763s] -- looking for PCL_GEOMETRY
[0.764s] -- looking for PCL_FEATURES
[0.764s] -- looking for PCL_ML
[0.764s] -- looking for PCL_SEGMENTATION
[0.765s] -- looking for PCL_VISUALIZATION
[0.765s] -- looking for PCL_SURFACE
[0.766s] -- looking for PCL_REGISTRATION
[0.766s] -- looking for PCL_KEYPOINTS
[0.767s] -- looking for PCL_TRACKING
[0.767s] -- looking for PCL_RECOGNITION
[0.768s] -- looking for PCL_STEREO
[0.769s] -- looking for PCL_APPS
[0.770s] -- looking for PCL_IN_HAND_SCANNER
[0.770s] -- looking for PCL_MODELER
[0.771s] -- looking for PCL_POINT_CLOUD_EDITOR
[0.771s] -- looking for PCL_OUTOFCORE
[0.771s] -- looking for PCL_PEOPLE
[0.790s] -- Use OpenCV 3.4.0
[0.792s] -- BoW framework: DBoW2 (found in /usr/local/include)
[0.794s] -- Viewer for examples: pangolin viewer
[1.342s] -- Configuring done
[1.425s] -- Generating done
[1.426s] -- Build files have been written to: /home/mirella/openvslam/ros/2/build/openvslam
[1.452s] [35m[1mScanning dependencies of target run_slam[0m
[1.474s] [ 25%] [32m[1mLinking CXX executable run_localization[0m
[1.535s] [ 50%] [32mBuilding CXX object src/CMakeFiles/run_slam.dir/run_slam.cc.o[0m
[2.271s] [ 75%] Built target run_localization
[7.136s] [01m[K/home/mirella/openvslam/ros/2/src/openvslam/src/run_slam.cc:[m[K In function ‘[01m[Kvoid callback(const ConstSharedPtr&, std::shared_ptr<rclcpp::Publisher<sensor_msgs::msg::Image_<std::allocator<void> >, std::allocator<void> > >, std::shared_ptr<rclcpp::Publisher<sensor_msgs::msg::Image_<std::allocator<void> >, std::allocator<void> > >, std::shared_ptr<rclcpp::Publisher<sensor_msgs::msg::CameraInfo_<std::allocator<void> >, std::allocator<void> > >, std::shared_ptr<rclcpp::Publisher<sensor_msgs::msg::CameraInfo_<std::allocator<void> >, std::allocator<void> > >, std::shared_ptr<rclcpp::Publisher<nav_msgs::msg::Odometry_<std::allocator<void> >, std::allocator<void> > >, openvslam::system*, cv::Mat, std::shared_ptr<rclcpp::Node>)[m[K’:
[7.136s] [01m[K/home/mirella/openvslam/ros/2/src/openvslam/src/run_slam.cc:211:46:[m[K [01;31m[Kerror: [m[Kno matching function for call to ‘[01m[Krclcpp::Publisher<nav_msgs::msg::Odometry_<std::allocator<void> >, std::allocator<void> >::publish(std::shared_ptr<nav_msgs::msg::Odometry_<std::allocator<void> > >&)[m[K’
[7.136s]          odometry_publisher->publish(odom_msg_[01;31m[K)[m[K;
[7.136s]                                               [01;31m[K^[m[K
[7.137s] In file included from [01m[K/opt/ros/eloquent/include/rclcpp/node_interfaces/node_topics_interface.hpp:26:0[m[K,
[7.137s]                  from [01m[K/opt/ros/eloquent/include/rclcpp/node.hpp:53[m[K,
[7.137s]                  from [01m[K/opt/ros/eloquent/include/rclcpp/executors/single_threaded_executor.hpp:28[m[K,
[7.137s]                  from [01m[K/opt/ros/eloquent/include/rclcpp/executors.hpp:22[m[K,
[7.137s]                  from [01m[K/opt/ros/eloquent/include/rclcpp/rclcpp.hpp:145[m[K,
[7.137s]                  from [01m[K/home/mirella/openvslam/ros/2/src/openvslam/src/run_slam.cc:21[m[K:
[7.137s] [01m[K/opt/ros/eloquent/include/rclcpp/publisher.hpp:159:3:[m[K [01;36m[Knote: [m[Kcandidate: void rclcpp::Publisher<MessageT, AllocatorT>::publish(std::unique_ptr<MessageT, typename std::conditional<std::is_same<typename std::allocator_traits<typename std::allocator_traits<_NodeAlloc>::rebind_traits<MessageT>::allocator_type>::rebind_alloc<MessageT>, typename std::allocator<void>::rebind<_Tp1>::other>::value, std::default_delete<_Tp>, rclcpp::allocator::AllocatorDeleter<typename std::allocator_traits<_NodeAlloc>::rebind_traits<MessageT>::allocator_type> >::type>) [with MessageT = nav_msgs::msg::Odometry_<std::allocator<void> >; AllocatorT = std::allocator<void>; typename std::conditional<std::is_same<typename std::allocator_traits<typename std::allocator_traits<_NodeAlloc>::rebind_traits<MessageT>::allocator_type>::rebind_alloc<MessageT>, typename std::allocator<void>::rebind<_Tp1>::other>::value, std::default_delete<_Tp>, rclcpp::allocator::AllocatorDeleter<typename std::allocator_traits<_NodeAlloc>::rebind_traits<MessageT>::allocator_type> >::type = std::default_delete<nav_msgs::msg::Odometry_<std::allocator<void> > >]
[7.137s]    [01;36m[Kpublish[m[K(std::unique_ptr<MessageT, MessageDeleter> msg)
[7.137s]    [01;36m[K^~~~~~~[m[K
[7.137s] [01m[K/opt/ros/eloquent/include/rclcpp/publisher.hpp:159:3:[m[K [01;36m[Knote: [m[K  no known conversion for argument 1 from ‘[01m[Kstd::shared_ptr<nav_msgs::msg::Odometry_<std::allocator<void> > >[m[K’ to ‘[01m[Kstd::unique_ptr<nav_msgs::msg::Odometry_<std::allocator<void> >, std::default_delete<nav_msgs::msg::Odometry_<std::allocator<void> > > >[m[K’
[7.137s] [01m[K/opt/ros/eloquent/include/rclcpp/publisher.hpp:183:3:[m[K [01;36m[Knote: [m[Kcandidate: void rclcpp::Publisher<MessageT, AllocatorT>::publish(const MessageT&) [with MessageT = nav_msgs::msg::Odometry_<std::allocator<void> >; AllocatorT = std::allocator<void>]
[7.137s]    [01;36m[Kpublish[m[K(const MessageT & msg)
[7.137s]    [01;36m[K^~~~~~~[m[K
[7.137s] [01m[K/opt/ros/eloquent/include/rclcpp/publisher.hpp:183:3:[m[K [01;36m[Knote: [m[K  no known conversion for argument 1 from ‘[01m[Kstd::shared_ptr<nav_msgs::msg::Odometry_<std::allocator<void> > >[m[K’ to ‘[01m[Kconst nav_msgs::msg::Odometry_<std::allocator<void> >&[m[K’
[7.137s] [01m[K/opt/ros/eloquent/include/rclcpp/publisher.hpp:200:3:[m[K [01;36m[Knote: [m[Kcandidate: void rclcpp::Publisher<MessageT, AllocatorT>::publish(const rcl_serialized_message_t&) [with MessageT = nav_msgs::msg::Odometry_<std::allocator<void> >; AllocatorT = std::allocator<void>; rcl_serialized_message_t = rcutils_uint8_array_t]
[7.137s]    [01;36m[Kpublish[m[K(const rcl_serialized_message_t & serialized_msg)
[7.138s]    [01;36m[K^~~~~~~[m[K
[7.138s] [01m[K/opt/ros/eloquent/include/rclcpp/publisher.hpp:200:3:[m[K [01;36m[Knote: [m[K  no known conversion for argument 1 from ‘[01m[Kstd::shared_ptr<nav_msgs::msg::Odometry_<std::allocator<void> > >[m[K’ to ‘[01m[Kconst rcl_serialized_message_t& {aka const rcutils_uint8_array_t&}[m[K’
[7.138s] [01m[K/opt/ros/eloquent/include/rclcpp/publisher.hpp:214:3:[m[K [01;36m[Knote: [m[Kcandidate: void rclcpp::Publisher<MessageT, AllocatorT>::publish(rclcpp::LoanedMessage<MessageT, AllocatorT>&&) [with MessageT = nav_msgs::msg::Odometry_<std::allocator<void> >; AllocatorT = std::allocator<void>]
[7.138s]    [01;36m[Kpublish[m[K(rclcpp::LoanedMessage<MessageT, AllocatorT> && loaned_msg)
[7.138s]    [01;36m[K^~~~~~~[m[K
[7.138s] [01m[K/opt/ros/eloquent/include/rclcpp/publisher.hpp:214:3:[m[K [01;36m[Knote: [m[K  no known conversion for argument 1 from ‘[01m[Kstd::shared_ptr<nav_msgs::msg::Odometry_<std::allocator<void> > >[m[K’ to ‘[01m[Krclcpp::LoanedMessage<nav_msgs::msg::Odometry_<std::allocator<void> >, std::allocator<void> >&&[m[K’
[7.144s] [01m[K/home/mirella/openvslam/ros/2/src/openvslam/src/run_slam.cc:212:49:[m[K [01;31m[Kerror: [m[Kno matching function for call to ‘[01m[Krclcpp::Publisher<sensor_msgs::msg::Image_<std::allocator<void> >, std::allocator<void> >::publish(sensor_msgs::msg::Image_<std::allocator<void> >::SharedPtr&)[m[K’
[7.144s]          right_publisher->publish(right_image_msg[01;31m[K)[m[K;
[7.144s]                                                  [01;31m[K^[m[K
[7.144s] In file included from [01m[K/opt/ros/eloquent/include/rclcpp/node_interfaces/node_topics_interface.hpp:26:0[m[K,
[7.145s]                  from [01m[K/opt/ros/eloquent/include/rclcpp/node.hpp:53[m[K,
[7.145s]                  from [01m[K/opt/ros/eloquent/include/rclcpp/executors/single_threaded_executor.hpp:28[m[K,
[7.145s]                  from [01m[K/opt/ros/eloquent/include/rclcpp/executors.hpp:22[m[K,
[7.145s]                  from [01m[K/opt/ros/eloquent/include/rclcpp/rclcpp.hpp:145[m[K,
[7.145s]                  from [01m[K/home/mirella/openvslam/ros/2/src/openvslam/src/run_slam.cc:21[m[K:
[7.145s] [01m[K/opt/ros/eloquent/include/rclcpp/publisher.hpp:159:3:[m[K [01;36m[Knote: [m[Kcandidate: void rclcpp::Publisher<MessageT, AllocatorT>::publish(std::unique_ptr<MessageT, typename std::conditional<std::is_same<typename std::allocator_traits<typename std::allocator_traits<_NodeAlloc>::rebind_traits<MessageT>::allocator_type>::rebind_alloc<MessageT>, typename std::allocator<void>::rebind<_Tp1>::other>::value, std::default_delete<_Tp>, rclcpp::allocator::AllocatorDeleter<typename std::allocator_traits<_NodeAlloc>::rebind_traits<MessageT>::allocator_type> >::type>) [with MessageT = sensor_msgs::msg::Image_<std::allocator<void> >; AllocatorT = std::allocator<void>; typename std::conditional<std::is_same<typename std::allocator_traits<typename std::allocator_traits<_NodeAlloc>::rebind_traits<MessageT>::allocator_type>::rebind_alloc<MessageT>, typename std::allocator<void>::rebind<_Tp1>::other>::value, std::default_delete<_Tp>, rclcpp::allocator::AllocatorDeleter<typename std::allocator_traits<_NodeAlloc>::rebind_traits<MessageT>::allocator_type> >::type = std::default_delete<sensor_msgs::msg::Image_<std::allocator<void> > >]
[7.145s]    [01;36m[Kpublish[m[K(std::unique_ptr<MessageT, MessageDeleter> msg)
[7.145s]    [01;36m[K^~~~~~~[m[K
[7.145s] [01m[K/opt/ros/eloquent/include/rclcpp/publisher.hpp:159:3:[m[K [01;36m[Knote: [m[K  no known conversion for argument 1 from ‘[01m[Ksensor_msgs::msg::Image_<std::allocator<void> >::SharedPtr {aka std::shared_ptr<sensor_msgs::msg::Image_<std::allocator<void> > >}[m[K’ to ‘[01m[Kstd::unique_ptr<sensor_msgs::msg::Image_<std::allocator<void> >, std::default_delete<sensor_msgs::msg::Image_<std::allocator<void> > > >[m[K’
[7.145s] [01m[K/opt/ros/eloquent/include/rclcpp/publisher.hpp:183:3:[m[K [01;36m[Knote: [m[Kcandidate: void rclcpp::Publisher<MessageT, AllocatorT>::publish(const MessageT&) [with MessageT = sensor_msgs::msg::Image_<std::allocator<void> >; AllocatorT = std::allocator<void>]
[7.145s]    [01;36m[Kpublish[m[K(const MessageT & msg)
[7.145s]    [01;36m[K^~~~~~~[m[K
[7.145s] [01m[K/opt/ros/eloquent/include/rclcpp/publisher.hpp:183:3:[m[K [01;36m[Knote: [m[K  no known conversion for argument 1 from ‘[01m[Ksensor_msgs::msg::Image_<std::allocator<void> >::SharedPtr {aka std::shared_ptr<sensor_msgs::msg::Image_<std::allocator<void> > >}[m[K’ to ‘[01m[Kconst sensor_msgs::msg::Image_<std::allocator<void> >&[m[K’
[7.146s] [01m[K/opt/ros/eloquent/include/rclcpp/publisher.hpp:200:3:[m[K [01;36m[Knote: [m[Kcandidate: void rclcpp::Publisher<MessageT, AllocatorT>::publish(const rcl_serialized_message_t&) [with MessageT = sensor_msgs::msg::Image_<std::allocator<void> >; AllocatorT = std::allocator<void>; rcl_serialized_message_t = rcutils_uint8_array_t]
[7.146s]    [01;36m[Kpublish[m[K(const rcl_serialized_message_t & serialized_msg)
[7.146s]    [01;36m[K^~~~~~~[m[K
[7.146s] [01m[K/opt/ros/eloquent/include/rclcpp/publisher.hpp:200:3:[m[K [01;36m[Knote: [m[K  no known conversion for argument 1 from ‘[01m[Ksensor_msgs::msg::Image_<std::allocator<void> >::SharedPtr {aka std::shared_ptr<sensor_msgs::msg::Image_<std::allocator<void> > >}[m[K’ to ‘[01m[Kconst rcl_serialized_message_t& {aka const rcutils_uint8_array_t&}[m[K’
[7.146s] [01m[K/opt/ros/eloquent/include/rclcpp/publisher.hpp:214:3:[m[K [01;36m[Knote: [m[Kcandidate: void rclcpp::Publisher<MessageT, AllocatorT>::publish(rclcpp::LoanedMessage<MessageT, AllocatorT>&&) [with MessageT = sensor_msgs::msg::Image_<std::allocator<void> >; AllocatorT = std::allocator<void>]
[7.146s]    [01;36m[Kpublish[m[K(rclcpp::LoanedMessage<MessageT, AllocatorT> && loaned_msg)
[7.146s]    [01;36m[K^~~~~~~[m[K
[7.146s] [01m[K/opt/ros/eloquent/include/rclcpp/publisher.hpp:214:3:[m[K [01;36m[Knote: [m[K  no known conversion for argument 1 from ‘[01m[Ksensor_msgs::msg::Image_<std::allocator<void> >::SharedPtr {aka std::shared_ptr<sensor_msgs::msg::Image_<std::allocator<void> > >}[m[K’ to ‘[01m[Krclcpp::LoanedMessage<sensor_msgs::msg::Image_<std::allocator<void> >, std::allocator<void> >&&[m[K’
[7.146s] [01m[K/home/mirella/openvslam/ros/2/src/openvslam/src/run_slam.cc:213:47:[m[K [01;31m[Kerror: [m[Kno matching function for call to ‘[01m[Krclcpp::Publisher<sensor_msgs::msg::Image_<std::allocator<void> >, std::allocator<void> >::publish(sensor_msgs::msg::Image_<std::allocator<void> >::SharedPtr&)[m[K’
[7.146s]          left_publisher->publish(left_image_msg[01;31m[K)[m[K;
[7.146s]                                                [01;31m[K^[m[K
[7.146s] In file included from [01m[K/opt/ros/eloquent/include/rclcpp/node_interfaces/node_topics_interface.hpp:26:0[m[K,
[7.146s]                  from [01m[K/opt/ros/eloquent/include/rclcpp/node.hpp:53[m[K,
[7.146s]                  from [01m[K/opt/ros/eloquent/include/rclcpp/executors/single_threaded_executor.hpp:28[m[K,
[7.146s]                  from [01m[K/opt/ros/eloquent/include/rclcpp/executors.hpp:22[m[K,
[7.146s]                  from [01m[K/opt/ros/eloquent/include/rclcpp/rclcpp.hpp:145[m[K,
[7.147s]                  from [01m[K/home/mirella/openvslam/ros/2/src/openvslam/src/run_slam.cc:21[m[K:
[7.147s] [01m[K/opt/ros/eloquent/include/rclcpp/publisher.hpp:159:3:[m[K [01;36m[Knote: [m[Kcandidate: void rclcpp::Publisher<MessageT, AllocatorT>::publish(std::unique_ptr<MessageT, typename std::conditional<std::is_same<typename std::allocator_traits<typename std::allocator_traits<_NodeAlloc>::rebind_traits<MessageT>::allocator_type>::rebind_alloc<MessageT>, typename std::allocator<void>::rebind<_Tp1>::other>::value, std::default_delete<_Tp>, rclcpp::allocator::AllocatorDeleter<typename std::allocator_traits<_NodeAlloc>::rebind_traits<MessageT>::allocator_type> >::type>) [with MessageT = sensor_msgs::msg::Image_<std::allocator<void> >; AllocatorT = std::allocator<void>; typename std::conditional<std::is_same<typename std::allocator_traits<typename std::allocator_traits<_NodeAlloc>::rebind_traits<MessageT>::allocator_type>::rebind_alloc<MessageT>, typename std::allocator<void>::rebind<_Tp1>::other>::value, std::default_delete<_Tp>, rclcpp::allocator::AllocatorDeleter<typename std::allocator_traits<_NodeAlloc>::rebind_traits<MessageT>::allocator_type> >::type = std::default_delete<sensor_msgs::msg::Image_<std::allocator<void> > >]
[7.147s]    [01;36m[Kpublish[m[K(std::unique_ptr<MessageT, MessageDeleter> msg)
[7.147s]    [01;36m[K^~~~~~~[m[K
[7.147s] [01m[K/opt/ros/eloquent/include/rclcpp/publisher.hpp:159:3:[m[K [01;36m[Knote: [m[K  no known conversion for argument 1 from ‘[01m[Ksensor_msgs::msg::Image_<std::allocator<void> >::SharedPtr {aka std::shared_ptr<sensor_msgs::msg::Image_<std::allocator<void> > >}[m[K’ to ‘[01m[Kstd::unique_ptr<sensor_msgs::msg::Image_<std::allocator<void> >, std::default_delete<sensor_msgs::msg::Image_<std::allocator<void> > > >[m[K’
[7.147s] [01m[K/opt/ros/eloquent/include/rclcpp/publisher.hpp:183:3:[m[K [01;36m[Knote: [m[Kcandidate: void rclcpp::Publisher<MessageT, AllocatorT>::publish(const MessageT&) [with MessageT = sensor_msgs::msg::Image_<std::allocator<void> >; AllocatorT = std::allocator<void>]
[7.147s]    [01;36m[Kpublish[m[K(const MessageT & msg)
[7.147s]    [01;36m[K^~~~~~~[m[K
[7.147s] [01m[K/opt/ros/eloquent/include/rclcpp/publisher.hpp:183:3:[m[K [01;36m[Knote: [m[K  no known conversion for argument 1 from ‘[01m[Ksensor_msgs::msg::Image_<std::allocator<void> >::SharedPtr {aka std::shared_ptr<sensor_msgs::msg::Image_<std::allocator<void> > >}[m[K’ to ‘[01m[Kconst sensor_msgs::msg::Image_<std::allocator<void> >&[m[K’
[7.147s] [01m[K/opt/ros/eloquent/include/rclcpp/publisher.hpp:200:3:[m[K [01;36m[Knote: [m[Kcandidate: void rclcpp::Publisher<MessageT, AllocatorT>::publish(const rcl_serialized_message_t&) [with MessageT = sensor_msgs::msg::Image_<std::allocator<void> >; AllocatorT = std::allocator<void>; rcl_serialized_message_t = rcutils_uint8_array_t]
[7.147s]    [01;36m[Kpublish[m[K(const rcl_serialized_message_t & serialized_msg)
[7.147s]    [01;36m[K^~~~~~~[m[K
[7.147s] [01m[K/opt/ros/eloquent/include/rclcpp/publisher.hpp:200:3:[m[K [01;36m[Knote: [m[K  no known conversion for argument 1 from ‘[01m[Ksensor_msgs::msg::Image_<std::allocator<void> >::SharedPtr {aka std::shared_ptr<sensor_msgs::msg::Image_<std::allocator<void> > >}[m[K’ to ‘[01m[Kconst rcl_serialized_message_t& {aka const rcutils_uint8_array_t&}[m[K’
[7.147s] [01m[K/opt/ros/eloquent/include/rclcpp/publisher.hpp:214:3:[m[K [01;36m[Knote: [m[Kcandidate: void rclcpp::Publisher<MessageT, AllocatorT>::publish(rclcpp::LoanedMessage<MessageT, AllocatorT>&&) [with MessageT = sensor_msgs::msg::Image_<std::allocator<void> >; AllocatorT = std::allocator<void>]
[7.147s]    [01;36m[Kpublish[m[K(rclcpp::LoanedMessage<MessageT, AllocatorT> && loaned_msg)
[7.147s]    [01;36m[K^~~~~~~[m[K
[7.148s] [01m[K/opt/ros/eloquent/include/rclcpp/publisher.hpp:214:3:[m[K [01;36m[Knote: [m[K  no known conversion for argument 1 from ‘[01m[Ksensor_msgs::msg::Image_<std::allocator<void> >::SharedPtr {aka std::shared_ptr<sensor_msgs::msg::Image_<std::allocator<void> > >}[m[K’ to ‘[01m[Krclcpp::LoanedMessage<sensor_msgs::msg::Image_<std::allocator<void> >, std::allocator<void> >&&[m[K’
[7.160s] [01m[K/home/mirella/openvslam/ros/2/src/openvslam/src/run_slam.cc:[m[K In function ‘[01m[Kvoid mono_tracking(const std::shared_ptr<openvslam::config>&, const string&, const string&, bool, const string&)[m[K’:
[7.160s] [01m[K/home/mirella/openvslam/ros/2/src/openvslam/src/run_slam.cc:264:93:[m[K [01;31m[Kerror: [m[Kno matching function for call to ‘[01m[Krclcpp::Node::create_publisher<sensor_msgs::msg::Image>(const char [17])[m[K’
[7.160s]      auto left_publisher = node->create_publisher<sensor_msgs::msg::Image>("/left/image_rect"[01;31m[K)[m[K;
[7.160s]                                                                                              [01;31m[K^[m[K
[7.160s] In file included from [01m[K/opt/ros/eloquent/include/rclcpp/executors/single_threaded_executor.hpp:28:0[m[K,
[7.161s]                  from [01m[K/opt/ros/eloquent/include/rclcpp/executors.hpp:22[m[K,
[7.161s]                  from [01m[K/opt/ros/eloquent/include/rclcpp/rclcpp.hpp:145[m[K,
[7.161s]                  from [01m[K/home/mirella/openvslam/ros/2/src/openvslam/src/run_slam.cc:21[m[K:
[7.161s] [01m[K/opt/ros/eloquent/include/rclcpp/node.hpp:179:3:[m[K [01;36m[Knote: [m[Kcandidate: template<class MessageT, class AllocatorT, class PublisherT> std::shared_ptr<PublisherT> rclcpp::Node::create_publisher(const string&, const rclcpp::QoS&, const rclcpp::PublisherOptionsWithAllocator<AllocatorT>&)
[7.161s]    [01;36m[Kcreate_publisher[m[K(
[7.161s]    [01;36m[K^~~~~~~~~~~~~~~~[m[K
[7.161s] [01m[K/opt/ros/eloquent/include/rclcpp/node.hpp:179:3:[m[K [01;36m[Knote: [m[K  template argument deduction/substitution failed:
[7.162s] [01m[K/home/mirella/openvslam/ros/2/src/openvslam/src/run_slam.cc:264:93:[m[K [01;36m[Knote: [m[K  candidate expects 3 arguments, 1 provided
[7.162s]      auto left_publisher = node->create_publisher<sensor_msgs::msg::Image>("/left/image_rect"[01;36m[K)[m[K;
[7.162s]                                                                                              [01;36m[K^[m[K
[7.162s] [01m[K/home/mirella/openvslam/ros/2/src/openvslam/src/run_slam.cc:265:95:[m[K [01;31m[Kerror: [m[Kno matching function for call to ‘[01m[Krclcpp::Node::create_publisher<sensor_msgs::msg::Image>(const char [18])[m[K’
[7.162s]      auto right_publisher = node->create_publisher<sensor_msgs::msg::Image>("/right/image_rect"[01;31m[K)[m[K;
[7.162s]                                                                                                [01;31m[K^[m[K
[7.162s] In file included from [01m[K/opt/ros/eloquent/include/rclcpp/executors/single_threaded_executor.hpp:28:0[m[K,
[7.162s]                  from [01m[K/opt/ros/eloquent/include/rclcpp/executors.hpp:22[m[K,
[7.162s]                  from [01m[K/opt/ros/eloquent/include/rclcpp/rclcpp.hpp:145[m[K,
[7.163s]                  from [01m[K/home/mirella/openvslam/ros/2/src/openvslam/src/run_slam.cc:21[m[K:
[7.163s] [01m[K/opt/ros/eloquent/include/rclcpp/node.hpp:179:3:[m[K [01;36m[Knote: [m[Kcandidate: template<class MessageT, class AllocatorT, class PublisherT> std::shared_ptr<PublisherT> rclcpp::Node::create_publisher(const string&, const rclcpp::QoS&, const rclcpp::PublisherOptionsWithAllocator<AllocatorT>&)
[7.163s]    [01;36m[Kcreate_publisher[m[K(
[7.163s]    [01;36m[K^~~~~~~~~~~~~~~~[m[K
[7.163s] [01m[K/opt/ros/eloquent/include/rclcpp/node.hpp:179:3:[m[K [01;36m[Knote: [m[K  template argument deduction/substitution failed:
[7.163s] [01m[K/home/mirella/openvslam/ros/2/src/openvslam/src/run_slam.cc:265:95:[m[K [01;36m[Knote: [m[K  candidate expects 3 arguments, 1 provided
[7.163s]      auto right_publisher = node->create_publisher<sensor_msgs::msg::Image>("/right/image_rect"[01;36m[K)[m[K;
[7.163s]                                                                                                [01;36m[K^[m[K
[7.163s] [01m[K/home/mirella/openvslam/ros/2/src/openvslam/src/run_slam.cc:266:106:[m[K [01;31m[Kerror: [m[Kno matching function for call to ‘[01m[Krclcpp::Node::create_publisher<sensor_msgs::msg::CameraInfo>(const char [18])[m[K’
[7.164s]      auto left_publisher_config = node->create_publisher<sensor_msgs::msg::CameraInfo>("/left/camera_info"[01;31m[K)[m[K;
[7.164s]                                                                                                           [01;31m[K^[m[K
[7.164s] In file included from [01m[K/opt/ros/eloquent/include/rclcpp/executors/single_threaded_executor.hpp:28:0[m[K,
[7.164s]                  from [01m[K/opt/ros/eloquent/include/rclcpp/executors.hpp:22[m[K,
[7.164s]                  from [01m[K/opt/ros/eloquent/include/rclcpp/rclcpp.hpp:145[m[K,
[7.164s]                  from [01m[K/home/mirella/openvslam/ros/2/src/openvslam/src/run_slam.cc:21[m[K:
[7.164s] [01m[K/opt/ros/eloquent/include/rclcpp/node.hpp:179:3:[m[K [01;36m[Knote: [m[Kcandidate: template<class MessageT, class AllocatorT, class PublisherT> std::shared_ptr<PublisherT> rclcpp::Node::create_publisher(const string&, const rclcpp::QoS&, const rclcpp::PublisherOptionsWithAllocator<AllocatorT>&)
[7.164s]    [01;36m[Kcreate_publisher[m[K(
[7.165s]    [01;36m[K^~~~~~~~~~~~~~~~[m[K
[7.165s] [01m[K/opt/ros/eloquent/include/rclcpp/node.hpp:179:3:[m[K [01;36m[Knote: [m[K  template argument deduction/substitution failed:
[7.165s] [01m[K/home/mirella/openvslam/ros/2/src/openvslam/src/run_slam.cc:266:106:[m[K [01;36m[Knote: [m[K  candidate expects 3 arguments, 1 provided
[7.165s]      auto left_publisher_config = node->create_publisher<sensor_msgs::msg::CameraInfo>("/left/camera_info"[01;36m[K)[m[K;
[7.165s]                                                                                                           [01;36m[K^[m[K
[7.165s] [01m[K/home/mirella/openvslam/ros/2/src/openvslam/src/run_slam.cc:267:108:[m[K [01;31m[Kerror: [m[Kno matching function for call to ‘[01m[Krclcpp::Node::create_publisher<sensor_msgs::msg::CameraInfo>(const char [19])[m[K’
[7.165s]      auto right_publisher_config = node->create_publisher<sensor_msgs::msg::CameraInfo>("/right/camera_info"[01;31m[K)[m[K;
[7.165s]                                                                                                             [01;31m[K^[m[K
[7.165s] In file included from [01m[K/opt/ros/eloquent/include/rclcpp/executors/single_threaded_executor.hpp:28:0[m[K,
[7.166s]                  from [01m[K/opt/ros/eloquent/include/rclcpp/executors.hpp:22[m[K,
[7.166s]                  from [01m[K/opt/ros/eloquent/include/rclcpp/rclcpp.hpp:145[m[K,
[7.166s]                  from [01m[K/home/mirella/openvslam/ros/2/src/openvslam/src/run_slam.cc:21[m[K:
[7.166s] [01m[K/opt/ros/eloquent/include/rclcpp/node.hpp:179:3:[m[K [01;36m[Knote: [m[Kcandidate: template<class MessageT, class AllocatorT, class PublisherT> std::shared_ptr<PublisherT> rclcpp::Node::create_publisher(const string&, const rclcpp::QoS&, const rclcpp::PublisherOptionsWithAllocator<AllocatorT>&)
[7.166s]    [01;36m[Kcreate_publisher[m[K(
[7.166s]    [01;36m[K^~~~~~~~~~~~~~~~[m[K
[7.166s] [01m[K/opt/ros/eloquent/include/rclcpp/node.hpp:179:3:[m[K [01;36m[Knote: [m[K  template argument deduction/substitution failed:
[7.166s] [01m[K/home/mirella/openvslam/ros/2/src/openvslam/src/run_slam.cc:267:108:[m[K [01;36m[Knote: [m[K  candidate expects 3 arguments, 1 provided
[7.166s]      auto right_publisher_config = node->create_publisher<sensor_msgs::msg::CameraInfo>("/right/camera_info"[01;36m[K)[m[K;
[7.167s]                                                                                                             [01;36m[K^[m[K
[7.560s] /home/mirella/openvslam/ros/2/src/openvslam/src/run_slam.cc: In instantiation of ‘[01m[Kvoid publi(auto:3, auto:4&, auto:5) [with auto:3 = Eigen::Matrix<double, 4, 4>; auto:4 = std::shared_ptr<rclcpp::Publisher<nav_msgs::msg::Odometry_<std::allocator<void> >, std::allocator<void> > >; auto:5 = std::shared_ptr<rclcpp::Node>][m[K’:
[7.560s] [01m[K/home/mirella/openvslam/ros/2/src/openvslam/src/run_slam.cc:170:40:[m[K   required from here
[7.560s] [01m[K/home/mirella/openvslam/ros/2/src/openvslam/src/run_slam.cc:82:34:[m[K [01;35m[Kwarning: [m[Kunused parameter ‘[01m[Kodometry_pub_[m[K’ [[01;35m[K-Wunused-parameter[m[K]
[7.560s]  void publi(auto cam_pose_, auto &[01;35m[Kodometry_pub_[m[K, auto node){
[7.560s]                                   [01;35m[K^~~~~~~~~~~~~[m[K
[12.018s] src/CMakeFiles/run_slam.dir/build.make:62: recipe for target 'src/CMakeFiles/run_slam.dir/run_slam.cc.o' failed
[12.018s] make[2]: *** [src/CMakeFiles/run_slam.dir/run_slam.cc.o] Error 1
[12.019s] CMakeFiles/Makefile2:151: recipe for target 'src/CMakeFiles/run_slam.dir/all' failed
[12.019s] make[1]: *** [src/CMakeFiles/run_slam.dir/all] Error 2
[12.019s] Makefile:140: recipe for target 'all' failed
[12.019s] make: *** [all] Error 2
[12.021s] Invoked command in '/home/mirella/openvslam/ros/2/build/openvslam' returned '2': CMAKE_PREFIX_PATH=/home/mirella/openvslam/ros/2/install/image_transport:/home/mirella/openvslam/ros/2/install/cv_bridge:/home/mirella/openvslam/ros/2/install/vision_opencv:/home/mirella/openvslam/ros/2/install/publisher:/home/mirella/openvslam/ros/2/install/openvslam:/home/mirella/openvslam/ros/2/install/image_common:/home/mirella/openvslam/ros/2/install/camera_info_manager:/home/mirella/openvslam/ros/2/install/image_geometry:/home/mirella/openvslam/ros/2/install/camera_calibration_parsers:/home/mirella/openvslam/ros/2/install/opencv_tests:/opt/ros/eloquent LD_LIBRARY_PATH=/home/mirella/openvslam/ros/2/install/image_transport/lib:/home/mirella/openvslam/ros/2/install/cv_bridge/lib:/home/mirella/openvslam/ros/2/install/camera_info_manager/lib:/home/mirella/openvslam/ros/2/install/image_geometry/lib:/home/mirella/openvslam/ros/2/install/camera_calibration_parsers/lib:/opt/ros/eloquent/opt/yaml_cpp_vendor/lib:/opt/ros/eloquent/opt/rviz_ogre_vendor/lib:/opt/ros/eloquent/lib/x86_64-linux-gnu:/opt/ros/eloquent/lib PYTHONPATH=/home/mirella/openvslam/ros/2/install/cv_bridge/lib/python3.6/site-packages:/home/mirella/openvslam/ros/2/build/opencv_tests:/home/mirella/openvslam/ros/2/install/opencv_tests/lib/python3.6/site-packages:/home/mirella/openvslam/ros/2/install/image_geometry/lib/python3.6/site-packages:/opt/ros/eloquent/lib/python3.6/site-packages /usr/bin/cmake --build /home/mirella/openvslam/ros/2/build/openvslam -- -j12 -l12
