-- Root directory of OpenVSLAM: /home/mirella/openvslam
-- Source directory of OpenVSLAM: /home/mirella/openvslam/src
-- Library directory of OpenVSLAM: /home/mirella/openvslam/build/lib
-- Build type: Release
-- Address/Memory sanitizer: DISABLED
-- Stack trace logger: DISABLED
-- Google Perftools: DISABLED
-- Architecture-aware optimization (-march=native): DISABLED
-- C++11 support: OK (-std=c++17)
-- Found ament_cmake: 0.8.2 (/opt/ros/eloquent/share/ament_cmake/cmake)
-- Using PYTHON_EXECUTABLE: /usr/bin/python3
-- Override CMake install command with custom implementation using symlinks instead of copying resources
-- Found rclcpp: 0.8.4 (/opt/ros/eloquent/share/rclcpp/cmake)
-- Found rosidl_adapter: 0.8.2 (/opt/ros/eloquent/share/rosidl_adapter/cmake)
-- Found rmw_implementation_cmake: 0.8.1 (/opt/ros/eloquent/share/rmw_implementation_cmake/cmake)
-- Using RMW implementation 'rmw_fastrtps_cpp' as default
-- Found cv_bridge: 2.2.1 (/home/mirella/openvslam/ros/2/install/cv_bridge/share/cv_bridge/cmake)
-- Found image_transport: 2.2.1 (/home/mirella/openvslam/ros/2/install/image_transport/share/image_transport/cmake)
-- Found tinyxml2_vendor:  (/opt/ros/eloquent/share/tinyxml2_vendor/cmake)
-- Found poco_vendor:  (/opt/ros/eloquent/share/poco_vendor/cmake)
-- Use OpenCV 3.4.0
-- BoW framework: DBoW2 (found in /usr/local/include)
-- Viewer for examples: pangolin viewer
-- Configuring done
-- Generating done
-- Build files have been written to: /home/mirella/openvslam/ros/2/build/openvslam
[35m[1mScanning dependencies of target run_slam[0m
[35m[1mScanning dependencies of target run_localization[0m
[ 25%] [32mBuilding CXX object src/CMakeFiles/run_localization.dir/run_localization.cc.o[0m
[ 50%] [32mBuilding CXX object src/CMakeFiles/run_slam.dir/run_slam.cc.o[0m
[ 75%] [32m[1mLinking CXX executable run_slam[0m
[100%] [32m[1mLinking CXX executable run_localization[0m
[100%] Built target run_slam
[100%] Built target run_localization
[ 50%] Built target run_localization
[100%] Built target run_slam
[36mInstall the project...[0m
-- Install configuration: "Release"
-- Execute custom install script
-- Symlinking: /home/mirella/openvslam/ros/2/install/openvslam/lib/openvslam/run_slam
-- Symlinking: /home/mirella/openvslam/ros/2/install/openvslam/lib/openvslam/run_localization
-- Symlinking: /home/mirella/openvslam/ros/2/install/openvslam/share/ament_index/resource_index/package_run_dependencies/openvslam
-- Symlinking: /home/mirella/openvslam/ros/2/install/openvslam/share/ament_index/resource_index/parent_prefix_path/openvslam
-- Symlinking: /home/mirella/openvslam/ros/2/install/openvslam/share/openvslam/environment/ament_prefix_path.sh
-- Symlinking: /home/mirella/openvslam/ros/2/install/openvslam/share/openvslam/environment/ament_prefix_path.dsv
-- Symlinking: /home/mirella/openvslam/ros/2/install/openvslam/share/openvslam/environment/path.sh
-- Symlinking: /home/mirella/openvslam/ros/2/install/openvslam/share/openvslam/environment/path.dsv
-- Symlinking: /home/mirella/openvslam/ros/2/install/openvslam/share/openvslam/local_setup.bash
-- Symlinking: /home/mirella/openvslam/ros/2/install/openvslam/share/openvslam/local_setup.sh
-- Symlinking: /home/mirella/openvslam/ros/2/install/openvslam/share/openvslam/local_setup.zsh
-- Symlinking: /home/mirella/openvslam/ros/2/install/openvslam/share/openvslam/local_setup.dsv
-- Symlinking: /home/mirella/openvslam/ros/2/install/openvslam/share/openvslam/package.dsv
-- Symlinking: /home/mirella/openvslam/ros/2/install/openvslam/share/ament_index/resource_index/packages/openvslam
-- Symlinking: /home/mirella/openvslam/ros/2/install/openvslam/share/openvslam/cmake/openvslamConfig.cmake
-- Symlinking: /home/mirella/openvslam/ros/2/install/openvslam/share/openvslam/cmake/openvslamConfig-version.cmake
-- Symlinking: /home/mirella/openvslam/ros/2/install/openvslam/share/openvslam/package.xml
