[0.022s] Invoking command in '/home/mirella/openvslam/ros/2/build/image_transport': CMAKE_PREFIX_PATH=${CMAKE_PREFIX_PATH}:/home/mirella/openvslam/ros/2/install/opencv_tests:/opt/ros/eloquent /usr/bin/cmake --build /home/mirella/openvslam/ros/2/build/image_transport -- -j12 -l12
[0.072s] [  6%] Built target gtest
[0.073s] [ 13%] Built target gtest_main
[0.092s] [ 40%] Built target image_transport
[0.139s] [ 46%] Built target republish
[0.144s] [ 53%] Built target image_transport_plugins
[0.145s] [ 60%] Built target image_transport-message_passing
[0.148s] [ 66%] Built target image_transport-remapping
[0.149s] [ 73%] Built target image_transport-single_subscriber_publisher
[0.153s] [ 80%] Built target image_transport-publisher
[0.154s] [ 86%] Built target image_transport-subscriber
[0.154s] [ 93%] Built target image_transport-camera_common
[0.155s] [100%] Built target list_transports
[0.166s] Invoked command in '/home/mirella/openvslam/ros/2/build/image_transport' returned '0': CMAKE_PREFIX_PATH=${CMAKE_PREFIX_PATH}:/home/mirella/openvslam/ros/2/install/opencv_tests:/opt/ros/eloquent /usr/bin/cmake --build /home/mirella/openvslam/ros/2/build/image_transport -- -j12 -l12
[0.225s] Invoking command in '/home/mirella/openvslam/ros/2/build/image_transport': CMAKE_PREFIX_PATH=${CMAKE_PREFIX_PATH}:/home/mirella/openvslam/ros/2/install/opencv_tests:/opt/ros/eloquent /usr/bin/cmake --build /home/mirella/openvslam/ros/2/build/image_transport --target install -- -j12 -l12
[0.291s] [  6%] Built target gtest_main
[0.294s] [ 13%] Built target gtest
[0.316s] [ 40%] Built target image_transport
[0.359s] [ 46%] Built target republish
[0.360s] [ 53%] Built target image_transport-camera_common
[0.365s] [ 60%] Built target image_transport_plugins
[0.366s] [ 66%] Built target image_transport-subscriber
[0.367s] [ 73%] Built target list_transports
[0.367s] [ 80%] Built target image_transport-remapping
[0.368s] [ 86%] Built target image_transport-single_subscriber_publisher
[0.369s] [ 93%] Built target image_transport-message_passing
[0.370s] [100%] Built target image_transport-publisher
[0.387s] [36mInstall the project...[0m
[0.395s] -- Install configuration: ""
[0.395s] -- Execute custom install script
[0.395s] -- Up-to-date symlink: /home/mirella/openvslam/ros/2/install/image_transport/share/image_transport//default_plugins.xml
[0.396s] -- Up-to-date symlink: /home/mirella/openvslam/ros/2/install/image_transport/lib/libimage_transport.so
[0.396s] -- Up-to-date symlink: /home/mirella/openvslam/ros/2/install/image_transport/lib/libimage_transport_plugins.so
[0.398s] -- Up-to-date symlink: /home/mirella/openvslam/ros/2/install/image_transport/lib/image_transport/list_transports
[0.398s] -- Up-to-date symlink: /home/mirella/openvslam/ros/2/install/image_transport/lib/image_transport/republish
[0.399s] -- Up-to-date symlink: /home/mirella/openvslam/ros/2/install/image_transport/include/image_transport/camera_common.h
[0.399s] -- Up-to-date symlink: /home/mirella/openvslam/ros/2/install/image_transport/include/image_transport/camera_publisher.h
[0.399s] -- Up-to-date symlink: /home/mirella/openvslam/ros/2/install/image_transport/include/image_transport/camera_subscriber.h
[0.399s] -- Up-to-date symlink: /home/mirella/openvslam/ros/2/install/image_transport/include/image_transport/exception.h
[0.399s] -- Up-to-date symlink: /home/mirella/openvslam/ros/2/install/image_transport/include/image_transport/image_transport.h
[0.400s] -- Up-to-date symlink: /home/mirella/openvslam/ros/2/install/image_transport/include/image_transport/loader_fwds.h
[0.400s] -- Up-to-date symlink: /home/mirella/openvslam/ros/2/install/image_transport/include/image_transport/publisher.h
[0.401s] -- Up-to-date symlink: /home/mirella/openvslam/ros/2/install/image_transport/include/image_transport/publisher_plugin.h
[0.401s] -- Up-to-date symlink: /home/mirella/openvslam/ros/2/install/image_transport/include/image_transport/raw_publisher.h
[0.402s] -- Up-to-date symlink: /home/mirella/openvslam/ros/2/install/image_transport/include/image_transport/raw_subscriber.h
[0.402s] -- Up-to-date symlink: /home/mirella/openvslam/ros/2/install/image_transport/include/image_transport/simple_publisher_plugin.h
[0.402s] -- Up-to-date symlink: /home/mirella/openvslam/ros/2/install/image_transport/include/image_transport/simple_subscriber_plugin.h
[0.402s] -- Up-to-date symlink: /home/mirella/openvslam/ros/2/install/image_transport/include/image_transport/single_subscriber_publisher.h
[0.402s] -- Up-to-date symlink: /home/mirella/openvslam/ros/2/install/image_transport/include/image_transport/subscriber.h
[0.403s] -- Up-to-date symlink: /home/mirella/openvslam/ros/2/install/image_transport/include/image_transport/subscriber_filter.h
[0.403s] -- Up-to-date symlink: /home/mirella/openvslam/ros/2/install/image_transport/include/image_transport/subscriber_plugin.h
[0.403s] -- Up-to-date symlink: /home/mirella/openvslam/ros/2/install/image_transport/include/image_transport/transport_hints.h
[0.403s] -- Up-to-date symlink: /home/mirella/openvslam/ros/2/install/image_transport/include/image_transport/visibility_control.hpp
[0.404s] -- Up-to-date symlink: /home/mirella/openvslam/ros/2/install/image_transport/share/image_transport/environment/library_path.sh
[0.404s] -- Up-to-date symlink: /home/mirella/openvslam/ros/2/install/image_transport/share/image_transport/environment/library_path.dsv
[0.404s] -- Up-to-date symlink: /home/mirella/openvslam/ros/2/install/image_transport/share/ament_index/resource_index/package_run_dependencies/image_transport
[0.405s] -- Up-to-date symlink: /home/mirella/openvslam/ros/2/install/image_transport/share/ament_index/resource_index/parent_prefix_path/image_transport
[0.405s] -- Up-to-date symlink: /home/mirella/openvslam/ros/2/install/image_transport/share/image_transport/environment/ament_prefix_path.sh
[0.405s] -- Up-to-date symlink: /home/mirella/openvslam/ros/2/install/image_transport/share/image_transport/environment/ament_prefix_path.dsv
[0.405s] -- Up-to-date symlink: /home/mirella/openvslam/ros/2/install/image_transport/share/image_transport/environment/path.sh
[0.405s] -- Up-to-date symlink: /home/mirella/openvslam/ros/2/install/image_transport/share/image_transport/environment/path.dsv
[0.407s] -- Up-to-date symlink: /home/mirella/openvslam/ros/2/install/image_transport/share/image_transport/local_setup.bash
[0.407s] -- Up-to-date symlink: /home/mirella/openvslam/ros/2/install/image_transport/share/image_transport/local_setup.sh
[0.407s] -- Up-to-date symlink: /home/mirella/openvslam/ros/2/install/image_transport/share/image_transport/local_setup.zsh
[0.407s] -- Up-to-date symlink: /home/mirella/openvslam/ros/2/install/image_transport/share/image_transport/local_setup.dsv
[0.408s] -- Symlinking: /home/mirella/openvslam/ros/2/install/image_transport/share/image_transport/package.dsv
[0.411s] -- Up-to-date symlink: /home/mirella/openvslam/ros/2/install/image_transport/share/ament_index/resource_index/packages/image_transport
[0.411s] -- Up-to-date symlink: /home/mirella/openvslam/ros/2/install/image_transport/share/ament_index/resource_index/image_transport__pluginlib__plugin/image_transport
[0.412s] -- Up-to-date symlink: /home/mirella/openvslam/ros/2/install/image_transport/share/image_transport/cmake/ament_cmake_export_include_directories-extras.cmake
[0.412s] -- Up-to-date symlink: /home/mirella/openvslam/ros/2/install/image_transport/share/image_transport/cmake/ament_cmake_export_libraries-extras.cmake
[0.414s] -- Up-to-date symlink: /home/mirella/openvslam/ros/2/install/image_transport/share/image_transport/cmake/ament_cmake_export_dependencies-extras.cmake
[0.414s] -- Up-to-date symlink: /home/mirella/openvslam/ros/2/install/image_transport/share/image_transport/cmake/image_transportConfig.cmake
[0.414s] -- Up-to-date symlink: /home/mirella/openvslam/ros/2/install/image_transport/share/image_transport/cmake/image_transportConfig-version.cmake
[0.414s] -- Up-to-date symlink: /home/mirella/openvslam/ros/2/install/image_transport/share/image_transport/package.xml
[0.425s] Invoked command in '/home/mirella/openvslam/ros/2/build/image_transport' returned '0': CMAKE_PREFIX_PATH=${CMAKE_PREFIX_PATH}:/home/mirella/openvslam/ros/2/install/opencv_tests:/opt/ros/eloquent /usr/bin/cmake --build /home/mirella/openvslam/ros/2/build/image_transport --target install -- -j12 -l12
