[0.019s] Invoking command in '/home/mirella/openvslam/ros/2/build/publisher': AMENT_PREFIX_PATH=/home/mirella/openvslam/ros/2/install/image_transport:/home/mirella/openvslam/ros/2/install/cv_bridge:${AMENT_PREFIX_PATH} CMAKE_PREFIX_PATH=/home/mirella/openvslam/ros/2/install/image_transport:/home/mirella/openvslam/ros/2/install/cv_bridge:/opt/ros/eloquent LD_LIBRARY_PATH=/home/mirella/openvslam/ros/2/install/image_transport/lib:/home/mirella/openvslam/ros/2/install/cv_bridge/lib:${LD_LIBRARY_PATH} PYTHONPATH=/home/mirella/openvslam/ros/2/install/cv_bridge/lib/python3.6/site-packages:${PYTHONPATH} /usr/bin/cmake /home/mirella/openvslam/ros/2/src/publisher -DAMENT_CMAKE_SYMLINK_INSTALL=1 -DCMAKE_INSTALL_PREFIX=/home/mirella/openvslam/ros/2/install/publisher
[0.077s] -- The CXX compiler identification is GNU 7.5.0
[0.112s] -- The C compiler identification is GNU 7.5.0
[0.116s] -- Check for working CXX compiler: /usr/bin/c++
[0.178s] -- Check for working CXX compiler: /usr/bin/c++ -- works
[0.178s] -- Detecting CXX compiler ABI info
[0.246s] -- Detecting CXX compiler ABI info - done
[0.251s] -- Detecting CXX compile features
[0.529s] -- Detecting CXX compile features - done
[0.530s] -- Check for working C compiler: /usr/bin/cc
[0.597s] -- Check for working C compiler: /usr/bin/cc -- works
[0.598s] -- Detecting C compiler ABI info
[0.656s] -- Detecting C compiler ABI info - done
[0.664s] -- Detecting C compile features
[0.847s] -- Detecting C compile features - done
[0.848s] -- Root directory of OpenVSLAM: /home/mirella/openvslam
[0.848s] -- Build type: Release
[0.848s] -- Address/Memory sanitizer: DISABLED
[0.848s] -- Architecture-aware optimization (-march=native): DISABLED
[0.849s] -- Performing Test COMPILER_SUPPORTS_CXX17
[0.914s] -- Performing Test COMPILER_SUPPORTS_CXX17 - Success
[0.915s] -- Performing Test COMPILER_SUPPORTS_CXX14
[0.983s] -- Performing Test COMPILER_SUPPORTS_CXX14 - Success
[0.984s] -- Performing Test COMPILER_SUPPORTS_CXX11
[1.052s] -- Performing Test COMPILER_SUPPORTS_CXX11 - Success
[1.053s] -- Performing Test COMPILER_SUPPORTS_CXX0X
[1.115s] -- Performing Test COMPILER_SUPPORTS_CXX0X - Success
[1.115s] -- C++11 support: OK (-std=c++17)
[1.116s] -- Found ament_cmake: 0.8.2 (/opt/ros/eloquent/share/ament_cmake/cmake)
[1.138s] -- Found PythonInterp: /usr/bin/python3 (found suitable version "3.6.9", minimum required is "3") 
[1.138s] -- Using PYTHON_EXECUTABLE: /usr/bin/python3
[1.287s] -- Override CMake install command with custom implementation using symlinks instead of copying resources
[1.303s] -- Found rclcpp: 0.8.4 (/opt/ros/eloquent/share/rclcpp/cmake)
[1.319s] -- Found rosidl_adapter: 0.8.2 (/opt/ros/eloquent/share/rosidl_adapter/cmake)
[1.353s] -- Found rmw_implementation_cmake: 0.8.1 (/opt/ros/eloquent/share/rmw_implementation_cmake/cmake)
[1.354s] -- Using RMW implementation 'rmw_fastrtps_cpp' as default
[1.355s] -- Looking for pthread.h
[1.406s] -- Looking for pthread.h - found
[1.406s] -- Looking for pthread_create
[1.458s] -- Looking for pthread_create - not found
[1.458s] -- Looking for pthread_create in pthreads
[1.500s] -- Looking for pthread_create in pthreads - not found
[1.500s] -- Looking for pthread_create in pthread
[1.556s] -- Looking for pthread_create in pthread - found
[1.556s] -- Found Threads: TRUE  
[1.583s] -- Found cv_bridge: 2.2.1 (/home/mirella/openvslam/ros/2/install/cv_bridge/share/cv_bridge/cmake)
[1.591s] -- Found image_transport: 2.2.1 (/home/mirella/openvslam/ros/2/install/image_transport/share/image_transport/cmake)
[1.649s] -- Found tinyxml2_vendor:  (/opt/ros/eloquent/share/tinyxml2_vendor/cmake)
[1.665s] -- Found TinyXML2: /usr/lib/x86_64-linux-gnu/libtinyxml2.so  
[1.672s] -- Found poco_vendor:  (/opt/ros/eloquent/share/poco_vendor/cmake)
[1.681s] -- Use OpenCV 3.4.0
[1.779s] -- Configuring done
[1.820s] -- Generating done
[1.821s] -- Build files have been written to: /home/mirella/openvslam/ros/2/build/publisher
