[0.016s] Invoking command in '/home/mirella/openvslam/ros/2/build/image_transport': CMAKE_PREFIX_PATH=/opt/ros/eloquent /usr/bin/cmake /home/mirella/openvslam/ros/2/src/image_common/image_transport -DAMENT_CMAKE_SYMLINK_INSTALL=1 -DCMAKE_INSTALL_PREFIX=/home/mirella/openvslam/ros/2/install/image_transport
[0.112s] -- The C compiler identification is GNU 7.5.0
[0.157s] -- The CXX compiler identification is GNU 7.5.0
[0.160s] -- Check for working C compiler: /usr/bin/cc
[0.211s] -- Check for working C compiler: /usr/bin/cc -- works
[0.211s] -- Detecting C compiler ABI info
[0.267s] -- Detecting C compiler ABI info - done
[0.271s] -- Detecting C compile features
[0.446s] -- Detecting C compile features - done
[0.448s] -- Check for working CXX compiler: /usr/bin/c++
[0.524s] -- Check for working CXX compiler: /usr/bin/c++ -- works
[0.524s] -- Detecting CXX compiler ABI info
[0.593s] -- Detecting CXX compiler ABI info - done
[0.597s] -- Detecting CXX compile features
[0.894s] -- Detecting CXX compile features - done
[0.895s] -- Found ament_cmake_ros: 0.8.0 (/opt/ros/eloquent/share/ament_cmake_ros/cmake)
[0.922s] -- Found PythonInterp: /usr/bin/python3 (found suitable version "3.6.9", minimum required is "3") 
[0.922s] -- Using PYTHON_EXECUTABLE: /usr/bin/python3
[1.073s] -- Override CMake install command with custom implementation using symlinks instead of copying resources
[1.091s] -- Found message_filters: 3.2.3 (/opt/ros/eloquent/share/message_filters/cmake)
[1.094s] -- Found pluginlib: 2.4.1 (/opt/ros/eloquent/share/pluginlib/cmake)
[1.096s] -- Found tinyxml2_vendor:  (/opt/ros/eloquent/share/tinyxml2_vendor/cmake)
[1.106s] -- Found TinyXML2: /usr/lib/x86_64-linux-gnu/libtinyxml2.so  
[1.113s] -- Found poco_vendor:  (/opt/ros/eloquent/share/poco_vendor/cmake)
[1.125s] -- Found rclcpp: 0.8.4 (/opt/ros/eloquent/share/rclcpp/cmake)
[1.139s] -- Found rosidl_adapter: 0.8.2 (/opt/ros/eloquent/share/rosidl_adapter/cmake)
[1.174s] -- Found rmw_implementation_cmake: 0.8.1 (/opt/ros/eloquent/share/rmw_implementation_cmake/cmake)
[1.176s] -- Using RMW implementation 'rmw_fastrtps_cpp' as default
[1.176s] -- Looking for pthread.h
[1.233s] -- Looking for pthread.h - found
[1.234s] -- Looking for pthread_create
[1.295s] -- Looking for pthread_create - not found
[1.295s] -- Looking for pthread_create in pthreads
[1.340s] -- Looking for pthread_create in pthreads - not found
[1.340s] -- Looking for pthread_create in pthread
[1.396s] -- Looking for pthread_create in pthread - found
[1.397s] -- Found Threads: TRUE  
[1.429s] -- Found sensor_msgs: 0.8.1 (/opt/ros/eloquent/share/sensor_msgs/cmake)
[1.477s] -- Found gtest sources under '/opt/ros/eloquent/src/gtest_vendor': C++ tests using 'Google Test' will be built
[1.479s] -- Check if compiler accepts -pthread
[1.543s] -- Check if compiler accepts -pthread - yes
[1.639s] -- Configuring done
[1.741s] -- Generating done
[1.744s] -- Build files have been written to: /home/mirella/openvslam/ros/2/build/image_transport
[1.750s] Invoked command in '/home/mirella/openvslam/ros/2/build/image_transport' returned '0': CMAKE_PREFIX_PATH=/opt/ros/eloquent /usr/bin/cmake /home/mirella/openvslam/ros/2/src/image_common/image_transport -DAMENT_CMAKE_SYMLINK_INSTALL=1 -DCMAKE_INSTALL_PREFIX=/home/mirella/openvslam/ros/2/install/image_transport
[1.754s] Invoking command in '/home/mirella/openvslam/ros/2/build/image_transport': CMAKE_PREFIX_PATH=/opt/ros/eloquent /usr/bin/cmake --build /home/mirella/openvslam/ros/2/build/image_transport -- -j12 -l12
[1.815s] [35m[1mScanning dependencies of target gtest[0m
[1.815s] [35m[1mScanning dependencies of target gtest_main[0m
[1.820s] [35m[1mScanning dependencies of target image_transport[0m
[1.853s] [  3%] [32mBuilding CXX object gtest/CMakeFiles/gtest.dir/src/gtest-all.cc.o[0m
[1.877s] [  6%] [32mBuilding CXX object gtest/CMakeFiles/gtest_main.dir/src/gtest_main.cc.o[0m
[1.954s] [ 10%] [32mBuilding CXX object CMakeFiles/image_transport.dir/src/camera_common.cpp.o[0m
[1.969s] [ 13%] [32mBuilding CXX object CMakeFiles/image_transport.dir/src/subscriber.cpp.o[0m
[2.001s] [ 16%] [32mBuilding CXX object CMakeFiles/image_transport.dir/src/camera_subscriber.cpp.o[0m
[2.024s] [ 20%] [32mBuilding CXX object CMakeFiles/image_transport.dir/src/camera_publisher.cpp.o[0m
[2.024s] [ 23%] [32mBuilding CXX object CMakeFiles/image_transport.dir/src/single_subscriber_publisher.cpp.o[0m
[2.025s] [ 26%] [32mBuilding CXX object CMakeFiles/image_transport.dir/src/publisher.cpp.o[0m
[2.031s] [ 30%] [32mBuilding CXX object CMakeFiles/image_transport.dir/src/image_transport.cpp.o[0m
[3.268s] [ 33%] [32m[1mLinking CXX static library libgtest_main.a[0m
[3.479s] [ 33%] Built target gtest_main
[6.180s] [ 36%] [32m[1mLinking CXX static library libgtest.a[0m
[6.253s] [ 36%] Built target gtest
[8.589s] [ 40%] [32m[1mLinking CXX shared library libimage_transport.so[0m
[8.904s] [ 40%] Built target image_transport
[8.915s] [35m[1mScanning dependencies of target list_transports[0m
[8.915s] [35m[1mScanning dependencies of target republish[0m
[8.918s] [35m[1mScanning dependencies of target image_transport_plugins[0m
[8.918s] [35m[1mScanning dependencies of target image_transport-remapping[0m
[8.919s] [35m[1mScanning dependencies of target image_transport-camera_common[0m
[8.919s] [35m[1mScanning dependencies of target image_transport-publisher[0m
[8.919s] [35m[1mScanning dependencies of target image_transport-message_passing[0m
[8.919s] [35m[1mScanning dependencies of target image_transport-subscriber[0m
[8.919s] [35m[1mScanning dependencies of target image_transport-single_subscriber_publisher[0m
[8.943s] [ 43%] [32mBuilding CXX object CMakeFiles/image_transport-camera_common.dir/test/test_camera_common.cpp.o[0m
[8.955s] [ 46%] [32mBuilding CXX object CMakeFiles/list_transports.dir/src/list_transports.cpp.o[0m
[8.962s] [ 50%] [32mBuilding CXX object CMakeFiles/republish.dir/src/republish.cpp.o[0m
[8.962s] [ 53%] [32mBuilding CXX object CMakeFiles/image_transport_plugins.dir/src/manifest.cpp.o[0m
[8.972s] [ 56%] [32mBuilding CXX object CMakeFiles/image_transport-single_subscriber_publisher.dir/test/test_single_subscriber_publisher.cpp.o[0m
[8.975s] [ 60%] [32mBuilding CXX object CMakeFiles/image_transport-message_passing.dir/test/test_message_passing.cpp.o[0m
[8.978s] [ 63%] [32mBuilding CXX object CMakeFiles/image_transport-publisher.dir/test/test_publisher.cpp.o[0m
[8.978s] [ 66%] [32mBuilding CXX object CMakeFiles/image_transport-subscriber.dir/test/test_subscriber.cpp.o[0m
[8.979s] [ 70%] [32mBuilding CXX object CMakeFiles/image_transport-remapping.dir/test/test_remapping.cpp.o[0m
[9.967s] [ 73%] [32m[1mLinking CXX executable image_transport-camera_common[0m
[10.959s] [ 73%] Built target image_transport-camera_common
[12.017s] [ 76%] [32m[1mLinking CXX executable image_transport-remapping[0m
[12.182s] [ 80%] [32m[1mLinking CXX executable image_transport-subscriber[0m
[12.278s] [ 83%] [32m[1mLinking CXX executable image_transport-message_passing[0m
[12.349s] [ 86%] [32m[1mLinking CXX executable image_transport-single_subscriber_publisher[0m
[12.508s] [ 90%] [32m[1mLinking CXX executable image_transport-publisher[0m
[12.883s] [ 90%] Built target image_transport-remapping
[13.052s] [ 90%] Built target image_transport-subscriber
[13.068s] [ 90%] Built target image_transport-single_subscriber_publisher
[13.078s] [ 90%] Built target image_transport-message_passing
[13.189s] [ 90%] Built target image_transport-publisher
[13.792s] [ 93%] [32m[1mLinking CXX shared library libimage_transport_plugins.so[0m
[14.032s] [ 93%] Built target image_transport_plugins
[14.422s] [ 96%] [32m[1mLinking CXX executable list_transports[0m
[14.626s] [100%] [32m[1mLinking CXX executable republish[0m
[14.639s] [100%] Built target list_transports
[14.835s] [100%] Built target republish
[14.843s] Invoked command in '/home/mirella/openvslam/ros/2/build/image_transport' returned '0': CMAKE_PREFIX_PATH=/opt/ros/eloquent /usr/bin/cmake --build /home/mirella/openvslam/ros/2/build/image_transport -- -j12 -l12
[14.891s] Invoking command in '/home/mirella/openvslam/ros/2/build/image_transport': CMAKE_PREFIX_PATH=/opt/ros/eloquent /usr/bin/cmake --build /home/mirella/openvslam/ros/2/build/image_transport --target install -- -j12 -l12
[14.933s] [  6%] Built target gtest
[14.933s] [ 13%] Built target gtest_main
[14.946s] [ 40%] Built target image_transport
[14.982s] [ 46%] Built target image_transport-camera_common
[14.985s] [ 53%] Built target image_transport-single_subscriber_publisher
[14.986s] [ 60%] Built target list_transports
[14.987s] [ 66%] Built target image_transport-remapping
[14.988s] [ 73%] Built target image_transport-message_passing
[14.989s] [ 80%] Built target image_transport_plugins
[14.989s] [ 86%] Built target republish
[14.991s] [ 93%] Built target image_transport-subscriber
[14.991s] [100%] Built target image_transport-publisher
[15.005s] [36mInstall the project...[0m
[15.011s] -- Install configuration: ""
[15.012s] -- Execute custom install script
[15.012s] -- Symlinking: /home/mirella/openvslam/ros/2/install/image_transport/share/image_transport//default_plugins.xml
[15.019s] -- Symlinking: /home/mirella/openvslam/ros/2/install/image_transport/lib/libimage_transport.so
[15.025s] -- Symlinking: /home/mirella/openvslam/ros/2/install/image_transport/lib/libimage_transport_plugins.so
[15.032s] -- Symlinking: /home/mirella/openvslam/ros/2/install/image_transport/lib/image_transport/list_transports
[15.038s] -- Symlinking: /home/mirella/openvslam/ros/2/install/image_transport/lib/image_transport/republish
[15.045s] -- Symlinking: /home/mirella/openvslam/ros/2/install/image_transport/include/image_transport/camera_common.h
[15.052s] -- Symlinking: /home/mirella/openvslam/ros/2/install/image_transport/include/image_transport/camera_publisher.h
[15.058s] -- Symlinking: /home/mirella/openvslam/ros/2/install/image_transport/include/image_transport/camera_subscriber.h
[15.064s] -- Symlinking: /home/mirella/openvslam/ros/2/install/image_transport/include/image_transport/exception.h
[15.070s] -- Symlinking: /home/mirella/openvslam/ros/2/install/image_transport/include/image_transport/image_transport.h
[15.076s] -- Symlinking: /home/mirella/openvslam/ros/2/install/image_transport/include/image_transport/loader_fwds.h
[15.082s] -- Symlinking: /home/mirella/openvslam/ros/2/install/image_transport/include/image_transport/publisher.h
[15.089s] -- Symlinking: /home/mirella/openvslam/ros/2/install/image_transport/include/image_transport/publisher_plugin.h
[15.095s] -- Symlinking: /home/mirella/openvslam/ros/2/install/image_transport/include/image_transport/raw_publisher.h
[15.102s] -- Symlinking: /home/mirella/openvslam/ros/2/install/image_transport/include/image_transport/raw_subscriber.h
[15.108s] -- Symlinking: /home/mirella/openvslam/ros/2/install/image_transport/include/image_transport/simple_publisher_plugin.h
[15.117s] -- Symlinking: /home/mirella/openvslam/ros/2/install/image_transport/include/image_transport/simple_subscriber_plugin.h
[15.124s] -- Symlinking: /home/mirella/openvslam/ros/2/install/image_transport/include/image_transport/single_subscriber_publisher.h
[15.128s] -- Symlinking: /home/mirella/openvslam/ros/2/install/image_transport/include/image_transport/subscriber.h
[15.135s] -- Symlinking: /home/mirella/openvslam/ros/2/install/image_transport/include/image_transport/subscriber_filter.h
[15.142s] -- Symlinking: /home/mirella/openvslam/ros/2/install/image_transport/include/image_transport/subscriber_plugin.h
[15.150s] -- Symlinking: /home/mirella/openvslam/ros/2/install/image_transport/include/image_transport/transport_hints.h
[15.156s] -- Symlinking: /home/mirella/openvslam/ros/2/install/image_transport/include/image_transport/visibility_control.hpp
[15.163s] -- Symlinking: /home/mirella/openvslam/ros/2/install/image_transport/share/image_transport/environment/library_path.sh
[15.171s] -- Symlinking: /home/mirella/openvslam/ros/2/install/image_transport/share/image_transport/environment/library_path.dsv
[15.178s] -- Symlinking: /home/mirella/openvslam/ros/2/install/image_transport/share/ament_index/resource_index/package_run_dependencies/image_transport
[15.185s] -- Symlinking: /home/mirella/openvslam/ros/2/install/image_transport/share/ament_index/resource_index/parent_prefix_path/image_transport
[15.192s] -- Symlinking: /home/mirella/openvslam/ros/2/install/image_transport/share/image_transport/environment/ament_prefix_path.sh
[15.200s] -- Symlinking: /home/mirella/openvslam/ros/2/install/image_transport/share/image_transport/environment/ament_prefix_path.dsv
[15.208s] -- Symlinking: /home/mirella/openvslam/ros/2/install/image_transport/share/image_transport/environment/path.sh
[15.217s] -- Symlinking: /home/mirella/openvslam/ros/2/install/image_transport/share/image_transport/environment/path.dsv
[15.224s] -- Symlinking: /home/mirella/openvslam/ros/2/install/image_transport/share/image_transport/local_setup.bash
[15.231s] -- Symlinking: /home/mirella/openvslam/ros/2/install/image_transport/share/image_transport/local_setup.sh
[15.238s] -- Symlinking: /home/mirella/openvslam/ros/2/install/image_transport/share/image_transport/local_setup.zsh
[15.248s] -- Symlinking: /home/mirella/openvslam/ros/2/install/image_transport/share/image_transport/local_setup.dsv
[15.256s] -- Symlinking: /home/mirella/openvslam/ros/2/install/image_transport/share/image_transport/package.dsv
[15.264s] -- Symlinking: /home/mirella/openvslam/ros/2/install/image_transport/share/ament_index/resource_index/packages/image_transport
[15.273s] -- Symlinking: /home/mirella/openvslam/ros/2/install/image_transport/share/ament_index/resource_index/image_transport__pluginlib__plugin/image_transport
[15.280s] -- Symlinking: /home/mirella/openvslam/ros/2/install/image_transport/share/image_transport/cmake/ament_cmake_export_include_directories-extras.cmake
[15.286s] -- Symlinking: /home/mirella/openvslam/ros/2/install/image_transport/share/image_transport/cmake/ament_cmake_export_libraries-extras.cmake
[15.293s] -- Symlinking: /home/mirella/openvslam/ros/2/install/image_transport/share/image_transport/cmake/ament_cmake_export_dependencies-extras.cmake
[15.300s] -- Symlinking: /home/mirella/openvslam/ros/2/install/image_transport/share/image_transport/cmake/image_transportConfig.cmake
[15.307s] -- Symlinking: /home/mirella/openvslam/ros/2/install/image_transport/share/image_transport/cmake/image_transportConfig-version.cmake
[15.313s] -- Symlinking: /home/mirella/openvslam/ros/2/install/image_transport/share/image_transport/package.xml
[15.323s] Invoked command in '/home/mirella/openvslam/ros/2/build/image_transport' returned '0': CMAKE_PREFIX_PATH=/opt/ros/eloquent /usr/bin/cmake --build /home/mirella/openvslam/ros/2/build/image_transport --target install -- -j12 -l12
