[0.026s] Invoking command in '/home/mirella/openvslam/ros/2/build/image_transport': CMAKE_PREFIX_PATH=${CMAKE_PREFIX_PATH}:/home/mirella/openvslam/ros/2/install/opencv_tests:/opt/ros/eloquent /usr/bin/cmake --build /home/mirella/openvslam/ros/2/build/image_transport -- -j12 -l12
[0.090s] [  6%] Built target gtest
[0.101s] [ 13%] Built target gtest_main
[0.120s] [ 40%] Built target image_transport
[0.176s] [ 46%] Built target image_transport-camera_common
[0.178s] [ 53%] Built target image_transport-publisher
[0.185s] [ 60%] Built target image_transport-subscriber
[0.185s] [ 66%] Built target republish
[0.185s] [ 73%] Built target image_transport-message_passing
[0.189s] [ 80%] Built target image_transport-remapping
[0.191s] [ 86%] Built target image_transport_plugins
[0.191s] [ 93%] Built target list_transports
[0.194s] [100%] Built target image_transport-single_subscriber_publisher
[0.222s] Invoked command in '/home/mirella/openvslam/ros/2/build/image_transport' returned '0': CMAKE_PREFIX_PATH=${CMAKE_PREFIX_PATH}:/home/mirella/openvslam/ros/2/install/opencv_tests:/opt/ros/eloquent /usr/bin/cmake --build /home/mirella/openvslam/ros/2/build/image_transport -- -j12 -l12
[0.314s] Invoking command in '/home/mirella/openvslam/ros/2/build/image_transport': CMAKE_PREFIX_PATH=${CMAKE_PREFIX_PATH}:/home/mirella/openvslam/ros/2/install/opencv_tests:/opt/ros/eloquent /usr/bin/cmake --build /home/mirella/openvslam/ros/2/build/image_transport --target install -- -j12 -l12
[0.387s] [  6%] Built target gtest_main
[0.391s] [ 13%] Built target gtest
[0.404s] [ 40%] Built target image_transport
[0.456s] [ 46%] Built target image_transport-subscriber
[0.462s] [ 53%] Built target image_transport-message_passing
[0.466s] [ 60%] Built target image_transport-remapping
[0.466s] [ 66%] Built target republish
[0.466s] [ 73%] Built target list_transports
[0.468s] [ 80%] Built target image_transport_plugins
[0.472s] [ 86%] Built target image_transport-camera_common
[0.480s] [ 93%] Built target image_transport-publisher
[0.488s] [100%] Built target image_transport-single_subscriber_publisher
[0.509s] [36mInstall the project...[0m
[0.521s] -- Install configuration: ""
[0.521s] -- Execute custom install script
[0.521s] -- Up-to-date symlink: /home/mirella/openvslam/ros/2/install/image_transport/share/image_transport//default_plugins.xml
[0.521s] -- Up-to-date symlink: /home/mirella/openvslam/ros/2/install/image_transport/lib/libimage_transport.so
[0.522s] -- Up-to-date symlink: /home/mirella/openvslam/ros/2/install/image_transport/lib/libimage_transport_plugins.so
[0.522s] -- Up-to-date symlink: /home/mirella/openvslam/ros/2/install/image_transport/lib/image_transport/list_transports
[0.522s] -- Up-to-date symlink: /home/mirella/openvslam/ros/2/install/image_transport/lib/image_transport/republish
[0.523s] -- Up-to-date symlink: /home/mirella/openvslam/ros/2/install/image_transport/include/image_transport/camera_common.h
[0.525s] -- Up-to-date symlink: /home/mirella/openvslam/ros/2/install/image_transport/include/image_transport/camera_publisher.h
[0.526s] -- Up-to-date symlink: /home/mirella/openvslam/ros/2/install/image_transport/include/image_transport/camera_subscriber.h
[0.526s] -- Up-to-date symlink: /home/mirella/openvslam/ros/2/install/image_transport/include/image_transport/exception.h
[0.526s] -- Up-to-date symlink: /home/mirella/openvslam/ros/2/install/image_transport/include/image_transport/image_transport.h
[0.526s] -- Up-to-date symlink: /home/mirella/openvslam/ros/2/install/image_transport/include/image_transport/loader_fwds.h
[0.526s] -- Up-to-date symlink: /home/mirella/openvslam/ros/2/install/image_transport/include/image_transport/publisher.h
[0.526s] -- Up-to-date symlink: /home/mirella/openvslam/ros/2/install/image_transport/include/image_transport/publisher_plugin.h
[0.527s] -- Up-to-date symlink: /home/mirella/openvslam/ros/2/install/image_transport/include/image_transport/raw_publisher.h
[0.527s] -- Up-to-date symlink: /home/mirella/openvslam/ros/2/install/image_transport/include/image_transport/raw_subscriber.h
[0.527s] -- Up-to-date symlink: /home/mirella/openvslam/ros/2/install/image_transport/include/image_transport/simple_publisher_plugin.h
[0.527s] -- Up-to-date symlink: /home/mirella/openvslam/ros/2/install/image_transport/include/image_transport/simple_subscriber_plugin.h
[0.527s] -- Up-to-date symlink: /home/mirella/openvslam/ros/2/install/image_transport/include/image_transport/single_subscriber_publisher.h
[0.527s] -- Up-to-date symlink: /home/mirella/openvslam/ros/2/install/image_transport/include/image_transport/subscriber.h
[0.527s] -- Up-to-date symlink: /home/mirella/openvslam/ros/2/install/image_transport/include/image_transport/subscriber_filter.h
[0.527s] -- Up-to-date symlink: /home/mirella/openvslam/ros/2/install/image_transport/include/image_transport/subscriber_plugin.h
[0.528s] -- Up-to-date symlink: /home/mirella/openvslam/ros/2/install/image_transport/include/image_transport/transport_hints.h
[0.528s] -- Up-to-date symlink: /home/mirella/openvslam/ros/2/install/image_transport/include/image_transport/visibility_control.hpp
[0.528s] -- Up-to-date symlink: /home/mirella/openvslam/ros/2/install/image_transport/share/image_transport/environment/library_path.sh
[0.528s] -- Up-to-date symlink: /home/mirella/openvslam/ros/2/install/image_transport/share/image_transport/environment/library_path.dsv
[0.528s] -- Up-to-date symlink: /home/mirella/openvslam/ros/2/install/image_transport/share/ament_index/resource_index/package_run_dependencies/image_transport
[0.530s] -- Up-to-date symlink: /home/mirella/openvslam/ros/2/install/image_transport/share/ament_index/resource_index/parent_prefix_path/image_transport
[0.530s] -- Up-to-date symlink: /home/mirella/openvslam/ros/2/install/image_transport/share/image_transport/environment/ament_prefix_path.sh
[0.530s] -- Up-to-date symlink: /home/mirella/openvslam/ros/2/install/image_transport/share/image_transport/environment/ament_prefix_path.dsv
[0.530s] -- Up-to-date symlink: /home/mirella/openvslam/ros/2/install/image_transport/share/image_transport/environment/path.sh
[0.530s] -- Up-to-date symlink: /home/mirella/openvslam/ros/2/install/image_transport/share/image_transport/environment/path.dsv
[0.531s] -- Up-to-date symlink: /home/mirella/openvslam/ros/2/install/image_transport/share/image_transport/local_setup.bash
[0.531s] -- Up-to-date symlink: /home/mirella/openvslam/ros/2/install/image_transport/share/image_transport/local_setup.sh
[0.531s] -- Up-to-date symlink: /home/mirella/openvslam/ros/2/install/image_transport/share/image_transport/local_setup.zsh
[0.531s] -- Up-to-date symlink: /home/mirella/openvslam/ros/2/install/image_transport/share/image_transport/local_setup.dsv
[0.531s] -- Symlinking: /home/mirella/openvslam/ros/2/install/image_transport/share/image_transport/package.dsv
[0.540s] -- Up-to-date symlink: /home/mirella/openvslam/ros/2/install/image_transport/share/ament_index/resource_index/packages/image_transport
[0.540s] -- Up-to-date symlink: /home/mirella/openvslam/ros/2/install/image_transport/share/ament_index/resource_index/image_transport__pluginlib__plugin/image_transport
[0.540s] -- Up-to-date symlink: /home/mirella/openvslam/ros/2/install/image_transport/share/image_transport/cmake/ament_cmake_export_include_directories-extras.cmake
[0.541s] -- Up-to-date symlink: /home/mirella/openvslam/ros/2/install/image_transport/share/image_transport/cmake/ament_cmake_export_libraries-extras.cmake
[0.541s] -- Up-to-date symlink: /home/mirella/openvslam/ros/2/install/image_transport/share/image_transport/cmake/ament_cmake_export_dependencies-extras.cmake
[0.541s] -- Up-to-date symlink: /home/mirella/openvslam/ros/2/install/image_transport/share/image_transport/cmake/image_transportConfig.cmake
[0.541s] -- Up-to-date symlink: /home/mirella/openvslam/ros/2/install/image_transport/share/image_transport/cmake/image_transportConfig-version.cmake
[0.541s] -- Up-to-date symlink: /home/mirella/openvslam/ros/2/install/image_transport/share/image_transport/package.xml
[0.720s] Invoked command in '/home/mirella/openvslam/ros/2/build/image_transport' returned '0': CMAKE_PREFIX_PATH=${CMAKE_PREFIX_PATH}:/home/mirella/openvslam/ros/2/install/opencv_tests:/opt/ros/eloquent /usr/bin/cmake --build /home/mirella/openvslam/ros/2/build/image_transport --target install -- -j12 -l12
