-- Found ament_cmake: 0.8.2 (/opt/ros/eloquent/share/ament_cmake/cmake)
-- Using PYTHON_EXECUTABLE: /usr/bin/python3
-- Override CMake install command with custom implementation using symlinks instead of copying resources
-- Configuring done
-- Generating done
-- Build files have been written to: /home/mirella/openvslam/ros/2/build/vision_opencv
[36mInstall the project...[0m
-- Install configuration: ""
-- Execute custom install script
-- Up-to-date symlink: /home/mirella/openvslam/ros/2/install/vision_opencv/share/ament_index/resource_index/package_run_dependencies/vision_opencv
-- Up-to-date symlink: /home/mirella/openvslam/ros/2/install/vision_opencv/share/ament_index/resource_index/parent_prefix_path/vision_opencv
-- Up-to-date symlink: /home/mirella/openvslam/ros/2/install/vision_opencv/share/vision_opencv/environment/ament_prefix_path.sh
-- Up-to-date symlink: /home/mirella/openvslam/ros/2/install/vision_opencv/share/vision_opencv/environment/ament_prefix_path.dsv
-- Up-to-date symlink: /home/mirella/openvslam/ros/2/install/vision_opencv/share/vision_opencv/environment/path.sh
-- Up-to-date symlink: /home/mirella/openvslam/ros/2/install/vision_opencv/share/vision_opencv/environment/path.dsv
-- Up-to-date symlink: /home/mirella/openvslam/ros/2/install/vision_opencv/share/vision_opencv/local_setup.bash
-- Up-to-date symlink: /home/mirella/openvslam/ros/2/install/vision_opencv/share/vision_opencv/local_setup.sh
-- Up-to-date symlink: /home/mirella/openvslam/ros/2/install/vision_opencv/share/vision_opencv/local_setup.zsh
-- Up-to-date symlink: /home/mirella/openvslam/ros/2/install/vision_opencv/share/vision_opencv/local_setup.dsv
-- Symlinking: /home/mirella/openvslam/ros/2/install/vision_opencv/share/vision_opencv/package.dsv
-- Up-to-date symlink: /home/mirella/openvslam/ros/2/install/vision_opencv/share/ament_index/resource_index/packages/vision_opencv
-- Up-to-date symlink: /home/mirella/openvslam/ros/2/install/vision_opencv/share/vision_opencv/cmake/vision_opencvConfig.cmake
-- Up-to-date symlink: /home/mirella/openvslam/ros/2/install/vision_opencv/share/vision_opencv/cmake/vision_opencvConfig-version.cmake
-- Up-to-date symlink: /home/mirella/openvslam/ros/2/install/vision_opencv/share/vision_opencv/package.xml
