[0.012s] Invoking command in '/home/mirella/openvslam/ros/2/build/image_common': AMENT_PREFIX_PATH=/home/mirella/openvslam/ros/2/install/camera_info_manager:/home/mirella/openvslam/ros/2/install/image_transport:/home/mirella/openvslam/ros/2/install/camera_calibration_parsers:${AMENT_PREFIX_PATH} CMAKE_PREFIX_PATH=/home/mirella/openvslam/ros/2/install/camera_info_manager:/home/mirella/openvslam/ros/2/install/image_transport:/home/mirella/openvslam/ros/2/install/camera_calibration_parsers:/opt/ros/eloquent LD_LIBRARY_PATH=/home/mirella/openvslam/ros/2/install/camera_info_manager/lib:/home/mirella/openvslam/ros/2/install/image_transport/lib:/home/mirella/openvslam/ros/2/install/camera_calibration_parsers/lib:${LD_LIBRARY_PATH} /usr/bin/cmake /home/mirella/openvslam/ros/2/src/image_common/image_common -DCMAKE_INSTALL_PREFIX=/home/mirella/openvslam/ros/2/install/image_common
[0.025s] -- Found ament_cmake: 0.8.2 (/opt/ros/eloquent/share/ament_cmake/cmake)
[0.051s] -- Using PYTHON_EXECUTABLE: /usr/bin/python3
[0.199s] -- Override CMake install command with custom implementation using symlinks instead of copying resources
[0.205s] -- Found ament_lint_auto: 0.8.1 (/opt/ros/eloquent/share/ament_lint_auto/cmake)
[0.266s] -- Added test 'lint_cmake' to check CMake code style
[0.266s] -- Added test 'xmllint' to check XML markup files
[0.269s] -- Configuring done
[0.273s] -- Generating done
[0.274s] -- Build files have been written to: /home/mirella/openvslam/ros/2/build/image_common
[0.276s] Invoked command in '/home/mirella/openvslam/ros/2/build/image_common' returned '0': AMENT_PREFIX_PATH=/home/mirella/openvslam/ros/2/install/camera_info_manager:/home/mirella/openvslam/ros/2/install/image_transport:/home/mirella/openvslam/ros/2/install/camera_calibration_parsers:${AMENT_PREFIX_PATH} CMAKE_PREFIX_PATH=/home/mirella/openvslam/ros/2/install/camera_info_manager:/home/mirella/openvslam/ros/2/install/image_transport:/home/mirella/openvslam/ros/2/install/camera_calibration_parsers:/opt/ros/eloquent LD_LIBRARY_PATH=/home/mirella/openvslam/ros/2/install/camera_info_manager/lib:/home/mirella/openvslam/ros/2/install/image_transport/lib:/home/mirella/openvslam/ros/2/install/camera_calibration_parsers/lib:${LD_LIBRARY_PATH} /usr/bin/cmake /home/mirella/openvslam/ros/2/src/image_common/image_common -DCMAKE_INSTALL_PREFIX=/home/mirella/openvslam/ros/2/install/image_common
[0.279s] Invoking command in '/home/mirella/openvslam/ros/2/build/image_common': AMENT_PREFIX_PATH=/home/mirella/openvslam/ros/2/install/camera_info_manager:/home/mirella/openvslam/ros/2/install/image_transport:/home/mirella/openvslam/ros/2/install/camera_calibration_parsers:${AMENT_PREFIX_PATH} CMAKE_PREFIX_PATH=/home/mirella/openvslam/ros/2/install/camera_info_manager:/home/mirella/openvslam/ros/2/install/image_transport:/home/mirella/openvslam/ros/2/install/camera_calibration_parsers:/opt/ros/eloquent LD_LIBRARY_PATH=/home/mirella/openvslam/ros/2/install/camera_info_manager/lib:/home/mirella/openvslam/ros/2/install/image_transport/lib:/home/mirella/openvslam/ros/2/install/camera_calibration_parsers/lib:${LD_LIBRARY_PATH} /usr/bin/cmake --build /home/mirella/openvslam/ros/2/build/image_common -- -j12 -l12
[0.311s] Invoked command in '/home/mirella/openvslam/ros/2/build/image_common' returned '0': AMENT_PREFIX_PATH=/home/mirella/openvslam/ros/2/install/camera_info_manager:/home/mirella/openvslam/ros/2/install/image_transport:/home/mirella/openvslam/ros/2/install/camera_calibration_parsers:${AMENT_PREFIX_PATH} CMAKE_PREFIX_PATH=/home/mirella/openvslam/ros/2/install/camera_info_manager:/home/mirella/openvslam/ros/2/install/image_transport:/home/mirella/openvslam/ros/2/install/camera_calibration_parsers:/opt/ros/eloquent LD_LIBRARY_PATH=/home/mirella/openvslam/ros/2/install/camera_info_manager/lib:/home/mirella/openvslam/ros/2/install/image_transport/lib:/home/mirella/openvslam/ros/2/install/camera_calibration_parsers/lib:${LD_LIBRARY_PATH} /usr/bin/cmake --build /home/mirella/openvslam/ros/2/build/image_common -- -j12 -l12
[0.334s] Invoking command in '/home/mirella/openvslam/ros/2/build/image_common': AMENT_PREFIX_PATH=/home/mirella/openvslam/ros/2/install/camera_info_manager:/home/mirella/openvslam/ros/2/install/image_transport:/home/mirella/openvslam/ros/2/install/camera_calibration_parsers:${AMENT_PREFIX_PATH} CMAKE_PREFIX_PATH=/home/mirella/openvslam/ros/2/install/camera_info_manager:/home/mirella/openvslam/ros/2/install/image_transport:/home/mirella/openvslam/ros/2/install/camera_calibration_parsers:/opt/ros/eloquent LD_LIBRARY_PATH=/home/mirella/openvslam/ros/2/install/camera_info_manager/lib:/home/mirella/openvslam/ros/2/install/image_transport/lib:/home/mirella/openvslam/ros/2/install/camera_calibration_parsers/lib:${LD_LIBRARY_PATH} /usr/bin/cmake --build /home/mirella/openvslam/ros/2/build/image_common --target install -- -j12 -l12
[0.374s] [36mInstall the project...[0m
[0.384s] -- Install configuration: ""
[0.385s] -- Execute custom install script
[0.385s] -- Up-to-date symlink: /home/mirella/openvslam/ros/2/install/image_common/share/ament_index/resource_index/package_run_dependencies/image_common
[0.385s] -- Up-to-date symlink: /home/mirella/openvslam/ros/2/install/image_common/share/ament_index/resource_index/parent_prefix_path/image_common
[0.386s] -- Up-to-date symlink: /home/mirella/openvslam/ros/2/install/image_common/share/image_common/environment/ament_prefix_path.sh
[0.386s] -- Up-to-date symlink: /home/mirella/openvslam/ros/2/install/image_common/share/image_common/environment/ament_prefix_path.dsv
[0.386s] -- Up-to-date symlink: /home/mirella/openvslam/ros/2/install/image_common/share/image_common/environment/path.sh
[0.386s] -- Up-to-date symlink: /home/mirella/openvslam/ros/2/install/image_common/share/image_common/environment/path.dsv
[0.387s] -- Up-to-date symlink: /home/mirella/openvslam/ros/2/install/image_common/share/image_common/local_setup.bash
[0.387s] -- Up-to-date symlink: /home/mirella/openvslam/ros/2/install/image_common/share/image_common/local_setup.sh
[0.387s] -- Up-to-date symlink: /home/mirella/openvslam/ros/2/install/image_common/share/image_common/local_setup.zsh
[0.388s] -- Up-to-date symlink: /home/mirella/openvslam/ros/2/install/image_common/share/image_common/local_setup.dsv
[0.388s] -- Symlinking: /home/mirella/openvslam/ros/2/install/image_common/share/image_common/package.dsv
[0.396s] -- Up-to-date symlink: /home/mirella/openvslam/ros/2/install/image_common/share/ament_index/resource_index/packages/image_common
[0.396s] -- Up-to-date symlink: /home/mirella/openvslam/ros/2/install/image_common/share/image_common/cmake/image_commonConfig.cmake
[0.397s] -- Up-to-date symlink: /home/mirella/openvslam/ros/2/install/image_common/share/image_common/cmake/image_commonConfig-version.cmake
[0.397s] -- Up-to-date symlink: /home/mirella/openvslam/ros/2/install/image_common/share/image_common/package.xml
[0.400s] Invoked command in '/home/mirella/openvslam/ros/2/build/image_common' returned '0': AMENT_PREFIX_PATH=/home/mirella/openvslam/ros/2/install/camera_info_manager:/home/mirella/openvslam/ros/2/install/image_transport:/home/mirella/openvslam/ros/2/install/camera_calibration_parsers:${AMENT_PREFIX_PATH} CMAKE_PREFIX_PATH=/home/mirella/openvslam/ros/2/install/camera_info_manager:/home/mirella/openvslam/ros/2/install/image_transport:/home/mirella/openvslam/ros/2/install/camera_calibration_parsers:/opt/ros/eloquent LD_LIBRARY_PATH=/home/mirella/openvslam/ros/2/install/camera_info_manager/lib:/home/mirella/openvslam/ros/2/install/image_transport/lib:/home/mirella/openvslam/ros/2/install/camera_calibration_parsers/lib:${LD_LIBRARY_PATH} /usr/bin/cmake --build /home/mirella/openvslam/ros/2/build/image_common --target install -- -j12 -l12
