[0.025s] Invoking command in '/home/mirella/openvslam/ros/2/build/openvslam': CMAKE_PREFIX_PATH=/home/mirella/openvslam/ros/2/install/image_transport:/home/mirella/openvslam/ros/2/install/cv_bridge:/home/mirella/openvslam/ros/2/install/vision_opencv:/home/mirella/openvslam/ros/2/install/publisher:/home/mirella/openvslam/ros/2/install/openvslam:/home/mirella/openvslam/ros/2/install/image_common:/home/mirella/openvslam/ros/2/install/camera_info_manager:/home/mirella/openvslam/ros/2/install/image_geometry:/home/mirella/openvslam/ros/2/install/camera_calibration_parsers:/home/mirella/openvslam/ros/2/install/opencv_tests:/opt/ros/eloquent LD_LIBRARY_PATH=/home/mirella/openvslam/ros/2/install/image_transport/lib:/home/mirella/openvslam/ros/2/install/cv_bridge/lib:/home/mirella/openvslam/ros/2/install/camera_info_manager/lib:/home/mirella/openvslam/ros/2/install/image_geometry/lib:/home/mirella/openvslam/ros/2/install/camera_calibration_parsers/lib:/opt/ros/eloquent/opt/yaml_cpp_vendor/lib:/opt/ros/eloquent/opt/rviz_ogre_vendor/lib:/opt/ros/eloquent/lib/x86_64-linux-gnu:/opt/ros/eloquent/lib PYTHONPATH=/home/mirella/openvslam/ros/2/install/cv_bridge/lib/python3.6/site-packages:/home/mirella/openvslam/ros/2/install/opencv_tests/lib/python3.6/site-packages:/home/mirella/openvslam/ros/2/install/image_geometry/lib/python3.6/site-packages:/opt/ros/eloquent/lib/python3.6/site-packages /usr/bin/cmake --build /home/mirella/openvslam/ros/2/build/openvslam -- -j12 -l12
[0.082s] [35m[1mScanning dependencies of target run_slam[0m
[0.110s] [ 50%] Built target run_localization
[0.182s] [ 75%] [32mBuilding CXX object src/CMakeFiles/run_slam.dir/run_slam.cc.o[0m
[5.941s] [01m[K/home/mirella/openvslam/ros/2/src/openvslam/src/run_slam.cc:[m[K In function ‘[01m[Kvoid mono_tracking(const std::shared_ptr<openvslam::config>&, const string&, const string&, bool, const string&)[m[K’:
[5.941s] [01m[K/home/mirella/openvslam/ros/2/src/openvslam/src/run_slam.cc:267:23:[m[K [01;35m[Kwarning: [m[Kvariable ‘[01m[Kcustom_qos[m[K’ set but not used [[01;35m[K-Wunused-but-set-variable[m[K]
[5.941s]      rmw_qos_profile_t [01;35m[Kcustom_qos[m[K = rmw_qos_profile_default;
[5.941s]                        [01;35m[K^~~~~~~~~~[m[K
[17.096s] [100%] [32m[1mLinking CXX executable run_slam[0m
[17.789s] [100%] Built target run_slam
[17.803s] Invoked command in '/home/mirella/openvslam/ros/2/build/openvslam' returned '0': CMAKE_PREFIX_PATH=/home/mirella/openvslam/ros/2/install/image_transport:/home/mirella/openvslam/ros/2/install/cv_bridge:/home/mirella/openvslam/ros/2/install/vision_opencv:/home/mirella/openvslam/ros/2/install/publisher:/home/mirella/openvslam/ros/2/install/openvslam:/home/mirella/openvslam/ros/2/install/image_common:/home/mirella/openvslam/ros/2/install/camera_info_manager:/home/mirella/openvslam/ros/2/install/image_geometry:/home/mirella/openvslam/ros/2/install/camera_calibration_parsers:/home/mirella/openvslam/ros/2/install/opencv_tests:/opt/ros/eloquent LD_LIBRARY_PATH=/home/mirella/openvslam/ros/2/install/image_transport/lib:/home/mirella/openvslam/ros/2/install/cv_bridge/lib:/home/mirella/openvslam/ros/2/install/camera_info_manager/lib:/home/mirella/openvslam/ros/2/install/image_geometry/lib:/home/mirella/openvslam/ros/2/install/camera_calibration_parsers/lib:/opt/ros/eloquent/opt/yaml_cpp_vendor/lib:/opt/ros/eloquent/opt/rviz_ogre_vendor/lib:/opt/ros/eloquent/lib/x86_64-linux-gnu:/opt/ros/eloquent/lib PYTHONPATH=/home/mirella/openvslam/ros/2/install/cv_bridge/lib/python3.6/site-packages:/home/mirella/openvslam/ros/2/install/opencv_tests/lib/python3.6/site-packages:/home/mirella/openvslam/ros/2/install/image_geometry/lib/python3.6/site-packages:/opt/ros/eloquent/lib/python3.6/site-packages /usr/bin/cmake --build /home/mirella/openvslam/ros/2/build/openvslam -- -j12 -l12
[17.837s] Invoking command in '/home/mirella/openvslam/ros/2/build/openvslam': CMAKE_PREFIX_PATH=/home/mirella/openvslam/ros/2/install/image_transport:/home/mirella/openvslam/ros/2/install/cv_bridge:/home/mirella/openvslam/ros/2/install/vision_opencv:/home/mirella/openvslam/ros/2/install/publisher:/home/mirella/openvslam/ros/2/install/openvslam:/home/mirella/openvslam/ros/2/install/image_common:/home/mirella/openvslam/ros/2/install/camera_info_manager:/home/mirella/openvslam/ros/2/install/image_geometry:/home/mirella/openvslam/ros/2/install/camera_calibration_parsers:/home/mirella/openvslam/ros/2/install/opencv_tests:/opt/ros/eloquent LD_LIBRARY_PATH=/home/mirella/openvslam/ros/2/install/image_transport/lib:/home/mirella/openvslam/ros/2/install/cv_bridge/lib:/home/mirella/openvslam/ros/2/install/camera_info_manager/lib:/home/mirella/openvslam/ros/2/install/image_geometry/lib:/home/mirella/openvslam/ros/2/install/camera_calibration_parsers/lib:/opt/ros/eloquent/opt/yaml_cpp_vendor/lib:/opt/ros/eloquent/opt/rviz_ogre_vendor/lib:/opt/ros/eloquent/lib/x86_64-linux-gnu:/opt/ros/eloquent/lib PYTHONPATH=/home/mirella/openvslam/ros/2/install/cv_bridge/lib/python3.6/site-packages:/home/mirella/openvslam/ros/2/install/opencv_tests/lib/python3.6/site-packages:/home/mirella/openvslam/ros/2/install/image_geometry/lib/python3.6/site-packages:/opt/ros/eloquent/lib/python3.6/site-packages /usr/bin/cmake --build /home/mirella/openvslam/ros/2/build/openvslam --target install -- -j12 -l12
[17.912s] [ 50%] Built target run_localization
[17.915s] [100%] Built target run_slam
[17.929s] [36mInstall the project...[0m
[17.935s] -- Install configuration: "Release"
[17.935s] -- Execute custom install script
[17.936s] -- Up-to-date symlink: /home/mirella/openvslam/ros/2/install/openvslam/lib/openvslam/run_slam
[17.936s] -- Up-to-date symlink: /home/mirella/openvslam/ros/2/install/openvslam/lib/openvslam/run_localization
[17.936s] -- Up-to-date symlink: /home/mirella/openvslam/ros/2/install/openvslam/share/ament_index/resource_index/package_run_dependencies/openvslam
[17.937s] -- Up-to-date symlink: /home/mirella/openvslam/ros/2/install/openvslam/share/ament_index/resource_index/parent_prefix_path/openvslam
[17.937s] -- Up-to-date symlink: /home/mirella/openvslam/ros/2/install/openvslam/share/openvslam/environment/ament_prefix_path.sh
[17.937s] -- Up-to-date symlink: /home/mirella/openvslam/ros/2/install/openvslam/share/openvslam/environment/ament_prefix_path.dsv
[17.937s] -- Up-to-date symlink: /home/mirella/openvslam/ros/2/install/openvslam/share/openvslam/environment/path.sh
[17.938s] -- Up-to-date symlink: /home/mirella/openvslam/ros/2/install/openvslam/share/openvslam/environment/path.dsv
[17.938s] -- Up-to-date symlink: /home/mirella/openvslam/ros/2/install/openvslam/share/openvslam/local_setup.bash
[17.938s] -- Up-to-date symlink: /home/mirella/openvslam/ros/2/install/openvslam/share/openvslam/local_setup.sh
[17.938s] -- Up-to-date symlink: /home/mirella/openvslam/ros/2/install/openvslam/share/openvslam/local_setup.zsh
[17.939s] -- Up-to-date symlink: /home/mirella/openvslam/ros/2/install/openvslam/share/openvslam/local_setup.dsv
[17.939s] -- Symlinking: /home/mirella/openvslam/ros/2/install/openvslam/share/openvslam/package.dsv
[17.946s] -- Up-to-date symlink: /home/mirella/openvslam/ros/2/install/openvslam/share/ament_index/resource_index/packages/openvslam
[17.947s] -- Up-to-date symlink: /home/mirella/openvslam/ros/2/install/openvslam/share/openvslam/cmake/openvslamConfig.cmake
[17.947s] -- Up-to-date symlink: /home/mirella/openvslam/ros/2/install/openvslam/share/openvslam/cmake/openvslamConfig-version.cmake
[17.947s] -- Up-to-date symlink: /home/mirella/openvslam/ros/2/install/openvslam/share/openvslam/package.xml
[17.950s] Invoked command in '/home/mirella/openvslam/ros/2/build/openvslam' returned '0': CMAKE_PREFIX_PATH=/home/mirella/openvslam/ros/2/install/image_transport:/home/mirella/openvslam/ros/2/install/cv_bridge:/home/mirella/openvslam/ros/2/install/vision_opencv:/home/mirella/openvslam/ros/2/install/publisher:/home/mirella/openvslam/ros/2/install/openvslam:/home/mirella/openvslam/ros/2/install/image_common:/home/mirella/openvslam/ros/2/install/camera_info_manager:/home/mirella/openvslam/ros/2/install/image_geometry:/home/mirella/openvslam/ros/2/install/camera_calibration_parsers:/home/mirella/openvslam/ros/2/install/opencv_tests:/opt/ros/eloquent LD_LIBRARY_PATH=/home/mirella/openvslam/ros/2/install/image_transport/lib:/home/mirella/openvslam/ros/2/install/cv_bridge/lib:/home/mirella/openvslam/ros/2/install/camera_info_manager/lib:/home/mirella/openvslam/ros/2/install/image_geometry/lib:/home/mirella/openvslam/ros/2/install/camera_calibration_parsers/lib:/opt/ros/eloquent/opt/yaml_cpp_vendor/lib:/opt/ros/eloquent/opt/rviz_ogre_vendor/lib:/opt/ros/eloquent/lib/x86_64-linux-gnu:/opt/ros/eloquent/lib PYTHONPATH=/home/mirella/openvslam/ros/2/install/cv_bridge/lib/python3.6/site-packages:/home/mirella/openvslam/ros/2/install/opencv_tests/lib/python3.6/site-packages:/home/mirella/openvslam/ros/2/install/image_geometry/lib/python3.6/site-packages:/opt/ros/eloquent/lib/python3.6/site-packages /usr/bin/cmake --build /home/mirella/openvslam/ros/2/build/openvslam --target install -- -j12 -l12
