[0.024s] Invoking command in '/home/mirella/openvslam/ros/2/build/openvslam': CMAKE_PREFIX_PATH=/home/mirella/openvslam/ros/2/install/image_transport:/home/mirella/openvslam/ros/2/install/cv_bridge:/home/mirella/openvslam/ros/2/install/vision_opencv:/home/mirella/openvslam/ros/2/install/publisher:/home/mirella/openvslam/ros/2/install/openvslam:/home/mirella/openvslam/ros/2/install/image_common:/home/mirella/openvslam/ros/2/install/camera_info_manager:/home/mirella/openvslam/ros/2/install/image_geometry:/home/mirella/openvslam/ros/2/install/camera_calibration_parsers:/home/mirella/openvslam/ros/2/install/opencv_tests:/opt/ros/eloquent LD_LIBRARY_PATH=/home/mirella/openvslam/ros/2/install/image_transport/lib:/home/mirella/openvslam/ros/2/install/cv_bridge/lib:/home/mirella/openvslam/ros/2/install/camera_info_manager/lib:/home/mirella/openvslam/ros/2/install/image_geometry/lib:/home/mirella/openvslam/ros/2/install/camera_calibration_parsers/lib:/opt/ros/eloquent/opt/yaml_cpp_vendor/lib:/opt/ros/eloquent/opt/rviz_ogre_vendor/lib:/opt/ros/eloquent/lib/x86_64-linux-gnu:/opt/ros/eloquent/lib PYTHONPATH=/home/mirella/openvslam/ros/2/install/cv_bridge/lib/python3.6/site-packages:/home/mirella/openvslam/ros/2/install/opencv_tests/lib/python3.6/site-packages:/home/mirella/openvslam/ros/2/install/image_geometry/lib/python3.6/site-packages:/opt/ros/eloquent/lib/python3.6/site-packages /usr/bin/cmake --build /home/mirella/openvslam/ros/2/build/openvslam -- -j12 -l12
[0.072s] [35m[1mScanning dependencies of target run_slam[0m
[0.110s] [ 50%] Built target run_localization
[0.165s] [ 75%] [32mBuilding CXX object src/CMakeFiles/run_slam.dir/run_slam.cc.o[0m
[6.077s] [01m[K/home/mirella/openvslam/ros/2/src/openvslam/src/run_slam.cc:[m[K In function ‘[01m[Kvoid callback(const ConstSharedPtr&, std::shared_ptr<rclcpp::Publisher<sensor_msgs::msg::Image_<std::allocator<void> >, std::allocator<void> > >, std::shared_ptr<rclcpp::Publisher<sensor_msgs::msg::Image_<std::allocator<void> >, std::allocator<void> > >, std::shared_ptr<rclcpp::Publisher<sensor_msgs::msg::CameraInfo_<std::allocator<void> >, std::allocator<void> > >, std::shared_ptr<rclcpp::Publisher<sensor_msgs::msg::CameraInfo_<std::allocator<void> >, std::allocator<void> > >, std::shared_ptr<rclcpp::Publisher<nav_msgs::msg::Odometry_<std::allocator<void> >, std::allocator<void> > >, openvslam::system*, cv::Mat, std::shared_ptr<rclcpp::Node>)[m[K’:
[6.077s] [01m[K/home/mirella/openvslam/ros/2/src/openvslam/src/run_slam.cc:157:27:[m[K [01;35m[Kwarning: [m[Kunused variable ‘[01m[KK0[m[K’ [[01;35m[K-Wunused-variable[m[K]
[6.077s]      std::array<double, 9> [01;35m[KK0[m[K = {457.00, 0, 320.00, 0, 457.00, 240.0, 0,0,1};
[6.077s]                            [01;35m[K^~[m[K
[6.078s] [01m[K/home/mirella/openvslam/ros/2/src/openvslam/src/run_slam.cc:159:28:[m[K [01;35m[Kwarning: [m[Kunused variable ‘[01m[KP0[m[K’ [[01;35m[K-Wunused-variable[m[K]
[6.078s]      std::array<double, 12> [01;35m[KP0[m[K = {457.0, 0, 320.0, 0, 0, 457.0, 240.0, 0, 0, 0, 1, 0};
[6.078s]                             [01;35m[K^~[m[K
[6.078s] [01m[K/home/mirella/openvslam/ros/2/src/openvslam/src/run_slam.cc:160:27:[m[K [01;35m[Kwarning: [m[Kunused variable ‘[01m[KR0[m[K’ [[01;35m[K-Wunused-variable[m[K]
[6.078s]      std::array<double, 9> [01;35m[KR0[m[K =  {1.0, 0.0, 0.0, 0.0, 1.0, 0.0, 0.0, 0.0, 1.0 };
[6.078s]                            [01;35m[K^~[m[K
[6.078s] [01m[K/home/mirella/openvslam/ros/2/src/openvslam/src/run_slam.cc:162:27:[m[K [01;35m[Kwarning: [m[Kunused variable ‘[01m[KK1[m[K’ [[01;35m[K-Wunused-variable[m[K]
[6.078s]      std::array<double, 9> [01;35m[KK1[m[K = {457.00, 0, 320.00, 0, 457.00, 240.0, 0,0,1} ;
[6.078s]                            [01;35m[K^~[m[K
[6.078s] [01m[K/home/mirella/openvslam/ros/2/src/openvslam/src/run_slam.cc:164:28:[m[K [01;35m[Kwarning: [m[Kunused variable ‘[01m[KP1[m[K’ [[01;35m[K-Wunused-variable[m[K]
[6.078s]      std::array<double, 12> [01;35m[KP1[m[K = {457.0, 0, 320.0, -114.26, 0, 457.0, 240.0, 0, 0, 0, 1, 0};
[6.078s]                             [01;35m[K^~[m[K
[6.078s] [01m[K/home/mirella/openvslam/ros/2/src/openvslam/src/run_slam.cc:165:27:[m[K [01;35m[Kwarning: [m[Kunused variable ‘[01m[KR1[m[K’ [[01;35m[K-Wunused-variable[m[K]
[6.078s]      std::array<double, 9> [01;35m[KR1[m[K =  {1.0, 0.0, 0.0, 0.0, 1.0, 0.0, 0.0, 0.0, 1.0 };
[6.078s]                            [01;35m[K^~[m[K
[6.078s] [01m[K/home/mirella/openvslam/ros/2/src/openvslam/src/run_slam.cc:147:122:[m[K [01;35m[Kwarning: [m[Kunused parameter ‘[01m[Kleft_publisher[m[K’ [[01;35m[K-Wunused-parameter[m[K]
[6.078s]  sor_msgs::msg::Image_<std::allocator<void>>, std::allocator<void>>> [01;35m[Kleft_publisher[m[K,
[6.078s]                                                                      [01;35m[K^~~~~~~~~~~~~~[m[K
[6.079s] [01m[K/home/mirella/openvslam/ros/2/src/openvslam/src/run_slam.cc:148:122:[m[K [01;35m[Kwarning: [m[Kunused parameter ‘[01m[Kright_publisher[m[K’ [[01;35m[K-Wunused-parameter[m[K]
[6.079s]  sor_msgs::msg::Image_<std::allocator<void>>, std::allocator<void>>> [01;35m[Kright_publisher[m[K,
[6.079s]                                                                      [01;35m[K^~~~~~~~~~~~~~~[m[K
[6.079s] [01m[K/home/mirella/openvslam/ros/2/src/openvslam/src/run_slam.cc:149:129:[m[K [01;35m[Kwarning: [m[Kunused parameter ‘[01m[Kleft_publisher_config[m[K’ [[01;35m[K-Wunused-parameter[m[K]
[6.079s]  s::msg::CameraInfo_<std::allocator<void>>, std::allocator<void> > > [01;35m[Kleft_publisher_config[m[K,
[6.079s]                                                                      [01;35m[K^~~~~~~~~~~~~~~~~~~~~[m[K
[6.079s] [01m[K/home/mirella/openvslam/ros/2/src/openvslam/src/run_slam.cc:150:129:[m[K [01;35m[Kwarning: [m[Kunused parameter ‘[01m[Kright_publisher_config[m[K’ [[01;35m[K-Wunused-parameter[m[K]
[6.079s]  s::msg::CameraInfo_<std::allocator<void>>, std::allocator<void> > > [01;35m[Kright_publisher_config[m[K,
[6.079s]                                                                      [01;35m[K^~~~~~~~~~~~~~~~~~~~~~[m[K
[6.107s] [01m[K/home/mirella/openvslam/ros/2/src/openvslam/src/run_slam.cc:[m[K In function ‘[01m[Kvoid mono_tracking(const std::shared_ptr<openvslam::config>&, const string&, const string&, bool, const string&)[m[K’:
[6.107s] [01m[K/home/mirella/openvslam/ros/2/src/openvslam/src/run_slam.cc:262:23:[m[K [01;35m[Kwarning: [m[Kvariable ‘[01m[Kcustom_qos[m[K’ set but not used [[01;35m[K-Wunused-but-set-variable[m[K]
[6.107s]      rmw_qos_profile_t [01;35m[Kcustom_qos[m[K = rmw_qos_profile_default;
[6.107s]                        [01;35m[K^~~~~~~~~~[m[K
[6.495s] /home/mirella/openvslam/ros/2/src/openvslam/src/run_slam.cc: In instantiation of ‘[01m[Kvoid publi(auto:3, auto:4&, auto:5) [with auto:3 = Eigen::Matrix<double, 4, 4>; auto:4 = std::shared_ptr<rclcpp::Publisher<nav_msgs::msg::Odometry_<std::allocator<void> >, std::allocator<void> > >; auto:5 = std::shared_ptr<rclcpp::Node>][m[K’:
[6.495s] [01m[K/home/mirella/openvslam/ros/2/src/openvslam/src/run_slam.cc:170:40:[m[K   required from here
[6.495s] [01m[K/home/mirella/openvslam/ros/2/src/openvslam/src/run_slam.cc:82:34:[m[K [01;35m[Kwarning: [m[Kunused parameter ‘[01m[Kodometry_pub_[m[K’ [[01;35m[K-Wunused-parameter[m[K]
[6.495s]  void publi(auto cam_pose_, auto &[01;35m[Kodometry_pub_[m[K, auto node){
[6.495s]                                   [01;35m[K^~~~~~~~~~~~~[m[K
[16.862s] [100%] [32m[1mLinking CXX executable run_slam[0m
[17.524s] [100%] Built target run_slam
[17.536s] Invoked command in '/home/mirella/openvslam/ros/2/build/openvslam' returned '0': CMAKE_PREFIX_PATH=/home/mirella/openvslam/ros/2/install/image_transport:/home/mirella/openvslam/ros/2/install/cv_bridge:/home/mirella/openvslam/ros/2/install/vision_opencv:/home/mirella/openvslam/ros/2/install/publisher:/home/mirella/openvslam/ros/2/install/openvslam:/home/mirella/openvslam/ros/2/install/image_common:/home/mirella/openvslam/ros/2/install/camera_info_manager:/home/mirella/openvslam/ros/2/install/image_geometry:/home/mirella/openvslam/ros/2/install/camera_calibration_parsers:/home/mirella/openvslam/ros/2/install/opencv_tests:/opt/ros/eloquent LD_LIBRARY_PATH=/home/mirella/openvslam/ros/2/install/image_transport/lib:/home/mirella/openvslam/ros/2/install/cv_bridge/lib:/home/mirella/openvslam/ros/2/install/camera_info_manager/lib:/home/mirella/openvslam/ros/2/install/image_geometry/lib:/home/mirella/openvslam/ros/2/install/camera_calibration_parsers/lib:/opt/ros/eloquent/opt/yaml_cpp_vendor/lib:/opt/ros/eloquent/opt/rviz_ogre_vendor/lib:/opt/ros/eloquent/lib/x86_64-linux-gnu:/opt/ros/eloquent/lib PYTHONPATH=/home/mirella/openvslam/ros/2/install/cv_bridge/lib/python3.6/site-packages:/home/mirella/openvslam/ros/2/install/opencv_tests/lib/python3.6/site-packages:/home/mirella/openvslam/ros/2/install/image_geometry/lib/python3.6/site-packages:/opt/ros/eloquent/lib/python3.6/site-packages /usr/bin/cmake --build /home/mirella/openvslam/ros/2/build/openvslam -- -j12 -l12
[17.555s] Invoking command in '/home/mirella/openvslam/ros/2/build/openvslam': CMAKE_PREFIX_PATH=/home/mirella/openvslam/ros/2/install/image_transport:/home/mirella/openvslam/ros/2/install/cv_bridge:/home/mirella/openvslam/ros/2/install/vision_opencv:/home/mirella/openvslam/ros/2/install/publisher:/home/mirella/openvslam/ros/2/install/openvslam:/home/mirella/openvslam/ros/2/install/image_common:/home/mirella/openvslam/ros/2/install/camera_info_manager:/home/mirella/openvslam/ros/2/install/image_geometry:/home/mirella/openvslam/ros/2/install/camera_calibration_parsers:/home/mirella/openvslam/ros/2/install/opencv_tests:/opt/ros/eloquent LD_LIBRARY_PATH=/home/mirella/openvslam/ros/2/install/image_transport/lib:/home/mirella/openvslam/ros/2/install/cv_bridge/lib:/home/mirella/openvslam/ros/2/install/camera_info_manager/lib:/home/mirella/openvslam/ros/2/install/image_geometry/lib:/home/mirella/openvslam/ros/2/install/camera_calibration_parsers/lib:/opt/ros/eloquent/opt/yaml_cpp_vendor/lib:/opt/ros/eloquent/opt/rviz_ogre_vendor/lib:/opt/ros/eloquent/lib/x86_64-linux-gnu:/opt/ros/eloquent/lib PYTHONPATH=/home/mirella/openvslam/ros/2/install/cv_bridge/lib/python3.6/site-packages:/home/mirella/openvslam/ros/2/install/opencv_tests/lib/python3.6/site-packages:/home/mirella/openvslam/ros/2/install/image_geometry/lib/python3.6/site-packages:/opt/ros/eloquent/lib/python3.6/site-packages /usr/bin/cmake --build /home/mirella/openvslam/ros/2/build/openvslam --target install -- -j12 -l12
[17.616s] [ 50%] Built target run_localization
[17.622s] [100%] Built target run_slam
[17.636s] [36mInstall the project...[0m
[17.643s] -- Install configuration: "Release"
[17.643s] -- Execute custom install script
[17.644s] -- Up-to-date symlink: /home/mirella/openvslam/ros/2/install/openvslam/lib/openvslam/run_slam
[17.644s] -- Up-to-date symlink: /home/mirella/openvslam/ros/2/install/openvslam/lib/openvslam/run_localization
[17.644s] -- Up-to-date symlink: /home/mirella/openvslam/ros/2/install/openvslam/share/ament_index/resource_index/package_run_dependencies/openvslam
[17.644s] -- Up-to-date symlink: /home/mirella/openvslam/ros/2/install/openvslam/share/ament_index/resource_index/parent_prefix_path/openvslam
[17.645s] -- Up-to-date symlink: /home/mirella/openvslam/ros/2/install/openvslam/share/openvslam/environment/ament_prefix_path.sh
[17.645s] -- Up-to-date symlink: /home/mirella/openvslam/ros/2/install/openvslam/share/openvslam/environment/ament_prefix_path.dsv
[17.645s] -- Up-to-date symlink: /home/mirella/openvslam/ros/2/install/openvslam/share/openvslam/environment/path.sh
[17.645s] -- Up-to-date symlink: /home/mirella/openvslam/ros/2/install/openvslam/share/openvslam/environment/path.dsv
[17.645s] -- Up-to-date symlink: /home/mirella/openvslam/ros/2/install/openvslam/share/openvslam/local_setup.bash
[17.645s] -- Up-to-date symlink: /home/mirella/openvslam/ros/2/install/openvslam/share/openvslam/local_setup.sh
[17.646s] -- Up-to-date symlink: /home/mirella/openvslam/ros/2/install/openvslam/share/openvslam/local_setup.zsh
[17.646s] -- Up-to-date symlink: /home/mirella/openvslam/ros/2/install/openvslam/share/openvslam/local_setup.dsv
[17.646s] -- Symlinking: /home/mirella/openvslam/ros/2/install/openvslam/share/openvslam/package.dsv
[17.653s] -- Up-to-date symlink: /home/mirella/openvslam/ros/2/install/openvslam/share/ament_index/resource_index/packages/openvslam
[17.653s] -- Up-to-date symlink: /home/mirella/openvslam/ros/2/install/openvslam/share/openvslam/cmake/openvslamConfig.cmake
[17.654s] -- Up-to-date symlink: /home/mirella/openvslam/ros/2/install/openvslam/share/openvslam/cmake/openvslamConfig-version.cmake
[17.654s] -- Up-to-date symlink: /home/mirella/openvslam/ros/2/install/openvslam/share/openvslam/package.xml
[17.657s] Invoked command in '/home/mirella/openvslam/ros/2/build/openvslam' returned '0': CMAKE_PREFIX_PATH=/home/mirella/openvslam/ros/2/install/image_transport:/home/mirella/openvslam/ros/2/install/cv_bridge:/home/mirella/openvslam/ros/2/install/vision_opencv:/home/mirella/openvslam/ros/2/install/publisher:/home/mirella/openvslam/ros/2/install/openvslam:/home/mirella/openvslam/ros/2/install/image_common:/home/mirella/openvslam/ros/2/install/camera_info_manager:/home/mirella/openvslam/ros/2/install/image_geometry:/home/mirella/openvslam/ros/2/install/camera_calibration_parsers:/home/mirella/openvslam/ros/2/install/opencv_tests:/opt/ros/eloquent LD_LIBRARY_PATH=/home/mirella/openvslam/ros/2/install/image_transport/lib:/home/mirella/openvslam/ros/2/install/cv_bridge/lib:/home/mirella/openvslam/ros/2/install/camera_info_manager/lib:/home/mirella/openvslam/ros/2/install/image_geometry/lib:/home/mirella/openvslam/ros/2/install/camera_calibration_parsers/lib:/opt/ros/eloquent/opt/yaml_cpp_vendor/lib:/opt/ros/eloquent/opt/rviz_ogre_vendor/lib:/opt/ros/eloquent/lib/x86_64-linux-gnu:/opt/ros/eloquent/lib PYTHONPATH=/home/mirella/openvslam/ros/2/install/cv_bridge/lib/python3.6/site-packages:/home/mirella/openvslam/ros/2/install/opencv_tests/lib/python3.6/site-packages:/home/mirella/openvslam/ros/2/install/image_geometry/lib/python3.6/site-packages:/opt/ros/eloquent/lib/python3.6/site-packages /usr/bin/cmake --build /home/mirella/openvslam/ros/2/build/openvslam --target install -- -j12 -l12
