[0.024s] Invoking command in '/home/mirella/openvslam/ros/2/build/camera_info_manager': CMAKE_PREFIX_PATH=/home/mirella/openvslam/ros/2/install/image_transport:/home/mirella/openvslam/ros/2/install/camera_calibration_parsers:/home/mirella/openvslam/ros/2/install/vision_opencv:/home/mirella/openvslam/ros/2/install/publisher:/home/mirella/openvslam/ros/2/install/openvslam:/home/mirella/openvslam/ros/2/install/image_common:/home/mirella/openvslam/ros/2/install/camera_info_manager:/home/mirella/openvslam/ros/2/install/image_geometry:/home/mirella/openvslam/ros/2/install/cv_bridge:/home/mirella/openvslam/ros/2/install/opencv_tests:/opt/ros/eloquent LD_LIBRARY_PATH=/home/mirella/openvslam/ros/2/install/image_transport/lib:/home/mirella/openvslam/ros/2/install/camera_calibration_parsers/lib:/home/mirella/openvslam/ros/2/install/camera_info_manager/lib:/home/mirella/openvslam/ros/2/install/image_geometry/lib:/home/mirella/openvslam/ros/2/install/cv_bridge/lib:/opt/ros/eloquent/opt/yaml_cpp_vendor/lib:/opt/ros/eloquent/opt/rviz_ogre_vendor/lib:/opt/ros/eloquent/lib/x86_64-linux-gnu:/opt/ros/eloquent/lib /usr/bin/cmake --build /home/mirella/openvslam/ros/2/build/camera_info_manager -- -j12 -l12
[0.096s] [100%] Built target camera_info_manager
[0.106s] Invoked command in '/home/mirella/openvslam/ros/2/build/camera_info_manager' returned '0': CMAKE_PREFIX_PATH=/home/mirella/openvslam/ros/2/install/image_transport:/home/mirella/openvslam/ros/2/install/camera_calibration_parsers:/home/mirella/openvslam/ros/2/install/vision_opencv:/home/mirella/openvslam/ros/2/install/publisher:/home/mirella/openvslam/ros/2/install/openvslam:/home/mirella/openvslam/ros/2/install/image_common:/home/mirella/openvslam/ros/2/install/camera_info_manager:/home/mirella/openvslam/ros/2/install/image_geometry:/home/mirella/openvslam/ros/2/install/cv_bridge:/home/mirella/openvslam/ros/2/install/opencv_tests:/opt/ros/eloquent LD_LIBRARY_PATH=/home/mirella/openvslam/ros/2/install/image_transport/lib:/home/mirella/openvslam/ros/2/install/camera_calibration_parsers/lib:/home/mirella/openvslam/ros/2/install/camera_info_manager/lib:/home/mirella/openvslam/ros/2/install/image_geometry/lib:/home/mirella/openvslam/ros/2/install/cv_bridge/lib:/opt/ros/eloquent/opt/yaml_cpp_vendor/lib:/opt/ros/eloquent/opt/rviz_ogre_vendor/lib:/opt/ros/eloquent/lib/x86_64-linux-gnu:/opt/ros/eloquent/lib /usr/bin/cmake --build /home/mirella/openvslam/ros/2/build/camera_info_manager -- -j12 -l12
[0.134s] Invoking command in '/home/mirella/openvslam/ros/2/build/camera_info_manager': CMAKE_PREFIX_PATH=/home/mirella/openvslam/ros/2/install/image_transport:/home/mirella/openvslam/ros/2/install/camera_calibration_parsers:/home/mirella/openvslam/ros/2/install/vision_opencv:/home/mirella/openvslam/ros/2/install/publisher:/home/mirella/openvslam/ros/2/install/openvslam:/home/mirella/openvslam/ros/2/install/image_common:/home/mirella/openvslam/ros/2/install/camera_info_manager:/home/mirella/openvslam/ros/2/install/image_geometry:/home/mirella/openvslam/ros/2/install/cv_bridge:/home/mirella/openvslam/ros/2/install/opencv_tests:/opt/ros/eloquent LD_LIBRARY_PATH=/home/mirella/openvslam/ros/2/install/image_transport/lib:/home/mirella/openvslam/ros/2/install/camera_calibration_parsers/lib:/home/mirella/openvslam/ros/2/install/camera_info_manager/lib:/home/mirella/openvslam/ros/2/install/image_geometry/lib:/home/mirella/openvslam/ros/2/install/cv_bridge/lib:/opt/ros/eloquent/opt/yaml_cpp_vendor/lib:/opt/ros/eloquent/opt/rviz_ogre_vendor/lib:/opt/ros/eloquent/lib/x86_64-linux-gnu:/opt/ros/eloquent/lib /usr/bin/cmake --build /home/mirella/openvslam/ros/2/build/camera_info_manager --target install -- -j12 -l12
[0.187s] [100%] Built target camera_info_manager
[0.210s] [36mInstall the project...[0m
[0.218s] -- Install configuration: ""
[0.219s] -- Execute custom install script
[0.219s] -- Up-to-date symlink: /home/mirella/openvslam/ros/2/install/camera_info_manager/lib/libcamera_info_manager.so
[0.220s] -- Up-to-date symlink: /home/mirella/openvslam/ros/2/install/camera_info_manager/include/camera_info_manager/camera_info_manager.h
[0.220s] -- Up-to-date symlink: /home/mirella/openvslam/ros/2/install/camera_info_manager/share/camera_info_manager/environment/library_path.sh
[0.220s] -- Up-to-date symlink: /home/mirella/openvslam/ros/2/install/camera_info_manager/share/camera_info_manager/environment/library_path.dsv
[0.221s] -- Up-to-date symlink: /home/mirella/openvslam/ros/2/install/camera_info_manager/share/ament_index/resource_index/package_run_dependencies/camera_info_manager
[0.221s] -- Up-to-date symlink: /home/mirella/openvslam/ros/2/install/camera_info_manager/share/ament_index/resource_index/parent_prefix_path/camera_info_manager
[0.221s] -- Up-to-date symlink: /home/mirella/openvslam/ros/2/install/camera_info_manager/share/camera_info_manager/environment/ament_prefix_path.sh
[0.221s] -- Up-to-date symlink: /home/mirella/openvslam/ros/2/install/camera_info_manager/share/camera_info_manager/environment/ament_prefix_path.dsv
[0.222s] -- Up-to-date symlink: /home/mirella/openvslam/ros/2/install/camera_info_manager/share/camera_info_manager/environment/path.sh
[0.222s] -- Up-to-date symlink: /home/mirella/openvslam/ros/2/install/camera_info_manager/share/camera_info_manager/environment/path.dsv
[0.222s] -- Up-to-date symlink: /home/mirella/openvslam/ros/2/install/camera_info_manager/share/camera_info_manager/local_setup.bash
[0.222s] -- Up-to-date symlink: /home/mirella/openvslam/ros/2/install/camera_info_manager/share/camera_info_manager/local_setup.sh
[0.223s] -- Up-to-date symlink: /home/mirella/openvslam/ros/2/install/camera_info_manager/share/camera_info_manager/local_setup.zsh
[0.223s] -- Up-to-date symlink: /home/mirella/openvslam/ros/2/install/camera_info_manager/share/camera_info_manager/local_setup.dsv
[0.223s] -- Symlinking: /home/mirella/openvslam/ros/2/install/camera_info_manager/share/camera_info_manager/package.dsv
[0.231s] -- Up-to-date symlink: /home/mirella/openvslam/ros/2/install/camera_info_manager/share/ament_index/resource_index/packages/camera_info_manager
[0.231s] -- Up-to-date symlink: /home/mirella/openvslam/ros/2/install/camera_info_manager/share/camera_info_manager/cmake/ament_cmake_export_include_directories-extras.cmake
[0.231s] -- Up-to-date symlink: /home/mirella/openvslam/ros/2/install/camera_info_manager/share/camera_info_manager/cmake/ament_cmake_export_libraries-extras.cmake
[0.232s] -- Up-to-date symlink: /home/mirella/openvslam/ros/2/install/camera_info_manager/share/camera_info_manager/cmake/camera_info_managerConfig.cmake
[0.232s] -- Up-to-date symlink: /home/mirella/openvslam/ros/2/install/camera_info_manager/share/camera_info_manager/cmake/camera_info_managerConfig-version.cmake
[0.232s] -- Up-to-date symlink: /home/mirella/openvslam/ros/2/install/camera_info_manager/share/camera_info_manager/package.xml
[0.236s] Invoked command in '/home/mirella/openvslam/ros/2/build/camera_info_manager' returned '0': CMAKE_PREFIX_PATH=/home/mirella/openvslam/ros/2/install/image_transport:/home/mirella/openvslam/ros/2/install/camera_calibration_parsers:/home/mirella/openvslam/ros/2/install/vision_opencv:/home/mirella/openvslam/ros/2/install/publisher:/home/mirella/openvslam/ros/2/install/openvslam:/home/mirella/openvslam/ros/2/install/image_common:/home/mirella/openvslam/ros/2/install/camera_info_manager:/home/mirella/openvslam/ros/2/install/image_geometry:/home/mirella/openvslam/ros/2/install/cv_bridge:/home/mirella/openvslam/ros/2/install/opencv_tests:/opt/ros/eloquent LD_LIBRARY_PATH=/home/mirella/openvslam/ros/2/install/image_transport/lib:/home/mirella/openvslam/ros/2/install/camera_calibration_parsers/lib:/home/mirella/openvslam/ros/2/install/camera_info_manager/lib:/home/mirella/openvslam/ros/2/install/image_geometry/lib:/home/mirella/openvslam/ros/2/install/cv_bridge/lib:/opt/ros/eloquent/opt/yaml_cpp_vendor/lib:/opt/ros/eloquent/opt/rviz_ogre_vendor/lib:/opt/ros/eloquent/lib/x86_64-linux-gnu:/opt/ros/eloquent/lib /usr/bin/cmake --build /home/mirella/openvslam/ros/2/build/camera_info_manager --target install -- -j12 -l12
