[0.026s] Invoking command in '/home/mirella/openvslam/ros/2/build/openvslam': CMAKE_PREFIX_PATH=/home/mirella/openvslam/ros/2/install/image_transport:/home/mirella/openvslam/ros/2/install/cv_bridge:/home/mirella/openvslam/ros/2/install/vision_opencv:/home/mirella/openvslam/ros/2/install/publisher:/home/mirella/openvslam/ros/2/install/openvslam:/home/mirella/openvslam/ros/2/install/image_common:/home/mirella/openvslam/ros/2/install/camera_info_manager:/home/mirella/openvslam/ros/2/install/image_geometry:/home/mirella/openvslam/ros/2/install/camera_calibration_parsers:/home/mirella/openvslam/ros/2/install/opencv_tests:/opt/ros/eloquent LD_LIBRARY_PATH=/home/mirella/openvslam/ros/2/install/image_transport/lib:/home/mirella/openvslam/ros/2/install/cv_bridge/lib:/home/mirella/openvslam/ros/2/install/camera_info_manager/lib:/home/mirella/openvslam/ros/2/install/image_geometry/lib:/home/mirella/openvslam/ros/2/install/camera_calibration_parsers/lib:/opt/ros/eloquent/opt/yaml_cpp_vendor/lib:/opt/ros/eloquent/opt/rviz_ogre_vendor/lib:/opt/ros/eloquent/lib/x86_64-linux-gnu:/opt/ros/eloquent/lib PYTHONPATH=/home/mirella/openvslam/ros/2/install/cv_bridge/lib/python3.6/site-packages:/home/mirella/openvslam/ros/2/build/opencv_tests:/home/mirella/openvslam/ros/2/install/opencv_tests/lib/python3.6/site-packages:/home/mirella/openvslam/ros/2/install/image_geometry/lib/python3.6/site-packages:/opt/ros/eloquent/lib/python3.6/site-packages /usr/bin/cmake --build /home/mirella/openvslam/ros/2/build/openvslam -- -j12 -l12
[0.090s] [35m[1mScanning dependencies of target run_slam[0m
[0.118s] [ 50%] Built target run_localization
[0.187s] [ 75%] [32mBuilding CXX object src/CMakeFiles/run_slam.dir/run_slam.cc.o[0m
[5.835s] [01m[K/home/mirella/openvslam/ros/2/src/openvslam/src/run_slam.cc:[m[K In function ‘[01m[Kvoid callback(const ConstSharedPtr&, openvslam::system*)[m[K’:
[5.835s] [01m[K/home/mirella/openvslam/ros/2/src/openvslam/src/run_slam.cc:66:62:[m[K [01;35m[Kwarning: [m[Kunused parameter ‘[01m[Kleft_image_msg_sub[m[K’ [[01;35m[K-Wunused-parameter[m[K]
[5.835s]  void callback(const sensor_msgs::msg::Image::ConstSharedPtr& [01;35m[Kleft_image_msg_sub[m[K,
[5.835s]                                                               [01;35m[K^~~~~~~~~~~~~~~~~~[m[K
[5.835s] [01m[K/home/mirella/openvslam/ros/2/src/openvslam/src/run_slam.cc:67:32:[m[K [01;35m[Kwarning: [m[Kunused parameter ‘[01m[KSLAM[m[K’ [[01;35m[K-Wunused-parameter[m[K]
[5.836s]              openvslam::system* [01;35m[KSLAM[m[K){
[5.836s]                                 [01;35m[K^~~~[m[K
[5.841s] [01m[K/home/mirella/openvslam/ros/2/src/openvslam/src/run_slam.cc:[m[K In function ‘[01m[Kvoid mono_tracking(const std::shared_ptr<openvslam::config>&, const string&, const string&, bool, const string&)[m[K’:
[5.841s] [01m[K/home/mirella/openvslam/ros/2/src/openvslam/src/run_slam.cc:111:93:[m[K [01;31m[Kerror: [m[Kno matching function for call to ‘[01m[Krclcpp::Node::create_publisher<sensor_msgs::msg::Image>(const char [17])[m[K’
[5.841s]      auto left_publisher = node->create_publisher<sensor_msgs::msg::Image>("/left/image_rect"[01;31m[K)[m[K;
[5.841s]                                                                                              [01;31m[K^[m[K
[5.841s] In file included from [01m[K/opt/ros/eloquent/include/rclcpp/executors/single_threaded_executor.hpp:28:0[m[K,
[5.841s]                  from [01m[K/opt/ros/eloquent/include/rclcpp/executors.hpp:22[m[K,
[5.841s]                  from [01m[K/opt/ros/eloquent/include/rclcpp/rclcpp.hpp:145[m[K,
[5.842s]                  from [01m[K/home/mirella/openvslam/ros/2/src/openvslam/src/run_slam.cc:21[m[K:
[5.842s] [01m[K/opt/ros/eloquent/include/rclcpp/node.hpp:179:3:[m[K [01;36m[Knote: [m[Kcandidate: template<class MessageT, class AllocatorT, class PublisherT> std::shared_ptr<PublisherT> rclcpp::Node::create_publisher(const string&, const rclcpp::QoS&, const rclcpp::PublisherOptionsWithAllocator<AllocatorT>&)
[5.842s]    [01;36m[Kcreate_publisher[m[K(
[5.842s]    [01;36m[K^~~~~~~~~~~~~~~~[m[K
[5.842s] [01m[K/opt/ros/eloquent/include/rclcpp/node.hpp:179:3:[m[K [01;36m[Knote: [m[K  template argument deduction/substitution failed:
[5.842s] [01m[K/home/mirella/openvslam/ros/2/src/openvslam/src/run_slam.cc:111:93:[m[K [01;36m[Knote: [m[K  candidate expects 3 arguments, 1 provided
[5.842s]      auto left_publisher = node->create_publisher<sensor_msgs::msg::Image>("/left/image_rect"[01;36m[K)[m[K;
[5.842s]                                                                                              [01;36m[K^[m[K
[5.842s] [01m[K/home/mirella/openvslam/ros/2/src/openvslam/src/run_slam.cc:112:95:[m[K [01;31m[Kerror: [m[Kno matching function for call to ‘[01m[Krclcpp::Node::create_publisher<sensor_msgs::msg::Image>(const char [18])[m[K’
[5.842s]      auto right_publisher = node->create_publisher<sensor_msgs::msg::Image>("/right/image_rect"[01;31m[K)[m[K;
[5.842s]                                                                                                [01;31m[K^[m[K
[5.842s] In file included from [01m[K/opt/ros/eloquent/include/rclcpp/executors/single_threaded_executor.hpp:28:0[m[K,
[5.842s]                  from [01m[K/opt/ros/eloquent/include/rclcpp/executors.hpp:22[m[K,
[5.842s]                  from [01m[K/opt/ros/eloquent/include/rclcpp/rclcpp.hpp:145[m[K,
[5.842s]                  from [01m[K/home/mirella/openvslam/ros/2/src/openvslam/src/run_slam.cc:21[m[K:
[5.843s] [01m[K/opt/ros/eloquent/include/rclcpp/node.hpp:179:3:[m[K [01;36m[Knote: [m[Kcandidate: template<class MessageT, class AllocatorT, class PublisherT> std::shared_ptr<PublisherT> rclcpp::Node::create_publisher(const string&, const rclcpp::QoS&, const rclcpp::PublisherOptionsWithAllocator<AllocatorT>&)
[5.843s]    [01;36m[Kcreate_publisher[m[K(
[5.843s]    [01;36m[K^~~~~~~~~~~~~~~~[m[K
[5.843s] [01m[K/opt/ros/eloquent/include/rclcpp/node.hpp:179:3:[m[K [01;36m[Knote: [m[K  template argument deduction/substitution failed:
[5.843s] [01m[K/home/mirella/openvslam/ros/2/src/openvslam/src/run_slam.cc:112:95:[m[K [01;36m[Knote: [m[K  candidate expects 3 arguments, 1 provided
[5.843s]      auto right_publisher = node->create_publisher<sensor_msgs::msg::Image>("/right/image_rect"[01;36m[K)[m[K;
[5.843s]                                                                                                [01;36m[K^[m[K
[5.843s] [01m[K/home/mirella/openvslam/ros/2/src/openvslam/src/run_slam.cc:113:106:[m[K [01;31m[Kerror: [m[Kno matching function for call to ‘[01m[Krclcpp::Node::create_publisher<sensor_msgs::msg::CameraInfo>(const char [18])[m[K’
[5.843s]      auto left_publisher_config = node->create_publisher<sensor_msgs::msg::CameraInfo>("/left/camera_info"[01;31m[K)[m[K;
[5.843s]                                                                                                           [01;31m[K^[m[K
[5.843s] In file included from [01m[K/opt/ros/eloquent/include/rclcpp/executors/single_threaded_executor.hpp:28:0[m[K,
[5.843s]                  from [01m[K/opt/ros/eloquent/include/rclcpp/executors.hpp:22[m[K,
[5.843s]                  from [01m[K/opt/ros/eloquent/include/rclcpp/rclcpp.hpp:145[m[K,
[5.843s]                  from [01m[K/home/mirella/openvslam/ros/2/src/openvslam/src/run_slam.cc:21[m[K:
[5.843s] [01m[K/opt/ros/eloquent/include/rclcpp/node.hpp:179:3:[m[K [01;36m[Knote: [m[Kcandidate: template<class MessageT, class AllocatorT, class PublisherT> std::shared_ptr<PublisherT> rclcpp::Node::create_publisher(const string&, const rclcpp::QoS&, const rclcpp::PublisherOptionsWithAllocator<AllocatorT>&)
[5.843s]    [01;36m[Kcreate_publisher[m[K(
[5.843s]    [01;36m[K^~~~~~~~~~~~~~~~[m[K
[5.844s] [01m[K/opt/ros/eloquent/include/rclcpp/node.hpp:179:3:[m[K [01;36m[Knote: [m[K  template argument deduction/substitution failed:
[5.844s] [01m[K/home/mirella/openvslam/ros/2/src/openvslam/src/run_slam.cc:113:106:[m[K [01;36m[Knote: [m[K  candidate expects 3 arguments, 1 provided
[5.844s]      auto left_publisher_config = node->create_publisher<sensor_msgs::msg::CameraInfo>("/left/camera_info"[01;36m[K)[m[K;
[5.844s]                                                                                                           [01;36m[K^[m[K
[5.844s] [01m[K/home/mirella/openvslam/ros/2/src/openvslam/src/run_slam.cc:114:108:[m[K [01;31m[Kerror: [m[Kno matching function for call to ‘[01m[Krclcpp::Node::create_publisher<sensor_msgs::msg::CameraInfo>(const char [19])[m[K’
[5.844s]      auto right_publisher_config = node->create_publisher<sensor_msgs::msg::CameraInfo>("/right/camera_info"[01;31m[K)[m[K;
[5.844s]                                                                                                             [01;31m[K^[m[K
[5.844s] In file included from [01m[K/opt/ros/eloquent/include/rclcpp/executors/single_threaded_executor.hpp:28:0[m[K,
[5.844s]                  from [01m[K/opt/ros/eloquent/include/rclcpp/executors.hpp:22[m[K,
[5.844s]                  from [01m[K/opt/ros/eloquent/include/rclcpp/rclcpp.hpp:145[m[K,
[5.844s]                  from [01m[K/home/mirella/openvslam/ros/2/src/openvslam/src/run_slam.cc:21[m[K:
[5.844s] [01m[K/opt/ros/eloquent/include/rclcpp/node.hpp:179:3:[m[K [01;36m[Knote: [m[Kcandidate: template<class MessageT, class AllocatorT, class PublisherT> std::shared_ptr<PublisherT> rclcpp::Node::create_publisher(const string&, const rclcpp::QoS&, const rclcpp::PublisherOptionsWithAllocator<AllocatorT>&)
[5.844s]    [01;36m[Kcreate_publisher[m[K(
[5.844s]    [01;36m[K^~~~~~~~~~~~~~~~[m[K
[5.844s] [01m[K/opt/ros/eloquent/include/rclcpp/node.hpp:179:3:[m[K [01;36m[Knote: [m[K  template argument deduction/substitution failed:
[5.844s] [01m[K/home/mirella/openvslam/ros/2/src/openvslam/src/run_slam.cc:114:108:[m[K [01;36m[Knote: [m[K  candidate expects 3 arguments, 1 provided
[5.844s]      auto right_publisher_config = node->create_publisher<sensor_msgs::msg::CameraInfo>("/right/camera_info"[01;36m[K)[m[K;
[5.845s]                                                                                                             [01;36m[K^[m[K
[10.604s] make[2]: *** [src/CMakeFiles/run_slam.dir/run_slam.cc.o] Error 1
[10.605s] src/CMakeFiles/run_slam.dir/build.make:62: recipe for target 'src/CMakeFiles/run_slam.dir/run_slam.cc.o' failed
[10.605s] make[1]: *** [src/CMakeFiles/run_slam.dir/all] Error 2
[10.605s] CMakeFiles/Makefile2:151: recipe for target 'src/CMakeFiles/run_slam.dir/all' failed
[10.605s] Makefile:140: recipe for target 'all' failed
[10.605s] make: *** [all] Error 2
[10.607s] Invoked command in '/home/mirella/openvslam/ros/2/build/openvslam' returned '2': CMAKE_PREFIX_PATH=/home/mirella/openvslam/ros/2/install/image_transport:/home/mirella/openvslam/ros/2/install/cv_bridge:/home/mirella/openvslam/ros/2/install/vision_opencv:/home/mirella/openvslam/ros/2/install/publisher:/home/mirella/openvslam/ros/2/install/openvslam:/home/mirella/openvslam/ros/2/install/image_common:/home/mirella/openvslam/ros/2/install/camera_info_manager:/home/mirella/openvslam/ros/2/install/image_geometry:/home/mirella/openvslam/ros/2/install/camera_calibration_parsers:/home/mirella/openvslam/ros/2/install/opencv_tests:/opt/ros/eloquent LD_LIBRARY_PATH=/home/mirella/openvslam/ros/2/install/image_transport/lib:/home/mirella/openvslam/ros/2/install/cv_bridge/lib:/home/mirella/openvslam/ros/2/install/camera_info_manager/lib:/home/mirella/openvslam/ros/2/install/image_geometry/lib:/home/mirella/openvslam/ros/2/install/camera_calibration_parsers/lib:/opt/ros/eloquent/opt/yaml_cpp_vendor/lib:/opt/ros/eloquent/opt/rviz_ogre_vendor/lib:/opt/ros/eloquent/lib/x86_64-linux-gnu:/opt/ros/eloquent/lib PYTHONPATH=/home/mirella/openvslam/ros/2/install/cv_bridge/lib/python3.6/site-packages:/home/mirella/openvslam/ros/2/build/opencv_tests:/home/mirella/openvslam/ros/2/install/opencv_tests/lib/python3.6/site-packages:/home/mirella/openvslam/ros/2/install/image_geometry/lib/python3.6/site-packages:/opt/ros/eloquent/lib/python3.6/site-packages /usr/bin/cmake --build /home/mirella/openvslam/ros/2/build/openvslam -- -j12 -l12
