[0.016s] Invoking command in '/home/mirella/openvslam/ros/2/build/camera_calibration_parsers': CMAKE_PREFIX_PATH=/opt/ros/eloquent /usr/bin/cmake /home/mirella/openvslam/ros/2/src/image_common/camera_calibration_parsers -DAMENT_CMAKE_SYMLINK_INSTALL=1 -DCMAKE_INSTALL_PREFIX=/home/mirella/openvslam/ros/2/install/camera_calibration_parsers
[0.107s] -- The C compiler identification is GNU 7.5.0
[0.146s] -- The CXX compiler identification is GNU 7.5.0
[0.151s] -- Check for working C compiler: /usr/bin/cc
[0.205s] -- Check for working C compiler: /usr/bin/cc -- works
[0.206s] -- Detecting C compiler ABI info
[0.257s] -- Detecting C compiler ABI info - done
[0.261s] -- Detecting C compile features
[0.429s] -- Detecting C compile features - done
[0.431s] -- Check for working CXX compiler: /usr/bin/c++
[0.499s] -- Check for working CXX compiler: /usr/bin/c++ -- works
[0.500s] -- Detecting CXX compiler ABI info
[0.583s] -- Detecting CXX compiler ABI info - done
[0.587s] -- Detecting CXX compile features
[0.872s] -- Detecting CXX compile features - done
[0.873s] -- Found ament_cmake_ros: 0.8.0 (/opt/ros/eloquent/share/ament_cmake_ros/cmake)
[0.900s] -- Found PythonInterp: /usr/bin/python3 (found suitable version "3.6.9", minimum required is "3") 
[0.900s] -- Using PYTHON_EXECUTABLE: /usr/bin/python3
[1.053s] -- Override CMake install command with custom implementation using symlinks instead of copying resources
[1.072s] -- Found rclcpp: 0.8.4 (/opt/ros/eloquent/share/rclcpp/cmake)
[1.094s] -- Found rosidl_adapter: 0.8.2 (/opt/ros/eloquent/share/rosidl_adapter/cmake)
[1.136s] -- Found rmw_implementation_cmake: 0.8.1 (/opt/ros/eloquent/share/rmw_implementation_cmake/cmake)
[1.138s] -- Using RMW implementation 'rmw_fastrtps_cpp' as default
[1.139s] -- Looking for pthread.h
[1.192s] -- Looking for pthread.h - found
[1.192s] -- Looking for pthread_create
[1.250s] -- Looking for pthread_create - not found
[1.251s] -- Looking for pthread_create in pthreads
[1.295s] -- Looking for pthread_create in pthreads - not found
[1.295s] -- Looking for pthread_create in pthread
[1.349s] -- Looking for pthread_create in pthread - found
[1.350s] -- Found Threads: TRUE  
[1.394s] -- Found sensor_msgs: 0.8.1 (/opt/ros/eloquent/share/sensor_msgs/cmake)
[1.424s] -- Found yaml_cpp_vendor: 7.0.0 (/opt/ros/eloquent/share/yaml_cpp_vendor/cmake)
[1.424s] -- Setting yaml-cpp_DIR to: '/opt/ros/eloquent/share/yaml_cpp_vendor/cmake/../../../opt/yaml_cpp_vendor/lib/cmake/yaml-cpp'
[1.460s] -- Found ament_cmake_cppcheck: 0.8.1 (/opt/ros/eloquent/share/ament_cmake_cppcheck/cmake)
[1.462s] -- Found ament_cmake_cpplint: 0.8.1 (/opt/ros/eloquent/share/ament_cmake_cpplint/cmake)
[1.463s] -- Found ament_cmake_lint_cmake: 0.8.1 (/opt/ros/eloquent/share/ament_cmake_lint_cmake/cmake)
[1.465s] -- Found ament_cmake_uncrustify: 0.8.1 (/opt/ros/eloquent/share/ament_cmake_uncrustify/cmake)
[1.468s] -- Found gtest sources under '/opt/ros/eloquent/src/gtest_vendor': C++ tests using 'Google Test' will be built
[1.470s] -- Check if compiler accepts -pthread
[1.532s] -- Check if compiler accepts -pthread - yes
[1.631s] -- Configuring done
[1.669s] -- Generating done
[1.671s] -- Build files have been written to: /home/mirella/openvslam/ros/2/build/camera_calibration_parsers
[1.675s] Invoked command in '/home/mirella/openvslam/ros/2/build/camera_calibration_parsers' returned '0': CMAKE_PREFIX_PATH=/opt/ros/eloquent /usr/bin/cmake /home/mirella/openvslam/ros/2/src/image_common/camera_calibration_parsers -DAMENT_CMAKE_SYMLINK_INSTALL=1 -DCMAKE_INSTALL_PREFIX=/home/mirella/openvslam/ros/2/install/camera_calibration_parsers
[1.678s] Invoking command in '/home/mirella/openvslam/ros/2/build/camera_calibration_parsers': CMAKE_PREFIX_PATH=/opt/ros/eloquent /usr/bin/cmake --build /home/mirella/openvslam/ros/2/build/camera_calibration_parsers -- -j12 -l12
[1.724s] [35m[1mScanning dependencies of target gtest[0m
[1.724s] [35m[1mScanning dependencies of target gtest_main[0m
[1.724s] [35m[1mScanning dependencies of target camera_calibration_parsers[0m
[1.751s] [  7%] [32mBuilding CXX object gtest/CMakeFiles/gtest_main.dir/src/gtest_main.cc.o[0m
[1.753s] [ 14%] [32mBuilding CXX object gtest/CMakeFiles/gtest.dir/src/gtest-all.cc.o[0m
[1.806s] [ 21%] [32mBuilding CXX object CMakeFiles/camera_calibration_parsers.dir/src/parse_ini.cpp.o[0m
[1.807s] [ 28%] [32mBuilding CXX object CMakeFiles/camera_calibration_parsers.dir/src/parse.cpp.o[0m
[1.812s] [ 35%] [32mBuilding CXX object CMakeFiles/camera_calibration_parsers.dir/src/parse_yml.cpp.o[0m
[2.749s] [ 42%] [32m[1mLinking CXX static library libgtest_main.a[0m
[2.929s] [ 42%] Built target gtest_main
[4.265s] [ 50%] [32m[1mLinking CXX shared library libcamera_calibration_parsers.so[0m
[4.457s] [ 50%] Built target camera_calibration_parsers
[4.475s] [35m[1mScanning dependencies of target convert[0m
[4.505s] [ 57%] [32mBuilding CXX object CMakeFiles/convert.dir/src/convert.cpp.o[0m
[5.158s] [ 64%] [32m[1mLinking CXX executable convert[0m
[5.326s] [ 64%] Built target convert
[5.882s] [ 71%] [32m[1mLinking CXX static library libgtest.a[0m
[5.961s] [ 71%] Built target gtest
[5.977s] [35m[1mScanning dependencies of target camera_calibration_parsers-parse_yml[0m
[5.978s] [35m[1mScanning dependencies of target camera_calibration_parsers-parse_ini[0m
[6.007s] [ 78%] [32mBuilding CXX object CMakeFiles/camera_calibration_parsers-parse_yml.dir/test/test_parse_yml.cpp.o[0m
[6.010s] [ 85%] [32mBuilding CXX object CMakeFiles/camera_calibration_parsers-parse_ini.dir/test/test_parse_ini.cpp.o[0m
[6.949s] [ 92%] [32m[1mLinking CXX executable camera_calibration_parsers-parse_yml[0m
[7.151s] [ 92%] Built target camera_calibration_parsers-parse_yml
[7.298s] [100%] [32m[1mLinking CXX executable camera_calibration_parsers-parse_ini[0m
[7.510s] [100%] Built target camera_calibration_parsers-parse_ini
[7.520s] Invoked command in '/home/mirella/openvslam/ros/2/build/camera_calibration_parsers' returned '0': CMAKE_PREFIX_PATH=/opt/ros/eloquent /usr/bin/cmake --build /home/mirella/openvslam/ros/2/build/camera_calibration_parsers -- -j12 -l12
[7.561s] Invoking command in '/home/mirella/openvslam/ros/2/build/camera_calibration_parsers': CMAKE_PREFIX_PATH=/opt/ros/eloquent /usr/bin/cmake --build /home/mirella/openvslam/ros/2/build/camera_calibration_parsers --target install -- -j12 -l12
[7.609s] [ 28%] Built target gtest
[7.609s] [ 28%] Built target gtest_main
[7.623s] [ 57%] Built target camera_calibration_parsers
[7.644s] [ 71%] Built target camera_calibration_parsers-parse_yml
[7.647s] [ 85%] Built target convert
[7.651s] [100%] Built target camera_calibration_parsers-parse_ini
[7.667s] [36mInstall the project...[0m
[7.674s] -- Install configuration: ""
[7.674s] -- Execute custom install script
[7.675s] -- Symlinking: /home/mirella/openvslam/ros/2/install/camera_calibration_parsers/lib/libcamera_calibration_parsers.so
[7.683s] -- Symlinking: /home/mirella/openvslam/ros/2/install/camera_calibration_parsers/lib/camera_calibration_parsers/convert
[7.691s] -- Symlinking: /home/mirella/openvslam/ros/2/install/camera_calibration_parsers/include/camera_calibration_parsers/parse.h
[7.698s] -- Symlinking: /home/mirella/openvslam/ros/2/install/camera_calibration_parsers/include/camera_calibration_parsers/parse_ini.h
[7.705s] -- Symlinking: /home/mirella/openvslam/ros/2/install/camera_calibration_parsers/include/camera_calibration_parsers/parse_yml.h
[7.713s] -- Symlinking: /home/mirella/openvslam/ros/2/install/camera_calibration_parsers/include/camera_calibration_parsers/visibility_control.hpp
[7.723s] -- Symlinking: /home/mirella/openvslam/ros/2/install/camera_calibration_parsers/share/camera_calibration_parsers/environment/library_path.sh
[7.731s] -- Symlinking: /home/mirella/openvslam/ros/2/install/camera_calibration_parsers/share/camera_calibration_parsers/environment/library_path.dsv
[7.739s] -- Symlinking: /home/mirella/openvslam/ros/2/install/camera_calibration_parsers/share/ament_index/resource_index/package_run_dependencies/camera_calibration_parsers
[7.748s] -- Symlinking: /home/mirella/openvslam/ros/2/install/camera_calibration_parsers/share/ament_index/resource_index/parent_prefix_path/camera_calibration_parsers
[7.757s] -- Symlinking: /home/mirella/openvslam/ros/2/install/camera_calibration_parsers/share/camera_calibration_parsers/environment/ament_prefix_path.sh
[7.764s] -- Symlinking: /home/mirella/openvslam/ros/2/install/camera_calibration_parsers/share/camera_calibration_parsers/environment/ament_prefix_path.dsv
[7.772s] -- Symlinking: /home/mirella/openvslam/ros/2/install/camera_calibration_parsers/share/camera_calibration_parsers/environment/path.sh
[7.781s] -- Symlinking: /home/mirella/openvslam/ros/2/install/camera_calibration_parsers/share/camera_calibration_parsers/environment/path.dsv
[7.790s] -- Symlinking: /home/mirella/openvslam/ros/2/install/camera_calibration_parsers/share/camera_calibration_parsers/local_setup.bash
[7.798s] -- Symlinking: /home/mirella/openvslam/ros/2/install/camera_calibration_parsers/share/camera_calibration_parsers/local_setup.sh
[7.810s] -- Symlinking: /home/mirella/openvslam/ros/2/install/camera_calibration_parsers/share/camera_calibration_parsers/local_setup.zsh
[7.821s] -- Symlinking: /home/mirella/openvslam/ros/2/install/camera_calibration_parsers/share/camera_calibration_parsers/local_setup.dsv
[7.829s] -- Symlinking: /home/mirella/openvslam/ros/2/install/camera_calibration_parsers/share/camera_calibration_parsers/package.dsv
[7.841s] -- Symlinking: /home/mirella/openvslam/ros/2/install/camera_calibration_parsers/share/ament_index/resource_index/packages/camera_calibration_parsers
[7.854s] -- Symlinking: /home/mirella/openvslam/ros/2/install/camera_calibration_parsers/share/camera_calibration_parsers/cmake/ament_cmake_export_include_directories-extras.cmake
[7.864s] -- Symlinking: /home/mirella/openvslam/ros/2/install/camera_calibration_parsers/share/camera_calibration_parsers/cmake/ament_cmake_export_libraries-extras.cmake
[7.877s] -- Symlinking: /home/mirella/openvslam/ros/2/install/camera_calibration_parsers/share/camera_calibration_parsers/cmake/ament_cmake_export_dependencies-extras.cmake
[7.890s] -- Symlinking: /home/mirella/openvslam/ros/2/install/camera_calibration_parsers/share/camera_calibration_parsers/cmake/camera_calibration_parsersConfig.cmake
[7.899s] -- Symlinking: /home/mirella/openvslam/ros/2/install/camera_calibration_parsers/share/camera_calibration_parsers/cmake/camera_calibration_parsersConfig-version.cmake
[7.912s] -- Symlinking: /home/mirella/openvslam/ros/2/install/camera_calibration_parsers/share/camera_calibration_parsers/package.xml
[7.923s] Invoked command in '/home/mirella/openvslam/ros/2/build/camera_calibration_parsers' returned '0': CMAKE_PREFIX_PATH=/opt/ros/eloquent /usr/bin/cmake --build /home/mirella/openvslam/ros/2/build/camera_calibration_parsers --target install -- -j12 -l12
