[0.028s] Invoking command in '/home/mirella/openvslam/ros/2/build/openvslam': CMAKE_PREFIX_PATH=/home/mirella/openvslam/ros/2/install/image_transport:/home/mirella/openvslam/ros/2/install/cv_bridge:/home/mirella/openvslam/ros/2/install/vision_opencv:/home/mirella/openvslam/ros/2/install/publisher:/home/mirella/openvslam/ros/2/install/openvslam:/home/mirella/openvslam/ros/2/install/image_common:/home/mirella/openvslam/ros/2/install/camera_info_manager:/home/mirella/openvslam/ros/2/install/image_geometry:/home/mirella/openvslam/ros/2/install/camera_calibration_parsers:/home/mirella/openvslam/ros/2/install/opencv_tests:/opt/ros/eloquent LD_LIBRARY_PATH=/home/mirella/openvslam/ros/2/install/image_transport/lib:/home/mirella/openvslam/ros/2/install/cv_bridge/lib:/home/mirella/openvslam/ros/2/install/camera_info_manager/lib:/home/mirella/openvslam/ros/2/install/image_geometry/lib:/home/mirella/openvslam/ros/2/install/camera_calibration_parsers/lib:/opt/ros/eloquent/opt/yaml_cpp_vendor/lib:/opt/ros/eloquent/opt/rviz_ogre_vendor/lib:/opt/ros/eloquent/lib/x86_64-linux-gnu:/opt/ros/eloquent/lib PYTHONPATH=/home/mirella/openvslam/ros/2/install/cv_bridge/lib/python3.6/site-packages:/home/mirella/openvslam/ros/2/build/opencv_tests:/home/mirella/openvslam/ros/2/install/opencv_tests/lib/python3.6/site-packages:/home/mirella/openvslam/ros/2/install/image_geometry/lib/python3.6/site-packages:/opt/ros/eloquent/lib/python3.6/site-packages /usr/bin/cmake --build /home/mirella/openvslam/ros/2/build/openvslam -- -j12 -l12
[0.059s] -- Root directory of OpenVSLAM: /home/mirella/openvslam
[0.059s] -- Source directory of OpenVSLAM: /home/mirella/openvslam/src
[0.060s] -- Library directory of OpenVSLAM: /home/mirella/openvslam/build/lib
[0.060s] -- Build type: Release
[0.060s] -- Address/Memory sanitizer: DISABLED
[0.060s] -- Stack trace logger: DISABLED
[0.061s] -- Google Perftools: DISABLED
[0.061s] -- Architecture-aware optimization (-march=native): DISABLED
[0.061s] -- C++11 support: OK (-std=c++17)
[0.061s] -- Found ament_cmake: 0.8.2 (/opt/ros/eloquent/share/ament_cmake/cmake)
[0.101s] -- Using PYTHON_EXECUTABLE: /usr/bin/python3
[0.322s] -- Override CMake install command with custom implementation using symlinks instead of copying resources
[0.330s] -- Found rclcpp: 0.8.4 (/opt/ros/eloquent/share/rclcpp/cmake)
[0.339s] -- Found rosidl_adapter: 0.8.2 (/opt/ros/eloquent/share/rosidl_adapter/cmake)
[0.368s] -- Found rmw_implementation_cmake: 0.8.1 (/opt/ros/eloquent/share/rmw_implementation_cmake/cmake)
[0.369s] -- Using RMW implementation 'rmw_fastrtps_cpp' as default
[0.396s] -- Found cv_bridge: 2.2.1 (/home/mirella/openvslam/ros/2/install/cv_bridge/share/cv_bridge/cmake)
[0.403s] -- Found image_transport: 2.2.1 (/home/mirella/openvslam/ros/2/install/image_transport/share/image_transport/cmake)
[0.458s] -- Found tinyxml2_vendor:  (/opt/ros/eloquent/share/tinyxml2_vendor/cmake)
[0.471s] -- Found poco_vendor:  (/opt/ros/eloquent/share/poco_vendor/cmake)
[0.502s] -- Boost version: 1.65.1
[0.502s] -- Found the following Boost libraries:
[0.502s] --   system
[0.534s] -- Boost version: 1.65.1
[0.534s] -- Found the following Boost libraries:
[0.534s] --   system
[0.534s] --   filesystem
[0.534s] --   thread
[0.534s] --   date_time
[0.534s] --   iostreams
[0.534s] --   serialization
[0.534s] --   chrono
[0.534s] --   atomic
[0.534s] --   regex
[0.544s] -- Could NOT find ensenso (missing: ENSENSO_LIBRARY ENSENSO_INCLUDE_DIR) 
[0.544s] ** WARNING ** io features related to ensenso will be disabled
[0.547s] -- Could NOT find DAVIDSDK (missing: DAVIDSDK_LIBRARY DAVIDSDK_INCLUDE_DIR) 
[0.547s] ** WARNING ** io features related to davidSDK will be disabled
[0.547s] -- Could NOT find DSSDK (missing: _DSSDK_LIBRARIES) 
[0.548s] ** WARNING ** io features related to dssdk will be disabled
[0.548s] ** WARNING ** io features related to pcap will be disabled
[0.548s] ** WARNING ** io features related to png will be disabled
[0.590s] -- The imported target "vtkRenderingPythonTkWidgets" references the file
[0.590s]    "/usr/lib/x86_64-linux-gnu/libvtkRenderingPythonTkWidgets.so"
[0.590s] but this file does not exist.  Possible reasons include:
[0.590s] * The file was deleted, renamed, or moved to another location.
[0.590s] * An install or uninstall procedure did not complete successfully.
[0.590s] * The installation package was faulty and contained
[0.590s]    "/usr/lib/cmake/vtk-6.3/VTKTargets.cmake"
[0.591s] but not all the files it references.
[0.591s] 
[0.591s] -- The imported target "vtk" references the file
[0.591s]    "/usr/bin/vtk"
[0.591s] but this file does not exist.  Possible reasons include:
[0.591s] * The file was deleted, renamed, or moved to another location.
[0.591s] * An install or uninstall procedure did not complete successfully.
[0.591s] * The installation package was faulty and contained
[0.591s]    "/usr/lib/cmake/vtk-6.3/VTKTargets.cmake"
[0.591s] but not all the files it references.
[0.591s] 
[0.625s] ** WARNING ** io features related to libusb-1.0 will be disabled
[0.647s] -- Could NOT find ensenso (missing: ENSENSO_LIBRARY ENSENSO_INCLUDE_DIR) 
[0.647s] ** WARNING ** visualization features related to ensenso will be disabled
[0.649s] -- Could NOT find DAVIDSDK (missing: DAVIDSDK_LIBRARY DAVIDSDK_INCLUDE_DIR) 
[0.650s] ** WARNING ** visualization features related to davidSDK will be disabled
[0.650s] -- Could NOT find DSSDK (missing: _DSSDK_LIBRARIES) 
[0.651s] ** WARNING ** visualization features related to dssdk will be disabled
[0.651s] -- Could NOT find RSSDK (missing: _RSSDK_LIBRARIES) 
[0.651s] ** WARNING ** visualization features related to rssdk will be disabled
[0.688s] -- looking for PCL_COMMON
[0.689s] -- looking for PCL_OCTREE
[0.689s] -- looking for PCL_IO
[0.690s] -- looking for PCL_KDTREE
[0.690s] -- looking for PCL_SEARCH
[0.691s] -- looking for PCL_SAMPLE_CONSENSUS
[0.691s] -- looking for PCL_FILTERS
[0.692s] -- looking for PCL_2D
[0.693s] -- looking for PCL_GEOMETRY
[0.693s] -- looking for PCL_FEATURES
[0.694s] -- looking for PCL_ML
[0.694s] -- looking for PCL_SEGMENTATION
[0.695s] -- looking for PCL_VISUALIZATION
[0.696s] -- looking for PCL_SURFACE
[0.697s] -- looking for PCL_REGISTRATION
[0.698s] -- looking for PCL_KEYPOINTS
[0.699s] -- looking for PCL_TRACKING
[0.699s] -- looking for PCL_RECOGNITION
[0.700s] -- looking for PCL_STEREO
[0.701s] -- looking for PCL_APPS
[0.704s] -- looking for PCL_IN_HAND_SCANNER
[0.704s] -- looking for PCL_MODELER
[0.705s] -- looking for PCL_POINT_CLOUD_EDITOR
[0.705s] -- looking for PCL_OUTOFCORE
[0.706s] -- looking for PCL_PEOPLE
[0.725s] -- Use OpenCV 3.4.0
[0.727s] -- BoW framework: DBoW2 (found in /usr/local/include)
[0.730s] -- Viewer for examples: pangolin viewer
[0.731s] CMake Error at /opt/ros/eloquent/share/ament_cmake_target_dependencies/cmake/ament_target_dependencies.cmake:52 (message):
[0.731s]   ament_target_dependencies() the passed package name 'nav_msgs' was not
[0.731s]   found before
[0.731s] Call Stack (most recent call first):
[0.731s]   src/CMakeLists.txt:56 (ament_target_dependencies)
[0.732s] 
[0.732s] 
[0.733s] -- Configuring incomplete, errors occurred!
[0.733s] See also "/home/mirella/openvslam/ros/2/build/openvslam/CMakeFiles/CMakeOutput.log".
[0.734s] See also "/home/mirella/openvslam/ros/2/build/openvslam/CMakeFiles/CMakeError.log".
[0.739s] Makefile:250: recipe for target 'cmake_check_build_system' failed
[0.739s] make: *** [cmake_check_build_system] Error 1
[0.741s] Invoked command in '/home/mirella/openvslam/ros/2/build/openvslam' returned '2': CMAKE_PREFIX_PATH=/home/mirella/openvslam/ros/2/install/image_transport:/home/mirella/openvslam/ros/2/install/cv_bridge:/home/mirella/openvslam/ros/2/install/vision_opencv:/home/mirella/openvslam/ros/2/install/publisher:/home/mirella/openvslam/ros/2/install/openvslam:/home/mirella/openvslam/ros/2/install/image_common:/home/mirella/openvslam/ros/2/install/camera_info_manager:/home/mirella/openvslam/ros/2/install/image_geometry:/home/mirella/openvslam/ros/2/install/camera_calibration_parsers:/home/mirella/openvslam/ros/2/install/opencv_tests:/opt/ros/eloquent LD_LIBRARY_PATH=/home/mirella/openvslam/ros/2/install/image_transport/lib:/home/mirella/openvslam/ros/2/install/cv_bridge/lib:/home/mirella/openvslam/ros/2/install/camera_info_manager/lib:/home/mirella/openvslam/ros/2/install/image_geometry/lib:/home/mirella/openvslam/ros/2/install/camera_calibration_parsers/lib:/opt/ros/eloquent/opt/yaml_cpp_vendor/lib:/opt/ros/eloquent/opt/rviz_ogre_vendor/lib:/opt/ros/eloquent/lib/x86_64-linux-gnu:/opt/ros/eloquent/lib PYTHONPATH=/home/mirella/openvslam/ros/2/install/cv_bridge/lib/python3.6/site-packages:/home/mirella/openvslam/ros/2/build/opencv_tests:/home/mirella/openvslam/ros/2/install/opencv_tests/lib/python3.6/site-packages:/home/mirella/openvslam/ros/2/install/image_geometry/lib/python3.6/site-packages:/opt/ros/eloquent/lib/python3.6/site-packages /usr/bin/cmake --build /home/mirella/openvslam/ros/2/build/openvslam -- -j12 -l12
