[0.024s] Invoking command in '/home/mirella/openvslam/ros/2/build/camera_info_manager': AMENT_PREFIX_PATH=/home/mirella/openvslam/ros/2/install/image_transport:/home/mirella/openvslam/ros/2/install/camera_calibration_parsers:${AMENT_PREFIX_PATH} CMAKE_PREFIX_PATH=/home/mirella/openvslam/ros/2/install/image_transport:/home/mirella/openvslam/ros/2/install/camera_calibration_parsers:/opt/ros/eloquent LD_LIBRARY_PATH=/home/mirella/openvslam/ros/2/install/image_transport/lib:/home/mirella/openvslam/ros/2/install/camera_calibration_parsers/lib:${LD_LIBRARY_PATH} /usr/bin/cmake --build /home/mirella/openvslam/ros/2/build/camera_info_manager -- -j12 -l12
[0.086s] [100%] Built target camera_info_manager
[0.099s] Invoked command in '/home/mirella/openvslam/ros/2/build/camera_info_manager' returned '0': AMENT_PREFIX_PATH=/home/mirella/openvslam/ros/2/install/image_transport:/home/mirella/openvslam/ros/2/install/camera_calibration_parsers:${AMENT_PREFIX_PATH} CMAKE_PREFIX_PATH=/home/mirella/openvslam/ros/2/install/image_transport:/home/mirella/openvslam/ros/2/install/camera_calibration_parsers:/opt/ros/eloquent LD_LIBRARY_PATH=/home/mirella/openvslam/ros/2/install/image_transport/lib:/home/mirella/openvslam/ros/2/install/camera_calibration_parsers/lib:${LD_LIBRARY_PATH} /usr/bin/cmake --build /home/mirella/openvslam/ros/2/build/camera_info_manager -- -j12 -l12
[0.126s] Invoking command in '/home/mirella/openvslam/ros/2/build/camera_info_manager': AMENT_PREFIX_PATH=/home/mirella/openvslam/ros/2/install/image_transport:/home/mirella/openvslam/ros/2/install/camera_calibration_parsers:${AMENT_PREFIX_PATH} CMAKE_PREFIX_PATH=/home/mirella/openvslam/ros/2/install/image_transport:/home/mirella/openvslam/ros/2/install/camera_calibration_parsers:/opt/ros/eloquent LD_LIBRARY_PATH=/home/mirella/openvslam/ros/2/install/image_transport/lib:/home/mirella/openvslam/ros/2/install/camera_calibration_parsers/lib:${LD_LIBRARY_PATH} /usr/bin/cmake --build /home/mirella/openvslam/ros/2/build/camera_info_manager --target install -- -j12 -l12
[0.196s] [100%] Built target camera_info_manager
[0.213s] [36mInstall the project...[0m
[0.221s] -- Install configuration: ""
[0.221s] -- Execute custom install script
[0.221s] -- Up-to-date symlink: /home/mirella/openvslam/ros/2/install/camera_info_manager/lib/libcamera_info_manager.so
[0.222s] -- Up-to-date symlink: /home/mirella/openvslam/ros/2/install/camera_info_manager/include/camera_info_manager/camera_info_manager.h
[0.222s] -- Up-to-date symlink: /home/mirella/openvslam/ros/2/install/camera_info_manager/share/camera_info_manager/environment/library_path.sh
[0.222s] -- Up-to-date symlink: /home/mirella/openvslam/ros/2/install/camera_info_manager/share/camera_info_manager/environment/library_path.dsv
[0.222s] -- Up-to-date symlink: /home/mirella/openvslam/ros/2/install/camera_info_manager/share/ament_index/resource_index/package_run_dependencies/camera_info_manager
[0.223s] -- Up-to-date symlink: /home/mirella/openvslam/ros/2/install/camera_info_manager/share/ament_index/resource_index/parent_prefix_path/camera_info_manager
[0.223s] -- Up-to-date symlink: /home/mirella/openvslam/ros/2/install/camera_info_manager/share/camera_info_manager/environment/ament_prefix_path.sh
[0.223s] -- Up-to-date symlink: /home/mirella/openvslam/ros/2/install/camera_info_manager/share/camera_info_manager/environment/ament_prefix_path.dsv
[0.223s] -- Up-to-date symlink: /home/mirella/openvslam/ros/2/install/camera_info_manager/share/camera_info_manager/environment/path.sh
[0.223s] -- Up-to-date symlink: /home/mirella/openvslam/ros/2/install/camera_info_manager/share/camera_info_manager/environment/path.dsv
[0.224s] -- Up-to-date symlink: /home/mirella/openvslam/ros/2/install/camera_info_manager/share/camera_info_manager/local_setup.bash
[0.224s] -- Up-to-date symlink: /home/mirella/openvslam/ros/2/install/camera_info_manager/share/camera_info_manager/local_setup.sh
[0.224s] -- Up-to-date symlink: /home/mirella/openvslam/ros/2/install/camera_info_manager/share/camera_info_manager/local_setup.zsh
[0.224s] -- Up-to-date symlink: /home/mirella/openvslam/ros/2/install/camera_info_manager/share/camera_info_manager/local_setup.dsv
[0.225s] -- Symlinking: /home/mirella/openvslam/ros/2/install/camera_info_manager/share/camera_info_manager/package.dsv
[0.232s] -- Up-to-date symlink: /home/mirella/openvslam/ros/2/install/camera_info_manager/share/ament_index/resource_index/packages/camera_info_manager
[0.233s] -- Up-to-date symlink: /home/mirella/openvslam/ros/2/install/camera_info_manager/share/camera_info_manager/cmake/ament_cmake_export_include_directories-extras.cmake
[0.233s] -- Up-to-date symlink: /home/mirella/openvslam/ros/2/install/camera_info_manager/share/camera_info_manager/cmake/ament_cmake_export_libraries-extras.cmake
[0.233s] -- Up-to-date symlink: /home/mirella/openvslam/ros/2/install/camera_info_manager/share/camera_info_manager/cmake/camera_info_managerConfig.cmake
[0.233s] -- Up-to-date symlink: /home/mirella/openvslam/ros/2/install/camera_info_manager/share/camera_info_manager/cmake/camera_info_managerConfig-version.cmake
[0.233s] -- Up-to-date symlink: /home/mirella/openvslam/ros/2/install/camera_info_manager/share/camera_info_manager/package.xml
[0.237s] Invoked command in '/home/mirella/openvslam/ros/2/build/camera_info_manager' returned '0': AMENT_PREFIX_PATH=/home/mirella/openvslam/ros/2/install/image_transport:/home/mirella/openvslam/ros/2/install/camera_calibration_parsers:${AMENT_PREFIX_PATH} CMAKE_PREFIX_PATH=/home/mirella/openvslam/ros/2/install/image_transport:/home/mirella/openvslam/ros/2/install/camera_calibration_parsers:/opt/ros/eloquent LD_LIBRARY_PATH=/home/mirella/openvslam/ros/2/install/image_transport/lib:/home/mirella/openvslam/ros/2/install/camera_calibration_parsers/lib:${LD_LIBRARY_PATH} /usr/bin/cmake --build /home/mirella/openvslam/ros/2/build/camera_info_manager --target install -- -j12 -l12
