[0.025s] Invoking command in '/home/mirella/openvslam/ros/2/build/openvslam': CMAKE_PREFIX_PATH=/home/mirella/openvslam/ros/2/install/image_transport:/home/mirella/openvslam/ros/2/install/cv_bridge:/home/mirella/openvslam/ros/2/install/vision_opencv:/home/mirella/openvslam/ros/2/install/publisher:/home/mirella/openvslam/ros/2/install/openvslam:/home/mirella/openvslam/ros/2/install/image_common:/home/mirella/openvslam/ros/2/install/camera_info_manager:/home/mirella/openvslam/ros/2/install/image_geometry:/home/mirella/openvslam/ros/2/install/camera_calibration_parsers:/home/mirella/openvslam/ros/2/install/opencv_tests:/opt/ros/eloquent LD_LIBRARY_PATH=/home/mirella/openvslam/ros/2/install/image_transport/lib:/home/mirella/openvslam/ros/2/install/cv_bridge/lib:/home/mirella/openvslam/ros/2/install/camera_info_manager/lib:/home/mirella/openvslam/ros/2/install/image_geometry/lib:/home/mirella/openvslam/ros/2/install/camera_calibration_parsers/lib:/opt/ros/eloquent/opt/yaml_cpp_vendor/lib:/opt/ros/eloquent/opt/rviz_ogre_vendor/lib:/opt/ros/eloquent/lib/x86_64-linux-gnu:/opt/ros/eloquent/lib PYTHONPATH=/home/mirella/openvslam/ros/2/install/cv_bridge/lib/python3.6/site-packages:/home/mirella/openvslam/ros/2/install/opencv_tests/lib/python3.6/site-packages:/home/mirella/openvslam/ros/2/install/image_geometry/lib/python3.6/site-packages:/opt/ros/eloquent/lib/python3.6/site-packages /usr/bin/cmake --build /home/mirella/openvslam/ros/2/build/openvslam -- -j12 -l12
[0.090s] [35m[1mScanning dependencies of target run_slam[0m
[0.113s] [ 50%] Built target run_localization
[0.177s] [ 75%] [32mBuilding CXX object src/CMakeFiles/run_slam.dir/run_slam.cc.o[0m
[6.406s] [01m[K/home/mirella/openvslam/ros/2/src/openvslam/src/run_slam.cc:[m[K In function ‘[01m[Kvoid mono_tracking(const std::shared_ptr<openvslam::config>&, const string&, const string&, bool, const string&)[m[K’:
[6.406s] [01m[K/home/mirella/openvslam/ros/2/src/openvslam/src/run_slam.cc:254:12:[m[K [01;31m[Kerror: [m[K‘[01m[Kclass std::shared_ptr<geometry_msgs::msg::TransformStamped_<std::allocator<void> > >[m[K’ has no member named ‘[01m[Kheader[m[K’
[6.406s]      tf_msg.[01;31m[Kheader[m[K.stamp = node->now();
[6.406s]             [01;31m[K^~~~~~[m[K
[6.406s] [01m[K/home/mirella/openvslam/ros/2/src/openvslam/src/run_slam.cc:255:12:[m[K [01;31m[Kerror: [m[K‘[01m[Kclass std::shared_ptr<geometry_msgs::msg::TransformStamped_<std::allocator<void> > >[m[K’ has no member named ‘[01m[Kheader[m[K’
[6.406s]      tf_msg.[01;31m[Kheader[m[K.frame_id = "base_link";
[6.406s]             [01;31m[K^~~~~~[m[K
[6.406s] [01m[K/home/mirella/openvslam/ros/2/src/openvslam/src/run_slam.cc:256:12:[m[K [01;31m[Kerror: [m[K‘[01m[Kclass std::shared_ptr<geometry_msgs::msg::TransformStamped_<std::allocator<void> > >[m[K’ has no member named ‘[01m[Kchild_frame_id[m[K’
[6.407s]      tf_msg.[01;31m[Kchild_frame_id[m[K = "camera_link";
[6.407s]             [01;31m[K^~~~~~~~~~~~~~[m[K
[6.407s] [01m[K/home/mirella/openvslam/ros/2/src/openvslam/src/run_slam.cc:257:12:[m[K [01;31m[Kerror: [m[K‘[01m[Kclass std::shared_ptr<geometry_msgs::msg::TransformStamped_<std::allocator<void> > >[m[K’ has no member named ‘[01m[Ktransform[m[K’
[6.407s]      tf_msg.[01;31m[Ktransform[m[K.translation.x = 0.0;
[6.407s]             [01;31m[K^~~~~~~~~[m[K
[6.407s] [01m[K/home/mirella/openvslam/ros/2/src/openvslam/src/run_slam.cc:258:12:[m[K [01;31m[Kerror: [m[K‘[01m[Kclass std::shared_ptr<geometry_msgs::msg::TransformStamped_<std::allocator<void> > >[m[K’ has no member named ‘[01m[Ktransform[m[K’
[6.407s]      tf_msg.[01;31m[Ktransform[m[K.translation.y = 0.0;
[6.407s]             [01;31m[K^~~~~~~~~[m[K
[6.407s] [01m[K/home/mirella/openvslam/ros/2/src/openvslam/src/run_slam.cc:259:12:[m[K [01;31m[Kerror: [m[K‘[01m[Kclass std::shared_ptr<geometry_msgs::msg::TransformStamped_<std::allocator<void> > >[m[K’ has no member named ‘[01m[Ktransform[m[K’
[6.407s]      tf_msg.[01;31m[Ktransform[m[K.translation.z = 0.0;
[6.407s]             [01;31m[K^~~~~~~~~[m[K
[6.407s] [01m[K/home/mirella/openvslam/ros/2/src/openvslam/src/run_slam.cc:260:12:[m[K [01;31m[Kerror: [m[K‘[01m[Kclass std::shared_ptr<geometry_msgs::msg::TransformStamped_<std::allocator<void> > >[m[K’ has no member named ‘[01m[Ktransform[m[K’
[6.407s]      tf_msg.[01;31m[Ktransform[m[K.rotation.x = -0.5;
[6.407s]             [01;31m[K^~~~~~~~~[m[K
[6.407s] [01m[K/home/mirella/openvslam/ros/2/src/openvslam/src/run_slam.cc:261:12:[m[K [01;31m[Kerror: [m[K‘[01m[Kclass std::shared_ptr<geometry_msgs::msg::TransformStamped_<std::allocator<void> > >[m[K’ has no member named ‘[01m[Ktransform[m[K’
[6.407s]      tf_msg.[01;31m[Ktransform[m[K.rotation.y = 0.5;
[6.407s]             [01;31m[K^~~~~~~~~[m[K
[6.408s] [01m[K/home/mirella/openvslam/ros/2/src/openvslam/src/run_slam.cc:262:12:[m[K [01;31m[Kerror: [m[K‘[01m[Kclass std::shared_ptr<geometry_msgs::msg::TransformStamped_<std::allocator<void> > >[m[K’ has no member named ‘[01m[Ktransform[m[K’
[6.408s]      tf_msg.[01;31m[Ktransform[m[K.rotation.z = -0.5;
[6.408s]             [01;31m[K^~~~~~~~~[m[K
[6.408s] [01m[K/home/mirella/openvslam/ros/2/src/openvslam/src/run_slam.cc:263:12:[m[K [01;31m[Kerror: [m[K‘[01m[Kclass std::shared_ptr<geometry_msgs::msg::TransformStamped_<std::allocator<void> > >[m[K’ has no member named ‘[01m[Ktransform[m[K’
[6.408s]      tf_msg.[01;31m[Ktransform[m[K.rotation.w = 0.5;
[6.408s]             [01;31m[K^~~~~~~~~[m[K
[6.408s] [01m[K/home/mirella/openvslam/ros/2/src/openvslam/src/run_slam.cc:264:41:[m[K [01;31m[Kerror: [m[Kno matching function for call to ‘[01m[Ktf2_ros::StaticTransformBroadcaster::sendTransform(std::shared_ptr<geometry_msgs::msg::TransformStamped_<std::allocator<void> > >&)[m[K’
[6.408s]      tf_broadcaster->sendTransform(tf_msg[01;31m[K)[m[K;
[6.408s]                                          [01;31m[K^[m[K
[6.408s] In file included from [01m[K/home/mirella/openvslam/ros/2/src/openvslam/src/run_slam.cc:38:0[m[K:
[6.408s] [01m[K/opt/ros/eloquent/include/tf2_ros/static_transform_broadcaster.h:69:8:[m[K [01;36m[Knote: [m[Kcandidate: void tf2_ros::StaticTransformBroadcaster::sendTransform(const TransformStamped&)
[6.408s]    void [01;36m[KsendTransform[m[K(const geometry_msgs::msg::TransformStamped & transform);
[6.408s]         [01;36m[K^~~~~~~~~~~~~[m[K
[6.408s] [01m[K/opt/ros/eloquent/include/tf2_ros/static_transform_broadcaster.h:69:8:[m[K [01;36m[Knote: [m[K  no known conversion for argument 1 from ‘[01m[Kstd::shared_ptr<geometry_msgs::msg::TransformStamped_<std::allocator<void> > >[m[K’ to ‘[01m[Kconst TransformStamped& {aka const geometry_msgs::msg::TransformStamped_<std::allocator<void> >&}[m[K’
[6.408s] [01m[K/opt/ros/eloquent/include/tf2_ros/static_transform_broadcaster.h:74:8:[m[K [01;36m[Knote: [m[Kcandidate: void tf2_ros::StaticTransformBroadcaster::sendTransform(const std::vector<geometry_msgs::msg::TransformStamped_<std::allocator<void> >, std::allocator<geometry_msgs::msg::TransformStamped_<std::allocator<void> > > >&)
[6.408s]    void [01;36m[KsendTransform[m[K(const std::vector<geometry_msgs::msg::TransformStamped> & transforms);
[6.408s]         [01;36m[K^~~~~~~~~~~~~[m[K
[6.408s] [01m[K/opt/ros/eloquent/include/tf2_ros/static_transform_broadcaster.h:74:8:[m[K [01;36m[Knote: [m[K  no known conversion for argument 1 from ‘[01m[Kstd::shared_ptr<geometry_msgs::msg::TransformStamped_<std::allocator<void> > >[m[K’ to ‘[01m[Kconst std::vector<geometry_msgs::msg::TransformStamped_<std::allocator<void> >, std::allocator<geometry_msgs::msg::TransformStamped_<std::allocator<void> > > >&[m[K’
[6.409s] [01m[K/home/mirella/openvslam/ros/2/src/openvslam/src/run_slam.cc:269:17:[m[K [01;31m[Kerror: [m[K‘[01m[Kclass std::shared_ptr<geometry_msgs::msg::TransformStamped_<std::allocator<void> > >[m[K’ has no member named ‘[01m[Kheader[m[K’
[6.409s]      tf_msg_odom.[01;31m[Kheader[m[K.stamp = node->now();
[6.409s]                  [01;31m[K^~~~~~[m[K
[6.409s] [01m[K/home/mirella/openvslam/ros/2/src/openvslam/src/run_slam.cc:270:17:[m[K [01;31m[Kerror: [m[K‘[01m[Kclass std::shared_ptr<geometry_msgs::msg::TransformStamped_<std::allocator<void> > >[m[K’ has no member named ‘[01m[Kheader[m[K’
[6.409s]      tf_msg_odom.[01;31m[Kheader[m[K.frame_id = "map";
[6.409s]                  [01;31m[K^~~~~~[m[K
[6.409s] [01m[K/home/mirella/openvslam/ros/2/src/openvslam/src/run_slam.cc:271:17:[m[K [01;31m[Kerror: [m[K‘[01m[Kclass std::shared_ptr<geometry_msgs::msg::TransformStamped_<std::allocator<void> > >[m[K’ has no member named ‘[01m[Kchild_frame_id[m[K’
[6.409s]      tf_msg_odom.[01;31m[Kchild_frame_id[m[K = "odom";
[6.409s]                  [01;31m[K^~~~~~~~~~~~~~[m[K
[6.409s] [01m[K/home/mirella/openvslam/ros/2/src/openvslam/src/run_slam.cc:272:17:[m[K [01;31m[Kerror: [m[K‘[01m[Kclass std::shared_ptr<geometry_msgs::msg::TransformStamped_<std::allocator<void> > >[m[K’ has no member named ‘[01m[Ktransform[m[K’
[6.409s]      tf_msg_odom.[01;31m[Ktransform[m[K.translation.x = 0.0;
[6.409s]                  [01;31m[K^~~~~~~~~[m[K
[6.409s] [01m[K/home/mirella/openvslam/ros/2/src/openvslam/src/run_slam.cc:273:17:[m[K [01;31m[Kerror: [m[K‘[01m[Kclass std::shared_ptr<geometry_msgs::msg::TransformStamped_<std::allocator<void> > >[m[K’ has no member named ‘[01m[Ktransform[m[K’
[6.409s]      tf_msg_odom.[01;31m[Ktransform[m[K.translation.y = 0.0;
[6.409s]                  [01;31m[K^~~~~~~~~[m[K
[6.409s] [01m[K/home/mirella/openvslam/ros/2/src/openvslam/src/run_slam.cc:274:17:[m[K [01;31m[Kerror: [m[K‘[01m[Kclass std::shared_ptr<geometry_msgs::msg::TransformStamped_<std::allocator<void> > >[m[K’ has no member named ‘[01m[Ktransform[m[K’
[6.410s]      tf_msg_odom.[01;31m[Ktransform[m[K.translation.z = 0.0;
[6.410s]                  [01;31m[K^~~~~~~~~[m[K
[6.410s] [01m[K/home/mirella/openvslam/ros/2/src/openvslam/src/run_slam.cc:275:17:[m[K [01;31m[Kerror: [m[K‘[01m[Kclass std::shared_ptr<geometry_msgs::msg::TransformStamped_<std::allocator<void> > >[m[K’ has no member named ‘[01m[Ktransform[m[K’
[6.410s]      tf_msg_odom.[01;31m[Ktransform[m[K.rotation.x = 0.0;
[6.410s]                  [01;31m[K^~~~~~~~~[m[K
[6.410s] [01m[K/home/mirella/openvslam/ros/2/src/openvslam/src/run_slam.cc:276:17:[m[K [01;31m[Kerror: [m[K‘[01m[Kclass std::shared_ptr<geometry_msgs::msg::TransformStamped_<std::allocator<void> > >[m[K’ has no member named ‘[01m[Ktransform[m[K’
[6.410s]      tf_msg_odom.[01;31m[Ktransform[m[K.rotation.y = 0.0;
[6.410s]                  [01;31m[K^~~~~~~~~[m[K
[6.410s] [01m[K/home/mirella/openvslam/ros/2/src/openvslam/src/run_slam.cc:277:17:[m[K [01;31m[Kerror: [m[K‘[01m[Kclass std::shared_ptr<geometry_msgs::msg::TransformStamped_<std::allocator<void> > >[m[K’ has no member named ‘[01m[Ktransform[m[K’
[6.410s]      tf_msg_odom.[01;31m[Ktransform[m[K.rotation.z = 0.0;
[6.410s]                  [01;31m[K^~~~~~~~~[m[K
[6.410s] [01m[K/home/mirella/openvslam/ros/2/src/openvslam/src/run_slam.cc:278:17:[m[K [01;31m[Kerror: [m[K‘[01m[Kclass std::shared_ptr<geometry_msgs::msg::TransformStamped_<std::allocator<void> > >[m[K’ has no member named ‘[01m[Ktransform[m[K’
[6.410s]      tf_msg_odom.[01;31m[Ktransform[m[K.rotation.w = 1.0;
[6.410s]                  [01;31m[K^~~~~~~~~[m[K
[6.410s] [01m[K/home/mirella/openvslam/ros/2/src/openvslam/src/run_slam.cc:279:51:[m[K [01;31m[Kerror: [m[Kno matching function for call to ‘[01m[Ktf2_ros::StaticTransformBroadcaster::sendTransform(std::shared_ptr<geometry_msgs::msg::TransformStamped_<std::allocator<void> > >&)[m[K’
[6.410s]      tf_broadcaster_odom->sendTransform(tf_msg_odom[01;31m[K)[m[K;
[6.410s]                                                    [01;31m[K^[m[K
[6.410s] In file included from [01m[K/home/mirella/openvslam/ros/2/src/openvslam/src/run_slam.cc:38:0[m[K:
[6.411s] [01m[K/opt/ros/eloquent/include/tf2_ros/static_transform_broadcaster.h:69:8:[m[K [01;36m[Knote: [m[Kcandidate: void tf2_ros::StaticTransformBroadcaster::sendTransform(const TransformStamped&)
[6.411s]    void [01;36m[KsendTransform[m[K(const geometry_msgs::msg::TransformStamped & transform);
[6.411s]         [01;36m[K^~~~~~~~~~~~~[m[K
[6.411s] [01m[K/opt/ros/eloquent/include/tf2_ros/static_transform_broadcaster.h:69:8:[m[K [01;36m[Knote: [m[K  no known conversion for argument 1 from ‘[01m[Kstd::shared_ptr<geometry_msgs::msg::TransformStamped_<std::allocator<void> > >[m[K’ to ‘[01m[Kconst TransformStamped& {aka const geometry_msgs::msg::TransformStamped_<std::allocator<void> >&}[m[K’
[6.411s] [01m[K/opt/ros/eloquent/include/tf2_ros/static_transform_broadcaster.h:74:8:[m[K [01;36m[Knote: [m[Kcandidate: void tf2_ros::StaticTransformBroadcaster::sendTransform(const std::vector<geometry_msgs::msg::TransformStamped_<std::allocator<void> >, std::allocator<geometry_msgs::msg::TransformStamped_<std::allocator<void> > > >&)
[6.411s]    void [01;36m[KsendTransform[m[K(const std::vector<geometry_msgs::msg::TransformStamped> & transforms);
[6.411s]         [01;36m[K^~~~~~~~~~~~~[m[K
[6.411s] [01m[K/opt/ros/eloquent/include/tf2_ros/static_transform_broadcaster.h:74:8:[m[K [01;36m[Knote: [m[K  no known conversion for argument 1 from ‘[01m[Kstd::shared_ptr<geometry_msgs::msg::TransformStamped_<std::allocator<void> > >[m[K’ to ‘[01m[Kconst std::vector<geometry_msgs::msg::TransformStamped_<std::allocator<void> >, std::allocator<geometry_msgs::msg::TransformStamped_<std::allocator<void> > > >&[m[K’
[6.853s] /home/mirella/openvslam/ros/2/src/openvslam/src/run_slam.cc: In instantiation of ‘[01m[Kvoid publi(auto:3, auto:4&, auto:5) [with auto:3 = Eigen::Matrix<double, 4, 4>; auto:4 = std::shared_ptr<rclcpp::Publisher<nav_msgs::msg::Odometry_<std::allocator<void> >, std::allocator<void> > >; auto:5 = std::shared_ptr<rclcpp::Node>][m[K’:
[6.853s] [01m[K/home/mirella/openvslam/ros/2/src/openvslam/src/run_slam.cc:177:40:[m[K   required from here
[6.853s] [01m[K/home/mirella/openvslam/ros/2/src/openvslam/src/run_slam.cc:89:34:[m[K [01;35m[Kwarning: [m[Kunused parameter ‘[01m[Kodometry_pub_[m[K’ [[01;35m[K-Wunused-parameter[m[K]
[6.853s]  void publi(auto cam_pose_, auto &[01;35m[Kodometry_pub_[m[K, auto node){
[6.854s]                                   [01;35m[K^~~~~~~~~~~~~[m[K
[11.991s] src/CMakeFiles/run_slam.dir/build.make:62: recipe for target 'src/CMakeFiles/run_slam.dir/run_slam.cc.o' failed
[11.992s] CMakeFiles/Makefile2:151: recipe for target 'src/CMakeFiles/run_slam.dir/all' failed
[11.992s] make[2]: *** [src/CMakeFiles/run_slam.dir/run_slam.cc.o] Error 1
[11.992s] make[1]: *** [src/CMakeFiles/run_slam.dir/all] Error 2
[11.992s] make: *** [all] Error 2
[11.992s] Makefile:140: recipe for target 'all' failed
[11.993s] Invoked command in '/home/mirella/openvslam/ros/2/build/openvslam' returned '2': CMAKE_PREFIX_PATH=/home/mirella/openvslam/ros/2/install/image_transport:/home/mirella/openvslam/ros/2/install/cv_bridge:/home/mirella/openvslam/ros/2/install/vision_opencv:/home/mirella/openvslam/ros/2/install/publisher:/home/mirella/openvslam/ros/2/install/openvslam:/home/mirella/openvslam/ros/2/install/image_common:/home/mirella/openvslam/ros/2/install/camera_info_manager:/home/mirella/openvslam/ros/2/install/image_geometry:/home/mirella/openvslam/ros/2/install/camera_calibration_parsers:/home/mirella/openvslam/ros/2/install/opencv_tests:/opt/ros/eloquent LD_LIBRARY_PATH=/home/mirella/openvslam/ros/2/install/image_transport/lib:/home/mirella/openvslam/ros/2/install/cv_bridge/lib:/home/mirella/openvslam/ros/2/install/camera_info_manager/lib:/home/mirella/openvslam/ros/2/install/image_geometry/lib:/home/mirella/openvslam/ros/2/install/camera_calibration_parsers/lib:/opt/ros/eloquent/opt/yaml_cpp_vendor/lib:/opt/ros/eloquent/opt/rviz_ogre_vendor/lib:/opt/ros/eloquent/lib/x86_64-linux-gnu:/opt/ros/eloquent/lib PYTHONPATH=/home/mirella/openvslam/ros/2/install/cv_bridge/lib/python3.6/site-packages:/home/mirella/openvslam/ros/2/install/opencv_tests/lib/python3.6/site-packages:/home/mirella/openvslam/ros/2/install/image_geometry/lib/python3.6/site-packages:/opt/ros/eloquent/lib/python3.6/site-packages /usr/bin/cmake --build /home/mirella/openvslam/ros/2/build/openvslam -- -j12 -l12
