[0.023s] Invoking command in '/home/mirella/openvslam/ros/2/build/openvslam': CMAKE_PREFIX_PATH=/home/mirella/openvslam/ros/2/install/image_transport:/home/mirella/openvslam/ros/2/install/cv_bridge:/home/mirella/openvslam/ros/2/install/vision_opencv:/home/mirella/openvslam/ros/2/install/publisher:/home/mirella/openvslam/ros/2/install/openvslam:/home/mirella/openvslam/ros/2/install/image_common:/home/mirella/openvslam/ros/2/install/camera_info_manager:/home/mirella/openvslam/ros/2/install/image_geometry:/home/mirella/openvslam/ros/2/install/camera_calibration_parsers:/home/mirella/openvslam/ros/2/install/opencv_tests:/opt/ros/eloquent LD_LIBRARY_PATH=/home/mirella/openvslam/ros/2/install/image_transport/lib:/home/mirella/openvslam/ros/2/install/cv_bridge/lib:/home/mirella/openvslam/ros/2/install/camera_info_manager/lib:/home/mirella/openvslam/ros/2/install/image_geometry/lib:/home/mirella/openvslam/ros/2/install/camera_calibration_parsers/lib:/opt/ros/eloquent/opt/yaml_cpp_vendor/lib:/opt/ros/eloquent/opt/rviz_ogre_vendor/lib:/opt/ros/eloquent/lib/x86_64-linux-gnu:/opt/ros/eloquent/lib PYTHONPATH=/home/mirella/openvslam/ros/2/install/cv_bridge/lib/python3.6/site-packages:/home/mirella/openvslam/ros/2/build/opencv_tests:/home/mirella/openvslam/ros/2/install/opencv_tests/lib/python3.6/site-packages:/home/mirella/openvslam/ros/2/install/image_geometry/lib/python3.6/site-packages:/opt/ros/eloquent/lib/python3.6/site-packages /usr/bin/cmake --build /home/mirella/openvslam/ros/2/build/openvslam -- -j12 -l12
[0.077s] [35m[1mScanning dependencies of target run_slam[0m
[0.125s] [ 50%] Built target run_localization
[0.170s] [ 75%] [32mBuilding CXX object src/CMakeFiles/run_slam.dir/run_slam.cc.o[0m
[5.777s] [01m[K/home/mirella/openvslam/ros/2/src/openvslam/src/run_slam.cc:[m[K In function ‘[01m[Kvoid callback(const ConstSharedPtr&, openvslam::system*)[m[K’:
[5.777s] [01m[K/home/mirella/openvslam/ros/2/src/openvslam/src/run_slam.cc:66:62:[m[K [01;35m[Kwarning: [m[Kunused parameter ‘[01m[Kleft_image_msg_sub[m[K’ [[01;35m[K-Wunused-parameter[m[K]
[5.778s]  void callback(const sensor_msgs::msg::Image::ConstSharedPtr& [01;35m[Kleft_image_msg_sub[m[K,
[5.778s]                                                               [01;35m[K^~~~~~~~~~~~~~~~~~[m[K
[5.778s] [01m[K/home/mirella/openvslam/ros/2/src/openvslam/src/run_slam.cc:67:32:[m[K [01;35m[Kwarning: [m[Kunused parameter ‘[01m[KSLAM[m[K’ [[01;35m[K-Wunused-parameter[m[K]
[5.778s]              openvslam::system* [01;35m[KSLAM[m[K){
[5.778s]                                 [01;35m[K^~~~[m[K
[5.806s] [01m[K/home/mirella/openvslam/ros/2/src/openvslam/src/run_slam.cc:[m[K In function ‘[01m[Kvoid mono_tracking(const std::shared_ptr<openvslam::config>&, const string&, const string&, bool, const string&)[m[K’:
[5.806s] [01m[K/home/mirella/openvslam/ros/2/src/openvslam/src/run_slam.cc:109:23:[m[K [01;35m[Kwarning: [m[Kvariable ‘[01m[Kcustom_qos[m[K’ set but not used [[01;35m[K-Wunused-but-set-variable[m[K]
[5.806s]      rmw_qos_profile_t [01;35m[Kcustom_qos[m[K = rmw_qos_profile_default;
[5.806s]                        [01;35m[K^~~~~~~~~~[m[K
[15.837s] [100%] [32m[1mLinking CXX executable run_slam[0m
[16.444s] [100%] Built target run_slam
[16.456s] Invoked command in '/home/mirella/openvslam/ros/2/build/openvslam' returned '0': CMAKE_PREFIX_PATH=/home/mirella/openvslam/ros/2/install/image_transport:/home/mirella/openvslam/ros/2/install/cv_bridge:/home/mirella/openvslam/ros/2/install/vision_opencv:/home/mirella/openvslam/ros/2/install/publisher:/home/mirella/openvslam/ros/2/install/openvslam:/home/mirella/openvslam/ros/2/install/image_common:/home/mirella/openvslam/ros/2/install/camera_info_manager:/home/mirella/openvslam/ros/2/install/image_geometry:/home/mirella/openvslam/ros/2/install/camera_calibration_parsers:/home/mirella/openvslam/ros/2/install/opencv_tests:/opt/ros/eloquent LD_LIBRARY_PATH=/home/mirella/openvslam/ros/2/install/image_transport/lib:/home/mirella/openvslam/ros/2/install/cv_bridge/lib:/home/mirella/openvslam/ros/2/install/camera_info_manager/lib:/home/mirella/openvslam/ros/2/install/image_geometry/lib:/home/mirella/openvslam/ros/2/install/camera_calibration_parsers/lib:/opt/ros/eloquent/opt/yaml_cpp_vendor/lib:/opt/ros/eloquent/opt/rviz_ogre_vendor/lib:/opt/ros/eloquent/lib/x86_64-linux-gnu:/opt/ros/eloquent/lib PYTHONPATH=/home/mirella/openvslam/ros/2/install/cv_bridge/lib/python3.6/site-packages:/home/mirella/openvslam/ros/2/build/opencv_tests:/home/mirella/openvslam/ros/2/install/opencv_tests/lib/python3.6/site-packages:/home/mirella/openvslam/ros/2/install/image_geometry/lib/python3.6/site-packages:/opt/ros/eloquent/lib/python3.6/site-packages /usr/bin/cmake --build /home/mirella/openvslam/ros/2/build/openvslam -- -j12 -l12
[16.475s] Invoking command in '/home/mirella/openvslam/ros/2/build/openvslam': CMAKE_PREFIX_PATH=/home/mirella/openvslam/ros/2/install/image_transport:/home/mirella/openvslam/ros/2/install/cv_bridge:/home/mirella/openvslam/ros/2/install/vision_opencv:/home/mirella/openvslam/ros/2/install/publisher:/home/mirella/openvslam/ros/2/install/openvslam:/home/mirella/openvslam/ros/2/install/image_common:/home/mirella/openvslam/ros/2/install/camera_info_manager:/home/mirella/openvslam/ros/2/install/image_geometry:/home/mirella/openvslam/ros/2/install/camera_calibration_parsers:/home/mirella/openvslam/ros/2/install/opencv_tests:/opt/ros/eloquent LD_LIBRARY_PATH=/home/mirella/openvslam/ros/2/install/image_transport/lib:/home/mirella/openvslam/ros/2/install/cv_bridge/lib:/home/mirella/openvslam/ros/2/install/camera_info_manager/lib:/home/mirella/openvslam/ros/2/install/image_geometry/lib:/home/mirella/openvslam/ros/2/install/camera_calibration_parsers/lib:/opt/ros/eloquent/opt/yaml_cpp_vendor/lib:/opt/ros/eloquent/opt/rviz_ogre_vendor/lib:/opt/ros/eloquent/lib/x86_64-linux-gnu:/opt/ros/eloquent/lib PYTHONPATH=/home/mirella/openvslam/ros/2/install/cv_bridge/lib/python3.6/site-packages:/home/mirella/openvslam/ros/2/build/opencv_tests:/home/mirella/openvslam/ros/2/install/opencv_tests/lib/python3.6/site-packages:/home/mirella/openvslam/ros/2/install/image_geometry/lib/python3.6/site-packages:/opt/ros/eloquent/lib/python3.6/site-packages /usr/bin/cmake --build /home/mirella/openvslam/ros/2/build/openvslam --target install -- -j12 -l12
[16.535s] [ 50%] Built target run_localization
[16.541s] [100%] Built target run_slam
[16.556s] [36mInstall the project...[0m
[16.563s] -- Install configuration: "Release"
[16.563s] -- Execute custom install script
[16.564s] -- Up-to-date symlink: /home/mirella/openvslam/ros/2/install/openvslam/lib/openvslam/run_slam
[16.564s] -- Up-to-date symlink: /home/mirella/openvslam/ros/2/install/openvslam/lib/openvslam/run_localization
[16.564s] -- Up-to-date symlink: /home/mirella/openvslam/ros/2/install/openvslam/share/ament_index/resource_index/package_run_dependencies/openvslam
[16.564s] -- Up-to-date symlink: /home/mirella/openvslam/ros/2/install/openvslam/share/ament_index/resource_index/parent_prefix_path/openvslam
[16.565s] -- Up-to-date symlink: /home/mirella/openvslam/ros/2/install/openvslam/share/openvslam/environment/ament_prefix_path.sh
[16.565s] -- Up-to-date symlink: /home/mirella/openvslam/ros/2/install/openvslam/share/openvslam/environment/ament_prefix_path.dsv
[16.565s] -- Up-to-date symlink: /home/mirella/openvslam/ros/2/install/openvslam/share/openvslam/environment/path.sh
[16.566s] -- Up-to-date symlink: /home/mirella/openvslam/ros/2/install/openvslam/share/openvslam/environment/path.dsv
[16.566s] -- Up-to-date symlink: /home/mirella/openvslam/ros/2/install/openvslam/share/openvslam/local_setup.bash
[16.566s] -- Up-to-date symlink: /home/mirella/openvslam/ros/2/install/openvslam/share/openvslam/local_setup.sh
[16.566s] -- Up-to-date symlink: /home/mirella/openvslam/ros/2/install/openvslam/share/openvslam/local_setup.zsh
[16.566s] -- Up-to-date symlink: /home/mirella/openvslam/ros/2/install/openvslam/share/openvslam/local_setup.dsv
[16.566s] -- Symlinking: /home/mirella/openvslam/ros/2/install/openvslam/share/openvslam/package.dsv
[16.574s] -- Up-to-date symlink: /home/mirella/openvslam/ros/2/install/openvslam/share/ament_index/resource_index/packages/openvslam
[16.574s] -- Up-to-date symlink: /home/mirella/openvslam/ros/2/install/openvslam/share/openvslam/cmake/openvslamConfig.cmake
[16.574s] -- Up-to-date symlink: /home/mirella/openvslam/ros/2/install/openvslam/share/openvslam/cmake/openvslamConfig-version.cmake
[16.574s] -- Up-to-date symlink: /home/mirella/openvslam/ros/2/install/openvslam/share/openvslam/package.xml
[16.578s] Invoked command in '/home/mirella/openvslam/ros/2/build/openvslam' returned '0': CMAKE_PREFIX_PATH=/home/mirella/openvslam/ros/2/install/image_transport:/home/mirella/openvslam/ros/2/install/cv_bridge:/home/mirella/openvslam/ros/2/install/vision_opencv:/home/mirella/openvslam/ros/2/install/publisher:/home/mirella/openvslam/ros/2/install/openvslam:/home/mirella/openvslam/ros/2/install/image_common:/home/mirella/openvslam/ros/2/install/camera_info_manager:/home/mirella/openvslam/ros/2/install/image_geometry:/home/mirella/openvslam/ros/2/install/camera_calibration_parsers:/home/mirella/openvslam/ros/2/install/opencv_tests:/opt/ros/eloquent LD_LIBRARY_PATH=/home/mirella/openvslam/ros/2/install/image_transport/lib:/home/mirella/openvslam/ros/2/install/cv_bridge/lib:/home/mirella/openvslam/ros/2/install/camera_info_manager/lib:/home/mirella/openvslam/ros/2/install/image_geometry/lib:/home/mirella/openvslam/ros/2/install/camera_calibration_parsers/lib:/opt/ros/eloquent/opt/yaml_cpp_vendor/lib:/opt/ros/eloquent/opt/rviz_ogre_vendor/lib:/opt/ros/eloquent/lib/x86_64-linux-gnu:/opt/ros/eloquent/lib PYTHONPATH=/home/mirella/openvslam/ros/2/install/cv_bridge/lib/python3.6/site-packages:/home/mirella/openvslam/ros/2/build/opencv_tests:/home/mirella/openvslam/ros/2/install/opencv_tests/lib/python3.6/site-packages:/home/mirella/openvslam/ros/2/install/image_geometry/lib/python3.6/site-packages:/opt/ros/eloquent/lib/python3.6/site-packages /usr/bin/cmake --build /home/mirella/openvslam/ros/2/build/openvslam --target install -- -j12 -l12
