-- Found ament_cmake_ros: 0.8.0 (/opt/ros/eloquent/share/ament_cmake_ros/cmake)
-- Using PYTHON_EXECUTABLE: /usr/bin/python3
-- Override CMake install command with custom implementation using symlinks instead of copying resources
-- Found ament_index_cpp: 0.7.2 (/opt/ros/eloquent/share/ament_index_cpp/cmake)
-- Found rclcpp: 0.8.4 (/opt/ros/eloquent/share/rclcpp/cmake)
-- Found rosidl_adapter: 0.8.2 (/opt/ros/eloquent/share/rosidl_adapter/cmake)
-- Found rmw_implementation_cmake: 0.8.1 (/opt/ros/eloquent/share/rmw_implementation_cmake/cmake)
-- Using RMW implementation 'rmw_fastrtps_cpp' as default
-- Found camera_calibration_parsers: 2.2.1 (/home/mirella/openvslam/ros/2/install/camera_calibration_parsers/share/camera_calibration_parsers/cmake)
-- Setting yaml-cpp_DIR to: '/opt/ros/eloquent/share/yaml_cpp_vendor/cmake/../../../opt/yaml_cpp_vendor/lib/cmake/yaml-cpp'
-- Found image_transport: 2.2.1 (/home/mirella/openvslam/ros/2/install/image_transport/share/image_transport/cmake)
-- Found tinyxml2_vendor:  (/opt/ros/eloquent/share/tinyxml2_vendor/cmake)
-- Found poco_vendor:  (/opt/ros/eloquent/share/poco_vendor/cmake)
-- Found ament_cmake_cppcheck: 0.8.1 (/opt/ros/eloquent/share/ament_cmake_cppcheck/cmake)
-- Found ament_cmake_cpplint: 0.8.1 (/opt/ros/eloquent/share/ament_cmake_cpplint/cmake)
-- Found ament_cmake_lint_cmake: 0.8.1 (/opt/ros/eloquent/share/ament_cmake_lint_cmake/cmake)
-- Found ament_cmake_uncrustify: 0.8.1 (/opt/ros/eloquent/share/ament_cmake_uncrustify/cmake)
-- Configuring done
-- Generating done
-- Build files have been written to: /home/mirella/openvslam/ros/2/build/camera_info_manager
[ 50%] [32m[1mLinking CXX shared library libcamera_info_manager.so[0m
[100%] Built target camera_info_manager
[100%] Built target camera_info_manager
[36mInstall the project...[0m
-- Install configuration: ""
-- Execute custom install script
-- Up-to-date symlink: /home/mirella/openvslam/ros/2/install/camera_info_manager/lib/libcamera_info_manager.so
-- Up-to-date symlink: /home/mirella/openvslam/ros/2/install/camera_info_manager/include/camera_info_manager/camera_info_manager.h
-- Up-to-date symlink: /home/mirella/openvslam/ros/2/install/camera_info_manager/share/camera_info_manager/environment/library_path.sh
-- Up-to-date symlink: /home/mirella/openvslam/ros/2/install/camera_info_manager/share/camera_info_manager/environment/library_path.dsv
-- Up-to-date symlink: /home/mirella/openvslam/ros/2/install/camera_info_manager/share/ament_index/resource_index/package_run_dependencies/camera_info_manager
-- Up-to-date symlink: /home/mirella/openvslam/ros/2/install/camera_info_manager/share/ament_index/resource_index/parent_prefix_path/camera_info_manager
-- Up-to-date symlink: /home/mirella/openvslam/ros/2/install/camera_info_manager/share/camera_info_manager/environment/ament_prefix_path.sh
-- Up-to-date symlink: /home/mirella/openvslam/ros/2/install/camera_info_manager/share/camera_info_manager/environment/ament_prefix_path.dsv
-- Up-to-date symlink: /home/mirella/openvslam/ros/2/install/camera_info_manager/share/camera_info_manager/environment/path.sh
-- Up-to-date symlink: /home/mirella/openvslam/ros/2/install/camera_info_manager/share/camera_info_manager/environment/path.dsv
-- Up-to-date symlink: /home/mirella/openvslam/ros/2/install/camera_info_manager/share/camera_info_manager/local_setup.bash
-- Up-to-date symlink: /home/mirella/openvslam/ros/2/install/camera_info_manager/share/camera_info_manager/local_setup.sh
-- Up-to-date symlink: /home/mirella/openvslam/ros/2/install/camera_info_manager/share/camera_info_manager/local_setup.zsh
-- Up-to-date symlink: /home/mirella/openvslam/ros/2/install/camera_info_manager/share/camera_info_manager/local_setup.dsv
-- Symlinking: /home/mirella/openvslam/ros/2/install/camera_info_manager/share/camera_info_manager/package.dsv
-- Up-to-date symlink: /home/mirella/openvslam/ros/2/install/camera_info_manager/share/ament_index/resource_index/packages/camera_info_manager
-- Up-to-date symlink: /home/mirella/openvslam/ros/2/install/camera_info_manager/share/camera_info_manager/cmake/ament_cmake_export_include_directories-extras.cmake
-- Up-to-date symlink: /home/mirella/openvslam/ros/2/install/camera_info_manager/share/camera_info_manager/cmake/ament_cmake_export_libraries-extras.cmake
-- Up-to-date symlink: /home/mirella/openvslam/ros/2/install/camera_info_manager/share/camera_info_manager/cmake/camera_info_managerConfig.cmake
-- Up-to-date symlink: /home/mirella/openvslam/ros/2/install/camera_info_manager/share/camera_info_manager/cmake/camera_info_managerConfig-version.cmake
-- Up-to-date symlink: /home/mirella/openvslam/ros/2/install/camera_info_manager/share/camera_info_manager/package.xml
