-- The C compiler identification is GNU 7.5.0
-- The CXX compiler identification is GNU 7.5.0
-- Check for working C compiler: /usr/bin/cc
-- Check for working C compiler: /usr/bin/cc -- works
-- Detecting C compiler ABI info
-- Detecting C compiler ABI info - done
-- Detecting C compile features
-- Detecting C compile features - done
-- Check for working CXX compiler: /usr/bin/c++
-- Check for working CXX compiler: /usr/bin/c++ -- works
-- Detecting CXX compiler ABI info
-- Detecting CXX compiler ABI info - done
-- Detecting CXX compile features
-- Detecting CXX compile features - done
-- Found ament_cmake: 0.8.2 (/opt/ros/eloquent/share/ament_cmake/cmake)
-- Found PythonInterp: /usr/bin/python3 (found suitable version "3.6.9", minimum required is "3") 
-- Using PYTHON_EXECUTABLE: /usr/bin/python3
-- Override CMake install command with custom implementation using symlinks instead of copying resources
-- Configuring done
-- Generating done
-- Build files have been written to: /home/mirella/openvslam/ros/2/build/vision_opencv
[36mInstall the project...[0m
-- Install configuration: ""
-- Execute custom install script
-- Symlinking: /home/mirella/openvslam/ros/2/install/vision_opencv/share/ament_index/resource_index/package_run_dependencies/vision_opencv
-- Symlinking: /home/mirella/openvslam/ros/2/install/vision_opencv/share/ament_index/resource_index/parent_prefix_path/vision_opencv
-- Symlinking: /home/mirella/openvslam/ros/2/install/vision_opencv/share/vision_opencv/environment/ament_prefix_path.sh
-- Symlinking: /home/mirella/openvslam/ros/2/install/vision_opencv/share/vision_opencv/environment/ament_prefix_path.dsv
-- Symlinking: /home/mirella/openvslam/ros/2/install/vision_opencv/share/vision_opencv/environment/path.sh
-- Symlinking: /home/mirella/openvslam/ros/2/install/vision_opencv/share/vision_opencv/environment/path.dsv
-- Symlinking: /home/mirella/openvslam/ros/2/install/vision_opencv/share/vision_opencv/local_setup.bash
-- Symlinking: /home/mirella/openvslam/ros/2/install/vision_opencv/share/vision_opencv/local_setup.sh
-- Symlinking: /home/mirella/openvslam/ros/2/install/vision_opencv/share/vision_opencv/local_setup.zsh
-- Symlinking: /home/mirella/openvslam/ros/2/install/vision_opencv/share/vision_opencv/local_setup.dsv
-- Symlinking: /home/mirella/openvslam/ros/2/install/vision_opencv/share/vision_opencv/package.dsv
-- Symlinking: /home/mirella/openvslam/ros/2/install/vision_opencv/share/ament_index/resource_index/packages/vision_opencv
-- Symlinking: /home/mirella/openvslam/ros/2/install/vision_opencv/share/vision_opencv/cmake/vision_opencvConfig.cmake
-- Symlinking: /home/mirella/openvslam/ros/2/install/vision_opencv/share/vision_opencv/cmake/vision_opencvConfig-version.cmake
-- Symlinking: /home/mirella/openvslam/ros/2/install/vision_opencv/share/vision_opencv/package.xml
