[0.028s] Invoking command in '/home/mirella/openvslam/ros/2/build/openvslam': CMAKE_PREFIX_PATH=/home/mirella/openvslam/ros/2/install/image_transport:/home/mirella/openvslam/ros/2/install/cv_bridge:/home/mirella/openvslam/ros/2/install/vision_opencv:/home/mirella/openvslam/ros/2/install/publisher:/home/mirella/openvslam/ros/2/install/openvslam:/home/mirella/openvslam/ros/2/install/image_common:/home/mirella/openvslam/ros/2/install/camera_info_manager:/home/mirella/openvslam/ros/2/install/image_geometry:/home/mirella/openvslam/ros/2/install/camera_calibration_parsers:/home/mirella/openvslam/ros/2/install/opencv_tests:/opt/ros/eloquent LD_LIBRARY_PATH=/home/mirella/openvslam/ros/2/install/image_transport/lib:/home/mirella/openvslam/ros/2/install/cv_bridge/lib:/home/mirella/openvslam/ros/2/install/camera_info_manager/lib:/home/mirella/openvslam/ros/2/install/image_geometry/lib:/home/mirella/openvslam/ros/2/install/camera_calibration_parsers/lib:/opt/ros/eloquent/opt/yaml_cpp_vendor/lib:/opt/ros/eloquent/opt/rviz_ogre_vendor/lib:/opt/ros/eloquent/lib/x86_64-linux-gnu:/opt/ros/eloquent/lib PYTHONPATH=/home/mirella/openvslam/ros/2/install/cv_bridge/lib/python3.6/site-packages:/home/mirella/openvslam/ros/2/build/opencv_tests:/home/mirella/openvslam/ros/2/install/opencv_tests/lib/python3.6/site-packages:/home/mirella/openvslam/ros/2/install/image_geometry/lib/python3.6/site-packages:/opt/ros/eloquent/lib/python3.6/site-packages /usr/bin/cmake --build /home/mirella/openvslam/ros/2/build/openvslam -- -j12 -l12
[0.056s] -- Root directory of OpenVSLAM: /home/mirella/openvslam
[0.056s] -- Source directory of OpenVSLAM: /home/mirella/openvslam/src
[0.056s] -- Library directory of OpenVSLAM: /home/mirella/openvslam/build/lib
[0.057s] -- Build type: Release
[0.057s] -- Address/Memory sanitizer: DISABLED
[0.057s] -- Stack trace logger: DISABLED
[0.057s] -- Google Perftools: DISABLED
[0.057s] -- Architecture-aware optimization (-march=native): DISABLED
[0.057s] -- C++11 support: OK (-std=c++17)
[0.058s] -- Found ament_cmake: 0.8.2 (/opt/ros/eloquent/share/ament_cmake/cmake)
[0.097s] -- Using PYTHON_EXECUTABLE: /usr/bin/python3
[0.301s] -- Override CMake install command with custom implementation using symlinks instead of copying resources
[0.307s] -- Found rclcpp: 0.8.4 (/opt/ros/eloquent/share/rclcpp/cmake)
[0.319s] -- Found rosidl_adapter: 0.8.2 (/opt/ros/eloquent/share/rosidl_adapter/cmake)
[0.349s] -- Found rmw_implementation_cmake: 0.8.1 (/opt/ros/eloquent/share/rmw_implementation_cmake/cmake)
[0.351s] -- Using RMW implementation 'rmw_fastrtps_cpp' as default
[0.376s] -- Found cv_bridge: 2.2.1 (/home/mirella/openvslam/ros/2/install/cv_bridge/share/cv_bridge/cmake)
[0.383s] -- Found image_transport: 2.2.1 (/home/mirella/openvslam/ros/2/install/image_transport/share/image_transport/cmake)
[0.428s] -- Found tinyxml2_vendor:  (/opt/ros/eloquent/share/tinyxml2_vendor/cmake)
[0.436s] -- Found poco_vendor:  (/opt/ros/eloquent/share/poco_vendor/cmake)
[0.470s] -- Boost version: 1.65.1
[0.471s] -- Found the following Boost libraries:
[0.471s] --   system
[0.503s] -- Boost version: 1.65.1
[0.504s] -- Found the following Boost libraries:
[0.504s] --   system
[0.504s] --   filesystem
[0.504s] --   thread
[0.504s] --   date_time
[0.504s] --   iostreams
[0.504s] --   serialization
[0.504s] --   chrono
[0.504s] --   atomic
[0.504s] --   regex
[0.513s] -- Could NOT find ensenso (missing: ENSENSO_LIBRARY ENSENSO_INCLUDE_DIR) 
[0.513s] ** WARNING ** io features related to ensenso will be disabled
[0.515s] -- Could NOT find DAVIDSDK (missing: DAVIDSDK_LIBRARY DAVIDSDK_INCLUDE_DIR) 
[0.515s] ** WARNING ** io features related to davidSDK will be disabled
[0.515s] -- Could NOT find DSSDK (missing: _DSSDK_LIBRARIES) 
[0.516s] ** WARNING ** io features related to dssdk will be disabled
[0.516s] ** WARNING ** io features related to pcap will be disabled
[0.516s] ** WARNING ** io features related to png will be disabled
[0.557s] -- The imported target "vtkRenderingPythonTkWidgets" references the file
[0.557s]    "/usr/lib/x86_64-linux-gnu/libvtkRenderingPythonTkWidgets.so"
[0.557s] but this file does not exist.  Possible reasons include:
[0.558s] * The file was deleted, renamed, or moved to another location.
[0.558s] * An install or uninstall procedure did not complete successfully.
[0.558s] * The installation package was faulty and contained
[0.558s]    "/usr/lib/cmake/vtk-6.3/VTKTargets.cmake"
[0.558s] but not all the files it references.
[0.558s] 
[0.558s] -- The imported target "vtk" references the file
[0.558s]    "/usr/bin/vtk"
[0.558s] but this file does not exist.  Possible reasons include:
[0.559s] * The file was deleted, renamed, or moved to another location.
[0.559s] * An install or uninstall procedure did not complete successfully.
[0.559s] * The installation package was faulty and contained
[0.559s]    "/usr/lib/cmake/vtk-6.3/VTKTargets.cmake"
[0.559s] but not all the files it references.
[0.559s] 
[0.592s] ** WARNING ** io features related to libusb-1.0 will be disabled
[0.614s] -- Could NOT find ensenso (missing: ENSENSO_LIBRARY ENSENSO_INCLUDE_DIR) 
[0.614s] ** WARNING ** visualization features related to ensenso will be disabled
[0.616s] -- Could NOT find DAVIDSDK (missing: DAVIDSDK_LIBRARY DAVIDSDK_INCLUDE_DIR) 
[0.616s] ** WARNING ** visualization features related to davidSDK will be disabled
[0.617s] -- Could NOT find DSSDK (missing: _DSSDK_LIBRARIES) 
[0.617s] ** WARNING ** visualization features related to dssdk will be disabled
[0.618s] -- Could NOT find RSSDK (missing: _RSSDK_LIBRARIES) 
[0.618s] ** WARNING ** visualization features related to rssdk will be disabled
[0.652s] -- looking for PCL_COMMON
[0.652s] -- looking for PCL_OCTREE
[0.653s] -- looking for PCL_IO
[0.653s] -- looking for PCL_KDTREE
[0.653s] -- looking for PCL_SEARCH
[0.654s] -- looking for PCL_SAMPLE_CONSENSUS
[0.654s] -- looking for PCL_FILTERS
[0.655s] -- looking for PCL_2D
[0.655s] -- looking for PCL_GEOMETRY
[0.656s] -- looking for PCL_FEATURES
[0.656s] -- looking for PCL_ML
[0.657s] -- looking for PCL_SEGMENTATION
[0.657s] -- looking for PCL_VISUALIZATION
[0.658s] -- looking for PCL_SURFACE
[0.658s] -- looking for PCL_REGISTRATION
[0.659s] -- looking for PCL_KEYPOINTS
[0.659s] -- looking for PCL_TRACKING
[0.660s] -- looking for PCL_RECOGNITION
[0.661s] -- looking for PCL_STEREO
[0.661s] -- looking for PCL_APPS
[0.663s] -- looking for PCL_IN_HAND_SCANNER
[0.663s] -- looking for PCL_MODELER
[0.664s] -- looking for PCL_POINT_CLOUD_EDITOR
[0.664s] -- looking for PCL_OUTOFCORE
[0.664s] -- looking for PCL_PEOPLE
[0.683s] -- Use OpenCV 3.4.0
[0.686s] -- BoW framework: DBoW2 (found in /usr/local/include)
[0.688s] -- Viewer for examples: pangolin viewer
[0.688s] CMake Error at /opt/ros/eloquent/share/ament_cmake_target_dependencies/cmake/ament_target_dependencies.cmake:52 (message):
[0.689s]   ament_target_dependencies() the passed package name 'pcl_conversions' was
[0.689s]   not found before
[0.689s] Call Stack (most recent call first):
[0.689s]   src/CMakeLists.txt:56 (ament_target_dependencies)
[0.689s] 
[0.689s] 
[0.690s] -- Configuring incomplete, errors occurred!
[0.690s] See also "/home/mirella/openvslam/ros/2/build/openvslam/CMakeFiles/CMakeOutput.log".
[0.690s] See also "/home/mirella/openvslam/ros/2/build/openvslam/CMakeFiles/CMakeError.log".
[0.695s] Makefile:250: recipe for target 'cmake_check_build_system' failed
[0.695s] make: *** [cmake_check_build_system] Error 1
[0.697s] Invoked command in '/home/mirella/openvslam/ros/2/build/openvslam' returned '2': CMAKE_PREFIX_PATH=/home/mirella/openvslam/ros/2/install/image_transport:/home/mirella/openvslam/ros/2/install/cv_bridge:/home/mirella/openvslam/ros/2/install/vision_opencv:/home/mirella/openvslam/ros/2/install/publisher:/home/mirella/openvslam/ros/2/install/openvslam:/home/mirella/openvslam/ros/2/install/image_common:/home/mirella/openvslam/ros/2/install/camera_info_manager:/home/mirella/openvslam/ros/2/install/image_geometry:/home/mirella/openvslam/ros/2/install/camera_calibration_parsers:/home/mirella/openvslam/ros/2/install/opencv_tests:/opt/ros/eloquent LD_LIBRARY_PATH=/home/mirella/openvslam/ros/2/install/image_transport/lib:/home/mirella/openvslam/ros/2/install/cv_bridge/lib:/home/mirella/openvslam/ros/2/install/camera_info_manager/lib:/home/mirella/openvslam/ros/2/install/image_geometry/lib:/home/mirella/openvslam/ros/2/install/camera_calibration_parsers/lib:/opt/ros/eloquent/opt/yaml_cpp_vendor/lib:/opt/ros/eloquent/opt/rviz_ogre_vendor/lib:/opt/ros/eloquent/lib/x86_64-linux-gnu:/opt/ros/eloquent/lib PYTHONPATH=/home/mirella/openvslam/ros/2/install/cv_bridge/lib/python3.6/site-packages:/home/mirella/openvslam/ros/2/build/opencv_tests:/home/mirella/openvslam/ros/2/install/opencv_tests/lib/python3.6/site-packages:/home/mirella/openvslam/ros/2/install/image_geometry/lib/python3.6/site-packages:/opt/ros/eloquent/lib/python3.6/site-packages /usr/bin/cmake --build /home/mirella/openvslam/ros/2/build/openvslam -- -j12 -l12
